[0.000000] (-) TimerEvent: {}
[0.000195] (-) JobUnselected: {'identifier': 'artscript_main'}
[0.000243] (-) JobUnselected: {'identifier': 'camera_usb_pkg'}
[0.000268] (-) JobUnselected: {'identifier': 'imu_usb_pkg'}
[0.000290] (-) JobUnselected: {'identifier': 'mcu_usb_pkg'}
[0.000312] (-) JobUnselected: {'identifier': 'servo_pwm_pkg'}
[0.000336] (artscript_interfaces) JobQueued: {'identifier': 'artscript_interfaces', 'dependencies': OrderedDict()}
[0.000361] (artscript_interfaces) JobStarted: {'identifier': 'artscript_interfaces'}
[0.015428] (artscript_interfaces) JobProgress: {'identifier': 'artscript_interfaces', 'progress': 'cmake'}
[0.016106] (artscript_interfaces) Command: {'cmd': ['/usr/bin/cmake', '/home/artscript/Desktop/WorkSpace/MagnentoROBO/magnentorobo_ros2/src/artscript_interfaces', '-DCMAKE_INSTALL_PREFIX=/home/artscript/Desktop/WorkSpace/MagnentoROBO/magnentorobo_ros2/install/artscript_interfaces'], 'cwd': '/home/artscript/Desktop/WorkSpace/MagnentoROBO/magnentorobo_ros2/build/artscript_interfaces', 'env': OrderedDict([('GJS_DEBUG_TOPICS', 'JS ERROR;JS LOG'), ('ZPLUG_ERROR_LOG', '/home/artscript/.zplug/.error_log'), ('USER', 'artscript'), ('ZPLUG_LOG_LOAD_FAILURE', 'false'), ('ZPLUG_THREADS', '16'), ('SSH_AGENT_PID', '1952'), ('XDG_SESSION_TYPE', 'x11'), ('GIT_ASKPASS', '/usr/share/code/resources/app/extensions/git/dist/askpass.sh'), ('SHLVL', '1'), ('LD_LIBRARY_PATH', '/home/artscript/Desktop/WorkSpace/MagnentoROBO/magnentorobo_ros2/install/artscript_interfaces/lib:/opt/ros/foxy/opt/yaml_cpp_vendor/lib:/opt/ros/foxy/opt/rviz_ogre_vendor/lib:/opt/ros/foxy/lib/x86_64-linux-gnu:/opt/ros/foxy/lib'), ('HOME', '/home/artscript'), ('CHROME_DESKTOP', 'code-url-handler.desktop'), ('OLDPWD', '/home/artscript/Desktop/WorkSpace/MagnentoROBO'), ('CYCLONEDDS_URI', 'file:///home/artscript/cyclonedds.xml'), ('DESKTOP_SESSION', 'ubuntu'), ('TERM_PROGRAM_VERSION', '1.62.3'), ('GIO_LAUNCHED_DESKTOP_FILE', '/usr/share/applications/code.desktop'), ('ZSH', '/home/artscript/.oh-my-zsh'), ('GTK_MODULES', 'gail:atk-bridge'), ('GNOME_SHELL_SESSION_MODE', 'ubuntu'), ('FPATH', '/home/artscript/.zplug/misc/completions:/home/artscript/.zplug/base/sources:/home/artscript/.zplug/autoload:/home/artscript/.zplug/base/utils:/home/artscript/.zplug/base/job:/home/artscript/.zplug/base/log:/home/artscript/.zplug/base/io:/home/artscript/.zplug/base/core:/home/artscript/.zplug/base/base:/home/artscript/.zplug/autoload/commands:/home/artscript/.zplug/autoload/options:/home/artscript/.zplug/autoload/tags:/usr/local/share/zsh/site-functions:/usr/share/zsh/vendor-functions:/usr/share/zsh/vendor-completions:/usr/share/zsh/functions/Calendar:/usr/share/zsh/functions/Chpwd:/usr/share/zsh/functions/Completion:/usr/share/zsh/functions/Completion/AIX:/usr/share/zsh/functions/Completion/BSD:/usr/share/zsh/functions/Completion/Base:/usr/share/zsh/functions/Completion/Cygwin:/usr/share/zsh/functions/Completion/Darwin:/usr/share/zsh/functions/Completion/Debian:/usr/share/zsh/functions/Completion/Linux:/usr/share/zsh/functions/Completion/Mandriva:/usr/share/zsh/functions/Completion/Redhat:/usr/share/zsh/functions/Completion/Solaris:/usr/share/zsh/functions/Completion/Unix:/usr/share/zsh/functions/Completion/X:/usr/share/zsh/functions/Completion/Zsh:/usr/share/zsh/functions/Completion/openSUSE:/usr/share/zsh/functions/Exceptions:/usr/share/zsh/functions/MIME:/usr/share/zsh/functions/Math:/usr/share/zsh/functions/Misc:/usr/share/zsh/functions/Newuser:/usr/share/zsh/functions/Prompts:/usr/share/zsh/functions/TCP:/usr/share/zsh/functions/VCS_Info:/usr/share/zsh/functions/VCS_Info/Backends:/usr/share/zsh/functions/Zftp:/usr/share/zsh/functions/Zle:/home/artscript/.zplug/repos/zsh-users/zsh-completions/src'), ('ZPLUG_BIN', '/home/artscript/.zplug/bin'), ('ROS_PYTHON_VERSION', '3'), ('VSCODE_GIT_ASKPASS_MAIN', '/usr/share/code/resources/app/extensions/git/dist/askpass-main.js'), ('MANAGERPID', '1775'), ('_ZPLUG_VERSION', '2.4.2'), ('VSCODE_GIT_ASKPASS_NODE', '/usr/share/code/code'), ('DBUS_SESSION_BUS_ADDRESS', 'unix:path=/run/user/1000/bus'), ('ZPLUG_HOME', '/home/artscript/.zplug'), ('P9K_TTY', 'old'), ('GIO_LAUNCHED_DESKTOP_FILE_PID', '8093'), ('ZPLUG_FILTER', 'fzf-tmux:fzf:peco:percol:fzy:zaw'), ('COLORTERM', 'truecolor'), ('NVM_DIR', '/home/artscript/.nvm'), ('IM_CONFIG_PHASE', '1'), ('MANDATORY_PATH', '/usr/share/gconf/ubuntu.mandatory.path'), ('ROS_DISTRO', 'foxy'), ('COLCON_PREFIX_PATH', '/home/artscript/Desktop/WorkSpace/MagnentoROBO/magnentorobo_ros2/install'), ('LOGNAME', 'artscript'), ('PERIOD', '30'), ('_ZPLUG_URL', 'https://github.com/zplug/zplug'), ('_', '/usr/bin/colcon'), ('JOURNAL_STREAM', '8:59646'), ('DEFAULTS_PATH', '/usr/share/gconf/ubuntu.default.path'), ('XDG_SESSION_CLASS', 'user'), ('ZPLUG_LOADFILE', '/home/artscript/.zplug/packages.zsh'), ('ROS_VERSION', '2'), ('USERNAME', 'artscript'), ('_ZPLUG_CONFIG_SUBSHELL', ':'), ('TERM', 'xterm-256color'), ('GNOME_DESKTOP_SESSION_ID', 'this-is-deprecated'), ('ZPLUG_LOG_LOAD_SUCCESS', 'false'), ('ROS_LOCALHOST_ONLY', '0'), ('WINDOWPATH', '2'), ('PATH', '/home/artscript/.zplug/bin:/home/artscript/bin:/usr/local/bin:/opt/ros/foxy/bin:/home/artscript/.local/bin:/usr/local/sbin:/usr/sbin:/usr/bin:/sbin:/bin:/usr/games:/usr/local/games:/snap/bin'), ('SESSION_MANAGER', 'local/ubuntu:@/tmp/.ICE-unix/1987,unix/ubuntu:/tmp/.ICE-unix/1987'), ('INVOCATION_ID', 'c47273450aac49b391edf2646aeaf23a'), ('ZPLUG_CACHE_DIR', '/home/artscript/.zplug/cache'), ('XDG_RUNTIME_DIR', '/run/user/1000'), ('XDG_MENU_PREFIX', 'gnome-'), ('GDK_BACKEND', 'x11'), ('_ZPLUG_OHMYZSH', 'robbyrussell/oh-my-zsh'), ('_ZPLUG_PREZTO', 'sorin-ionescu/prezto'), ('DISPLAY', ':0'), ('LANG', 'en_US.UTF-8'), ('XDG_CURRENT_DESKTOP', 'Unity'), ('RMW_IMPLEMENTATION', 'rmw_cyclonedds_cpp'), ('XAUTHORITY', '/run/user/1000/gdm/Xauthority'), ('XDG_SESSION_DESKTOP', 'ubuntu'), ('XMODIFIERS', '@im=ibus'), ('TERM_PROGRAM', 'vscode'), ('VSCODE_GIT_IPC_HANDLE', '/run/user/1000/vscode-git-ec08b25829.sock'), ('SSH_AUTH_SOCK', '/run/user/1000/keyring/ssh'), ('ORIGINAL_XDG_CURRENT_DESKTOP', 'ubuntu:GNOME'), ('AMENT_PREFIX_PATH', '/home/artscript/Desktop/WorkSpace/MagnentoROBO/magnentorobo_ros2/install/mcu_usb_pkg:/home/artscript/Desktop/WorkSpace/MagnentoROBO/magnentorobo_ros2/install/artscript_interfaces:/opt/ros/foxy'), ('SHELL', '/usr/bin/zsh'), ('_ZPLUG_AWKPATH', '/home/artscript/.zplug/misc/contrib'), ('QT_ACCESSIBILITY', '1'), ('GDMSESSION', 'ubuntu'), ('ZPLUG_PROTOCOL', 'HTTPS'), ('ZPLUG_REPOS', '/home/artscript/.zplug/repos'), ('GPG_AGENT_INFO', '/run/user/1000/gnupg/S.gpg-agent:0:1'), ('GJS_DEBUG_OUTPUT', 'stderr'), ('P9K_SSH', '0'), ('QT_IM_MODULE', 'ibus'), ('VSCODE_GIT_ASKPASS_EXTRA_ARGS', '--ms-enable-electron-run-as-node'), ('PWD', '/home/artscript/Desktop/WorkSpace/MagnentoROBO/magnentorobo_ros2/build/artscript_interfaces'), ('XDG_DATA_DIRS', '/usr/share/ubuntu:/usr/local/share/:/usr/share/:/var/lib/snapd/desktop'), ('XDG_CONFIG_DIRS', '/etc/xdg/xdg-ubuntu:/etc/xdg'), ('_P9K_TTY', '/dev/pts/3'), ('ZPLUG_USE_CACHE', 'true'), ('PYTHONPATH', '/home/artscript/Desktop/WorkSpace/MagnentoROBO/magnentorobo_ros2/install/mcu_usb_pkg/lib/python3.8/site-packages:/home/artscript/Desktop/WorkSpace/MagnentoROBO/magnentorobo_ros2/install/artscript_interfaces/lib/python3.8/site-packages:/opt/ros/foxy/lib/python3.8/site-packages'), ('BREAKPAD_DUMP_LOCATION', '/home/artscript/.config/Code/exthost Crash Reports'), ('COLCON', '1'), ('ZPLUG_ROOT', '/home/artscript/.zplug'), ('CMAKE_PREFIX_PATH', '/home/artscript/Desktop/WorkSpace/MagnentoROBO/magnentorobo_ros2/install/artscript_interfaces:/home/artscript/Desktop/WorkSpace/MagnentoROBO/magnentorobo_ros2/install/mcu_usb_pkg:/opt/ros/foxy')]), 'shell': False}
[0.043851] (artscript_interfaces) StdoutLine: {'line': b'-- Found ament_cmake: 0.9.9 (/opt/ros/foxy/share/ament_cmake/cmake)\n'}
[0.059432] (artscript_interfaces) StdoutLine: {'line': b'-- Found PythonInterp: /usr/bin/python3 (found suitable version "3.8.10", minimum required is "3") \n'}
[0.059924] (artscript_interfaces) StdoutLine: {'line': b'-- Using PYTHON_EXECUTABLE: /usr/bin/python3\n'}
[0.097663] (-) TimerEvent: {}
[0.198743] (-) TimerEvent: {}
[0.277623] (artscript_interfaces) StdoutLine: {'line': b'-- Found rosidl_default_generators: 1.0.1 (/opt/ros/foxy/share/rosidl_default_generators/cmake)\n'}
[0.279426] (artscript_interfaces) StdoutLine: {'line': b'-- Using all available rosidl_typesupport_c: rosidl_typesupport_fastrtps_c;rosidl_typesupport_introspection_c\n'}
[0.282380] (artscript_interfaces) StdoutLine: {'line': b'-- Found rosidl_adapter: 1.2.1 (/opt/ros/foxy/share/rosidl_adapter/cmake)\n'}
[0.299499] (-) TimerEvent: {}
[0.399509] (artscript_interfaces) StdoutLine: {'line': b'-- Using all available rosidl_typesupport_cpp: rosidl_typesupport_fastrtps_cpp;rosidl_typesupport_introspection_cpp\n'}
[0.399732] (-) TimerEvent: {}
[0.440103] (artscript_interfaces) StdoutLine: {'line': b'-- Found PythonInterp: /usr/bin/python3 (found version "3.8.10") \n'}
[0.499986] (-) TimerEvent: {}
[0.600691] (-) TimerEvent: {}
[0.610024] (artscript_interfaces) StderrLine: {'line': b'CMake Error at /opt/ros/foxy/share/rosidl_adapter/cmake/rosidl_adapt_interfaces.cmake:60 (message):\n'}
[0.610258] (artscript_interfaces) StderrLine: {'line': b'  execute_process(/usr/bin/python3 -m rosidl_adapter --package-name\n'}
[0.610324] (artscript_interfaces) StderrLine: {'line': b'  artscript_interfaces --arguments-file\n'}
[0.610381] (artscript_interfaces) StderrLine: {'line': b'  /home/artscript/Desktop/WorkSpace/MagnentoROBO/magnentorobo_ros2/build/artscript_interfaces/rosidl_adapter__arguments__artscript_interfaces.json\n'}
[0.610441] (artscript_interfaces) StderrLine: {'line': b'  --output-dir\n'}
[0.610496] (artscript_interfaces) StderrLine: {'line': b'  /home/artscript/Desktop/WorkSpace/MagnentoROBO/magnentorobo_ros2/build/artscript_interfaces/rosidl_adapter/artscript_interfaces\n'}
[0.610553] (artscript_interfaces) StderrLine: {'line': b'  --output-file\n'}
[0.610642] (artscript_interfaces) StderrLine: {'line': b'  /home/artscript/Desktop/WorkSpace/MagnentoROBO/magnentorobo_ros2/build/artscript_interfaces/rosidl_adapter/artscript_interfaces.idls)\n'}
[0.610698] (artscript_interfaces) StderrLine: {'line': b'  returned error code 1:\n'}
[0.610750] (artscript_interfaces) StderrLine: {'line': b'\n'}
[0.610821] (artscript_interfaces) StderrLine: {'line': b"  Error processing 'string[] Commandlist' of\n"}
[0.610883] (artscript_interfaces) StderrLine: {'line': b"  'artscript_interfaces/Servo_pwm_group_Request': ''Commandlist' is an\n"}
[0.610937] (artscript_interfaces) StderrLine: {'line': b'  invalid field name.  It should have the pattern\n'}
[0.611042] (artscript_interfaces) StderrLine: {'line': b"  '^(?!.*__)(?!.*_$)[a-z][a-z0-9_]*$''\n"}
[0.611101] (artscript_interfaces) StderrLine: {'line': b'\n'}
[0.611152] (artscript_interfaces) StderrLine: {'line': b'  Traceback (most recent call last):\n'}
[0.611203] (artscript_interfaces) StderrLine: {'line': b'\n'}
[0.611253] (artscript_interfaces) StderrLine: {'line': b'    File "/usr/lib/python3.8/runpy.py", line 194, in _run_module_as_main\n'}
[0.611304] (artscript_interfaces) StderrLine: {'line': b'      return _run_code(code, main_globals, None,\n'}
[0.611356] (artscript_interfaces) StderrLine: {'line': b'    File "/usr/lib/python3.8/runpy.py", line 87, in _run_code\n'}
[0.611408] (artscript_interfaces) StderrLine: {'line': b'      exec(code, run_globals)\n'}
[0.611516] (artscript_interfaces) StderrLine: {'line': b'    File "/opt/ros/foxy/lib/python3.8/site-packages/rosidl_adapter/__main__.py", line 19, in <module>\n'}
[0.611606] (artscript_interfaces) StderrLine: {'line': b'      sys.exit(main())\n'}
[0.611674] (artscript_interfaces) StderrLine: {'line': b'    File "/opt/ros/foxy/lib/python3.8/site-packages/rosidl_adapter/main.py", line 53, in main\n'}
[0.611728] (artscript_interfaces) StderrLine: {'line': b'      abs_idl_file = convert_to_idl(\n'}
[0.611780] (artscript_interfaces) StderrLine: {'line': b'    File "/opt/ros/foxy/lib/python3.8/site-packages/rosidl_adapter/__init__.py", line 24, in convert_to_idl\n'}
[0.611832] (artscript_interfaces) StderrLine: {'line': b'      return convert_srv_to_idl(\n'}
[0.611883] (artscript_interfaces) StderrLine: {'line': b'    File "/opt/ros/foxy/lib/python3.8/site-packages/rosidl_adapter/srv/__init__.py", line 28, in convert_srv_to_idl\n'}
[0.611942] (artscript_interfaces) StderrLine: {'line': b'      srv = parse_service_string(package_name, input_file.stem, content)\n'}
[0.611993] (artscript_interfaces) StderrLine: {'line': b'    File "/opt/ros/foxy/lib/python3.8/site-packages/rosidl_adapter/parser.py", line 852, in parse_service_string\n'}
[0.612044] (artscript_interfaces) StderrLine: {'line': b'      request_message = parse_message_string(\n'}
[0.612095] (artscript_interfaces) StderrLine: {'line': b'    File "/opt/ros/foxy/lib/python3.8/site-packages/rosidl_adapter/parser.py", line 515, in parse_message_string\n'}
[0.612145] (artscript_interfaces) StderrLine: {'line': b'      fields.append(Field(\n'}
[0.612197] (artscript_interfaces) StderrLine: {'line': b'    File "/opt/ros/foxy/lib/python3.8/site-packages/rosidl_adapter/parser.py", line 353, in __init__\n'}
[0.612248] (artscript_interfaces) StderrLine: {'line': b'      raise NameError(\n'}
[0.612298] (artscript_interfaces) StderrLine: {'line': b'\n'}
[0.612348] (artscript_interfaces) StderrLine: {'line': b"  NameError: 'Commandlist' is an invalid field name.  It should have the\n"}
[0.612402] (artscript_interfaces) StderrLine: {'line': b"  pattern '^(?!.*__)(?!.*_$)[a-z][a-z0-9_]*$'\n"}
[0.612454] (artscript_interfaces) StderrLine: {'line': b'\n'}
[0.612505] (artscript_interfaces) StderrLine: {'line': b'Call Stack (most recent call first):\n'}
[0.612575] (artscript_interfaces) StderrLine: {'line': b'  /opt/ros/foxy/share/rosidl_cmake/cmake/rosidl_generate_interfaces.cmake:130 (rosidl_adapt_interfaces)\n'}
[0.612647] (artscript_interfaces) StderrLine: {'line': b'  CMakeLists.txt:25 (rosidl_generate_interfaces)\n'}
[0.612701] (artscript_interfaces) StderrLine: {'line': b'\n'}
[0.612752] (artscript_interfaces) StderrLine: {'line': b'\n'}
[0.613077] (artscript_interfaces) StdoutLine: {'line': b'-- Configuring incomplete, errors occurred!\n'}
[0.613166] (artscript_interfaces) StdoutLine: {'line': b'See also "/home/artscript/Desktop/WorkSpace/MagnentoROBO/magnentorobo_ros2/build/artscript_interfaces/CMakeFiles/CMakeOutput.log".\n'}
[0.618685] (artscript_interfaces) CommandEnded: {'returncode': 1}
[0.641574] (artscript_interfaces) JobEnded: {'identifier': 'artscript_interfaces', 'rc': 1}
[0.654181] (-) EventReactorShutdown: {}
