[0.017s] Invoking command in '/home/artscript/Desktop/WorkSpace/MagnentoROBO/magnentorobo_ros2/build/artscript_interfaces': CMAKE_PREFIX_PATH=${CMAKE_PREFIX_PATH}:/home/artscript/Desktop/WorkSpace/MagnentoROBO/magnentorobo_ros2/install/strain_gpio_pkg:/home/artscript/Desktop/WorkSpace/MagnentoROBO/magnentorobo_ros2/install/servo_pwm_pkg:/home/artscript/Desktop/WorkSpace/MagnentoROBO/magnentorobo_ros2/install/infrared_gpio_pkg:/home/artscript/Desktop/WorkSpace/MagnentoROBO/magnentorobo_ros2/install/artscript_main:/home/artscript/Desktop/WorkSpace/MagnentoROBO/magnentorobo_ros2/install/ARTScript_pkg:/home/artscript/Desktop/WorkSpace/MagnentoROBO/magnentorobo_ros2/install/imu_usb_pkg:/home/artscript/Desktop/WorkSpace/MagnentoROBO/magnentorobo_ros2/install/camera_usb_pkg:/opt/ros/foxy /usr/bin/cmake /home/artscript/Desktop/WorkSpace/MagnentoROBO/magnentorobo_ros2/src/artscript_interfaces -DCMAKE_INSTALL_PREFIX=/home/artscript/Desktop/WorkSpace/MagnentoROBO/magnentorobo_ros2/install/artscript_interfaces
[0.045s] CMake Warning (dev) at CMakeLists.txt:26:
[0.046s]   Syntax Warning in cmake code at column 16
[0.046s] 
[0.046s]   Argument not separated from preceding token by whitespace.
[0.046s] This warning is for project developers.  Use -Wno-dev to suppress it.
[0.046s] 
[0.102s] -- The C compiler identification is GNU 9.3.0
[0.158s] -- The CXX compiler identification is GNU 9.3.0
[0.162s] -- Check for working C compiler: /usr/bin/cc
[0.229s] -- Check for working C compiler: /usr/bin/cc -- works
[0.229s] -- Detecting C compiler ABI info
[0.296s] -- Detecting C compiler ABI info - done
[0.299s] -- Detecting C compile features
[0.299s] -- Detecting C compile features - done
[0.304s] -- Check for working CXX compiler: /usr/bin/c++
[0.372s] -- Check for working CXX compiler: /usr/bin/c++ -- works
[0.373s] -- Detecting CXX compiler ABI info
[0.444s] -- Detecting CXX compiler ABI info - done
[0.454s] -- Detecting CXX compile features
[0.455s] -- Detecting CXX compile features - done
[0.457s] -- Found ament_cmake: 0.9.9 (/opt/ros/foxy/share/ament_cmake/cmake)
[0.480s] -- Found PythonInterp: /usr/bin/python3 (found suitable version "3.8.10", minimum required is "3") 
[0.480s] -- Using PYTHON_EXECUTABLE: /usr/bin/python3
[0.647s] -- Found rosidl_default_generators: 1.0.1 (/opt/ros/foxy/share/rosidl_default_generators/cmake)
[0.651s] -- Using all available rosidl_typesupport_c: rosidl_typesupport_fastrtps_c;rosidl_typesupport_introspection_c
[0.655s] -- Found rosidl_adapter: 1.2.1 (/opt/ros/foxy/share/rosidl_adapter/cmake)
[0.737s] -- Found OpenSSL: /usr/lib/x86_64-linux-gnu/libcrypto.so (found version "1.1.1f")  
[0.759s] -- Found FastRTPS: /opt/ros/foxy/include  
[0.820s] -- Using all available rosidl_typesupport_cpp: rosidl_typesupport_fastrtps_cpp;rosidl_typesupport_introspection_cpp
[0.840s] CMake Error at /opt/ros/foxy/share/rosidl_cmake/cmake/rosidl_generate_interfaces.cmake:93 (message):
[0.841s]   rosidl_generate_interfaces() the passed file ',' doesn't exist relative to
[0.841s]   the CMAKE_CURRENT_SOURCE_DIR
[0.841s]   '/home/artscript/Desktop/WorkSpace/MagnentoROBO/magnentorobo_ros2/src/artscript_interfaces'
[0.841s] Call Stack (most recent call first):
[0.841s]   CMakeLists.txt:25 (rosidl_generate_interfaces)
[0.841s] 
[0.841s] 
[0.841s] -- Configuring incomplete, errors occurred!
[0.841s] See also "/home/artscript/Desktop/WorkSpace/MagnentoROBO/magnentorobo_ros2/build/artscript_interfaces/CMakeFiles/CMakeOutput.log".
[0.851s] Invoked command in '/home/artscript/Desktop/WorkSpace/MagnentoROBO/magnentorobo_ros2/build/artscript_interfaces' returned '1': CMAKE_PREFIX_PATH=${CMAKE_PREFIX_PATH}:/home/artscript/Desktop/WorkSpace/MagnentoROBO/magnentorobo_ros2/install/strain_gpio_pkg:/home/artscript/Desktop/WorkSpace/MagnentoROBO/magnentorobo_ros2/install/servo_pwm_pkg:/home/artscript/Desktop/WorkSpace/MagnentoROBO/magnentorobo_ros2/install/infrared_gpio_pkg:/home/artscript/Desktop/WorkSpace/MagnentoROBO/magnentorobo_ros2/install/artscript_main:/home/artscript/Desktop/WorkSpace/MagnentoROBO/magnentorobo_ros2/install/ARTScript_pkg:/home/artscript/Desktop/WorkSpace/MagnentoROBO/magnentorobo_ros2/install/imu_usb_pkg:/home/artscript/Desktop/WorkSpace/MagnentoROBO/magnentorobo_ros2/install/camera_usb_pkg:/opt/ros/foxy /usr/bin/cmake /home/artscript/Desktop/WorkSpace/MagnentoROBO/magnentorobo_ros2/src/artscript_interfaces -DCMAKE_INSTALL_PREFIX=/home/artscript/Desktop/WorkSpace/MagnentoROBO/magnentorobo_ros2/install/artscript_interfaces
