[0.760s] Invoking command in '/home/artscript/Desktop/WorkSpace/MagnentoROBO/magnentorobo_ros2/src/camera_usb_pkg': PYTHONPATH=/home/artscript/Desktop/WorkSpace/MagnentoROBO/magnentorobo_ros2/install/camera_usb_pkg/lib/python3.8/site-packages:${PYTHONPATH} /usr/bin/python3 setup.py egg_info --egg-base ../../build/camera_usb_pkg build --build-base /home/artscript/Desktop/WorkSpace/MagnentoROBO/magnentorobo_ros2/build/camera_usb_pkg/build install --prefix /home/artscript/Desktop/WorkSpace/MagnentoROBO/magnentorobo_ros2/install/camera_usb_pkg --record /home/artscript/Desktop/WorkSpace/MagnentoROBO/magnentorobo_ros2/build/camera_usb_pkg/install.log --single-version-externally-managed
[0.962s] running egg_info
[0.963s] writing ../../build/camera_usb_pkg/camera_usb_pkg.egg-info/PKG-INFO
[0.965s] writing dependency_links to ../../build/camera_usb_pkg/camera_usb_pkg.egg-info/dependency_links.txt
[0.965s] writing entry points to ../../build/camera_usb_pkg/camera_usb_pkg.egg-info/entry_points.txt
[0.965s] writing requirements to ../../build/camera_usb_pkg/camera_usb_pkg.egg-info/requires.txt
[0.965s] writing top-level names to ../../build/camera_usb_pkg/camera_usb_pkg.egg-info/top_level.txt
[1.002s] reading manifest file '../../build/camera_usb_pkg/camera_usb_pkg.egg-info/SOURCES.txt'
[1.003s] writing manifest file '../../build/camera_usb_pkg/camera_usb_pkg.egg-info/SOURCES.txt'
[1.004s] running build
[1.004s] running build_py
[1.004s] running install
[1.004s] running install_lib
[1.006s] running install_data
[1.006s] running install_egg_info
[1.007s] removing '/home/artscript/Desktop/WorkSpace/MagnentoROBO/magnentorobo_ros2/install/camera_usb_pkg/lib/python3.8/site-packages/camera_usb_pkg-0.0.0-py3.8.egg-info' (and everything under it)
[1.008s] Copying ../../build/camera_usb_pkg/camera_usb_pkg.egg-info to /home/artscript/Desktop/WorkSpace/MagnentoROBO/magnentorobo_ros2/install/camera_usb_pkg/lib/python3.8/site-packages/camera_usb_pkg-0.0.0-py3.8.egg-info
[1.009s] running install_scripts
[1.024s] Installing camera_pub_node script to /home/artscript/Desktop/WorkSpace/MagnentoROBO/magnentorobo_ros2/install/camera_usb_pkg/lib/camera_usb_pkg
[1.024s] Installing camera_sub_node script to /home/artscript/Desktop/WorkSpace/MagnentoROBO/magnentorobo_ros2/install/camera_usb_pkg/lib/camera_usb_pkg
[1.024s] writing list of installed files to '/home/artscript/Desktop/WorkSpace/MagnentoROBO/magnentorobo_ros2/build/camera_usb_pkg/install.log'
