[0.365s] DEBUG:colcon:Command line arguments: ['/usr/bin/colcon', 'build']
[0.365s] DEBUG:colcon:Parsed command line arguments: Namespace(ament_cmake_args=None, base_paths=['.'], build_base='build', catkin_cmake_args=None, catkin_skip_building_tests=False, cmake_args=None, cmake_clean_cache=False, cmake_clean_first=False, cmake_force_configure=False, cmake_target=None, cmake_target_skip_unavailable=False, continue_on_error=False, event_handlers=None, executor='parallel', ignore_user_meta=False, install_base='install', log_base=None, log_level=None, main=<bound method BuildVerb.main of <colcon_core.verb.build.BuildVerb object at 0x7f821be02880>>, merge_install=False, metas=['./colcon.meta'], packages_above=None, packages_above_and_dependencies=None, packages_above_depth=None, packages_end=None, packages_ignore=None, packages_ignore_regex=None, packages_select=None, packages_select_build_failed=False, packages_select_by_dep=None, packages_select_regex=None, packages_select_test_failures=False, packages_skip=None, packages_skip_build_finished=False, packages_skip_by_dep=None, packages_skip_regex=None, packages_skip_test_passed=False, packages_skip_up_to=None, packages_start=None, packages_up_to=None, packages_up_to_regex=None, parallel_workers=4, paths=None, symlink_install=False, test_result_base=None, verb_extension=<colcon_core.verb.build.BuildVerb object at 0x7f821be02880>, verb_name='build', verb_parser=<colcon_defaults.argument_parser.defaults.DefaultArgumentsDecorator object at 0x7f821be02df0>)
[0.373s] Level 1:colcon.colcon_core.package_discovery:discover_packages(colcon_meta) check parameters
[0.373s] Level 1:colcon.colcon_core.package_discovery:discover_packages(recursive) check parameters
[0.373s] Level 1:colcon.colcon_core.package_discovery:discover_packages(ignore) check parameters
[0.374s] Level 1:colcon.colcon_core.package_discovery:discover_packages(path) check parameters
[0.374s] Level 1:colcon.colcon_core.package_discovery:discover_packages(colcon_meta) discover
[0.374s] Level 1:colcon.colcon_core.package_discovery:discover_packages(recursive) discover
[0.374s] INFO:colcon.colcon_core.package_discovery:Crawling recursively for packages in '/home/artscript/Desktop/WorkSpace/MagnentoROBO/magnentorobo_ros2'
[0.374s] Level 1:colcon.colcon_core.package_identification:_identify(.) by extensions ['ignore', 'ignore_ament_install']
[0.374s] Level 1:colcon.colcon_core.package_identification:_identify(.) by extension 'ignore'
[0.374s] Level 1:colcon.colcon_core.package_identification:_identify(.) by extension 'ignore_ament_install'
[0.374s] Level 1:colcon.colcon_core.package_identification:_identify(.) by extensions ['colcon_pkg']
[0.374s] Level 1:colcon.colcon_core.package_identification:_identify(.) by extension 'colcon_pkg'
[0.375s] Level 1:colcon.colcon_core.package_identification:_identify(.) by extensions ['colcon_meta']
[0.375s] Level 1:colcon.colcon_core.package_identification:_identify(.) by extension 'colcon_meta'
[0.375s] Level 1:colcon.colcon_core.package_identification:_identify(.) by extensions ['ros']
[0.375s] Level 1:colcon.colcon_core.package_identification:_identify(.) by extension 'ros'
[0.387s] Level 1:colcon.colcon_core.package_identification:_identify(.) by extensions ['cmake', 'python']
[0.387s] Level 1:colcon.colcon_core.package_identification:_identify(.) by extension 'cmake'
[0.388s] Level 1:colcon.colcon_core.package_identification:_identify(.) by extension 'python'
[0.388s] Level 1:colcon.colcon_core.package_identification:_identify(.) by extensions ['python_setup_py']
[0.388s] Level 1:colcon.colcon_core.package_identification:_identify(.) by extension 'python_setup_py'
[0.388s] Level 1:colcon.colcon_core.package_identification:_identify(build) by extensions ['ignore', 'ignore_ament_install']
[0.389s] Level 1:colcon.colcon_core.package_identification:_identify(build) by extension 'ignore'
[0.389s] Level 1:colcon.colcon_core.package_identification:_identify(build) ignored
[0.390s] Level 1:colcon.colcon_core.package_identification:_identify(install) by extensions ['ignore', 'ignore_ament_install']
[0.390s] Level 1:colcon.colcon_core.package_identification:_identify(install) by extension 'ignore'
[0.390s] Level 1:colcon.colcon_core.package_identification:_identify(install) ignored
[0.390s] Level 1:colcon.colcon_core.package_identification:_identify(log) by extensions ['ignore', 'ignore_ament_install']
[0.390s] Level 1:colcon.colcon_core.package_identification:_identify(log) by extension 'ignore'
[0.390s] Level 1:colcon.colcon_core.package_identification:_identify(log) ignored
[0.391s] Level 1:colcon.colcon_core.package_identification:_identify(src) by extensions ['ignore', 'ignore_ament_install']
[0.391s] Level 1:colcon.colcon_core.package_identification:_identify(src) by extension 'ignore'
[0.391s] Level 1:colcon.colcon_core.package_identification:_identify(src) by extension 'ignore_ament_install'
[0.391s] Level 1:colcon.colcon_core.package_identification:_identify(src) by extensions ['colcon_pkg']
[0.391s] Level 1:colcon.colcon_core.package_identification:_identify(src) by extension 'colcon_pkg'
[0.391s] Level 1:colcon.colcon_core.package_identification:_identify(src) by extensions ['colcon_meta']
[0.391s] Level 1:colcon.colcon_core.package_identification:_identify(src) by extension 'colcon_meta'
[0.391s] Level 1:colcon.colcon_core.package_identification:_identify(src) by extensions ['ros']
[0.391s] Level 1:colcon.colcon_core.package_identification:_identify(src) by extension 'ros'
[0.391s] Level 1:colcon.colcon_core.package_identification:_identify(src) by extensions ['cmake', 'python']
[0.392s] Level 1:colcon.colcon_core.package_identification:_identify(src) by extension 'cmake'
[0.392s] Level 1:colcon.colcon_core.package_identification:_identify(src) by extension 'python'
[0.392s] Level 1:colcon.colcon_core.package_identification:_identify(src) by extensions ['python_setup_py']
[0.392s] Level 1:colcon.colcon_core.package_identification:_identify(src) by extension 'python_setup_py'
[0.392s] Level 1:colcon.colcon_core.package_identification:_identify(src/artscript_interfaces) by extensions ['ignore', 'ignore_ament_install']
[0.392s] Level 1:colcon.colcon_core.package_identification:_identify(src/artscript_interfaces) by extension 'ignore'
[0.392s] Level 1:colcon.colcon_core.package_identification:_identify(src/artscript_interfaces) by extension 'ignore_ament_install'
[0.392s] Level 1:colcon.colcon_core.package_identification:_identify(src/artscript_interfaces) by extensions ['colcon_pkg']
[0.392s] Level 1:colcon.colcon_core.package_identification:_identify(src/artscript_interfaces) by extension 'colcon_pkg'
[0.392s] Level 1:colcon.colcon_core.package_identification:_identify(src/artscript_interfaces) by extensions ['colcon_meta']
[0.392s] Level 1:colcon.colcon_core.package_identification:_identify(src/artscript_interfaces) by extension 'colcon_meta'
[0.392s] Level 1:colcon.colcon_core.package_identification:_identify(src/artscript_interfaces) by extensions ['ros']
[0.393s] Level 1:colcon.colcon_core.package_identification:_identify(src/artscript_interfaces) by extension 'ros'
[0.395s] DEBUG:colcon.colcon_core.package_identification:Package 'src/artscript_interfaces' with type 'ros.ament_cmake' and name 'artscript_interfaces'
[0.396s] Level 1:colcon.colcon_core.package_identification:_identify(src/artscript_main) by extensions ['ignore', 'ignore_ament_install']
[0.396s] Level 1:colcon.colcon_core.package_identification:_identify(src/artscript_main) by extension 'ignore'
[0.396s] Level 1:colcon.colcon_core.package_identification:_identify(src/artscript_main) by extension 'ignore_ament_install'
[0.396s] Level 1:colcon.colcon_core.package_identification:_identify(src/artscript_main) by extensions ['colcon_pkg']
[0.396s] Level 1:colcon.colcon_core.package_identification:_identify(src/artscript_main) by extension 'colcon_pkg'
[0.397s] Level 1:colcon.colcon_core.package_identification:_identify(src/artscript_main) by extensions ['colcon_meta']
[0.397s] Level 1:colcon.colcon_core.package_identification:_identify(src/artscript_main) by extension 'colcon_meta'
[0.397s] Level 1:colcon.colcon_core.package_identification:_identify(src/artscript_main) by extensions ['ros']
[0.397s] Level 1:colcon.colcon_core.package_identification:_identify(src/artscript_main) by extension 'ros'
[0.398s] DEBUG:colcon.colcon_core.package_identification:Package 'src/artscript_main' with type 'ros.ament_python' and name 'artscript_main'
[0.398s] Level 1:colcon.colcon_core.package_identification:_identify(src/camera_usb_pkg) by extensions ['ignore', 'ignore_ament_install']
[0.398s] Level 1:colcon.colcon_core.package_identification:_identify(src/camera_usb_pkg) by extension 'ignore'
[0.399s] Level 1:colcon.colcon_core.package_identification:_identify(src/camera_usb_pkg) by extension 'ignore_ament_install'
[0.399s] Level 1:colcon.colcon_core.package_identification:_identify(src/camera_usb_pkg) by extensions ['colcon_pkg']
[0.399s] Level 1:colcon.colcon_core.package_identification:_identify(src/camera_usb_pkg) by extension 'colcon_pkg'
[0.399s] Level 1:colcon.colcon_core.package_identification:_identify(src/camera_usb_pkg) by extensions ['colcon_meta']
[0.399s] Level 1:colcon.colcon_core.package_identification:_identify(src/camera_usb_pkg) by extension 'colcon_meta'
[0.399s] Level 1:colcon.colcon_core.package_identification:_identify(src/camera_usb_pkg) by extensions ['ros']
[0.399s] Level 1:colcon.colcon_core.package_identification:_identify(src/camera_usb_pkg) by extension 'ros'
[0.400s] DEBUG:colcon.colcon_core.package_identification:Package 'src/camera_usb_pkg' with type 'ros.ament_python' and name 'camera_usb_pkg'
[0.400s] Level 1:colcon.colcon_core.package_identification:_identify(src/imu_usb_pkg) by extensions ['ignore', 'ignore_ament_install']
[0.400s] Level 1:colcon.colcon_core.package_identification:_identify(src/imu_usb_pkg) by extension 'ignore'
[0.400s] Level 1:colcon.colcon_core.package_identification:_identify(src/imu_usb_pkg) by extension 'ignore_ament_install'
[0.401s] Level 1:colcon.colcon_core.package_identification:_identify(src/imu_usb_pkg) by extensions ['colcon_pkg']
[0.401s] Level 1:colcon.colcon_core.package_identification:_identify(src/imu_usb_pkg) by extension 'colcon_pkg'
[0.401s] Level 1:colcon.colcon_core.package_identification:_identify(src/imu_usb_pkg) by extensions ['colcon_meta']
[0.401s] Level 1:colcon.colcon_core.package_identification:_identify(src/imu_usb_pkg) by extension 'colcon_meta'
[0.401s] Level 1:colcon.colcon_core.package_identification:_identify(src/imu_usb_pkg) by extensions ['ros']
[0.401s] Level 1:colcon.colcon_core.package_identification:_identify(src/imu_usb_pkg) by extension 'ros'
[0.402s] DEBUG:colcon.colcon_core.package_identification:Package 'src/imu_usb_pkg' with type 'ros.ament_python' and name 'imu_usb_pkg'
[0.402s] Level 1:colcon.colcon_core.package_identification:_identify(src/mcu_usb_pkg) by extensions ['ignore', 'ignore_ament_install']
[0.402s] Level 1:colcon.colcon_core.package_identification:_identify(src/mcu_usb_pkg) by extension 'ignore'
[0.402s] Level 1:colcon.colcon_core.package_identification:_identify(src/mcu_usb_pkg) by extension 'ignore_ament_install'
[0.402s] Level 1:colcon.colcon_core.package_identification:_identify(src/mcu_usb_pkg) by extensions ['colcon_pkg']
[0.402s] Level 1:colcon.colcon_core.package_identification:_identify(src/mcu_usb_pkg) by extension 'colcon_pkg'
[0.402s] Level 1:colcon.colcon_core.package_identification:_identify(src/mcu_usb_pkg) by extensions ['colcon_meta']
[0.402s] Level 1:colcon.colcon_core.package_identification:_identify(src/mcu_usb_pkg) by extension 'colcon_meta'
[0.402s] Level 1:colcon.colcon_core.package_identification:_identify(src/mcu_usb_pkg) by extensions ['ros']
[0.403s] Level 1:colcon.colcon_core.package_identification:_identify(src/mcu_usb_pkg) by extension 'ros'
[0.403s] DEBUG:colcon.colcon_core.package_identification:Package 'src/mcu_usb_pkg' with type 'ros.ament_python' and name 'mcu_usb_pkg'
[0.404s] Level 1:colcon.colcon_core.package_identification:_identify(src/servo_pwm_pkg) by extensions ['ignore', 'ignore_ament_install']
[0.404s] Level 1:colcon.colcon_core.package_identification:_identify(src/servo_pwm_pkg) by extension 'ignore'
[0.404s] Level 1:colcon.colcon_core.package_identification:_identify(src/servo_pwm_pkg) by extension 'ignore_ament_install'
[0.404s] Level 1:colcon.colcon_core.package_identification:_identify(src/servo_pwm_pkg) by extensions ['colcon_pkg']
[0.404s] Level 1:colcon.colcon_core.package_identification:_identify(src/servo_pwm_pkg) by extension 'colcon_pkg'
[0.404s] Level 1:colcon.colcon_core.package_identification:_identify(src/servo_pwm_pkg) by extensions ['colcon_meta']
[0.404s] Level 1:colcon.colcon_core.package_identification:_identify(src/servo_pwm_pkg) by extension 'colcon_meta'
[0.404s] Level 1:colcon.colcon_core.package_identification:_identify(src/servo_pwm_pkg) by extensions ['ros']
[0.405s] Level 1:colcon.colcon_core.package_identification:_identify(src/servo_pwm_pkg) by extension 'ros'
[0.405s] DEBUG:colcon.colcon_core.package_identification:Package 'src/servo_pwm_pkg' with type 'ros.ament_python' and name 'servo_pwm_pkg'
[0.405s] Level 1:colcon.colcon_core.package_discovery:discover_packages(recursive) using defaults
[0.405s] Level 1:colcon.colcon_core.package_discovery:discover_packages(ignore) discover
[0.405s] Level 1:colcon.colcon_core.package_discovery:discover_packages(ignore) using defaults
[0.405s] Level 1:colcon.colcon_core.package_discovery:discover_packages(path) discover
[0.405s] Level 1:colcon.colcon_core.package_discovery:discover_packages(path) using defaults
[0.428s] Level 5:colcon.colcon_core.verb:set package 'artscript_interfaces' build argument 'cmake_args' from command line to 'None'
[0.428s] Level 5:colcon.colcon_core.verb:set package 'artscript_interfaces' build argument 'cmake_target' from command line to 'None'
[0.429s] Level 5:colcon.colcon_core.verb:set package 'artscript_interfaces' build argument 'cmake_target_skip_unavailable' from command line to 'False'
[0.429s] Level 5:colcon.colcon_core.verb:set package 'artscript_interfaces' build argument 'cmake_clean_cache' from command line to 'False'
[0.429s] Level 5:colcon.colcon_core.verb:set package 'artscript_interfaces' build argument 'cmake_clean_first' from command line to 'False'
[0.429s] Level 5:colcon.colcon_core.verb:set package 'artscript_interfaces' build argument 'cmake_force_configure' from command line to 'False'
[0.429s] Level 5:colcon.colcon_core.verb:set package 'artscript_interfaces' build argument 'ament_cmake_args' from command line to 'None'
[0.429s] Level 5:colcon.colcon_core.verb:set package 'artscript_interfaces' build argument 'catkin_cmake_args' from command line to 'None'
[0.429s] Level 5:colcon.colcon_core.verb:set package 'artscript_interfaces' build argument 'catkin_skip_building_tests' from command line to 'False'
[0.429s] DEBUG:colcon.colcon_core.verb:Building package 'artscript_interfaces' with the following arguments: {'ament_cmake_args': None, 'build_base': '/home/artscript/Desktop/WorkSpace/MagnentoROBO/magnentorobo_ros2/build/artscript_interfaces', 'catkin_cmake_args': None, 'catkin_skip_building_tests': False, 'cmake_args': None, 'cmake_clean_cache': False, 'cmake_clean_first': False, 'cmake_force_configure': False, 'cmake_target': None, 'cmake_target_skip_unavailable': False, 'install_base': '/home/artscript/Desktop/WorkSpace/MagnentoROBO/magnentorobo_ros2/install/artscript_interfaces', 'merge_install': False, 'path': '/home/artscript/Desktop/WorkSpace/MagnentoROBO/magnentorobo_ros2/src/artscript_interfaces', 'symlink_install': False, 'test_result_base': None}
[0.433s] Level 5:colcon.colcon_core.verb:set package 'artscript_main' build argument 'cmake_args' from command line to 'None'
[0.433s] Level 5:colcon.colcon_core.verb:set package 'artscript_main' build argument 'cmake_target' from command line to 'None'
[0.433s] Level 5:colcon.colcon_core.verb:set package 'artscript_main' build argument 'cmake_target_skip_unavailable' from command line to 'False'
[0.434s] Level 5:colcon.colcon_core.verb:set package 'artscript_main' build argument 'cmake_clean_cache' from command line to 'False'
[0.434s] Level 5:colcon.colcon_core.verb:set package 'artscript_main' build argument 'cmake_clean_first' from command line to 'False'
[0.434s] Level 5:colcon.colcon_core.verb:set package 'artscript_main' build argument 'cmake_force_configure' from command line to 'False'
[0.434s] Level 5:colcon.colcon_core.verb:set package 'artscript_main' build argument 'ament_cmake_args' from command line to 'None'
[0.434s] Level 5:colcon.colcon_core.verb:set package 'artscript_main' build argument 'catkin_cmake_args' from command line to 'None'
[0.434s] Level 5:colcon.colcon_core.verb:set package 'artscript_main' build argument 'catkin_skip_building_tests' from command line to 'False'
[0.434s] DEBUG:colcon.colcon_core.verb:Building package 'artscript_main' with the following arguments: {'ament_cmake_args': None, 'build_base': '/home/artscript/Desktop/WorkSpace/MagnentoROBO/magnentorobo_ros2/build/artscript_main', 'catkin_cmake_args': None, 'catkin_skip_building_tests': False, 'cmake_args': None, 'cmake_clean_cache': False, 'cmake_clean_first': False, 'cmake_force_configure': False, 'cmake_target': None, 'cmake_target_skip_unavailable': False, 'install_base': '/home/artscript/Desktop/WorkSpace/MagnentoROBO/magnentorobo_ros2/install/artscript_main', 'merge_install': False, 'path': '/home/artscript/Desktop/WorkSpace/MagnentoROBO/magnentorobo_ros2/src/artscript_main', 'symlink_install': False, 'test_result_base': None}
[0.437s] Level 5:colcon.colcon_core.verb:set package 'camera_usb_pkg' build argument 'cmake_args' from command line to 'None'
[0.438s] Level 5:colcon.colcon_core.verb:set package 'camera_usb_pkg' build argument 'cmake_target' from command line to 'None'
[0.438s] Level 5:colcon.colcon_core.verb:set package 'camera_usb_pkg' build argument 'cmake_target_skip_unavailable' from command line to 'False'
[0.438s] Level 5:colcon.colcon_core.verb:set package 'camera_usb_pkg' build argument 'cmake_clean_cache' from command line to 'False'
[0.438s] Level 5:colcon.colcon_core.verb:set package 'camera_usb_pkg' build argument 'cmake_clean_first' from command line to 'False'
[0.438s] Level 5:colcon.colcon_core.verb:set package 'camera_usb_pkg' build argument 'cmake_force_configure' from command line to 'False'
[0.438s] Level 5:colcon.colcon_core.verb:set package 'camera_usb_pkg' build argument 'ament_cmake_args' from command line to 'None'
[0.438s] Level 5:colcon.colcon_core.verb:set package 'camera_usb_pkg' build argument 'catkin_cmake_args' from command line to 'None'
[0.438s] Level 5:colcon.colcon_core.verb:set package 'camera_usb_pkg' build argument 'catkin_skip_building_tests' from command line to 'False'
[0.439s] DEBUG:colcon.colcon_core.verb:Building package 'camera_usb_pkg' with the following arguments: {'ament_cmake_args': None, 'build_base': '/home/artscript/Desktop/WorkSpace/MagnentoROBO/magnentorobo_ros2/build/camera_usb_pkg', 'catkin_cmake_args': None, 'catkin_skip_building_tests': False, 'cmake_args': None, 'cmake_clean_cache': False, 'cmake_clean_first': False, 'cmake_force_configure': False, 'cmake_target': None, 'cmake_target_skip_unavailable': False, 'install_base': '/home/artscript/Desktop/WorkSpace/MagnentoROBO/magnentorobo_ros2/install/camera_usb_pkg', 'merge_install': False, 'path': '/home/artscript/Desktop/WorkSpace/MagnentoROBO/magnentorobo_ros2/src/camera_usb_pkg', 'symlink_install': False, 'test_result_base': None}
[0.442s] Level 5:colcon.colcon_core.verb:set package 'mcu_usb_pkg' build argument 'cmake_args' from command line to 'None'
[0.442s] Level 5:colcon.colcon_core.verb:set package 'mcu_usb_pkg' build argument 'cmake_target' from command line to 'None'
[0.442s] Level 5:colcon.colcon_core.verb:set package 'mcu_usb_pkg' build argument 'cmake_target_skip_unavailable' from command line to 'False'
[0.443s] Level 5:colcon.colcon_core.verb:set package 'mcu_usb_pkg' build argument 'cmake_clean_cache' from command line to 'False'
[0.443s] Level 5:colcon.colcon_core.verb:set package 'mcu_usb_pkg' build argument 'cmake_clean_first' from command line to 'False'
[0.443s] Level 5:colcon.colcon_core.verb:set package 'mcu_usb_pkg' build argument 'cmake_force_configure' from command line to 'False'
[0.443s] Level 5:colcon.colcon_core.verb:set package 'mcu_usb_pkg' build argument 'ament_cmake_args' from command line to 'None'
[0.443s] Level 5:colcon.colcon_core.verb:set package 'mcu_usb_pkg' build argument 'catkin_cmake_args' from command line to 'None'
[0.443s] Level 5:colcon.colcon_core.verb:set package 'mcu_usb_pkg' build argument 'catkin_skip_building_tests' from command line to 'False'
[0.443s] DEBUG:colcon.colcon_core.verb:Building package 'mcu_usb_pkg' with the following arguments: {'ament_cmake_args': None, 'build_base': '/home/artscript/Desktop/WorkSpace/MagnentoROBO/magnentorobo_ros2/build/mcu_usb_pkg', 'catkin_cmake_args': None, 'catkin_skip_building_tests': False, 'cmake_args': None, 'cmake_clean_cache': False, 'cmake_clean_first': False, 'cmake_force_configure': False, 'cmake_target': None, 'cmake_target_skip_unavailable': False, 'install_base': '/home/artscript/Desktop/WorkSpace/MagnentoROBO/magnentorobo_ros2/install/mcu_usb_pkg', 'merge_install': False, 'path': '/home/artscript/Desktop/WorkSpace/MagnentoROBO/magnentorobo_ros2/src/mcu_usb_pkg', 'symlink_install': False, 'test_result_base': None}
[0.447s] Level 5:colcon.colcon_core.verb:set package 'servo_pwm_pkg' build argument 'cmake_args' from command line to 'None'
[0.448s] Level 5:colcon.colcon_core.verb:set package 'servo_pwm_pkg' build argument 'cmake_target' from command line to 'None'
[0.448s] Level 5:colcon.colcon_core.verb:set package 'servo_pwm_pkg' build argument 'cmake_target_skip_unavailable' from command line to 'False'
[0.448s] Level 5:colcon.colcon_core.verb:set package 'servo_pwm_pkg' build argument 'cmake_clean_cache' from command line to 'False'
[0.448s] Level 5:colcon.colcon_core.verb:set package 'servo_pwm_pkg' build argument 'cmake_clean_first' from command line to 'False'
[0.448s] Level 5:colcon.colcon_core.verb:set package 'servo_pwm_pkg' build argument 'cmake_force_configure' from command line to 'False'
[0.448s] Level 5:colcon.colcon_core.verb:set package 'servo_pwm_pkg' build argument 'ament_cmake_args' from command line to 'None'
[0.448s] Level 5:colcon.colcon_core.verb:set package 'servo_pwm_pkg' build argument 'catkin_cmake_args' from command line to 'None'
[0.448s] Level 5:colcon.colcon_core.verb:set package 'servo_pwm_pkg' build argument 'catkin_skip_building_tests' from command line to 'False'
[0.448s] DEBUG:colcon.colcon_core.verb:Building package 'servo_pwm_pkg' with the following arguments: {'ament_cmake_args': None, 'build_base': '/home/artscript/Desktop/WorkSpace/MagnentoROBO/magnentorobo_ros2/build/servo_pwm_pkg', 'catkin_cmake_args': None, 'catkin_skip_building_tests': False, 'cmake_args': None, 'cmake_clean_cache': False, 'cmake_clean_first': False, 'cmake_force_configure': False, 'cmake_target': None, 'cmake_target_skip_unavailable': False, 'install_base': '/home/artscript/Desktop/WorkSpace/MagnentoROBO/magnentorobo_ros2/install/servo_pwm_pkg', 'merge_install': False, 'path': '/home/artscript/Desktop/WorkSpace/MagnentoROBO/magnentorobo_ros2/src/servo_pwm_pkg', 'symlink_install': False, 'test_result_base': None}
[0.451s] Level 5:colcon.colcon_core.verb:set package 'imu_usb_pkg' build argument 'cmake_args' from command line to 'None'
[0.451s] Level 5:colcon.colcon_core.verb:set package 'imu_usb_pkg' build argument 'cmake_target' from command line to 'None'
[0.451s] Level 5:colcon.colcon_core.verb:set package 'imu_usb_pkg' build argument 'cmake_target_skip_unavailable' from command line to 'False'
[0.451s] Level 5:colcon.colcon_core.verb:set package 'imu_usb_pkg' build argument 'cmake_clean_cache' from command line to 'False'
[0.451s] Level 5:colcon.colcon_core.verb:set package 'imu_usb_pkg' build argument 'cmake_clean_first' from command line to 'False'
[0.451s] Level 5:colcon.colcon_core.verb:set package 'imu_usb_pkg' build argument 'cmake_force_configure' from command line to 'False'
[0.451s] Level 5:colcon.colcon_core.verb:set package 'imu_usb_pkg' build argument 'ament_cmake_args' from command line to 'None'
[0.451s] Level 5:colcon.colcon_core.verb:set package 'imu_usb_pkg' build argument 'catkin_cmake_args' from command line to 'None'
[0.451s] Level 5:colcon.colcon_core.verb:set package 'imu_usb_pkg' build argument 'catkin_skip_building_tests' from command line to 'False'
[0.451s] DEBUG:colcon.colcon_core.verb:Building package 'imu_usb_pkg' with the following arguments: {'ament_cmake_args': None, 'build_base': '/home/artscript/Desktop/WorkSpace/MagnentoROBO/magnentorobo_ros2/build/imu_usb_pkg', 'catkin_cmake_args': None, 'catkin_skip_building_tests': False, 'cmake_args': None, 'cmake_clean_cache': False, 'cmake_clean_first': False, 'cmake_force_configure': False, 'cmake_target': None, 'cmake_target_skip_unavailable': False, 'install_base': '/home/artscript/Desktop/WorkSpace/MagnentoROBO/magnentorobo_ros2/install/imu_usb_pkg', 'merge_install': False, 'path': '/home/artscript/Desktop/WorkSpace/MagnentoROBO/magnentorobo_ros2/src/imu_usb_pkg', 'symlink_install': False, 'test_result_base': None}
[0.452s] INFO:colcon.colcon_core.executor:Executing jobs using 'parallel' executor
[0.454s] DEBUG:colcon.colcon_parallel_executor.executor.parallel:run_until_complete
[0.455s] INFO:colcon.colcon_ros.task.ament_cmake.build:Building ROS package in '/home/artscript/Desktop/WorkSpace/MagnentoROBO/magnentorobo_ros2/src/artscript_interfaces' with build type 'ament_cmake'
[0.456s] INFO:colcon.colcon_cmake.task.cmake.build:Building CMake package in '/home/artscript/Desktop/WorkSpace/MagnentoROBO/magnentorobo_ros2/src/artscript_interfaces'
[0.469s] INFO:colcon.colcon_core.plugin_system:Skipping extension 'colcon_core.shell.bat': Not used on non-Windows systems
[0.469s] INFO:colcon.colcon_core.shell:Skip shell extension 'powershell' for command environment: Not usable outside of PowerShell
[0.469s] DEBUG:colcon.colcon_core.shell:Skip shell extension 'dsv' for command environment
[0.475s] DEBUG:colcon.colcon_core.shell:Ignoring prefix path '/opt/ros/foxy'
[0.494s] INFO:colcon.colcon_ros.task.ament_python.build:Building ROS package in '/home/artscript/Desktop/WorkSpace/MagnentoROBO/magnentorobo_ros2/src/artscript_main' with build type 'ament_python'
[0.495s] Level 1:colcon.colcon_core.shell:create_environment_hook('artscript_main', 'ament_prefix_path')
[0.497s] INFO:colcon.colcon_core.shell:Creating environment hook '/home/artscript/Desktop/WorkSpace/MagnentoROBO/magnentorobo_ros2/install/artscript_main/share/artscript_main/hook/ament_prefix_path.ps1'
[0.499s] INFO:colcon.colcon_core.shell:Creating environment descriptor '/home/artscript/Desktop/WorkSpace/MagnentoROBO/magnentorobo_ros2/install/artscript_main/share/artscript_main/hook/ament_prefix_path.dsv'
[0.501s] INFO:colcon.colcon_core.shell:Creating environment hook '/home/artscript/Desktop/WorkSpace/MagnentoROBO/magnentorobo_ros2/install/artscript_main/share/artscript_main/hook/ament_prefix_path.sh'
[0.504s] INFO:colcon.colcon_core.shell:Skip shell extension 'powershell' for command environment: Not usable outside of PowerShell
[0.505s] DEBUG:colcon.colcon_core.shell:Skip shell extension 'dsv' for command environment
[0.508s] DEBUG:colcon.colcon_core.shell:Ignoring prefix path '/opt/ros/foxy'
[0.516s] INFO:colcon.colcon_ros.task.ament_python.build:Building ROS package in '/home/artscript/Desktop/WorkSpace/MagnentoROBO/magnentorobo_ros2/src/camera_usb_pkg' with build type 'ament_python'
[0.519s] Level 1:colcon.colcon_core.shell:create_environment_hook('camera_usb_pkg', 'ament_prefix_path')
[0.521s] INFO:colcon.colcon_core.shell:Creating environment hook '/home/artscript/Desktop/WorkSpace/MagnentoROBO/magnentorobo_ros2/install/camera_usb_pkg/share/camera_usb_pkg/hook/ament_prefix_path.ps1'
[0.524s] INFO:colcon.colcon_core.shell:Creating environment descriptor '/home/artscript/Desktop/WorkSpace/MagnentoROBO/magnentorobo_ros2/install/camera_usb_pkg/share/camera_usb_pkg/hook/ament_prefix_path.dsv'
[0.525s] INFO:colcon.colcon_core.shell:Creating environment hook '/home/artscript/Desktop/WorkSpace/MagnentoROBO/magnentorobo_ros2/install/camera_usb_pkg/share/camera_usb_pkg/hook/ament_prefix_path.sh'
[0.528s] INFO:colcon.colcon_core.shell:Skip shell extension 'powershell' for command environment: Not usable outside of PowerShell
[0.528s] DEBUG:colcon.colcon_core.shell:Skip shell extension 'dsv' for command environment
[0.532s] DEBUG:colcon.colcon_core.shell:Ignoring prefix path '/opt/ros/foxy'
[0.540s] INFO:colcon.colcon_ros.task.ament_python.build:Building ROS package in '/home/artscript/Desktop/WorkSpace/MagnentoROBO/magnentorobo_ros2/src/mcu_usb_pkg' with build type 'ament_python'
[0.540s] Level 1:colcon.colcon_core.shell:create_environment_hook('mcu_usb_pkg', 'ament_prefix_path')
[0.541s] INFO:colcon.colcon_core.shell:Creating environment hook '/home/artscript/Desktop/WorkSpace/MagnentoROBO/magnentorobo_ros2/install/mcu_usb_pkg/share/mcu_usb_pkg/hook/ament_prefix_path.ps1'
[0.542s] INFO:colcon.colcon_core.shell:Creating environment descriptor '/home/artscript/Desktop/WorkSpace/MagnentoROBO/magnentorobo_ros2/install/mcu_usb_pkg/share/mcu_usb_pkg/hook/ament_prefix_path.dsv'
[0.543s] INFO:colcon.colcon_core.shell:Creating environment hook '/home/artscript/Desktop/WorkSpace/MagnentoROBO/magnentorobo_ros2/install/mcu_usb_pkg/share/mcu_usb_pkg/hook/ament_prefix_path.sh'
[0.544s] INFO:colcon.colcon_core.shell:Skip shell extension 'powershell' for command environment: Not usable outside of PowerShell
[0.544s] DEBUG:colcon.colcon_core.shell:Skip shell extension 'dsv' for command environment
[0.545s] DEBUG:colcon.colcon_core.shell:Ignoring prefix path '/opt/ros/foxy'
[0.563s] DEBUG:colcon.colcon_core.event_handler.log_command:Invoking command in '/home/artscript/Desktop/WorkSpace/MagnentoROBO/magnentorobo_ros2/build/artscript_interfaces': CMAKE_PREFIX_PATH=${CMAKE_PREFIX_PATH}:/home/artscript/Desktop/WorkSpace/MagnentoROBO/magnentorobo_ros2/install/mcu_usb_pkg:/opt/ros/foxy /usr/bin/cmake --build /home/artscript/Desktop/WorkSpace/MagnentoROBO/magnentorobo_ros2/build/artscript_interfaces -- -j4 -l4
[0.892s] INFO:colcon.colcon_core.task.python.build:Building Python package in '/home/artscript/Desktop/WorkSpace/MagnentoROBO/magnentorobo_ros2/src/artscript_main'
[0.893s] INFO:colcon.colcon_core.shell:Skip shell extension 'powershell' for command environment: Not usable outside of PowerShell
[0.893s] DEBUG:colcon.colcon_core.shell:Skip shell extension 'dsv' for command environment
[0.896s] DEBUG:colcon.colcon_core.shell:Ignoring prefix path '/opt/ros/foxy'
[1.218s] INFO:colcon.colcon_core.task.python.build:Building Python package in '/home/artscript/Desktop/WorkSpace/MagnentoROBO/magnentorobo_ros2/src/camera_usb_pkg'
[1.220s] INFO:colcon.colcon_core.shell:Skip shell extension 'powershell' for command environment: Not usable outside of PowerShell
[1.220s] DEBUG:colcon.colcon_core.shell:Skip shell extension 'dsv' for command environment
[1.224s] DEBUG:colcon.colcon_core.shell:Ignoring prefix path '/opt/ros/foxy'
[1.258s] DEBUG:colcon.colcon_core.event_handler.log_command:Invoked command in '/home/artscript/Desktop/WorkSpace/MagnentoROBO/magnentorobo_ros2/build/artscript_interfaces' returned '0': CMAKE_PREFIX_PATH=${CMAKE_PREFIX_PATH}:/home/artscript/Desktop/WorkSpace/MagnentoROBO/magnentorobo_ros2/install/mcu_usb_pkg:/opt/ros/foxy /usr/bin/cmake --build /home/artscript/Desktop/WorkSpace/MagnentoROBO/magnentorobo_ros2/build/artscript_interfaces -- -j4 -l4
[1.537s] INFO:colcon.colcon_core.task.python.build:Building Python package in '/home/artscript/Desktop/WorkSpace/MagnentoROBO/magnentorobo_ros2/src/mcu_usb_pkg'
[1.537s] INFO:colcon.colcon_core.shell:Skip shell extension 'powershell' for command environment: Not usable outside of PowerShell
[1.538s] DEBUG:colcon.colcon_core.shell:Skip shell extension 'dsv' for command environment
[1.539s] DEBUG:colcon.colcon_core.shell:Ignoring prefix path '/opt/ros/foxy'
[1.554s] DEBUG:colcon.colcon_core.event_handler.log_command:Invoking command in '/home/artscript/Desktop/WorkSpace/MagnentoROBO/magnentorobo_ros2/src/artscript_main': PYTHONPATH=/home/artscript/Desktop/WorkSpace/MagnentoROBO/magnentorobo_ros2/install/artscript_main/lib/python3.8/site-packages:${PYTHONPATH} /usr/bin/python3 setup.py egg_info --egg-base ../../build/artscript_main build --build-base /home/artscript/Desktop/WorkSpace/MagnentoROBO/magnentorobo_ros2/build/artscript_main/build install --prefix /home/artscript/Desktop/WorkSpace/MagnentoROBO/magnentorobo_ros2/install/artscript_main --record /home/artscript/Desktop/WorkSpace/MagnentoROBO/magnentorobo_ros2/build/artscript_main/install.log --single-version-externally-managed
[1.570s] DEBUG:colcon.colcon_core.event_handler.log_command:Invoking command in '/home/artscript/Desktop/WorkSpace/MagnentoROBO/magnentorobo_ros2/src/camera_usb_pkg': PYTHONPATH=/home/artscript/Desktop/WorkSpace/MagnentoROBO/magnentorobo_ros2/install/camera_usb_pkg/lib/python3.8/site-packages:${PYTHONPATH} /usr/bin/python3 setup.py egg_info --egg-base ../../build/camera_usb_pkg build --build-base /home/artscript/Desktop/WorkSpace/MagnentoROBO/magnentorobo_ros2/build/camera_usb_pkg/build install --prefix /home/artscript/Desktop/WorkSpace/MagnentoROBO/magnentorobo_ros2/install/camera_usb_pkg --record /home/artscript/Desktop/WorkSpace/MagnentoROBO/magnentorobo_ros2/build/camera_usb_pkg/install.log --single-version-externally-managed
[1.640s] DEBUG:colcon.colcon_core.event_handler.log_command:Invoking command in '/home/artscript/Desktop/WorkSpace/MagnentoROBO/magnentorobo_ros2/build/artscript_interfaces': CMAKE_PREFIX_PATH=${CMAKE_PREFIX_PATH}:/home/artscript/Desktop/WorkSpace/MagnentoROBO/magnentorobo_ros2/install/mcu_usb_pkg:/opt/ros/foxy /usr/bin/cmake --install /home/artscript/Desktop/WorkSpace/MagnentoROBO/magnentorobo_ros2/build/artscript_interfaces
[1.681s] DEBUG:colcon.colcon_core.event_handler.log_command:Invoking command in '/home/artscript/Desktop/WorkSpace/MagnentoROBO/magnentorobo_ros2/src/mcu_usb_pkg': PYTHONPATH=/home/artscript/Desktop/WorkSpace/MagnentoROBO/magnentorobo_ros2/install/mcu_usb_pkg/lib/python3.8/site-packages:${PYTHONPATH} /usr/bin/python3 setup.py egg_info --egg-base ../../build/mcu_usb_pkg build --build-base /home/artscript/Desktop/WorkSpace/MagnentoROBO/magnentorobo_ros2/build/mcu_usb_pkg/build install --prefix /home/artscript/Desktop/WorkSpace/MagnentoROBO/magnentorobo_ros2/install/mcu_usb_pkg --record /home/artscript/Desktop/WorkSpace/MagnentoROBO/magnentorobo_ros2/build/mcu_usb_pkg/install.log --single-version-externally-managed
[1.773s] Level 1:colcon.colcon_core.environment:create_environment_scripts_only(artscript_interfaces)
[1.778s] Level 1:colcon.colcon_core.environment:checking '/home/artscript/Desktop/WorkSpace/MagnentoROBO/magnentorobo_ros2/install/artscript_interfaces' for CMake module files
[1.779s] Level 1:colcon.colcon_core.environment:checking '/home/artscript/Desktop/WorkSpace/MagnentoROBO/magnentorobo_ros2/install/artscript_interfaces' for CMake config files
[1.779s] Level 1:colcon.colcon_core.shell:create_environment_hook('artscript_interfaces', 'cmake_prefix_path')
[1.781s] INFO:colcon.colcon_core.shell:Creating environment hook '/home/artscript/Desktop/WorkSpace/MagnentoROBO/magnentorobo_ros2/install/artscript_interfaces/share/artscript_interfaces/hook/cmake_prefix_path.ps1'
[1.784s] DEBUG:colcon.colcon_core.event_handler.log_command:Invoked command in '/home/artscript/Desktop/WorkSpace/MagnentoROBO/magnentorobo_ros2/build/artscript_interfaces' returned '0': CMAKE_PREFIX_PATH=${CMAKE_PREFIX_PATH}:/home/artscript/Desktop/WorkSpace/MagnentoROBO/magnentorobo_ros2/install/mcu_usb_pkg:/opt/ros/foxy /usr/bin/cmake --install /home/artscript/Desktop/WorkSpace/MagnentoROBO/magnentorobo_ros2/build/artscript_interfaces
[1.786s] INFO:colcon.colcon_core.shell:Creating environment descriptor '/home/artscript/Desktop/WorkSpace/MagnentoROBO/magnentorobo_ros2/install/artscript_interfaces/share/artscript_interfaces/hook/cmake_prefix_path.dsv'
[1.787s] INFO:colcon.colcon_core.shell:Creating environment hook '/home/artscript/Desktop/WorkSpace/MagnentoROBO/magnentorobo_ros2/install/artscript_interfaces/share/artscript_interfaces/hook/cmake_prefix_path.sh'
[1.788s] Level 1:colcon.colcon_core.environment:checking '/home/artscript/Desktop/WorkSpace/MagnentoROBO/magnentorobo_ros2/install/artscript_interfaces/lib'
[1.788s] Level 1:colcon.colcon_core.shell:create_environment_hook('artscript_interfaces', 'ld_library_path_lib')
[1.793s] INFO:colcon.colcon_core.shell:Creating environment hook '/home/artscript/Desktop/WorkSpace/MagnentoROBO/magnentorobo_ros2/install/artscript_interfaces/share/artscript_interfaces/hook/ld_library_path_lib.ps1'
[1.800s] INFO:colcon.colcon_core.shell:Creating environment descriptor '/home/artscript/Desktop/WorkSpace/MagnentoROBO/magnentorobo_ros2/install/artscript_interfaces/share/artscript_interfaces/hook/ld_library_path_lib.dsv'
[1.801s] INFO:colcon.colcon_core.shell:Creating environment hook '/home/artscript/Desktop/WorkSpace/MagnentoROBO/magnentorobo_ros2/install/artscript_interfaces/share/artscript_interfaces/hook/ld_library_path_lib.sh'
[1.802s] Level 1:colcon.colcon_core.environment:checking '/home/artscript/Desktop/WorkSpace/MagnentoROBO/magnentorobo_ros2/install/artscript_interfaces/bin'
[1.802s] Level 1:colcon.colcon_core.environment:checking '/home/artscript/Desktop/WorkSpace/MagnentoROBO/magnentorobo_ros2/install/artscript_interfaces/lib/pkgconfig/artscript_interfaces.pc'
[1.802s] Level 1:colcon.colcon_core.environment:checking '/home/artscript/Desktop/WorkSpace/MagnentoROBO/magnentorobo_ros2/install/artscript_interfaces/lib/python3.8/site-packages'
[1.802s] Level 1:colcon.colcon_core.shell:create_environment_hook('artscript_interfaces', 'pythonpath')
[1.806s] INFO:colcon.colcon_core.shell:Creating environment hook '/home/artscript/Desktop/WorkSpace/MagnentoROBO/magnentorobo_ros2/install/artscript_interfaces/share/artscript_interfaces/hook/pythonpath.ps1'
[1.807s] INFO:colcon.colcon_core.shell:Creating environment descriptor '/home/artscript/Desktop/WorkSpace/MagnentoROBO/magnentorobo_ros2/install/artscript_interfaces/share/artscript_interfaces/hook/pythonpath.dsv'
[1.807s] INFO:colcon.colcon_core.shell:Creating environment hook '/home/artscript/Desktop/WorkSpace/MagnentoROBO/magnentorobo_ros2/install/artscript_interfaces/share/artscript_interfaces/hook/pythonpath.sh'
[1.810s] INFO:colcon.colcon_core.shell:Creating package script '/home/artscript/Desktop/WorkSpace/MagnentoROBO/magnentorobo_ros2/install/artscript_interfaces/share/artscript_interfaces/package.ps1'
[1.822s] INFO:colcon.colcon_core.shell:Creating package descriptor '/home/artscript/Desktop/WorkSpace/MagnentoROBO/magnentorobo_ros2/install/artscript_interfaces/share/artscript_interfaces/package.dsv'
[1.825s] INFO:colcon.colcon_core.shell:Creating package script '/home/artscript/Desktop/WorkSpace/MagnentoROBO/magnentorobo_ros2/install/artscript_interfaces/share/artscript_interfaces/package.sh'
[1.826s] INFO:colcon.colcon_core.shell:Creating package script '/home/artscript/Desktop/WorkSpace/MagnentoROBO/magnentorobo_ros2/install/artscript_interfaces/share/artscript_interfaces/package.bash'
[1.828s] INFO:colcon.colcon_core.shell:Creating package script '/home/artscript/Desktop/WorkSpace/MagnentoROBO/magnentorobo_ros2/install/artscript_interfaces/share/artscript_interfaces/package.zsh'
[1.829s] Level 1:colcon.colcon_core.environment:create_file_with_runtime_dependencies(/home/artscript/Desktop/WorkSpace/MagnentoROBO/magnentorobo_ros2/install/artscript_interfaces/share/colcon-core/packages/artscript_interfaces)
[1.949s] Level 1:colcon.colcon_core.environment:create_environment_scripts_only(artscript_interfaces)
[1.950s] Level 1:colcon.colcon_core.environment:checking '/home/artscript/Desktop/WorkSpace/MagnentoROBO/magnentorobo_ros2/install/artscript_interfaces' for CMake module files
[1.951s] Level 1:colcon.colcon_core.environment:checking '/home/artscript/Desktop/WorkSpace/MagnentoROBO/magnentorobo_ros2/install/artscript_interfaces' for CMake config files
[1.951s] Level 1:colcon.colcon_core.shell:create_environment_hook('artscript_interfaces', 'cmake_prefix_path')
[1.951s] INFO:colcon.colcon_core.shell:Creating environment hook '/home/artscript/Desktop/WorkSpace/MagnentoROBO/magnentorobo_ros2/install/artscript_interfaces/share/artscript_interfaces/hook/cmake_prefix_path.ps1'
[1.958s] INFO:colcon.colcon_core.shell:Creating environment descriptor '/home/artscript/Desktop/WorkSpace/MagnentoROBO/magnentorobo_ros2/install/artscript_interfaces/share/artscript_interfaces/hook/cmake_prefix_path.dsv'
[1.960s] INFO:colcon.colcon_core.shell:Creating environment hook '/home/artscript/Desktop/WorkSpace/MagnentoROBO/magnentorobo_ros2/install/artscript_interfaces/share/artscript_interfaces/hook/cmake_prefix_path.sh'
[1.961s] Level 1:colcon.colcon_core.environment:checking '/home/artscript/Desktop/WorkSpace/MagnentoROBO/magnentorobo_ros2/install/artscript_interfaces/lib'
[1.962s] Level 1:colcon.colcon_core.shell:create_environment_hook('artscript_interfaces', 'ld_library_path_lib')
[1.962s] INFO:colcon.colcon_core.shell:Creating environment hook '/home/artscript/Desktop/WorkSpace/MagnentoROBO/magnentorobo_ros2/install/artscript_interfaces/share/artscript_interfaces/hook/ld_library_path_lib.ps1'
[1.965s] INFO:colcon.colcon_core.shell:Creating environment descriptor '/home/artscript/Desktop/WorkSpace/MagnentoROBO/magnentorobo_ros2/install/artscript_interfaces/share/artscript_interfaces/hook/ld_library_path_lib.dsv'
[1.966s] INFO:colcon.colcon_core.shell:Creating environment hook '/home/artscript/Desktop/WorkSpace/MagnentoROBO/magnentorobo_ros2/install/artscript_interfaces/share/artscript_interfaces/hook/ld_library_path_lib.sh'
[1.968s] Level 1:colcon.colcon_core.environment:checking '/home/artscript/Desktop/WorkSpace/MagnentoROBO/magnentorobo_ros2/install/artscript_interfaces/bin'
[1.969s] Level 1:colcon.colcon_core.environment:checking '/home/artscript/Desktop/WorkSpace/MagnentoROBO/magnentorobo_ros2/install/artscript_interfaces/lib/pkgconfig/artscript_interfaces.pc'
[1.969s] Level 1:colcon.colcon_core.environment:checking '/home/artscript/Desktop/WorkSpace/MagnentoROBO/magnentorobo_ros2/install/artscript_interfaces/lib/python3.8/site-packages'
[1.969s] Level 1:colcon.colcon_core.shell:create_environment_hook('artscript_interfaces', 'pythonpath')
[1.970s] INFO:colcon.colcon_core.shell:Creating environment hook '/home/artscript/Desktop/WorkSpace/MagnentoROBO/magnentorobo_ros2/install/artscript_interfaces/share/artscript_interfaces/hook/pythonpath.ps1'
[1.973s] INFO:colcon.colcon_core.shell:Creating environment descriptor '/home/artscript/Desktop/WorkSpace/MagnentoROBO/magnentorobo_ros2/install/artscript_interfaces/share/artscript_interfaces/hook/pythonpath.dsv'
[1.974s] INFO:colcon.colcon_core.shell:Creating environment hook '/home/artscript/Desktop/WorkSpace/MagnentoROBO/magnentorobo_ros2/install/artscript_interfaces/share/artscript_interfaces/hook/pythonpath.sh'
[1.978s] INFO:colcon.colcon_core.shell:Creating package script '/home/artscript/Desktop/WorkSpace/MagnentoROBO/magnentorobo_ros2/install/artscript_interfaces/share/artscript_interfaces/package.ps1'
[1.980s] INFO:colcon.colcon_core.shell:Creating package descriptor '/home/artscript/Desktop/WorkSpace/MagnentoROBO/magnentorobo_ros2/install/artscript_interfaces/share/artscript_interfaces/package.dsv'
[1.983s] INFO:colcon.colcon_core.shell:Creating package script '/home/artscript/Desktop/WorkSpace/MagnentoROBO/magnentorobo_ros2/install/artscript_interfaces/share/artscript_interfaces/package.sh'
[1.985s] INFO:colcon.colcon_core.shell:Creating package script '/home/artscript/Desktop/WorkSpace/MagnentoROBO/magnentorobo_ros2/install/artscript_interfaces/share/artscript_interfaces/package.bash'
[1.987s] INFO:colcon.colcon_core.shell:Creating package script '/home/artscript/Desktop/WorkSpace/MagnentoROBO/magnentorobo_ros2/install/artscript_interfaces/share/artscript_interfaces/package.zsh'
[1.989s] Level 1:colcon.colcon_core.environment:create_file_with_runtime_dependencies(/home/artscript/Desktop/WorkSpace/MagnentoROBO/magnentorobo_ros2/install/artscript_interfaces/share/colcon-core/packages/artscript_interfaces)
[1.992s] INFO:colcon.colcon_ros.task.ament_python.build:Building ROS package in '/home/artscript/Desktop/WorkSpace/MagnentoROBO/magnentorobo_ros2/src/servo_pwm_pkg' with build type 'ament_python'
[1.992s] Level 1:colcon.colcon_core.shell:create_environment_hook('servo_pwm_pkg', 'ament_prefix_path')
[1.993s] INFO:colcon.colcon_core.shell:Creating environment hook '/home/artscript/Desktop/WorkSpace/MagnentoROBO/magnentorobo_ros2/install/servo_pwm_pkg/share/servo_pwm_pkg/hook/ament_prefix_path.ps1'
[1.996s] INFO:colcon.colcon_core.shell:Creating environment descriptor '/home/artscript/Desktop/WorkSpace/MagnentoROBO/magnentorobo_ros2/install/servo_pwm_pkg/share/servo_pwm_pkg/hook/ament_prefix_path.dsv'
[1.997s] INFO:colcon.colcon_core.shell:Creating environment hook '/home/artscript/Desktop/WorkSpace/MagnentoROBO/magnentorobo_ros2/install/servo_pwm_pkg/share/servo_pwm_pkg/hook/ament_prefix_path.sh'
[1.999s] INFO:colcon.colcon_core.shell:Skip shell extension 'powershell' for command environment: Not usable outside of PowerShell
[2.000s] DEBUG:colcon.colcon_core.shell:Skip shell extension 'dsv' for command environment
[2.006s] DEBUG:colcon.colcon_core.shell:Ignoring prefix path '/opt/ros/foxy'
[2.331s] INFO:colcon.colcon_core.task.python.build:Building Python package in '/home/artscript/Desktop/WorkSpace/MagnentoROBO/magnentorobo_ros2/src/servo_pwm_pkg'
[2.333s] INFO:colcon.colcon_core.shell:Skip shell extension 'powershell' for command environment: Not usable outside of PowerShell
[2.333s] DEBUG:colcon.colcon_core.shell:Skip shell extension 'dsv' for command environment
[2.337s] DEBUG:colcon.colcon_core.shell:Ignoring prefix path '/opt/ros/foxy'
[2.346s] Level 1:colcon.colcon_core.environment:checking '/home/artscript/Desktop/WorkSpace/MagnentoROBO/magnentorobo_ros2/install/artscript_main' for CMake module files
[2.346s] Level 1:colcon.colcon_core.environment:checking '/home/artscript/Desktop/WorkSpace/MagnentoROBO/magnentorobo_ros2/install/artscript_main' for CMake config files
[2.347s] Level 1:colcon.colcon_core.environment:checking '/home/artscript/Desktop/WorkSpace/MagnentoROBO/magnentorobo_ros2/install/artscript_main/lib'
[2.347s] Level 1:colcon.colcon_core.environment:checking '/home/artscript/Desktop/WorkSpace/MagnentoROBO/magnentorobo_ros2/install/artscript_main/bin'
[2.347s] Level 1:colcon.colcon_core.environment:checking '/home/artscript/Desktop/WorkSpace/MagnentoROBO/magnentorobo_ros2/install/artscript_main/lib/pkgconfig/artscript_main.pc'
[2.347s] Level 1:colcon.colcon_core.environment:checking '/home/artscript/Desktop/WorkSpace/MagnentoROBO/magnentorobo_ros2/install/artscript_main/lib/python3.8/site-packages'
[2.347s] Level 1:colcon.colcon_core.shell:create_environment_hook('artscript_main', 'pythonpath')
[2.348s] DEBUG:colcon.colcon_core.event_handler.log_command:Invoked command in '/home/artscript/Desktop/WorkSpace/MagnentoROBO/magnentorobo_ros2/src/artscript_main' returned '0': PYTHONPATH=/home/artscript/Desktop/WorkSpace/MagnentoROBO/magnentorobo_ros2/install/artscript_main/lib/python3.8/site-packages:${PYTHONPATH} /usr/bin/python3 setup.py egg_info --egg-base ../../build/artscript_main build --build-base /home/artscript/Desktop/WorkSpace/MagnentoROBO/magnentorobo_ros2/build/artscript_main/build install --prefix /home/artscript/Desktop/WorkSpace/MagnentoROBO/magnentorobo_ros2/install/artscript_main --record /home/artscript/Desktop/WorkSpace/MagnentoROBO/magnentorobo_ros2/build/artscript_main/install.log --single-version-externally-managed
[2.348s] INFO:colcon.colcon_core.shell:Creating environment hook '/home/artscript/Desktop/WorkSpace/MagnentoROBO/magnentorobo_ros2/install/artscript_main/share/artscript_main/hook/pythonpath.ps1'
[2.350s] INFO:colcon.colcon_core.shell:Creating environment descriptor '/home/artscript/Desktop/WorkSpace/MagnentoROBO/magnentorobo_ros2/install/artscript_main/share/artscript_main/hook/pythonpath.dsv'
[2.350s] INFO:colcon.colcon_core.shell:Creating environment hook '/home/artscript/Desktop/WorkSpace/MagnentoROBO/magnentorobo_ros2/install/artscript_main/share/artscript_main/hook/pythonpath.sh'
[2.351s] Level 1:colcon.colcon_core.environment:create_environment_scripts_only(artscript_main)
[2.352s] INFO:colcon.colcon_core.shell:Creating package script '/home/artscript/Desktop/WorkSpace/MagnentoROBO/magnentorobo_ros2/install/artscript_main/share/artscript_main/package.ps1'
[2.352s] INFO:colcon.colcon_core.shell:Creating package descriptor '/home/artscript/Desktop/WorkSpace/MagnentoROBO/magnentorobo_ros2/install/artscript_main/share/artscript_main/package.dsv'
[2.353s] INFO:colcon.colcon_core.shell:Creating package script '/home/artscript/Desktop/WorkSpace/MagnentoROBO/magnentorobo_ros2/install/artscript_main/share/artscript_main/package.sh'
[2.354s] INFO:colcon.colcon_core.shell:Creating package script '/home/artscript/Desktop/WorkSpace/MagnentoROBO/magnentorobo_ros2/install/artscript_main/share/artscript_main/package.bash'
[2.354s] INFO:colcon.colcon_core.shell:Creating package script '/home/artscript/Desktop/WorkSpace/MagnentoROBO/magnentorobo_ros2/install/artscript_main/share/artscript_main/package.zsh'
[2.354s] Level 1:colcon.colcon_core.environment:create_file_with_runtime_dependencies(/home/artscript/Desktop/WorkSpace/MagnentoROBO/magnentorobo_ros2/install/artscript_main/share/colcon-core/packages/artscript_main)
[2.356s] Level 1:colcon.colcon_core.environment:checking '/home/artscript/Desktop/WorkSpace/MagnentoROBO/magnentorobo_ros2/install/camera_usb_pkg' for CMake module files
[2.357s] DEBUG:colcon.colcon_core.event_handler.log_command:Invoked command in '/home/artscript/Desktop/WorkSpace/MagnentoROBO/magnentorobo_ros2/src/camera_usb_pkg' returned '0': PYTHONPATH=/home/artscript/Desktop/WorkSpace/MagnentoROBO/magnentorobo_ros2/install/camera_usb_pkg/lib/python3.8/site-packages:${PYTHONPATH} /usr/bin/python3 setup.py egg_info --egg-base ../../build/camera_usb_pkg build --build-base /home/artscript/Desktop/WorkSpace/MagnentoROBO/magnentorobo_ros2/build/camera_usb_pkg/build install --prefix /home/artscript/Desktop/WorkSpace/MagnentoROBO/magnentorobo_ros2/install/camera_usb_pkg --record /home/artscript/Desktop/WorkSpace/MagnentoROBO/magnentorobo_ros2/build/camera_usb_pkg/install.log --single-version-externally-managed
[2.358s] Level 1:colcon.colcon_core.environment:checking '/home/artscript/Desktop/WorkSpace/MagnentoROBO/magnentorobo_ros2/install/camera_usb_pkg' for CMake config files
[2.359s] Level 1:colcon.colcon_core.environment:checking '/home/artscript/Desktop/WorkSpace/MagnentoROBO/magnentorobo_ros2/install/camera_usb_pkg/lib'
[2.359s] Level 1:colcon.colcon_core.environment:checking '/home/artscript/Desktop/WorkSpace/MagnentoROBO/magnentorobo_ros2/install/camera_usb_pkg/bin'
[2.359s] Level 1:colcon.colcon_core.environment:checking '/home/artscript/Desktop/WorkSpace/MagnentoROBO/magnentorobo_ros2/install/camera_usb_pkg/lib/pkgconfig/camera_usb_pkg.pc'
[2.359s] Level 1:colcon.colcon_core.environment:checking '/home/artscript/Desktop/WorkSpace/MagnentoROBO/magnentorobo_ros2/install/camera_usb_pkg/lib/python3.8/site-packages'
[2.360s] Level 1:colcon.colcon_core.shell:create_environment_hook('camera_usb_pkg', 'pythonpath')
[2.360s] INFO:colcon.colcon_core.shell:Creating environment hook '/home/artscript/Desktop/WorkSpace/MagnentoROBO/magnentorobo_ros2/install/camera_usb_pkg/share/camera_usb_pkg/hook/pythonpath.ps1'
[2.361s] INFO:colcon.colcon_core.shell:Creating environment descriptor '/home/artscript/Desktop/WorkSpace/MagnentoROBO/magnentorobo_ros2/install/camera_usb_pkg/share/camera_usb_pkg/hook/pythonpath.dsv'
[2.361s] INFO:colcon.colcon_core.shell:Creating environment hook '/home/artscript/Desktop/WorkSpace/MagnentoROBO/magnentorobo_ros2/install/camera_usb_pkg/share/camera_usb_pkg/hook/pythonpath.sh'
[2.361s] Level 1:colcon.colcon_core.environment:create_environment_scripts_only(camera_usb_pkg)
[2.362s] INFO:colcon.colcon_core.shell:Creating package script '/home/artscript/Desktop/WorkSpace/MagnentoROBO/magnentorobo_ros2/install/camera_usb_pkg/share/camera_usb_pkg/package.ps1'
[2.363s] INFO:colcon.colcon_core.shell:Creating package descriptor '/home/artscript/Desktop/WorkSpace/MagnentoROBO/magnentorobo_ros2/install/camera_usb_pkg/share/camera_usb_pkg/package.dsv'
[2.363s] INFO:colcon.colcon_core.shell:Creating package script '/home/artscript/Desktop/WorkSpace/MagnentoROBO/magnentorobo_ros2/install/camera_usb_pkg/share/camera_usb_pkg/package.sh'
[2.364s] INFO:colcon.colcon_core.shell:Creating package script '/home/artscript/Desktop/WorkSpace/MagnentoROBO/magnentorobo_ros2/install/camera_usb_pkg/share/camera_usb_pkg/package.bash'
[2.364s] INFO:colcon.colcon_core.shell:Creating package script '/home/artscript/Desktop/WorkSpace/MagnentoROBO/magnentorobo_ros2/install/camera_usb_pkg/share/camera_usb_pkg/package.zsh'
[2.364s] Level 1:colcon.colcon_core.environment:create_file_with_runtime_dependencies(/home/artscript/Desktop/WorkSpace/MagnentoROBO/magnentorobo_ros2/install/camera_usb_pkg/share/colcon-core/packages/camera_usb_pkg)
[2.365s] INFO:colcon.colcon_ros.task.ament_python.build:Building ROS package in '/home/artscript/Desktop/WorkSpace/MagnentoROBO/magnentorobo_ros2/src/imu_usb_pkg' with build type 'ament_python'
[2.366s] Level 1:colcon.colcon_core.shell:create_environment_hook('imu_usb_pkg', 'ament_prefix_path')
[2.366s] INFO:colcon.colcon_core.shell:Creating environment hook '/home/artscript/Desktop/WorkSpace/MagnentoROBO/magnentorobo_ros2/install/imu_usb_pkg/share/imu_usb_pkg/hook/ament_prefix_path.ps1'
[2.367s] INFO:colcon.colcon_core.shell:Creating environment descriptor '/home/artscript/Desktop/WorkSpace/MagnentoROBO/magnentorobo_ros2/install/imu_usb_pkg/share/imu_usb_pkg/hook/ament_prefix_path.dsv'
[2.368s] INFO:colcon.colcon_core.shell:Creating environment hook '/home/artscript/Desktop/WorkSpace/MagnentoROBO/magnentorobo_ros2/install/imu_usb_pkg/share/imu_usb_pkg/hook/ament_prefix_path.sh'
[2.368s] INFO:colcon.colcon_core.shell:Skip shell extension 'powershell' for command environment: Not usable outside of PowerShell
[2.369s] DEBUG:colcon.colcon_core.shell:Skip shell extension 'dsv' for command environment
[2.370s] DEBUG:colcon.colcon_core.shell:Ignoring prefix path '/opt/ros/foxy'
[2.377s] Level 1:colcon.colcon_core.environment:checking '/home/artscript/Desktop/WorkSpace/MagnentoROBO/magnentorobo_ros2/install/mcu_usb_pkg' for CMake module files
[2.378s] DEBUG:colcon.colcon_core.event_handler.log_command:Invoked command in '/home/artscript/Desktop/WorkSpace/MagnentoROBO/magnentorobo_ros2/src/mcu_usb_pkg' returned '0': PYTHONPATH=/home/artscript/Desktop/WorkSpace/MagnentoROBO/magnentorobo_ros2/install/mcu_usb_pkg/lib/python3.8/site-packages:${PYTHONPATH} /usr/bin/python3 setup.py egg_info --egg-base ../../build/mcu_usb_pkg build --build-base /home/artscript/Desktop/WorkSpace/MagnentoROBO/magnentorobo_ros2/build/mcu_usb_pkg/build install --prefix /home/artscript/Desktop/WorkSpace/MagnentoROBO/magnentorobo_ros2/install/mcu_usb_pkg --record /home/artscript/Desktop/WorkSpace/MagnentoROBO/magnentorobo_ros2/build/mcu_usb_pkg/install.log --single-version-externally-managed
[2.378s] Level 1:colcon.colcon_core.environment:checking '/home/artscript/Desktop/WorkSpace/MagnentoROBO/magnentorobo_ros2/install/mcu_usb_pkg' for CMake config files
[2.379s] Level 1:colcon.colcon_core.environment:checking '/home/artscript/Desktop/WorkSpace/MagnentoROBO/magnentorobo_ros2/install/mcu_usb_pkg/lib'
[2.379s] Level 1:colcon.colcon_core.environment:checking '/home/artscript/Desktop/WorkSpace/MagnentoROBO/magnentorobo_ros2/install/mcu_usb_pkg/bin'
[2.379s] Level 1:colcon.colcon_core.environment:checking '/home/artscript/Desktop/WorkSpace/MagnentoROBO/magnentorobo_ros2/install/mcu_usb_pkg/lib/pkgconfig/mcu_usb_pkg.pc'
[2.379s] Level 1:colcon.colcon_core.environment:checking '/home/artscript/Desktop/WorkSpace/MagnentoROBO/magnentorobo_ros2/install/mcu_usb_pkg/lib/python3.8/site-packages'
[2.379s] Level 1:colcon.colcon_core.shell:create_environment_hook('mcu_usb_pkg', 'pythonpath')
[2.380s] INFO:colcon.colcon_core.shell:Creating environment hook '/home/artscript/Desktop/WorkSpace/MagnentoROBO/magnentorobo_ros2/install/mcu_usb_pkg/share/mcu_usb_pkg/hook/pythonpath.ps1'
[2.381s] INFO:colcon.colcon_core.shell:Creating environment descriptor '/home/artscript/Desktop/WorkSpace/MagnentoROBO/magnentorobo_ros2/install/mcu_usb_pkg/share/mcu_usb_pkg/hook/pythonpath.dsv'
[2.381s] INFO:colcon.colcon_core.shell:Creating environment hook '/home/artscript/Desktop/WorkSpace/MagnentoROBO/magnentorobo_ros2/install/mcu_usb_pkg/share/mcu_usb_pkg/hook/pythonpath.sh'
[2.381s] Level 1:colcon.colcon_core.environment:create_environment_scripts_only(mcu_usb_pkg)
[2.382s] INFO:colcon.colcon_core.shell:Creating package script '/home/artscript/Desktop/WorkSpace/MagnentoROBO/magnentorobo_ros2/install/mcu_usb_pkg/share/mcu_usb_pkg/package.ps1'
[2.383s] INFO:colcon.colcon_core.shell:Creating package descriptor '/home/artscript/Desktop/WorkSpace/MagnentoROBO/magnentorobo_ros2/install/mcu_usb_pkg/share/mcu_usb_pkg/package.dsv'
[2.383s] INFO:colcon.colcon_core.shell:Creating package script '/home/artscript/Desktop/WorkSpace/MagnentoROBO/magnentorobo_ros2/install/mcu_usb_pkg/share/mcu_usb_pkg/package.sh'
[2.384s] INFO:colcon.colcon_core.shell:Creating package script '/home/artscript/Desktop/WorkSpace/MagnentoROBO/magnentorobo_ros2/install/mcu_usb_pkg/share/mcu_usb_pkg/package.bash'
[2.384s] INFO:colcon.colcon_core.shell:Creating package script '/home/artscript/Desktop/WorkSpace/MagnentoROBO/magnentorobo_ros2/install/mcu_usb_pkg/share/mcu_usb_pkg/package.zsh'
[2.384s] Level 1:colcon.colcon_core.environment:create_file_with_runtime_dependencies(/home/artscript/Desktop/WorkSpace/MagnentoROBO/magnentorobo_ros2/install/mcu_usb_pkg/share/colcon-core/packages/mcu_usb_pkg)
[2.393s] DEBUG:colcon.colcon_core.event_handler.log_command:Invoking command in '/home/artscript/Desktop/WorkSpace/MagnentoROBO/magnentorobo_ros2/src/servo_pwm_pkg': PYTHONPATH=/home/artscript/Desktop/WorkSpace/MagnentoROBO/magnentorobo_ros2/install/servo_pwm_pkg/lib/python3.8/site-packages:${PYTHONPATH} /usr/bin/python3 setup.py egg_info --egg-base ../../build/servo_pwm_pkg build --build-base /home/artscript/Desktop/WorkSpace/MagnentoROBO/magnentorobo_ros2/build/servo_pwm_pkg/build install --prefix /home/artscript/Desktop/WorkSpace/MagnentoROBO/magnentorobo_ros2/install/servo_pwm_pkg --record /home/artscript/Desktop/WorkSpace/MagnentoROBO/magnentorobo_ros2/build/servo_pwm_pkg/install.log --single-version-externally-managed
[2.757s] INFO:colcon.colcon_core.task.python.build:Building Python package in '/home/artscript/Desktop/WorkSpace/MagnentoROBO/magnentorobo_ros2/src/imu_usb_pkg'
[2.760s] INFO:colcon.colcon_core.shell:Skip shell extension 'powershell' for command environment: Not usable outside of PowerShell
[2.760s] DEBUG:colcon.colcon_core.shell:Skip shell extension 'dsv' for command environment
[2.762s] DEBUG:colcon.colcon_core.shell:Ignoring prefix path '/opt/ros/foxy'
[2.831s] DEBUG:colcon.colcon_core.event_handler.log_command:Invoking command in '/home/artscript/Desktop/WorkSpace/MagnentoROBO/magnentorobo_ros2/src/imu_usb_pkg': PYTHONPATH=/home/artscript/Desktop/WorkSpace/MagnentoROBO/magnentorobo_ros2/install/imu_usb_pkg/lib/python3.8/site-packages:/home/artscript/Desktop/WorkSpace/MagnentoROBO/magnentorobo_ros2/install/artscript_interfaces/lib/python3.8/site-packages:/home/artscript/Desktop/WorkSpace/MagnentoROBO/magnentorobo_ros2/install/mcu_usb_pkg/lib/python3.8/site-packages:/opt/ros/foxy/lib/python3.8/site-packages /usr/bin/python3 setup.py egg_info --egg-base ../../build/imu_usb_pkg build --build-base /home/artscript/Desktop/WorkSpace/MagnentoROBO/magnentorobo_ros2/build/imu_usb_pkg/build install --prefix /home/artscript/Desktop/WorkSpace/MagnentoROBO/magnentorobo_ros2/install/imu_usb_pkg --record /home/artscript/Desktop/WorkSpace/MagnentoROBO/magnentorobo_ros2/build/imu_usb_pkg/install.log --single-version-externally-managed
[2.845s] Level 1:colcon.colcon_core.environment:checking '/home/artscript/Desktop/WorkSpace/MagnentoROBO/magnentorobo_ros2/install/servo_pwm_pkg' for CMake module files
[2.846s] Level 1:colcon.colcon_core.environment:checking '/home/artscript/Desktop/WorkSpace/MagnentoROBO/magnentorobo_ros2/install/servo_pwm_pkg' for CMake config files
[2.846s] DEBUG:colcon.colcon_core.event_handler.log_command:Invoked command in '/home/artscript/Desktop/WorkSpace/MagnentoROBO/magnentorobo_ros2/src/servo_pwm_pkg' returned '0': PYTHONPATH=/home/artscript/Desktop/WorkSpace/MagnentoROBO/magnentorobo_ros2/install/servo_pwm_pkg/lib/python3.8/site-packages:${PYTHONPATH} /usr/bin/python3 setup.py egg_info --egg-base ../../build/servo_pwm_pkg build --build-base /home/artscript/Desktop/WorkSpace/MagnentoROBO/magnentorobo_ros2/build/servo_pwm_pkg/build install --prefix /home/artscript/Desktop/WorkSpace/MagnentoROBO/magnentorobo_ros2/install/servo_pwm_pkg --record /home/artscript/Desktop/WorkSpace/MagnentoROBO/magnentorobo_ros2/build/servo_pwm_pkg/install.log --single-version-externally-managed
[2.848s] Level 1:colcon.colcon_core.environment:checking '/home/artscript/Desktop/WorkSpace/MagnentoROBO/magnentorobo_ros2/install/servo_pwm_pkg/lib'
[2.848s] Level 1:colcon.colcon_core.environment:checking '/home/artscript/Desktop/WorkSpace/MagnentoROBO/magnentorobo_ros2/install/servo_pwm_pkg/bin'
[2.849s] Level 1:colcon.colcon_core.environment:checking '/home/artscript/Desktop/WorkSpace/MagnentoROBO/magnentorobo_ros2/install/servo_pwm_pkg/lib/pkgconfig/servo_pwm_pkg.pc'
[2.849s] Level 1:colcon.colcon_core.environment:checking '/home/artscript/Desktop/WorkSpace/MagnentoROBO/magnentorobo_ros2/install/servo_pwm_pkg/lib/python3.8/site-packages'
[2.849s] Level 1:colcon.colcon_core.shell:create_environment_hook('servo_pwm_pkg', 'pythonpath')
[2.849s] INFO:colcon.colcon_core.shell:Creating environment hook '/home/artscript/Desktop/WorkSpace/MagnentoROBO/magnentorobo_ros2/install/servo_pwm_pkg/share/servo_pwm_pkg/hook/pythonpath.ps1'
[2.850s] INFO:colcon.colcon_core.shell:Creating environment descriptor '/home/artscript/Desktop/WorkSpace/MagnentoROBO/magnentorobo_ros2/install/servo_pwm_pkg/share/servo_pwm_pkg/hook/pythonpath.dsv'
[2.850s] INFO:colcon.colcon_core.shell:Creating environment hook '/home/artscript/Desktop/WorkSpace/MagnentoROBO/magnentorobo_ros2/install/servo_pwm_pkg/share/servo_pwm_pkg/hook/pythonpath.sh'
[2.851s] Level 1:colcon.colcon_core.environment:create_environment_scripts_only(servo_pwm_pkg)
[2.851s] INFO:colcon.colcon_core.shell:Creating package script '/home/artscript/Desktop/WorkSpace/MagnentoROBO/magnentorobo_ros2/install/servo_pwm_pkg/share/servo_pwm_pkg/package.ps1'
[2.852s] INFO:colcon.colcon_core.shell:Creating package descriptor '/home/artscript/Desktop/WorkSpace/MagnentoROBO/magnentorobo_ros2/install/servo_pwm_pkg/share/servo_pwm_pkg/package.dsv'
[2.852s] INFO:colcon.colcon_core.shell:Creating package script '/home/artscript/Desktop/WorkSpace/MagnentoROBO/magnentorobo_ros2/install/servo_pwm_pkg/share/servo_pwm_pkg/package.sh'
[2.853s] INFO:colcon.colcon_core.shell:Creating package script '/home/artscript/Desktop/WorkSpace/MagnentoROBO/magnentorobo_ros2/install/servo_pwm_pkg/share/servo_pwm_pkg/package.bash'
[2.853s] INFO:colcon.colcon_core.shell:Creating package script '/home/artscript/Desktop/WorkSpace/MagnentoROBO/magnentorobo_ros2/install/servo_pwm_pkg/share/servo_pwm_pkg/package.zsh'
[2.858s] Level 1:colcon.colcon_core.environment:create_file_with_runtime_dependencies(/home/artscript/Desktop/WorkSpace/MagnentoROBO/magnentorobo_ros2/install/servo_pwm_pkg/share/colcon-core/packages/servo_pwm_pkg)
[3.133s] Level 1:colcon.colcon_core.environment:checking '/home/artscript/Desktop/WorkSpace/MagnentoROBO/magnentorobo_ros2/install/imu_usb_pkg' for CMake module files
[3.133s] Level 1:colcon.colcon_core.environment:checking '/home/artscript/Desktop/WorkSpace/MagnentoROBO/magnentorobo_ros2/install/imu_usb_pkg' for CMake config files
[3.134s] DEBUG:colcon.colcon_core.event_handler.log_command:Invoked command in '/home/artscript/Desktop/WorkSpace/MagnentoROBO/magnentorobo_ros2/src/imu_usb_pkg' returned '0': PYTHONPATH=/home/artscript/Desktop/WorkSpace/MagnentoROBO/magnentorobo_ros2/install/imu_usb_pkg/lib/python3.8/site-packages:/home/artscript/Desktop/WorkSpace/MagnentoROBO/magnentorobo_ros2/install/artscript_interfaces/lib/python3.8/site-packages:/home/artscript/Desktop/WorkSpace/MagnentoROBO/magnentorobo_ros2/install/mcu_usb_pkg/lib/python3.8/site-packages:/opt/ros/foxy/lib/python3.8/site-packages /usr/bin/python3 setup.py egg_info --egg-base ../../build/imu_usb_pkg build --build-base /home/artscript/Desktop/WorkSpace/MagnentoROBO/magnentorobo_ros2/build/imu_usb_pkg/build install --prefix /home/artscript/Desktop/WorkSpace/MagnentoROBO/magnentorobo_ros2/install/imu_usb_pkg --record /home/artscript/Desktop/WorkSpace/MagnentoROBO/magnentorobo_ros2/build/imu_usb_pkg/install.log --single-version-externally-managed
[3.134s] Level 1:colcon.colcon_core.environment:checking '/home/artscript/Desktop/WorkSpace/MagnentoROBO/magnentorobo_ros2/install/imu_usb_pkg/lib'
[3.134s] Level 1:colcon.colcon_core.environment:checking '/home/artscript/Desktop/WorkSpace/MagnentoROBO/magnentorobo_ros2/install/imu_usb_pkg/bin'
[3.134s] Level 1:colcon.colcon_core.environment:checking '/home/artscript/Desktop/WorkSpace/MagnentoROBO/magnentorobo_ros2/install/imu_usb_pkg/lib/pkgconfig/imu_usb_pkg.pc'
[3.134s] Level 1:colcon.colcon_core.environment:checking '/home/artscript/Desktop/WorkSpace/MagnentoROBO/magnentorobo_ros2/install/imu_usb_pkg/lib/python3.8/site-packages'
[3.134s] Level 1:colcon.colcon_core.shell:create_environment_hook('imu_usb_pkg', 'pythonpath')
[3.135s] INFO:colcon.colcon_core.shell:Creating environment hook '/home/artscript/Desktop/WorkSpace/MagnentoROBO/magnentorobo_ros2/install/imu_usb_pkg/share/imu_usb_pkg/hook/pythonpath.ps1'
[3.135s] INFO:colcon.colcon_core.shell:Creating environment descriptor '/home/artscript/Desktop/WorkSpace/MagnentoROBO/magnentorobo_ros2/install/imu_usb_pkg/share/imu_usb_pkg/hook/pythonpath.dsv'
[3.136s] INFO:colcon.colcon_core.shell:Creating environment hook '/home/artscript/Desktop/WorkSpace/MagnentoROBO/magnentorobo_ros2/install/imu_usb_pkg/share/imu_usb_pkg/hook/pythonpath.sh'
[3.136s] Level 1:colcon.colcon_core.environment:create_environment_scripts_only(imu_usb_pkg)
[3.137s] INFO:colcon.colcon_core.shell:Creating package script '/home/artscript/Desktop/WorkSpace/MagnentoROBO/magnentorobo_ros2/install/imu_usb_pkg/share/imu_usb_pkg/package.ps1'
[3.137s] INFO:colcon.colcon_core.shell:Creating package descriptor '/home/artscript/Desktop/WorkSpace/MagnentoROBO/magnentorobo_ros2/install/imu_usb_pkg/share/imu_usb_pkg/package.dsv'
[3.138s] INFO:colcon.colcon_core.shell:Creating package script '/home/artscript/Desktop/WorkSpace/MagnentoROBO/magnentorobo_ros2/install/imu_usb_pkg/share/imu_usb_pkg/package.sh'
[3.138s] INFO:colcon.colcon_core.shell:Creating package script '/home/artscript/Desktop/WorkSpace/MagnentoROBO/magnentorobo_ros2/install/imu_usb_pkg/share/imu_usb_pkg/package.bash'
[3.139s] INFO:colcon.colcon_core.shell:Creating package script '/home/artscript/Desktop/WorkSpace/MagnentoROBO/magnentorobo_ros2/install/imu_usb_pkg/share/imu_usb_pkg/package.zsh'
[3.139s] Level 1:colcon.colcon_core.environment:create_file_with_runtime_dependencies(/home/artscript/Desktop/WorkSpace/MagnentoROBO/magnentorobo_ros2/install/imu_usb_pkg/share/colcon-core/packages/imu_usb_pkg)
[3.140s] DEBUG:colcon.colcon_parallel_executor.executor.parallel:closing loop
[3.141s] DEBUG:colcon.colcon_parallel_executor.executor.parallel:loop closed
[3.141s] DEBUG:colcon.colcon_parallel_executor.executor.parallel:run_until_complete finished with '0'
[3.141s] DEBUG:colcon.colcon_core.event_reactor:joining thread
[3.146s] INFO:colcon.colcon_core.plugin_system:Skipping extension 'colcon_notification.desktop_notification.terminal_notifier': Not used on non-Darwin systems
[3.146s] INFO:colcon.colcon_core.plugin_system:Skipping extension 'colcon_notification.desktop_notification.win32': Not used on non-Windows systems
[3.146s] INFO:colcon.colcon_notification.desktop_notification:Sending desktop notification using 'notify2'
[3.163s] DEBUG:colcon.colcon_core.event_reactor:joined thread
[3.164s] INFO:colcon.colcon_core.shell:Creating prefix script '/home/artscript/Desktop/WorkSpace/MagnentoROBO/magnentorobo_ros2/install/local_setup.ps1'
[3.164s] INFO:colcon.colcon_core.shell:Creating prefix util module '/home/artscript/Desktop/WorkSpace/MagnentoROBO/magnentorobo_ros2/install/_local_setup_util_ps1.py'
[3.167s] INFO:colcon.colcon_core.shell:Creating prefix chain script '/home/artscript/Desktop/WorkSpace/MagnentoROBO/magnentorobo_ros2/install/setup.ps1'
[3.170s] INFO:colcon.colcon_core.shell:Creating prefix script '/home/artscript/Desktop/WorkSpace/MagnentoROBO/magnentorobo_ros2/install/local_setup.sh'
[3.171s] INFO:colcon.colcon_core.shell:Creating prefix util module '/home/artscript/Desktop/WorkSpace/MagnentoROBO/magnentorobo_ros2/install/_local_setup_util_sh.py'
[3.171s] INFO:colcon.colcon_core.shell:Creating prefix chain script '/home/artscript/Desktop/WorkSpace/MagnentoROBO/magnentorobo_ros2/install/setup.sh'
[3.173s] INFO:colcon.colcon_core.shell:Creating prefix script '/home/artscript/Desktop/WorkSpace/MagnentoROBO/magnentorobo_ros2/install/local_setup.bash'
[3.173s] INFO:colcon.colcon_core.shell:Creating prefix chain script '/home/artscript/Desktop/WorkSpace/MagnentoROBO/magnentorobo_ros2/install/setup.bash'
[3.175s] INFO:colcon.colcon_core.shell:Creating prefix script '/home/artscript/Desktop/WorkSpace/MagnentoROBO/magnentorobo_ros2/install/local_setup.zsh'
[3.176s] INFO:colcon.colcon_core.shell:Creating prefix chain script '/home/artscript/Desktop/WorkSpace/MagnentoROBO/magnentorobo_ros2/install/setup.zsh'
