[0.058s] Invoking command in '/home/artscript/Desktop/WorkSpace/MagnentoROBO/magnentorobo_ros2/build/artscript_interfaces': CMAKE_PREFIX_PATH=${CMAKE_PREFIX_PATH}:/home/artscript/Desktop/WorkSpace/MagnentoROBO/magnentorobo_ros2/install/mcu_usb_pkg:/opt/ros/foxy /usr/bin/cmake /home/artscript/Desktop/WorkSpace/MagnentoROBO/magnentorobo_ros2/src/artscript_interfaces -DCMAKE_INSTALL_PREFIX=/home/artscript/Desktop/WorkSpace/MagnentoROBO/magnentorobo_ros2/install/artscript_interfaces
[0.103s] -- Found ament_cmake: 0.9.9 (/opt/ros/foxy/share/ament_cmake/cmake)
[0.145s] -- Found PythonInterp: /usr/bin/python3 (found suitable version "3.8.10", minimum required is "3") 
[0.145s] -- Using PYTHON_EXECUTABLE: /usr/bin/python3
[0.412s] -- Found rosidl_default_generators: 1.0.1 (/opt/ros/foxy/share/rosidl_default_generators/cmake)
[0.418s] -- Using all available rosidl_typesupport_c: rosidl_typesupport_fastrtps_c;rosidl_typesupport_introspection_c
[0.425s] -- Found rosidl_adapter: 1.2.1 (/opt/ros/foxy/share/rosidl_adapter/cmake)
[0.591s] -- Using all available rosidl_typesupport_cpp: rosidl_typesupport_fastrtps_cpp;rosidl_typesupport_introspection_cpp
[0.638s] -- Found PythonInterp: /usr/bin/python3 (found version "3.8.10") 
[0.813s] CMake Error at /opt/ros/foxy/share/rosidl_adapter/cmake/rosidl_adapt_interfaces.cmake:60 (message):
[0.813s]   execute_process(/usr/bin/python3 -m rosidl_adapter --package-name
[0.813s]   artscript_interfaces --arguments-file
[0.813s]   /home/artscript/Desktop/WorkSpace/MagnentoROBO/magnentorobo_ros2/build/artscript_interfaces/rosidl_adapter__arguments__artscript_interfaces.json
[0.813s]   --output-dir
[0.813s]   /home/artscript/Desktop/WorkSpace/MagnentoROBO/magnentorobo_ros2/build/artscript_interfaces/rosidl_adapter/artscript_interfaces
[0.813s]   --output-file
[0.814s]   /home/artscript/Desktop/WorkSpace/MagnentoROBO/magnentorobo_ros2/build/artscript_interfaces/rosidl_adapter/artscript_interfaces.idls)
[0.814s]   returned error code 1:
[0.814s] 
[0.814s]   Error processing 'string[] Command_list' of
[0.814s]   'artscript_interfaces/Servo_pwm_group_Request': ''Command_list' is an
[0.814s]   invalid field name.  It should have the pattern
[0.815s]   '^(?!.*__)(?!.*_$)[a-z][a-z0-9_]*$''
[0.815s] 
[0.815s]   Traceback (most recent call last):
[0.815s] 
[0.815s]     File "/usr/lib/python3.8/runpy.py", line 194, in _run_module_as_main
[0.815s]       return _run_code(code, main_globals, None,
[0.815s]     File "/usr/lib/python3.8/runpy.py", line 87, in _run_code
[0.816s]       exec(code, run_globals)
[0.816s]     File "/opt/ros/foxy/lib/python3.8/site-packages/rosidl_adapter/__main__.py", line 19, in <module>
[0.816s]       sys.exit(main())
[0.816s]     File "/opt/ros/foxy/lib/python3.8/site-packages/rosidl_adapter/main.py", line 53, in main
[0.816s]       abs_idl_file = convert_to_idl(
[0.816s]     File "/opt/ros/foxy/lib/python3.8/site-packages/rosidl_adapter/__init__.py", line 24, in convert_to_idl
[0.816s]       return convert_srv_to_idl(
[0.817s]     File "/opt/ros/foxy/lib/python3.8/site-packages/rosidl_adapter/srv/__init__.py", line 28, in convert_srv_to_idl
[0.817s]       srv = parse_service_string(package_name, input_file.stem, content)
[0.817s]     File "/opt/ros/foxy/lib/python3.8/site-packages/rosidl_adapter/parser.py", line 852, in parse_service_string
[0.817s]       request_message = parse_message_string(
[0.818s]     File "/opt/ros/foxy/lib/python3.8/site-packages/rosidl_adapter/parser.py", line 515, in parse_message_string
[0.821s]       fields.append(Field(
[0.822s]     File "/opt/ros/foxy/lib/python3.8/site-packages/rosidl_adapter/parser.py", line 353, in __init__
[0.822s]       raise NameError(
[0.822s] 
[0.822s]   NameError: 'Command_list' is an invalid field name.  It should have the
[0.822s]   pattern '^(?!.*__)(?!.*_$)[a-z][a-z0-9_]*$'
[0.822s] 
[0.823s] Call Stack (most recent call first):
[0.823s]   /opt/ros/foxy/share/rosidl_cmake/cmake/rosidl_generate_interfaces.cmake:130 (rosidl_adapt_interfaces)
[0.823s]   CMakeLists.txt:25 (rosidl_generate_interfaces)
[0.823s] 
[0.823s] 
[0.824s] -- Configuring incomplete, errors occurred!
[0.824s] See also "/home/artscript/Desktop/WorkSpace/MagnentoROBO/magnentorobo_ros2/build/artscript_interfaces/CMakeFiles/CMakeOutput.log".
[0.825s] Invoked command in '/home/artscript/Desktop/WorkSpace/MagnentoROBO/magnentorobo_ros2/build/artscript_interfaces' returned '1': CMAKE_PREFIX_PATH=${CMAKE_PREFIX_PATH}:/home/artscript/Desktop/WorkSpace/MagnentoROBO/magnentorobo_ros2/install/mcu_usb_pkg:/opt/ros/foxy /usr/bin/cmake /home/artscript/Desktop/WorkSpace/MagnentoROBO/magnentorobo_ros2/src/artscript_interfaces -DCMAKE_INSTALL_PREFIX=/home/artscript/Desktop/WorkSpace/MagnentoROBO/magnentorobo_ros2/install/artscript_interfaces
