[0.655s] Invoking command in '/home/artscript/Desktop/WorkSpace/MagnentoROBO/magnentorobo_ros2/src/servo_pwm_pkg': PYTHONPATH=/home/artscript/Desktop/WorkSpace/MagnentoROBO/magnentorobo_ros2/install/servo_pwm_pkg/lib/python3.8/site-packages:${PYTHONPATH} /usr/bin/python3 setup.py egg_info --egg-base ../../build/servo_pwm_pkg build --build-base /home/artscript/Desktop/WorkSpace/MagnentoROBO/magnentorobo_ros2/build/servo_pwm_pkg/build install --prefix /home/artscript/Desktop/WorkSpace/MagnentoROBO/magnentorobo_ros2/install/servo_pwm_pkg --record /home/artscript/Desktop/WorkSpace/MagnentoROBO/magnentorobo_ros2/build/servo_pwm_pkg/install.log --single-version-externally-managed
[1.128s] running egg_info
[1.129s] writing ../../build/servo_pwm_pkg/servo_pwm_pkg.egg-info/PKG-INFO
[1.130s] writing dependency_links to ../../build/servo_pwm_pkg/servo_pwm_pkg.egg-info/dependency_links.txt
[1.130s] writing entry points to ../../build/servo_pwm_pkg/servo_pwm_pkg.egg-info/entry_points.txt
[1.130s] writing requirements to ../../build/servo_pwm_pkg/servo_pwm_pkg.egg-info/requires.txt
[1.130s] writing top-level names to ../../build/servo_pwm_pkg/servo_pwm_pkg.egg-info/top_level.txt
[1.170s] reading manifest file '../../build/servo_pwm_pkg/servo_pwm_pkg.egg-info/SOURCES.txt'
[1.170s] writing manifest file '../../build/servo_pwm_pkg/servo_pwm_pkg.egg-info/SOURCES.txt'
[1.171s] running build
[1.171s] running build_py
[1.171s] running install
[1.171s] running install_lib
[1.172s] running install_data
[1.173s] running install_egg_info
[1.174s] removing '/home/artscript/Desktop/WorkSpace/MagnentoROBO/magnentorobo_ros2/install/servo_pwm_pkg/lib/python3.8/site-packages/servo_pwm_pkg-0.0.0-py3.8.egg-info' (and everything under it)
[1.175s] Copying ../../build/servo_pwm_pkg/servo_pwm_pkg.egg-info to /home/artscript/Desktop/WorkSpace/MagnentoROBO/magnentorobo_ros2/install/servo_pwm_pkg/lib/python3.8/site-packages/servo_pwm_pkg-0.0.0-py3.8.egg-info
[1.175s] running install_scripts
[1.193s] writing list of installed files to '/home/artscript/Desktop/WorkSpace/MagnentoROBO/magnentorobo_ros2/build/servo_pwm_pkg/install.log'
[1.213s] Invoked command in '/home/artscript/Desktop/WorkSpace/MagnentoROBO/magnentorobo_ros2/src/servo_pwm_pkg' returned '0': PYTHONPATH=/home/artscript/Desktop/WorkSpace/MagnentoROBO/magnentorobo_ros2/install/servo_pwm_pkg/lib/python3.8/site-packages:${PYTHONPATH} /usr/bin/python3 setup.py egg_info --egg-base ../../build/servo_pwm_pkg build --build-base /home/artscript/Desktop/WorkSpace/MagnentoROBO/magnentorobo_ros2/build/servo_pwm_pkg/build install --prefix /home/artscript/Desktop/WorkSpace/MagnentoROBO/magnentorobo_ros2/install/servo_pwm_pkg --record /home/artscript/Desktop/WorkSpace/MagnentoROBO/magnentorobo_ros2/build/servo_pwm_pkg/install.log --single-version-externally-managed
