[0.048s] Invoking command in '/home/artscript/Desktop/WorkSpace/MagnentoROBO/magnentorobo_ros2/build/artscript_interfaces': CMAKE_PREFIX_PATH=${CMAKE_PREFIX_PATH}:/home/artscript/Desktop/WorkSpace/MagnentoROBO/magnentorobo_ros2/install/mcu_usb_pkg:/opt/ros/foxy /usr/bin/cmake --build /home/artscript/Desktop/WorkSpace/MagnentoROBO/magnentorobo_ros2/build/artscript_interfaces -- -j4 -l4
[0.461s] [  2%] Built target artscript_interfaces__cpp
[0.461s] [ 12%] Built target artscript_interfaces__rosidl_generator_c
[0.461s] [ 23%] Built target artscript_interfaces__rosidl_typesupport_introspection_cpp
[0.461s] [ 33%] Built target artscript_interfaces__rosidl_typesupport_fastrtps_cpp
[0.461s] [ 43%] Built target artscript_interfaces__rosidl_typesupport_cpp
[0.461s] [ 53%] Built target artscript_interfaces__rosidl_typesupport_c
[0.461s] [ 64%] Built target artscript_interfaces__rosidl_typesupport_introspection_c
[0.461s] [ 74%] Built target artscript_interfaces__rosidl_typesupport_fastrtps_c
[0.461s] [ 74%] Built target artscript_interfaces
[0.461s] [ 76%] Built target artscript_interfaces__py
[0.461s] [ 84%] Built target artscript_interfaces__python
[0.462s] [ 89%] Built target artscript_interfaces__rosidl_typesupport_introspection_c__pyext
[0.462s] [ 94%] Built target artscript_interfaces__rosidl_typesupport_fastrtps_c__pyext
[0.462s] [100%] Built target artscript_interfaces__rosidl_typesupport_c__pyext
[0.657s] Invoked command in '/home/artscript/Desktop/WorkSpace/MagnentoROBO/magnentorobo_ros2/build/artscript_interfaces' returned '0': CMAKE_PREFIX_PATH=${CMAKE_PREFIX_PATH}:/home/artscript/Desktop/WorkSpace/MagnentoROBO/magnentorobo_ros2/install/mcu_usb_pkg:/opt/ros/foxy /usr/bin/cmake --build /home/artscript/Desktop/WorkSpace/MagnentoROBO/magnentorobo_ros2/build/artscript_interfaces -- -j4 -l4
[0.766s] Invoking command in '/home/artscript/Desktop/WorkSpace/MagnentoROBO/magnentorobo_ros2/build/artscript_interfaces': CMAKE_PREFIX_PATH=${CMAKE_PREFIX_PATH}:/home/artscript/Desktop/WorkSpace/MagnentoROBO/magnentorobo_ros2/install/mcu_usb_pkg:/opt/ros/foxy /usr/bin/cmake --install /home/artscript/Desktop/WorkSpace/MagnentoROBO/magnentorobo_ros2/build/artscript_interfaces
[0.791s] -- Install configuration: ""
[0.791s] -- Up-to-date: /home/artscript/Desktop/WorkSpace/MagnentoROBO/magnentorobo_ros2/install/artscript_interfaces/share/ament_index/resource_index/rosidl_interfaces/artscript_interfaces
[0.791s] -- Up-to-date: /home/artscript/Desktop/WorkSpace/MagnentoROBO/magnentorobo_ros2/install/artscript_interfaces/include/artscript_interfaces
[0.792s] -- Up-to-date: /home/artscript/Desktop/WorkSpace/MagnentoROBO/magnentorobo_ros2/install/artscript_interfaces/include/artscript_interfaces/msg
[0.792s] -- Up-to-date: /home/artscript/Desktop/WorkSpace/MagnentoROBO/magnentorobo_ros2/install/artscript_interfaces/include/artscript_interfaces/msg/imu.h
[0.792s] -- Up-to-date: /home/artscript/Desktop/WorkSpace/MagnentoROBO/magnentorobo_ros2/install/artscript_interfaces/include/artscript_interfaces/msg/infrared_strain.h
[0.792s] -- Up-to-date: /home/artscript/Desktop/WorkSpace/MagnentoROBO/magnentorobo_ros2/install/artscript_interfaces/include/artscript_interfaces/msg/detail
[0.792s] -- Up-to-date: /home/artscript/Desktop/WorkSpace/MagnentoROBO/magnentorobo_ros2/install/artscript_interfaces/include/artscript_interfaces/msg/detail/infraredstrain__functions.c
[0.792s] -- Up-to-date: /home/artscript/Desktop/WorkSpace/MagnentoROBO/magnentorobo_ros2/install/artscript_interfaces/include/artscript_interfaces/msg/detail/infraredstrain__struct.h
[0.793s] -- Up-to-date: /home/artscript/Desktop/WorkSpace/MagnentoROBO/magnentorobo_ros2/install/artscript_interfaces/include/artscript_interfaces/msg/detail/infrared_strain__functions.h
[0.793s] -- Up-to-date: /home/artscript/Desktop/WorkSpace/MagnentoROBO/magnentorobo_ros2/install/artscript_interfaces/include/artscript_interfaces/msg/detail/infraredstrain__functions.h
[0.793s] -- Up-to-date: /home/artscript/Desktop/WorkSpace/MagnentoROBO/magnentorobo_ros2/install/artscript_interfaces/include/artscript_interfaces/msg/detail/infrared_strain__type_support.h
[0.793s] -- Up-to-date: /home/artscript/Desktop/WorkSpace/MagnentoROBO/magnentorobo_ros2/install/artscript_interfaces/include/artscript_interfaces/msg/detail/imu__functions.h
[0.793s] -- Up-to-date: /home/artscript/Desktop/WorkSpace/MagnentoROBO/magnentorobo_ros2/install/artscript_interfaces/include/artscript_interfaces/msg/detail/imu__type_support.h
[0.793s] -- Up-to-date: /home/artscript/Desktop/WorkSpace/MagnentoROBO/magnentorobo_ros2/install/artscript_interfaces/include/artscript_interfaces/msg/detail/imu__functions.c
[0.793s] -- Up-to-date: /home/artscript/Desktop/WorkSpace/MagnentoROBO/magnentorobo_ros2/install/artscript_interfaces/include/artscript_interfaces/msg/detail/infraredstrain__type_support.h
[0.794s] -- Up-to-date: /home/artscript/Desktop/WorkSpace/MagnentoROBO/magnentorobo_ros2/install/artscript_interfaces/include/artscript_interfaces/msg/detail/infrared_strain__functions.c
[0.794s] -- Up-to-date: /home/artscript/Desktop/WorkSpace/MagnentoROBO/magnentorobo_ros2/install/artscript_interfaces/include/artscript_interfaces/msg/detail/imu__struct.h
[0.794s] -- Up-to-date: /home/artscript/Desktop/WorkSpace/MagnentoROBO/magnentorobo_ros2/install/artscript_interfaces/include/artscript_interfaces/msg/detail/infrared_strain__struct.h
[0.794s] -- Up-to-date: /home/artscript/Desktop/WorkSpace/MagnentoROBO/magnentorobo_ros2/install/artscript_interfaces/include/artscript_interfaces/msg/infraredstrain.h
[0.794s] -- Up-to-date: /home/artscript/Desktop/WorkSpace/MagnentoROBO/magnentorobo_ros2/install/artscript_interfaces/include/artscript_interfaces/msg/rosidl_generator_c__visibility_control.h
[0.794s] -- Up-to-date: /home/artscript/Desktop/WorkSpace/MagnentoROBO/magnentorobo_ros2/install/artscript_interfaces/share/artscript_interfaces/environment/library_path.sh
[0.795s] -- Up-to-date: /home/artscript/Desktop/WorkSpace/MagnentoROBO/magnentorobo_ros2/install/artscript_interfaces/share/artscript_interfaces/environment/library_path.dsv
[0.795s] -- Up-to-date: /home/artscript/Desktop/WorkSpace/MagnentoROBO/magnentorobo_ros2/install/artscript_interfaces/lib/libartscript_interfaces__rosidl_generator_c.so
[0.795s] -- Up-to-date: /home/artscript/Desktop/WorkSpace/MagnentoROBO/magnentorobo_ros2/install/artscript_interfaces/include/artscript_interfaces
[0.795s] -- Up-to-date: /home/artscript/Desktop/WorkSpace/MagnentoROBO/magnentorobo_ros2/install/artscript_interfaces/include/artscript_interfaces/msg
[0.795s] -- Up-to-date: /home/artscript/Desktop/WorkSpace/MagnentoROBO/magnentorobo_ros2/install/artscript_interfaces/include/artscript_interfaces/msg/rosidl_typesupport_fastrtps_c__visibility_control.h
[0.795s] -- Up-to-date: /home/artscript/Desktop/WorkSpace/MagnentoROBO/magnentorobo_ros2/install/artscript_interfaces/include/artscript_interfaces/msg/detail
[0.796s] -- Up-to-date: /home/artscript/Desktop/WorkSpace/MagnentoROBO/magnentorobo_ros2/install/artscript_interfaces/include/artscript_interfaces/msg/detail/imu__rosidl_typesupport_fastrtps_c.h
[0.796s] -- Up-to-date: /home/artscript/Desktop/WorkSpace/MagnentoROBO/magnentorobo_ros2/install/artscript_interfaces/include/artscript_interfaces/msg/detail/infrared_strain__rosidl_typesupport_fastrtps_c.h
[0.796s] -- Up-to-date: /home/artscript/Desktop/WorkSpace/MagnentoROBO/magnentorobo_ros2/install/artscript_interfaces/include/artscript_interfaces/msg/detail/infraredstrain__rosidl_typesupport_fastrtps_c.h
[0.796s] -- Up-to-date: /home/artscript/Desktop/WorkSpace/MagnentoROBO/magnentorobo_ros2/install/artscript_interfaces/lib/libartscript_interfaces__rosidl_typesupport_fastrtps_c.so
[0.796s] -- Up-to-date: /home/artscript/Desktop/WorkSpace/MagnentoROBO/magnentorobo_ros2/install/artscript_interfaces/include/artscript_interfaces
[0.796s] -- Up-to-date: /home/artscript/Desktop/WorkSpace/MagnentoROBO/magnentorobo_ros2/install/artscript_interfaces/include/artscript_interfaces/msg
[0.797s] -- Up-to-date: /home/artscript/Desktop/WorkSpace/MagnentoROBO/magnentorobo_ros2/install/artscript_interfaces/include/artscript_interfaces/msg/rosidl_typesupport_fastrtps_cpp__visibility_control.h
[0.797s] -- Up-to-date: /home/artscript/Desktop/WorkSpace/MagnentoROBO/magnentorobo_ros2/install/artscript_interfaces/include/artscript_interfaces/msg/detail
[0.797s] -- Up-to-date: /home/artscript/Desktop/WorkSpace/MagnentoROBO/magnentorobo_ros2/install/artscript_interfaces/include/artscript_interfaces/msg/detail/infraredstrain__rosidl_typesupport_fastrtps_cpp.hpp
[0.797s] -- Up-to-date: /home/artscript/Desktop/WorkSpace/MagnentoROBO/magnentorobo_ros2/install/artscript_interfaces/include/artscript_interfaces/msg/detail/infrared_strain__rosidl_typesupport_fastrtps_cpp.hpp
[0.797s] -- Up-to-date: /home/artscript/Desktop/WorkSpace/MagnentoROBO/magnentorobo_ros2/install/artscript_interfaces/include/artscript_interfaces/msg/detail/dds_fastrtps
[0.797s] -- Up-to-date: /home/artscript/Desktop/WorkSpace/MagnentoROBO/magnentorobo_ros2/install/artscript_interfaces/include/artscript_interfaces/msg/detail/imu__rosidl_typesupport_fastrtps_cpp.hpp
[0.797s] -- Up-to-date: /home/artscript/Desktop/WorkSpace/MagnentoROBO/magnentorobo_ros2/install/artscript_interfaces/lib/libartscript_interfaces__rosidl_typesupport_fastrtps_cpp.so
[0.797s] -- Up-to-date: /home/artscript/Desktop/WorkSpace/MagnentoROBO/magnentorobo_ros2/install/artscript_interfaces/include/artscript_interfaces
[0.797s] -- Up-to-date: /home/artscript/Desktop/WorkSpace/MagnentoROBO/magnentorobo_ros2/install/artscript_interfaces/include/artscript_interfaces/msg
[0.797s] -- Up-to-date: /home/artscript/Desktop/WorkSpace/MagnentoROBO/magnentorobo_ros2/install/artscript_interfaces/include/artscript_interfaces/msg/rosidl_typesupport_introspection_c__visibility_control.h
[0.798s] -- Up-to-date: /home/artscript/Desktop/WorkSpace/MagnentoROBO/magnentorobo_ros2/install/artscript_interfaces/include/artscript_interfaces/msg/detail
[0.798s] -- Up-to-date: /home/artscript/Desktop/WorkSpace/MagnentoROBO/magnentorobo_ros2/install/artscript_interfaces/include/artscript_interfaces/msg/detail/imu__type_support.c
[0.798s] -- Up-to-date: /home/artscript/Desktop/WorkSpace/MagnentoROBO/magnentorobo_ros2/install/artscript_interfaces/include/artscript_interfaces/msg/detail/imu__rosidl_typesupport_introspection_c.h
[0.798s] -- Up-to-date: /home/artscript/Desktop/WorkSpace/MagnentoROBO/magnentorobo_ros2/install/artscript_interfaces/include/artscript_interfaces/msg/detail/infrared_strain__rosidl_typesupport_introspection_c.h
[0.798s] -- Up-to-date: /home/artscript/Desktop/WorkSpace/MagnentoROBO/magnentorobo_ros2/install/artscript_interfaces/include/artscript_interfaces/msg/detail/infraredstrain__rosidl_typesupport_introspection_c.h
[0.798s] -- Up-to-date: /home/artscript/Desktop/WorkSpace/MagnentoROBO/magnentorobo_ros2/install/artscript_interfaces/include/artscript_interfaces/msg/detail/infraredstrain__type_support.c
[0.799s] -- Up-to-date: /home/artscript/Desktop/WorkSpace/MagnentoROBO/magnentorobo_ros2/install/artscript_interfaces/include/artscript_interfaces/msg/detail/infrared_strain__type_support.c
[0.799s] -- Up-to-date: /home/artscript/Desktop/WorkSpace/MagnentoROBO/magnentorobo_ros2/install/artscript_interfaces/lib/libartscript_interfaces__rosidl_typesupport_introspection_c.so
[0.799s] -- Up-to-date: /home/artscript/Desktop/WorkSpace/MagnentoROBO/magnentorobo_ros2/install/artscript_interfaces/lib/libartscript_interfaces__rosidl_typesupport_c.so
[0.799s] -- Up-to-date: /home/artscript/Desktop/WorkSpace/MagnentoROBO/magnentorobo_ros2/install/artscript_interfaces/include/artscript_interfaces
[0.799s] -- Up-to-date: /home/artscript/Desktop/WorkSpace/MagnentoROBO/magnentorobo_ros2/install/artscript_interfaces/include/artscript_interfaces/msg
[0.799s] -- Up-to-date: /home/artscript/Desktop/WorkSpace/MagnentoROBO/magnentorobo_ros2/install/artscript_interfaces/include/artscript_interfaces/msg/infraredstrain.hpp
[0.799s] -- Up-to-date: /home/artscript/Desktop/WorkSpace/MagnentoROBO/magnentorobo_ros2/install/artscript_interfaces/include/artscript_interfaces/msg/detail
[0.799s] -- Up-to-date: /home/artscript/Desktop/WorkSpace/MagnentoROBO/magnentorobo_ros2/install/artscript_interfaces/include/artscript_interfaces/msg/detail/infrared_strain__traits.hpp
[0.799s] -- Up-to-date: /home/artscript/Desktop/WorkSpace/MagnentoROBO/magnentorobo_ros2/install/artscript_interfaces/include/artscript_interfaces/msg/detail/infraredstrain__traits.hpp
[0.800s] -- Up-to-date: /home/artscript/Desktop/WorkSpace/MagnentoROBO/magnentorobo_ros2/install/artscript_interfaces/include/artscript_interfaces/msg/detail/infrared_strain__builder.hpp
[0.800s] -- Up-to-date: /home/artscript/Desktop/WorkSpace/MagnentoROBO/magnentorobo_ros2/install/artscript_interfaces/include/artscript_interfaces/msg/detail/imu__struct.hpp
[0.800s] -- Up-to-date: /home/artscript/Desktop/WorkSpace/MagnentoROBO/magnentorobo_ros2/install/artscript_interfaces/include/artscript_interfaces/msg/detail/infrared_strain__struct.hpp
[0.800s] -- Up-to-date: /home/artscript/Desktop/WorkSpace/MagnentoROBO/magnentorobo_ros2/install/artscript_interfaces/include/artscript_interfaces/msg/detail/imu__builder.hpp
[0.800s] -- Up-to-date: /home/artscript/Desktop/WorkSpace/MagnentoROBO/magnentorobo_ros2/install/artscript_interfaces/include/artscript_interfaces/msg/detail/infraredstrain__builder.hpp
[0.800s] -- Up-to-date: /home/artscript/Desktop/WorkSpace/MagnentoROBO/magnentorobo_ros2/install/artscript_interfaces/include/artscript_interfaces/msg/detail/imu__traits.hpp
[0.800s] -- Up-to-date: /home/artscript/Desktop/WorkSpace/MagnentoROBO/magnentorobo_ros2/install/artscript_interfaces/include/artscript_interfaces/msg/detail/infraredstrain__struct.hpp
[0.800s] -- Up-to-date: /home/artscript/Desktop/WorkSpace/MagnentoROBO/magnentorobo_ros2/install/artscript_interfaces/include/artscript_interfaces/msg/imu.hpp
[0.801s] -- Up-to-date: /home/artscript/Desktop/WorkSpace/MagnentoROBO/magnentorobo_ros2/install/artscript_interfaces/include/artscript_interfaces/msg/infrared_strain.hpp
[0.801s] -- Up-to-date: /home/artscript/Desktop/WorkSpace/MagnentoROBO/magnentorobo_ros2/install/artscript_interfaces/include/artscript_interfaces
[0.801s] -- Up-to-date: /home/artscript/Desktop/WorkSpace/MagnentoROBO/magnentorobo_ros2/install/artscript_interfaces/include/artscript_interfaces/msg
[0.801s] -- Up-to-date: /home/artscript/Desktop/WorkSpace/MagnentoROBO/magnentorobo_ros2/install/artscript_interfaces/include/artscript_interfaces/msg/detail
[0.801s] -- Up-to-date: /home/artscript/Desktop/WorkSpace/MagnentoROBO/magnentorobo_ros2/install/artscript_interfaces/include/artscript_interfaces/msg/detail/infraredstrain__type_support.cpp
[0.801s] -- Up-to-date: /home/artscript/Desktop/WorkSpace/MagnentoROBO/magnentorobo_ros2/install/artscript_interfaces/include/artscript_interfaces/msg/detail/imu__type_support.cpp
[0.801s] -- Up-to-date: /home/artscript/Desktop/WorkSpace/MagnentoROBO/magnentorobo_ros2/install/artscript_interfaces/include/artscript_interfaces/msg/detail/infraredstrain__rosidl_typesupport_introspection_cpp.hpp
[0.801s] -- Up-to-date: /home/artscript/Desktop/WorkSpace/MagnentoROBO/magnentorobo_ros2/install/artscript_interfaces/include/artscript_interfaces/msg/detail/infrared_strain__type_support.cpp
[0.801s] -- Up-to-date: /home/artscript/Desktop/WorkSpace/MagnentoROBO/magnentorobo_ros2/install/artscript_interfaces/include/artscript_interfaces/msg/detail/infrared_strain__rosidl_typesupport_introspection_cpp.hpp
[0.801s] -- Up-to-date: /home/artscript/Desktop/WorkSpace/MagnentoROBO/magnentorobo_ros2/install/artscript_interfaces/include/artscript_interfaces/msg/detail/imu__rosidl_typesupport_introspection_cpp.hpp
[0.801s] -- Up-to-date: /home/artscript/Desktop/WorkSpace/MagnentoROBO/magnentorobo_ros2/install/artscript_interfaces/lib/libartscript_interfaces__rosidl_typesupport_introspection_cpp.so
[0.802s] -- Up-to-date: /home/artscript/Desktop/WorkSpace/MagnentoROBO/magnentorobo_ros2/install/artscript_interfaces/lib/libartscript_interfaces__rosidl_typesupport_cpp.so
[0.802s] -- Up-to-date: /home/artscript/Desktop/WorkSpace/MagnentoROBO/magnentorobo_ros2/install/artscript_interfaces/share/artscript_interfaces/environment/pythonpath.sh
[0.802s] -- Up-to-date: /home/artscript/Desktop/WorkSpace/MagnentoROBO/magnentorobo_ros2/install/artscript_interfaces/share/artscript_interfaces/environment/pythonpath.dsv
[0.802s] -- Up-to-date: /home/artscript/Desktop/WorkSpace/MagnentoROBO/magnentorobo_ros2/install/artscript_interfaces/lib/python3.8/site-packages/artscript_interfaces/__init__.py
[0.827s] -- Up-to-date: /home/artscript/Desktop/WorkSpace/MagnentoROBO/magnentorobo_ros2/install/artscript_interfaces/lib/python3.8/site-packages/artscript_interfaces/msg
[0.827s] -- Up-to-date: /home/artscript/Desktop/WorkSpace/MagnentoROBO/magnentorobo_ros2/install/artscript_interfaces/lib/python3.8/site-packages/artscript_interfaces/msg/__init__.py
[0.827s] -- Up-to-date: /home/artscript/Desktop/WorkSpace/MagnentoROBO/magnentorobo_ros2/install/artscript_interfaces/lib/python3.8/site-packages/artscript_interfaces/msg/_infraredstrain.py
[0.827s] -- Up-to-date: /home/artscript/Desktop/WorkSpace/MagnentoROBO/magnentorobo_ros2/install/artscript_interfaces/lib/python3.8/site-packages/artscript_interfaces/msg/_infrared_strain_s.c
[0.827s] -- Up-to-date: /home/artscript/Desktop/WorkSpace/MagnentoROBO/magnentorobo_ros2/install/artscript_interfaces/lib/python3.8/site-packages/artscript_interfaces/msg/_infraredstrain_s.c
[0.828s] -- Up-to-date: /home/artscript/Desktop/WorkSpace/MagnentoROBO/magnentorobo_ros2/install/artscript_interfaces/lib/python3.8/site-packages/artscript_interfaces/msg/_infrared_strain.py
[0.828s] -- Up-to-date: /home/artscript/Desktop/WorkSpace/MagnentoROBO/magnentorobo_ros2/install/artscript_interfaces/lib/python3.8/site-packages/artscript_interfaces/msg/_imu_s.c
[0.828s] -- Up-to-date: /home/artscript/Desktop/WorkSpace/MagnentoROBO/magnentorobo_ros2/install/artscript_interfaces/lib/python3.8/site-packages/artscript_interfaces/msg/_imu.py
[0.828s] -- Up-to-date: /home/artscript/Desktop/WorkSpace/MagnentoROBO/magnentorobo_ros2/install/artscript_interfaces/lib/python3.8/site-packages/artscript_interfaces/artscript_interfaces_s__rosidl_typesupport_fastrtps_c.cpython-38-x86_64-linux-gnu.so
[0.828s] -- Up-to-date: /home/artscript/Desktop/WorkSpace/MagnentoROBO/magnentorobo_ros2/install/artscript_interfaces/lib/python3.8/site-packages/artscript_interfaces/artscript_interfaces_s__rosidl_typesupport_introspection_c.cpython-38-x86_64-linux-gnu.so
[0.829s] -- Up-to-date: /home/artscript/Desktop/WorkSpace/MagnentoROBO/magnentorobo_ros2/install/artscript_interfaces/lib/python3.8/site-packages/artscript_interfaces/artscript_interfaces_s__rosidl_typesupport_c.cpython-38-x86_64-linux-gnu.so
[0.830s] -- Up-to-date: /home/artscript/Desktop/WorkSpace/MagnentoROBO/magnentorobo_ros2/install/artscript_interfaces/lib/libartscript_interfaces__python.so
[0.830s] -- Up-to-date: /home/artscript/Desktop/WorkSpace/MagnentoROBO/magnentorobo_ros2/install/artscript_interfaces/share/artscript_interfaces/msg/Imu.idl
[0.830s] -- Up-to-date: /home/artscript/Desktop/WorkSpace/MagnentoROBO/magnentorobo_ros2/install/artscript_interfaces/share/artscript_interfaces/msg/Infraredstrain.idl
[0.830s] -- Up-to-date: /home/artscript/Desktop/WorkSpace/MagnentoROBO/magnentorobo_ros2/install/artscript_interfaces/share/artscript_interfaces/msg/Imu.msg
[0.831s] -- Up-to-date: /home/artscript/Desktop/WorkSpace/MagnentoROBO/magnentorobo_ros2/install/artscript_interfaces/share/artscript_interfaces/msg/Infraredstrain.msg
[0.831s] -- Up-to-date: /home/artscript/Desktop/WorkSpace/MagnentoROBO/magnentorobo_ros2/install/artscript_interfaces/share/ament_index/resource_index/package_run_dependencies/artscript_interfaces
[0.831s] -- Up-to-date: /home/artscript/Desktop/WorkSpace/MagnentoROBO/magnentorobo_ros2/install/artscript_interfaces/share/ament_index/resource_index/parent_prefix_path/artscript_interfaces
[0.831s] -- Up-to-date: /home/artscript/Desktop/WorkSpace/MagnentoROBO/magnentorobo_ros2/install/artscript_interfaces/share/artscript_interfaces/environment/ament_prefix_path.sh
[0.832s] -- Up-to-date: /home/artscript/Desktop/WorkSpace/MagnentoROBO/magnentorobo_ros2/install/artscript_interfaces/share/artscript_interfaces/environment/ament_prefix_path.dsv
[0.832s] -- Up-to-date: /home/artscript/Desktop/WorkSpace/MagnentoROBO/magnentorobo_ros2/install/artscript_interfaces/share/artscript_interfaces/environment/path.sh
[0.832s] -- Up-to-date: /home/artscript/Desktop/WorkSpace/MagnentoROBO/magnentorobo_ros2/install/artscript_interfaces/share/artscript_interfaces/environment/path.dsv
[0.832s] -- Up-to-date: /home/artscript/Desktop/WorkSpace/MagnentoROBO/magnentorobo_ros2/install/artscript_interfaces/share/artscript_interfaces/local_setup.bash
[0.832s] -- Up-to-date: /home/artscript/Desktop/WorkSpace/MagnentoROBO/magnentorobo_ros2/install/artscript_interfaces/share/artscript_interfaces/local_setup.sh
[0.833s] -- Up-to-date: /home/artscript/Desktop/WorkSpace/MagnentoROBO/magnentorobo_ros2/install/artscript_interfaces/share/artscript_interfaces/local_setup.zsh
[0.833s] -- Up-to-date: /home/artscript/Desktop/WorkSpace/MagnentoROBO/magnentorobo_ros2/install/artscript_interfaces/share/artscript_interfaces/local_setup.dsv
[0.833s] -- Installing: /home/artscript/Desktop/WorkSpace/MagnentoROBO/magnentorobo_ros2/install/artscript_interfaces/share/artscript_interfaces/package.dsv
[0.833s] -- Up-to-date: /home/artscript/Desktop/WorkSpace/MagnentoROBO/magnentorobo_ros2/install/artscript_interfaces/share/ament_index/resource_index/packages/artscript_interfaces
[0.833s] -- Up-to-date: /home/artscript/Desktop/WorkSpace/MagnentoROBO/magnentorobo_ros2/install/artscript_interfaces/share/artscript_interfaces/cmake/artscript_interfaces__rosidl_generator_cExport.cmake
[0.834s] -- Up-to-date: /home/artscript/Desktop/WorkSpace/MagnentoROBO/magnentorobo_ros2/install/artscript_interfaces/share/artscript_interfaces/cmake/artscript_interfaces__rosidl_generator_cExport-noconfig.cmake
[0.834s] -- Up-to-date: /home/artscript/Desktop/WorkSpace/MagnentoROBO/magnentorobo_ros2/install/artscript_interfaces/share/artscript_interfaces/cmake/artscript_interfaces__rosidl_typesupport_introspection_cExport.cmake
[0.834s] -- Up-to-date: /home/artscript/Desktop/WorkSpace/MagnentoROBO/magnentorobo_ros2/install/artscript_interfaces/share/artscript_interfaces/cmake/artscript_interfaces__rosidl_typesupport_introspection_cExport-noconfig.cmake
[0.834s] -- Up-to-date: /home/artscript/Desktop/WorkSpace/MagnentoROBO/magnentorobo_ros2/install/artscript_interfaces/share/artscript_interfaces/cmake/artscript_interfaces__rosidl_typesupport_cExport.cmake
[0.835s] -- Up-to-date: /home/artscript/Desktop/WorkSpace/MagnentoROBO/magnentorobo_ros2/install/artscript_interfaces/share/artscript_interfaces/cmake/artscript_interfaces__rosidl_typesupport_cExport-noconfig.cmake
[0.835s] -- Up-to-date: /home/artscript/Desktop/WorkSpace/MagnentoROBO/magnentorobo_ros2/install/artscript_interfaces/share/artscript_interfaces/cmake/artscript_interfaces__rosidl_generator_cppExport.cmake
[0.835s] -- Up-to-date: /home/artscript/Desktop/WorkSpace/MagnentoROBO/magnentorobo_ros2/install/artscript_interfaces/share/artscript_interfaces/cmake/artscript_interfaces__rosidl_typesupport_introspection_cppExport.cmake
[0.835s] -- Up-to-date: /home/artscript/Desktop/WorkSpace/MagnentoROBO/magnentorobo_ros2/install/artscript_interfaces/share/artscript_interfaces/cmake/artscript_interfaces__rosidl_typesupport_introspection_cppExport-noconfig.cmake
[0.836s] -- Up-to-date: /home/artscript/Desktop/WorkSpace/MagnentoROBO/magnentorobo_ros2/install/artscript_interfaces/share/artscript_interfaces/cmake/artscript_interfaces__rosidl_typesupport_cppExport.cmake
[0.836s] -- Up-to-date: /home/artscript/Desktop/WorkSpace/MagnentoROBO/magnentorobo_ros2/install/artscript_interfaces/share/artscript_interfaces/cmake/artscript_interfaces__rosidl_typesupport_cppExport-noconfig.cmake
[0.836s] -- Up-to-date: /home/artscript/Desktop/WorkSpace/MagnentoROBO/magnentorobo_ros2/install/artscript_interfaces/share/artscript_interfaces/cmake/rosidl_cmake-extras.cmake
[0.836s] -- Up-to-date: /home/artscript/Desktop/WorkSpace/MagnentoROBO/magnentorobo_ros2/install/artscript_interfaces/share/artscript_interfaces/cmake/ament_cmake_export_dependencies-extras.cmake
[0.837s] -- Up-to-date: /home/artscript/Desktop/WorkSpace/MagnentoROBO/magnentorobo_ros2/install/artscript_interfaces/share/artscript_interfaces/cmake/ament_cmake_export_libraries-extras.cmake
[0.837s] -- Up-to-date: /home/artscript/Desktop/WorkSpace/MagnentoROBO/magnentorobo_ros2/install/artscript_interfaces/share/artscript_interfaces/cmake/ament_cmake_export_targets-extras.cmake
[0.837s] -- Up-to-date: /home/artscript/Desktop/WorkSpace/MagnentoROBO/magnentorobo_ros2/install/artscript_interfaces/share/artscript_interfaces/cmake/ament_cmake_export_include_directories-extras.cmake
[0.837s] -- Up-to-date: /home/artscript/Desktop/WorkSpace/MagnentoROBO/magnentorobo_ros2/install/artscript_interfaces/share/artscript_interfaces/cmake/rosidl_cmake_export_typesupport_libraries-extras.cmake
[0.842s] -- Up-to-date: /home/artscript/Desktop/WorkSpace/MagnentoROBO/magnentorobo_ros2/install/artscript_interfaces/share/artscript_interfaces/cmake/rosidl_cmake_export_typesupport_targets-extras.cmake
[0.842s] -- Up-to-date: /home/artscript/Desktop/WorkSpace/MagnentoROBO/magnentorobo_ros2/install/artscript_interfaces/share/artscript_interfaces/cmake/artscript_interfacesConfig.cmake
[0.843s] -- Up-to-date: /home/artscript/Desktop/WorkSpace/MagnentoROBO/magnentorobo_ros2/install/artscript_interfaces/share/artscript_interfaces/cmake/artscript_interfacesConfig-version.cmake
[0.843s] -- Up-to-date: /home/artscript/Desktop/WorkSpace/MagnentoROBO/magnentorobo_ros2/install/artscript_interfaces/share/artscript_interfaces/package.xml
[0.848s] Invoked command in '/home/artscript/Desktop/WorkSpace/MagnentoROBO/magnentorobo_ros2/build/artscript_interfaces' returned '0': CMAKE_PREFIX_PATH=${CMAKE_PREFIX_PATH}:/home/artscript/Desktop/WorkSpace/MagnentoROBO/magnentorobo_ros2/install/mcu_usb_pkg:/opt/ros/foxy /usr/bin/cmake --install /home/artscript/Desktop/WorkSpace/MagnentoROBO/magnentorobo_ros2/build/artscript_interfaces
