[0.664s] Invoking command in '/home/artscript/Desktop/WorkSpace/MagnentoROBO/magnentorobo_ros2/src/mcu_usb_pkg': PYTHONPATH=/home/artscript/Desktop/WorkSpace/MagnentoROBO/magnentorobo_ros2/install/mcu_usb_pkg/lib/python3.8/site-packages:${PYTHONPATH} /usr/bin/python3 setup.py egg_info --egg-base ../../build/mcu_usb_pkg build --build-base /home/artscript/Desktop/WorkSpace/MagnentoROBO/magnentorobo_ros2/build/mcu_usb_pkg/build install --prefix /home/artscript/Desktop/WorkSpace/MagnentoROBO/magnentorobo_ros2/install/mcu_usb_pkg --record /home/artscript/Desktop/WorkSpace/MagnentoROBO/magnentorobo_ros2/build/mcu_usb_pkg/install.log --single-version-externally-managed
[0.910s] running egg_info
[0.912s] writing ../../build/mcu_usb_pkg/mcu_usb_pkg.egg-info/PKG-INFO
[0.913s] writing dependency_links to ../../build/mcu_usb_pkg/mcu_usb_pkg.egg-info/dependency_links.txt
[0.913s] writing entry points to ../../build/mcu_usb_pkg/mcu_usb_pkg.egg-info/entry_points.txt
[0.913s] writing requirements to ../../build/mcu_usb_pkg/mcu_usb_pkg.egg-info/requires.txt
[0.914s] writing top-level names to ../../build/mcu_usb_pkg/mcu_usb_pkg.egg-info/top_level.txt
[0.947s] reading manifest file '../../build/mcu_usb_pkg/mcu_usb_pkg.egg-info/SOURCES.txt'
[0.948s] writing manifest file '../../build/mcu_usb_pkg/mcu_usb_pkg.egg-info/SOURCES.txt'
[0.948s] running build
[0.948s] running build_py
[0.948s] copying mcu_usb_pkg/mcu_pub.py -> /home/artscript/Desktop/WorkSpace/MagnentoROBO/magnentorobo_ros2/build/mcu_usb_pkg/build/lib/mcu_usb_pkg
[0.949s] running install
[0.949s] running install_lib
[0.950s] copying /home/artscript/Desktop/WorkSpace/MagnentoROBO/magnentorobo_ros2/build/mcu_usb_pkg/build/lib/mcu_usb_pkg/mcu_pub.py -> /home/artscript/Desktop/WorkSpace/MagnentoROBO/magnentorobo_ros2/install/mcu_usb_pkg/lib/python3.8/site-packages/mcu_usb_pkg
[0.951s] byte-compiling /home/artscript/Desktop/WorkSpace/MagnentoROBO/magnentorobo_ros2/install/mcu_usb_pkg/lib/python3.8/site-packages/mcu_usb_pkg/mcu_pub.py to mcu_pub.cpython-38.pyc
[0.953s] running install_data
[0.953s] running install_egg_info
[0.955s] removing '/home/artscript/Desktop/WorkSpace/MagnentoROBO/magnentorobo_ros2/install/mcu_usb_pkg/lib/python3.8/site-packages/mcu_usb_pkg-0.0.0-py3.8.egg-info' (and everything under it)
[0.955s] Copying ../../build/mcu_usb_pkg/mcu_usb_pkg.egg-info to /home/artscript/Desktop/WorkSpace/MagnentoROBO/magnentorobo_ros2/install/mcu_usb_pkg/lib/python3.8/site-packages/mcu_usb_pkg-0.0.0-py3.8.egg-info
[0.956s] running install_scripts
[0.974s] Installing mcu_pub_node script to /home/artscript/Desktop/WorkSpace/MagnentoROBO/magnentorobo_ros2/install/mcu_usb_pkg/lib/mcu_usb_pkg
[0.974s] Installing mcu_sub_node script to /home/artscript/Desktop/WorkSpace/MagnentoROBO/magnentorobo_ros2/install/mcu_usb_pkg/lib/mcu_usb_pkg
[0.975s] writing list of installed files to '/home/artscript/Desktop/WorkSpace/MagnentoROBO/magnentorobo_ros2/build/mcu_usb_pkg/install.log'
[1.011s] Invoked command in '/home/artscript/Desktop/WorkSpace/MagnentoROBO/magnentorobo_ros2/src/mcu_usb_pkg' returned '0': PYTHONPATH=/home/artscript/Desktop/WorkSpace/MagnentoROBO/magnentorobo_ros2/install/mcu_usb_pkg/lib/python3.8/site-packages:${PYTHONPATH} /usr/bin/python3 setup.py egg_info --egg-base ../../build/mcu_usb_pkg build --build-base /home/artscript/Desktop/WorkSpace/MagnentoROBO/magnentorobo_ros2/build/mcu_usb_pkg/build install --prefix /home/artscript/Desktop/WorkSpace/MagnentoROBO/magnentorobo_ros2/install/mcu_usb_pkg --record /home/artscript/Desktop/WorkSpace/MagnentoROBO/magnentorobo_ros2/build/mcu_usb_pkg/install.log --single-version-externally-managed
