[0.053s] Invoking command in '/home/artscript/Desktop/WorkSpace/MagnentoROBO/magnentorobo_ros2/build/artscript_interfaces': CMAKE_PREFIX_PATH=${CMAKE_PREFIX_PATH}:/home/artscript/Desktop/WorkSpace/MagnentoROBO/magnentorobo_ros2/install/mcu_usb_pkg:/opt/ros/foxy /usr/bin/cmake --build /home/artscript/Desktop/WorkSpace/MagnentoROBO/magnentorobo_ros2/build/artscript_interfaces -- -j4 -l4
[0.544s] [  2%] Built target artscript_interfaces__cpp
[0.544s] [ 12%] Built target artscript_interfaces__rosidl_typesupport_cpp
[0.544s] [ 23%] Built target artscript_interfaces__rosidl_typesupport_introspection_cpp
[0.545s] [ 43%] Built target artscript_interfaces__rosidl_typesupport_fastrtps_cpp
[0.545s] [ 43%] Built target artscript_interfaces__rosidl_generator_c
[0.545s] [ 53%] Built target artscript_interfaces__rosidl_typesupport_fastrtps_c
[0.545s] [ 71%] Built target artscript_interfaces__rosidl_typesupport_introspection_c
[0.545s] [ 74%] Built target artscript_interfaces__rosidl_typesupport_c
[0.545s] [ 74%] Built target artscript_interfaces
[0.546s] [ 76%] Built target artscript_interfaces__py
[0.546s] [ 84%] Built target artscript_interfaces__python
[0.546s] [ 97%] Built target artscript_interfaces__rosidl_typesupport_fastrtps_c__pyext
[0.546s] [100%] Built target artscript_interfaces__rosidl_typesupport_c__pyext
[0.546s] [100%] Built target artscript_interfaces__rosidl_typesupport_introspection_c__pyext
[0.750s] Invoked command in '/home/artscript/Desktop/WorkSpace/MagnentoROBO/magnentorobo_ros2/build/artscript_interfaces' returned '0': CMAKE_PREFIX_PATH=${CMAKE_PREFIX_PATH}:/home/artscript/Desktop/WorkSpace/MagnentoROBO/magnentorobo_ros2/install/mcu_usb_pkg:/opt/ros/foxy /usr/bin/cmake --build /home/artscript/Desktop/WorkSpace/MagnentoROBO/magnentorobo_ros2/build/artscript_interfaces -- -j4 -l4
[0.935s] Invoking command in '/home/artscript/Desktop/WorkSpace/MagnentoROBO/magnentorobo_ros2/build/artscript_interfaces': CMAKE_PREFIX_PATH=${CMAKE_PREFIX_PATH}:/home/artscript/Desktop/WorkSpace/MagnentoROBO/magnentorobo_ros2/install/mcu_usb_pkg:/opt/ros/foxy /usr/bin/cmake --install /home/artscript/Desktop/WorkSpace/MagnentoROBO/magnentorobo_ros2/build/artscript_interfaces
[0.957s] -- Install configuration: ""
[0.957s] -- Up-to-date: /home/artscript/Desktop/WorkSpace/MagnentoROBO/magnentorobo_ros2/install/artscript_interfaces/share/ament_index/resource_index/rosidl_interfaces/artscript_interfaces
[0.957s] -- Up-to-date: /home/artscript/Desktop/WorkSpace/MagnentoROBO/magnentorobo_ros2/install/artscript_interfaces/include/artscript_interfaces
[0.958s] -- Up-to-date: /home/artscript/Desktop/WorkSpace/MagnentoROBO/magnentorobo_ros2/install/artscript_interfaces/include/artscript_interfaces/msg
[0.958s] -- Up-to-date: /home/artscript/Desktop/WorkSpace/MagnentoROBO/magnentorobo_ros2/install/artscript_interfaces/include/artscript_interfaces/msg/imu.h
[0.958s] -- Up-to-date: /home/artscript/Desktop/WorkSpace/MagnentoROBO/magnentorobo_ros2/install/artscript_interfaces/include/artscript_interfaces/msg/infrared_strain.h
[0.958s] -- Up-to-date: /home/artscript/Desktop/WorkSpace/MagnentoROBO/magnentorobo_ros2/install/artscript_interfaces/include/artscript_interfaces/msg/detail
[0.958s] -- Up-to-date: /home/artscript/Desktop/WorkSpace/MagnentoROBO/magnentorobo_ros2/install/artscript_interfaces/include/artscript_interfaces/msg/detail/infraredstrain__functions.c
[0.958s] -- Up-to-date: /home/artscript/Desktop/WorkSpace/MagnentoROBO/magnentorobo_ros2/install/artscript_interfaces/include/artscript_interfaces/msg/detail/infraredstrain__struct.h
[0.959s] -- Up-to-date: /home/artscript/Desktop/WorkSpace/MagnentoROBO/magnentorobo_ros2/install/artscript_interfaces/include/artscript_interfaces/msg/detail/infrared_strain__functions.h
[0.959s] -- Up-to-date: /home/artscript/Desktop/WorkSpace/MagnentoROBO/magnentorobo_ros2/install/artscript_interfaces/include/artscript_interfaces/msg/detail/infraredstrain__functions.h
[0.970s] -- Up-to-date: /home/artscript/Desktop/WorkSpace/MagnentoROBO/magnentorobo_ros2/install/artscript_interfaces/include/artscript_interfaces/msg/detail/infrared_strain__type_support.h
[0.970s] -- Up-to-date: /home/artscript/Desktop/WorkSpace/MagnentoROBO/magnentorobo_ros2/install/artscript_interfaces/include/artscript_interfaces/msg/detail/imu__functions.h
[0.971s] -- Up-to-date: /home/artscript/Desktop/WorkSpace/MagnentoROBO/magnentorobo_ros2/install/artscript_interfaces/include/artscript_interfaces/msg/detail/imu__type_support.h
[0.971s] -- Up-to-date: /home/artscript/Desktop/WorkSpace/MagnentoROBO/magnentorobo_ros2/install/artscript_interfaces/include/artscript_interfaces/msg/detail/imu__functions.c
[0.972s] -- Up-to-date: /home/artscript/Desktop/WorkSpace/MagnentoROBO/magnentorobo_ros2/install/artscript_interfaces/include/artscript_interfaces/msg/detail/infraredstrain__type_support.h
[0.973s] -- Up-to-date: /home/artscript/Desktop/WorkSpace/MagnentoROBO/magnentorobo_ros2/install/artscript_interfaces/include/artscript_interfaces/msg/detail/infrared_strain__functions.c
[0.973s] -- Up-to-date: /home/artscript/Desktop/WorkSpace/MagnentoROBO/magnentorobo_ros2/install/artscript_interfaces/include/artscript_interfaces/msg/detail/imu__struct.h
[0.973s] -- Up-to-date: /home/artscript/Desktop/WorkSpace/MagnentoROBO/magnentorobo_ros2/install/artscript_interfaces/include/artscript_interfaces/msg/detail/infrared_strain__struct.h
[0.974s] -- Up-to-date: /home/artscript/Desktop/WorkSpace/MagnentoROBO/magnentorobo_ros2/install/artscript_interfaces/include/artscript_interfaces/msg/infraredstrain.h
[0.974s] -- Up-to-date: /home/artscript/Desktop/WorkSpace/MagnentoROBO/magnentorobo_ros2/install/artscript_interfaces/include/artscript_interfaces/msg/rosidl_generator_c__visibility_control.h
[0.975s] -- Up-to-date: /home/artscript/Desktop/WorkSpace/MagnentoROBO/magnentorobo_ros2/install/artscript_interfaces/share/artscript_interfaces/environment/library_path.sh
[0.975s] -- Up-to-date: /home/artscript/Desktop/WorkSpace/MagnentoROBO/magnentorobo_ros2/install/artscript_interfaces/share/artscript_interfaces/environment/library_path.dsv
[0.976s] -- Up-to-date: /home/artscript/Desktop/WorkSpace/MagnentoROBO/magnentorobo_ros2/install/artscript_interfaces/lib/libartscript_interfaces__rosidl_generator_c.so
[0.976s] -- Up-to-date: /home/artscript/Desktop/WorkSpace/MagnentoROBO/magnentorobo_ros2/install/artscript_interfaces/include/artscript_interfaces
[0.976s] -- Up-to-date: /home/artscript/Desktop/WorkSpace/MagnentoROBO/magnentorobo_ros2/install/artscript_interfaces/include/artscript_interfaces/msg
[0.977s] -- Up-to-date: /home/artscript/Desktop/WorkSpace/MagnentoROBO/magnentorobo_ros2/install/artscript_interfaces/include/artscript_interfaces/msg/rosidl_typesupport_fastrtps_c__visibility_control.h
[0.977s] -- Up-to-date: /home/artscript/Desktop/WorkSpace/MagnentoROBO/magnentorobo_ros2/install/artscript_interfaces/include/artscript_interfaces/msg/detail
[0.977s] -- Up-to-date: /home/artscript/Desktop/WorkSpace/MagnentoROBO/magnentorobo_ros2/install/artscript_interfaces/include/artscript_interfaces/msg/detail/imu__rosidl_typesupport_fastrtps_c.h
[0.977s] -- Up-to-date: /home/artscript/Desktop/WorkSpace/MagnentoROBO/magnentorobo_ros2/install/artscript_interfaces/include/artscript_interfaces/msg/detail/infrared_strain__rosidl_typesupport_fastrtps_c.h
[0.977s] -- Up-to-date: /home/artscript/Desktop/WorkSpace/MagnentoROBO/magnentorobo_ros2/install/artscript_interfaces/include/artscript_interfaces/msg/detail/infraredstrain__rosidl_typesupport_fastrtps_c.h
[0.978s] -- Up-to-date: /home/artscript/Desktop/WorkSpace/MagnentoROBO/magnentorobo_ros2/install/artscript_interfaces/lib/libartscript_interfaces__rosidl_typesupport_fastrtps_c.so
[0.978s] -- Up-to-date: /home/artscript/Desktop/WorkSpace/MagnentoROBO/magnentorobo_ros2/install/artscript_interfaces/include/artscript_interfaces
[0.978s] -- Up-to-date: /home/artscript/Desktop/WorkSpace/MagnentoROBO/magnentorobo_ros2/install/artscript_interfaces/include/artscript_interfaces/msg
[0.978s] -- Up-to-date: /home/artscript/Desktop/WorkSpace/MagnentoROBO/magnentorobo_ros2/install/artscript_interfaces/include/artscript_interfaces/msg/rosidl_typesupport_fastrtps_cpp__visibility_control.h
[0.978s] -- Up-to-date: /home/artscript/Desktop/WorkSpace/MagnentoROBO/magnentorobo_ros2/install/artscript_interfaces/include/artscript_interfaces/msg/detail
[0.979s] -- Up-to-date: /home/artscript/Desktop/WorkSpace/MagnentoROBO/magnentorobo_ros2/install/artscript_interfaces/include/artscript_interfaces/msg/detail/infraredstrain__rosidl_typesupport_fastrtps_cpp.hpp
[0.979s] -- Up-to-date: /home/artscript/Desktop/WorkSpace/MagnentoROBO/magnentorobo_ros2/install/artscript_interfaces/include/artscript_interfaces/msg/detail/infrared_strain__rosidl_typesupport_fastrtps_cpp.hpp
[0.979s] -- Up-to-date: /home/artscript/Desktop/WorkSpace/MagnentoROBO/magnentorobo_ros2/install/artscript_interfaces/include/artscript_interfaces/msg/detail/dds_fastrtps
[0.979s] -- Up-to-date: /home/artscript/Desktop/WorkSpace/MagnentoROBO/magnentorobo_ros2/install/artscript_interfaces/include/artscript_interfaces/msg/detail/imu__rosidl_typesupport_fastrtps_cpp.hpp
[0.979s] -- Up-to-date: /home/artscript/Desktop/WorkSpace/MagnentoROBO/magnentorobo_ros2/install/artscript_interfaces/lib/libartscript_interfaces__rosidl_typesupport_fastrtps_cpp.so
[0.979s] -- Up-to-date: /home/artscript/Desktop/WorkSpace/MagnentoROBO/magnentorobo_ros2/install/artscript_interfaces/include/artscript_interfaces
[0.979s] -- Up-to-date: /home/artscript/Desktop/WorkSpace/MagnentoROBO/magnentorobo_ros2/install/artscript_interfaces/include/artscript_interfaces/msg
[0.979s] -- Up-to-date: /home/artscript/Desktop/WorkSpace/MagnentoROBO/magnentorobo_ros2/install/artscript_interfaces/include/artscript_interfaces/msg/rosidl_typesupport_introspection_c__visibility_control.h
[0.980s] -- Up-to-date: /home/artscript/Desktop/WorkSpace/MagnentoROBO/magnentorobo_ros2/install/artscript_interfaces/include/artscript_interfaces/msg/detail
[0.980s] -- Up-to-date: /home/artscript/Desktop/WorkSpace/MagnentoROBO/magnentorobo_ros2/install/artscript_interfaces/include/artscript_interfaces/msg/detail/imu__type_support.c
[0.980s] -- Up-to-date: /home/artscript/Desktop/WorkSpace/MagnentoROBO/magnentorobo_ros2/install/artscript_interfaces/include/artscript_interfaces/msg/detail/imu__rosidl_typesupport_introspection_c.h
[0.980s] -- Up-to-date: /home/artscript/Desktop/WorkSpace/MagnentoROBO/magnentorobo_ros2/install/artscript_interfaces/include/artscript_interfaces/msg/detail/infrared_strain__rosidl_typesupport_introspection_c.h
[0.983s] -- Up-to-date: /home/artscript/Desktop/WorkSpace/MagnentoROBO/magnentorobo_ros2/install/artscript_interfaces/include/artscript_interfaces/msg/detail/infraredstrain__rosidl_typesupport_introspection_c.h
[0.983s] -- Up-to-date: /home/artscript/Desktop/WorkSpace/MagnentoROBO/magnentorobo_ros2/install/artscript_interfaces/include/artscript_interfaces/msg/detail/infraredstrain__type_support.c
[0.983s] -- Up-to-date: /home/artscript/Desktop/WorkSpace/MagnentoROBO/magnentorobo_ros2/install/artscript_interfaces/include/artscript_interfaces/msg/detail/infrared_strain__type_support.c
[0.983s] -- Up-to-date: /home/artscript/Desktop/WorkSpace/MagnentoROBO/magnentorobo_ros2/install/artscript_interfaces/lib/libartscript_interfaces__rosidl_typesupport_introspection_c.so
[0.983s] -- Up-to-date: /home/artscript/Desktop/WorkSpace/MagnentoROBO/magnentorobo_ros2/install/artscript_interfaces/lib/libartscript_interfaces__rosidl_typesupport_c.so
[0.983s] -- Up-to-date: /home/artscript/Desktop/WorkSpace/MagnentoROBO/magnentorobo_ros2/install/artscript_interfaces/include/artscript_interfaces
[0.984s] -- Up-to-date: /home/artscript/Desktop/WorkSpace/MagnentoROBO/magnentorobo_ros2/install/artscript_interfaces/include/artscript_interfaces/msg
[0.984s] -- Up-to-date: /home/artscript/Desktop/WorkSpace/MagnentoROBO/magnentorobo_ros2/install/artscript_interfaces/include/artscript_interfaces/msg/infraredstrain.hpp
[0.984s] -- Up-to-date: /home/artscript/Desktop/WorkSpace/MagnentoROBO/magnentorobo_ros2/install/artscript_interfaces/include/artscript_interfaces/msg/detail
[0.984s] -- Up-to-date: /home/artscript/Desktop/WorkSpace/MagnentoROBO/magnentorobo_ros2/install/artscript_interfaces/include/artscript_interfaces/msg/detail/infrared_strain__traits.hpp
[0.984s] -- Up-to-date: /home/artscript/Desktop/WorkSpace/MagnentoROBO/magnentorobo_ros2/install/artscript_interfaces/include/artscript_interfaces/msg/detail/infraredstrain__traits.hpp
[0.984s] -- Up-to-date: /home/artscript/Desktop/WorkSpace/MagnentoROBO/magnentorobo_ros2/install/artscript_interfaces/include/artscript_interfaces/msg/detail/infrared_strain__builder.hpp
[0.984s] -- Up-to-date: /home/artscript/Desktop/WorkSpace/MagnentoROBO/magnentorobo_ros2/install/artscript_interfaces/include/artscript_interfaces/msg/detail/imu__struct.hpp
[0.985s] -- Up-to-date: /home/artscript/Desktop/WorkSpace/MagnentoROBO/magnentorobo_ros2/install/artscript_interfaces/include/artscript_interfaces/msg/detail/infrared_strain__struct.hpp
[0.985s] -- Up-to-date: /home/artscript/Desktop/WorkSpace/MagnentoROBO/magnentorobo_ros2/install/artscript_interfaces/include/artscript_interfaces/msg/detail/imu__builder.hpp
[0.985s] -- Up-to-date: /home/artscript/Desktop/WorkSpace/MagnentoROBO/magnentorobo_ros2/install/artscript_interfaces/include/artscript_interfaces/msg/detail/infraredstrain__builder.hpp
[0.985s] -- Up-to-date: /home/artscript/Desktop/WorkSpace/MagnentoROBO/magnentorobo_ros2/install/artscript_interfaces/include/artscript_interfaces/msg/detail/imu__traits.hpp
[0.985s] -- Up-to-date: /home/artscript/Desktop/WorkSpace/MagnentoROBO/magnentorobo_ros2/install/artscript_interfaces/include/artscript_interfaces/msg/detail/infraredstrain__struct.hpp
[0.985s] -- Up-to-date: /home/artscript/Desktop/WorkSpace/MagnentoROBO/magnentorobo_ros2/install/artscript_interfaces/include/artscript_interfaces/msg/imu.hpp
[0.985s] -- Up-to-date: /home/artscript/Desktop/WorkSpace/MagnentoROBO/magnentorobo_ros2/install/artscript_interfaces/include/artscript_interfaces/msg/infrared_strain.hpp
[0.985s] -- Up-to-date: /home/artscript/Desktop/WorkSpace/MagnentoROBO/magnentorobo_ros2/install/artscript_interfaces/include/artscript_interfaces
[0.985s] -- Up-to-date: /home/artscript/Desktop/WorkSpace/MagnentoROBO/magnentorobo_ros2/install/artscript_interfaces/include/artscript_interfaces/msg
[0.985s] -- Up-to-date: /home/artscript/Desktop/WorkSpace/MagnentoROBO/magnentorobo_ros2/install/artscript_interfaces/include/artscript_interfaces/msg/detail
[0.985s] -- Up-to-date: /home/artscript/Desktop/WorkSpace/MagnentoROBO/magnentorobo_ros2/install/artscript_interfaces/include/artscript_interfaces/msg/detail/infraredstrain__type_support.cpp
[0.985s] -- Up-to-date: /home/artscript/Desktop/WorkSpace/MagnentoROBO/magnentorobo_ros2/install/artscript_interfaces/include/artscript_interfaces/msg/detail/imu__type_support.cpp
[0.986s] -- Up-to-date: /home/artscript/Desktop/WorkSpace/MagnentoROBO/magnentorobo_ros2/install/artscript_interfaces/include/artscript_interfaces/msg/detail/infraredstrain__rosidl_typesupport_introspection_cpp.hpp
[0.986s] -- Up-to-date: /home/artscript/Desktop/WorkSpace/MagnentoROBO/magnentorobo_ros2/install/artscript_interfaces/include/artscript_interfaces/msg/detail/infrared_strain__type_support.cpp
[0.986s] -- Up-to-date: /home/artscript/Desktop/WorkSpace/MagnentoROBO/magnentorobo_ros2/install/artscript_interfaces/include/artscript_interfaces/msg/detail/infrared_strain__rosidl_typesupport_introspection_cpp.hpp
[0.992s] -- Up-to-date: /home/artscript/Desktop/WorkSpace/MagnentoROBO/magnentorobo_ros2/install/artscript_interfaces/include/artscript_interfaces/msg/detail/imu__rosidl_typesupport_introspection_cpp.hpp
[0.992s] -- Up-to-date: /home/artscript/Desktop/WorkSpace/MagnentoROBO/magnentorobo_ros2/install/artscript_interfaces/lib/libartscript_interfaces__rosidl_typesupport_introspection_cpp.so
[0.992s] -- Up-to-date: /home/artscript/Desktop/WorkSpace/MagnentoROBO/magnentorobo_ros2/install/artscript_interfaces/lib/libartscript_interfaces__rosidl_typesupport_cpp.so
[0.992s] -- Up-to-date: /home/artscript/Desktop/WorkSpace/MagnentoROBO/magnentorobo_ros2/install/artscript_interfaces/share/artscript_interfaces/environment/pythonpath.sh
[0.993s] -- Up-to-date: /home/artscript/Desktop/WorkSpace/MagnentoROBO/magnentorobo_ros2/install/artscript_interfaces/share/artscript_interfaces/environment/pythonpath.dsv
[0.993s] -- Up-to-date: /home/artscript/Desktop/WorkSpace/MagnentoROBO/magnentorobo_ros2/install/artscript_interfaces/lib/python3.8/site-packages/artscript_interfaces/__init__.py
[1.050s] -- Up-to-date: /home/artscript/Desktop/WorkSpace/MagnentoROBO/magnentorobo_ros2/install/artscript_interfaces/lib/python3.8/site-packages/artscript_interfaces/msg
[1.050s] -- Up-to-date: /home/artscript/Desktop/WorkSpace/MagnentoROBO/magnentorobo_ros2/install/artscript_interfaces/lib/python3.8/site-packages/artscript_interfaces/msg/__init__.py
[1.051s] -- Up-to-date: /home/artscript/Desktop/WorkSpace/MagnentoROBO/magnentorobo_ros2/install/artscript_interfaces/lib/python3.8/site-packages/artscript_interfaces/msg/_infraredstrain.py
[1.051s] -- Up-to-date: /home/artscript/Desktop/WorkSpace/MagnentoROBO/magnentorobo_ros2/install/artscript_interfaces/lib/python3.8/site-packages/artscript_interfaces/msg/_infrared_strain_s.c
[1.051s] -- Up-to-date: /home/artscript/Desktop/WorkSpace/MagnentoROBO/magnentorobo_ros2/install/artscript_interfaces/lib/python3.8/site-packages/artscript_interfaces/msg/_infraredstrain_s.c
[1.051s] -- Up-to-date: /home/artscript/Desktop/WorkSpace/MagnentoROBO/magnentorobo_ros2/install/artscript_interfaces/lib/python3.8/site-packages/artscript_interfaces/msg/_infrared_strain.py
[1.051s] -- Up-to-date: /home/artscript/Desktop/WorkSpace/MagnentoROBO/magnentorobo_ros2/install/artscript_interfaces/lib/python3.8/site-packages/artscript_interfaces/msg/_imu_s.c
[1.051s] -- Up-to-date: /home/artscript/Desktop/WorkSpace/MagnentoROBO/magnentorobo_ros2/install/artscript_interfaces/lib/python3.8/site-packages/artscript_interfaces/msg/_imu.py
[1.051s] -- Up-to-date: /home/artscript/Desktop/WorkSpace/MagnentoROBO/magnentorobo_ros2/install/artscript_interfaces/lib/python3.8/site-packages/artscript_interfaces/artscript_interfaces_s__rosidl_typesupport_fastrtps_c.cpython-38-x86_64-linux-gnu.so
[1.054s] -- Up-to-date: /home/artscript/Desktop/WorkSpace/MagnentoROBO/magnentorobo_ros2/install/artscript_interfaces/lib/python3.8/site-packages/artscript_interfaces/artscript_interfaces_s__rosidl_typesupport_introspection_c.cpython-38-x86_64-linux-gnu.so
[1.055s] -- Up-to-date: /home/artscript/Desktop/WorkSpace/MagnentoROBO/magnentorobo_ros2/install/artscript_interfaces/lib/python3.8/site-packages/artscript_interfaces/artscript_interfaces_s__rosidl_typesupport_c.cpython-38-x86_64-linux-gnu.so
[1.056s] -- Up-to-date: /home/artscript/Desktop/WorkSpace/MagnentoROBO/magnentorobo_ros2/install/artscript_interfaces/lib/libartscript_interfaces__python.so
[1.057s] -- Up-to-date: /home/artscript/Desktop/WorkSpace/MagnentoROBO/magnentorobo_ros2/install/artscript_interfaces/share/artscript_interfaces/msg/Imu.idl
[1.060s] -- Up-to-date: /home/artscript/Desktop/WorkSpace/MagnentoROBO/magnentorobo_ros2/install/artscript_interfaces/share/artscript_interfaces/msg/Infraredstrain.idl
[1.060s] -- Up-to-date: /home/artscript/Desktop/WorkSpace/MagnentoROBO/magnentorobo_ros2/install/artscript_interfaces/share/artscript_interfaces/msg/Imu.msg
[1.065s] -- Up-to-date: /home/artscript/Desktop/WorkSpace/MagnentoROBO/magnentorobo_ros2/install/artscript_interfaces/share/artscript_interfaces/msg/Infraredstrain.msg
[1.065s] -- Up-to-date: /home/artscript/Desktop/WorkSpace/MagnentoROBO/magnentorobo_ros2/install/artscript_interfaces/share/ament_index/resource_index/package_run_dependencies/artscript_interfaces
[1.065s] -- Up-to-date: /home/artscript/Desktop/WorkSpace/MagnentoROBO/magnentorobo_ros2/install/artscript_interfaces/share/ament_index/resource_index/parent_prefix_path/artscript_interfaces
[1.066s] -- Up-to-date: /home/artscript/Desktop/WorkSpace/MagnentoROBO/magnentorobo_ros2/install/artscript_interfaces/share/artscript_interfaces/environment/ament_prefix_path.sh
[1.066s] -- Up-to-date: /home/artscript/Desktop/WorkSpace/MagnentoROBO/magnentorobo_ros2/install/artscript_interfaces/share/artscript_interfaces/environment/ament_prefix_path.dsv
[1.066s] -- Up-to-date: /home/artscript/Desktop/WorkSpace/MagnentoROBO/magnentorobo_ros2/install/artscript_interfaces/share/artscript_interfaces/environment/path.sh
[1.066s] -- Up-to-date: /home/artscript/Desktop/WorkSpace/MagnentoROBO/magnentorobo_ros2/install/artscript_interfaces/share/artscript_interfaces/environment/path.dsv
[1.066s] -- Up-to-date: /home/artscript/Desktop/WorkSpace/MagnentoROBO/magnentorobo_ros2/install/artscript_interfaces/share/artscript_interfaces/local_setup.bash
[1.066s] -- Up-to-date: /home/artscript/Desktop/WorkSpace/MagnentoROBO/magnentorobo_ros2/install/artscript_interfaces/share/artscript_interfaces/local_setup.sh
[1.066s] -- Up-to-date: /home/artscript/Desktop/WorkSpace/MagnentoROBO/magnentorobo_ros2/install/artscript_interfaces/share/artscript_interfaces/local_setup.zsh
[1.066s] -- Up-to-date: /home/artscript/Desktop/WorkSpace/MagnentoROBO/magnentorobo_ros2/install/artscript_interfaces/share/artscript_interfaces/local_setup.dsv
[1.066s] -- Installing: /home/artscript/Desktop/WorkSpace/MagnentoROBO/magnentorobo_ros2/install/artscript_interfaces/share/artscript_interfaces/package.dsv
[1.066s] -- Up-to-date: /home/artscript/Desktop/WorkSpace/MagnentoROBO/magnentorobo_ros2/install/artscript_interfaces/share/ament_index/resource_index/packages/artscript_interfaces
[1.066s] -- Up-to-date: /home/artscript/Desktop/WorkSpace/MagnentoROBO/magnentorobo_ros2/install/artscript_interfaces/share/artscript_interfaces/cmake/artscript_interfaces__rosidl_generator_cExport.cmake
[1.066s] -- Up-to-date: /home/artscript/Desktop/WorkSpace/MagnentoROBO/magnentorobo_ros2/install/artscript_interfaces/share/artscript_interfaces/cmake/artscript_interfaces__rosidl_generator_cExport-noconfig.cmake
[1.066s] -- Up-to-date: /home/artscript/Desktop/WorkSpace/MagnentoROBO/magnentorobo_ros2/install/artscript_interfaces/share/artscript_interfaces/cmake/artscript_interfaces__rosidl_typesupport_introspection_cExport.cmake
[1.066s] -- Up-to-date: /home/artscript/Desktop/WorkSpace/MagnentoROBO/magnentorobo_ros2/install/artscript_interfaces/share/artscript_interfaces/cmake/artscript_interfaces__rosidl_typesupport_introspection_cExport-noconfig.cmake
[1.066s] -- Up-to-date: /home/artscript/Desktop/WorkSpace/MagnentoROBO/magnentorobo_ros2/install/artscript_interfaces/share/artscript_interfaces/cmake/artscript_interfaces__rosidl_typesupport_cExport.cmake
[1.067s] -- Up-to-date: /home/artscript/Desktop/WorkSpace/MagnentoROBO/magnentorobo_ros2/install/artscript_interfaces/share/artscript_interfaces/cmake/artscript_interfaces__rosidl_typesupport_cExport-noconfig.cmake
[1.067s] -- Up-to-date: /home/artscript/Desktop/WorkSpace/MagnentoROBO/magnentorobo_ros2/install/artscript_interfaces/share/artscript_interfaces/cmake/artscript_interfaces__rosidl_generator_cppExport.cmake
[1.067s] -- Up-to-date: /home/artscript/Desktop/WorkSpace/MagnentoROBO/magnentorobo_ros2/install/artscript_interfaces/share/artscript_interfaces/cmake/artscript_interfaces__rosidl_typesupport_introspection_cppExport.cmake
[1.067s] -- Up-to-date: /home/artscript/Desktop/WorkSpace/MagnentoROBO/magnentorobo_ros2/install/artscript_interfaces/share/artscript_interfaces/cmake/artscript_interfaces__rosidl_typesupport_introspection_cppExport-noconfig.cmake
[1.067s] -- Up-to-date: /home/artscript/Desktop/WorkSpace/MagnentoROBO/magnentorobo_ros2/install/artscript_interfaces/share/artscript_interfaces/cmake/artscript_interfaces__rosidl_typesupport_cppExport.cmake
[1.067s] -- Up-to-date: /home/artscript/Desktop/WorkSpace/MagnentoROBO/magnentorobo_ros2/install/artscript_interfaces/share/artscript_interfaces/cmake/artscript_interfaces__rosidl_typesupport_cppExport-noconfig.cmake
[1.067s] -- Up-to-date: /home/artscript/Desktop/WorkSpace/MagnentoROBO/magnentorobo_ros2/install/artscript_interfaces/share/artscript_interfaces/cmake/rosidl_cmake-extras.cmake
[1.067s] -- Up-to-date: /home/artscript/Desktop/WorkSpace/MagnentoROBO/magnentorobo_ros2/install/artscript_interfaces/share/artscript_interfaces/cmake/ament_cmake_export_dependencies-extras.cmake
[1.067s] -- Up-to-date: /home/artscript/Desktop/WorkSpace/MagnentoROBO/magnentorobo_ros2/install/artscript_interfaces/share/artscript_interfaces/cmake/ament_cmake_export_libraries-extras.cmake
[1.067s] -- Up-to-date: /home/artscript/Desktop/WorkSpace/MagnentoROBO/magnentorobo_ros2/install/artscript_interfaces/share/artscript_interfaces/cmake/ament_cmake_export_targets-extras.cmake
[1.067s] -- Up-to-date: /home/artscript/Desktop/WorkSpace/MagnentoROBO/magnentorobo_ros2/install/artscript_interfaces/share/artscript_interfaces/cmake/ament_cmake_export_include_directories-extras.cmake
[1.067s] -- Up-to-date: /home/artscript/Desktop/WorkSpace/MagnentoROBO/magnentorobo_ros2/install/artscript_interfaces/share/artscript_interfaces/cmake/rosidl_cmake_export_typesupport_libraries-extras.cmake
[1.067s] -- Up-to-date: /home/artscript/Desktop/WorkSpace/MagnentoROBO/magnentorobo_ros2/install/artscript_interfaces/share/artscript_interfaces/cmake/rosidl_cmake_export_typesupport_targets-extras.cmake
[1.067s] -- Up-to-date: /home/artscript/Desktop/WorkSpace/MagnentoROBO/magnentorobo_ros2/install/artscript_interfaces/share/artscript_interfaces/cmake/artscript_interfacesConfig.cmake
[1.067s] -- Up-to-date: /home/artscript/Desktop/WorkSpace/MagnentoROBO/magnentorobo_ros2/install/artscript_interfaces/share/artscript_interfaces/cmake/artscript_interfacesConfig-version.cmake
[1.067s] -- Up-to-date: /home/artscript/Desktop/WorkSpace/MagnentoROBO/magnentorobo_ros2/install/artscript_interfaces/share/artscript_interfaces/package.xml
[1.069s] Invoked command in '/home/artscript/Desktop/WorkSpace/MagnentoROBO/magnentorobo_ros2/build/artscript_interfaces' returned '0': CMAKE_PREFIX_PATH=${CMAKE_PREFIX_PATH}:/home/artscript/Desktop/WorkSpace/MagnentoROBO/magnentorobo_ros2/install/mcu_usb_pkg:/opt/ros/foxy /usr/bin/cmake --install /home/artscript/Desktop/WorkSpace/MagnentoROBO/magnentorobo_ros2/build/artscript_interfaces
