running egg_info
writing ../../build/mcu_usb_pkg/mcu_usb_pkg.egg-info/PKG-INFO
writing dependency_links to ../../build/mcu_usb_pkg/mcu_usb_pkg.egg-info/dependency_links.txt
writing entry points to ../../build/mcu_usb_pkg/mcu_usb_pkg.egg-info/entry_points.txt
writing requirements to ../../build/mcu_usb_pkg/mcu_usb_pkg.egg-info/requires.txt
writing top-level names to ../../build/mcu_usb_pkg/mcu_usb_pkg.egg-info/top_level.txt
reading manifest file '../../build/mcu_usb_pkg/mcu_usb_pkg.egg-info/SOURCES.txt'
writing manifest file '../../build/mcu_usb_pkg/mcu_usb_pkg.egg-info/SOURCES.txt'
running build
running build_py
running install
running install_lib
running install_data
running install_egg_info
removing '/home/artscript/Desktop/WorkSpace/MagnentoROBO/magnentorobo_ros2/install/mcu_usb_pkg/lib/python3.8/site-packages/mcu_usb_pkg-0.0.0-py3.8.egg-info' (and everything under it)
Copying ../../build/mcu_usb_pkg/mcu_usb_pkg.egg-info to /home/artscript/Desktop/WorkSpace/MagnentoROBO/magnentorobo_ros2/install/mcu_usb_pkg/lib/python3.8/site-packages/mcu_usb_pkg-0.0.0-py3.8.egg-info
running install_scripts
Installing mcu_pub_node script to /home/artscript/Desktop/WorkSpace/MagnentoROBO/magnentorobo_ros2/install/mcu_usb_pkg/lib/mcu_usb_pkg
Installing mcu_sub_node script to /home/artscript/Desktop/WorkSpace/MagnentoROBO/magnentorobo_ros2/install/mcu_usb_pkg/lib/mcu_usb_pkg
writing list of installed files to '/home/artscript/Desktop/WorkSpace/MagnentoROBO/magnentorobo_ros2/build/mcu_usb_pkg/install.log'
