[0.211s] Invoking command in '/home/artscript/Desktop/WorkSpace/MagnentoROBO/magnentorobo_ros2/src/imu_usb_pkg': PYTHONPATH=/home/artscript/Desktop/WorkSpace/MagnentoROBO/magnentorobo_ros2/install/imu_usb_pkg/lib/python3.8/site-packages:${PYTHONPATH} /usr/bin/python3 setup.py egg_info --egg-base ../../build/imu_usb_pkg build --build-base /home/artscript/Desktop/WorkSpace/MagnentoROBO/magnentorobo_ros2/build/imu_usb_pkg/build install --prefix /home/artscript/Desktop/WorkSpace/MagnentoROBO/magnentorobo_ros2/install/imu_usb_pkg --record /home/artscript/Desktop/WorkSpace/MagnentoROBO/magnentorobo_ros2/build/imu_usb_pkg/install.log --single-version-externally-managed
[0.370s] running egg_info
[0.370s] writing ../../build/imu_usb_pkg/imu_usb_pkg.egg-info/PKG-INFO
[0.371s] writing dependency_links to ../../build/imu_usb_pkg/imu_usb_pkg.egg-info/dependency_links.txt
[0.371s] writing entry points to ../../build/imu_usb_pkg/imu_usb_pkg.egg-info/entry_points.txt
[0.371s] writing requirements to ../../build/imu_usb_pkg/imu_usb_pkg.egg-info/requires.txt
[0.371s] writing top-level names to ../../build/imu_usb_pkg/imu_usb_pkg.egg-info/top_level.txt
[0.397s] reading manifest file '../../build/imu_usb_pkg/imu_usb_pkg.egg-info/SOURCES.txt'
[0.398s] writing manifest file '../../build/imu_usb_pkg/imu_usb_pkg.egg-info/SOURCES.txt'
[0.398s] running build
[0.398s] running build_py
[0.398s] copying imu_usb_pkg/imu_pub.py -> /home/artscript/Desktop/WorkSpace/MagnentoROBO/magnentorobo_ros2/build/imu_usb_pkg/build/lib/imu_usb_pkg
[0.398s] running install
[0.399s] running install_lib
[0.401s] copying /home/artscript/Desktop/WorkSpace/MagnentoROBO/magnentorobo_ros2/build/imu_usb_pkg/build/lib/imu_usb_pkg/imu_pub.py -> /home/artscript/Desktop/WorkSpace/MagnentoROBO/magnentorobo_ros2/install/imu_usb_pkg/lib/python3.8/site-packages/imu_usb_pkg
[0.401s] byte-compiling /home/artscript/Desktop/WorkSpace/MagnentoROBO/magnentorobo_ros2/install/imu_usb_pkg/lib/python3.8/site-packages/imu_usb_pkg/imu_pub.py to imu_pub.cpython-38.pyc
[0.401s] running install_data
[0.402s] running install_egg_info
[0.403s] removing '/home/artscript/Desktop/WorkSpace/MagnentoROBO/magnentorobo_ros2/install/imu_usb_pkg/lib/python3.8/site-packages/imu_usb_pkg-0.0.0-py3.8.egg-info' (and everything under it)
[0.404s] Copying ../../build/imu_usb_pkg/imu_usb_pkg.egg-info to /home/artscript/Desktop/WorkSpace/MagnentoROBO/magnentorobo_ros2/install/imu_usb_pkg/lib/python3.8/site-packages/imu_usb_pkg-0.0.0-py3.8.egg-info
[0.405s] running install_scripts
[0.418s] Installing imu_pub script to /home/artscript/Desktop/WorkSpace/MagnentoROBO/magnentorobo_ros2/install/imu_usb_pkg/lib/imu_usb_pkg
[0.418s] Installing imu_sub script to /home/artscript/Desktop/WorkSpace/MagnentoROBO/magnentorobo_ros2/install/imu_usb_pkg/lib/imu_usb_pkg
[0.419s] writing list of installed files to '/home/artscript/Desktop/WorkSpace/MagnentoROBO/magnentorobo_ros2/build/imu_usb_pkg/install.log'
[0.434s] Invoked command in '/home/artscript/Desktop/WorkSpace/MagnentoROBO/magnentorobo_ros2/src/imu_usb_pkg' returned '0': PYTHONPATH=/home/artscript/Desktop/WorkSpace/MagnentoROBO/magnentorobo_ros2/install/imu_usb_pkg/lib/python3.8/site-packages:${PYTHONPATH} /usr/bin/python3 setup.py egg_info --egg-base ../../build/imu_usb_pkg build --build-base /home/artscript/Desktop/WorkSpace/MagnentoROBO/magnentorobo_ros2/build/imu_usb_pkg/build install --prefix /home/artscript/Desktop/WorkSpace/MagnentoROBO/magnentorobo_ros2/install/imu_usb_pkg --record /home/artscript/Desktop/WorkSpace/MagnentoROBO/magnentorobo_ros2/build/imu_usb_pkg/install.log --single-version-externally-managed
