[0.000000] (-) TimerEvent: {}
[0.002141] (-) JobUnselected: {'identifier': 'ARTScript_pkg'}
[0.002435] (-) JobUnselected: {'identifier': 'imu_usb_pkg'}
[0.002549] (-) JobUnselected: {'identifier': 'infrared_gpio_pkg'}
[0.002612] (-) JobUnselected: {'identifier': 'servo_pwm_pkg'}
[0.002665] (-) JobUnselected: {'identifier': 'strain_gpio_pkg'}
[0.002724] (camera_usb_pkg) JobQueued: {'identifier': 'camera_usb_pkg', 'dependencies': OrderedDict()}
[0.002783] (camera_usb_pkg) JobStarted: {'identifier': 'camera_usb_pkg'}
[0.097713] (-) TimerEvent: {}
[0.198675] (-) TimerEvent: {}
[0.264358] (camera_usb_pkg) Command: {'cmd': ['/usr/bin/python3', 'setup.py', 'egg_info', '--egg-base', '../../build/camera_usb_pkg', 'build', '--build-base', '/home/artscript/Desktop/WorkSpace/MagnentoROBO/magnentorobo_ros2/build/camera_usb_pkg/build', 'install', '--prefix', '/home/artscript/Desktop/WorkSpace/MagnentoROBO/magnentorobo_ros2/install/camera_usb_pkg', '--record', '/home/artscript/Desktop/WorkSpace/MagnentoROBO/magnentorobo_ros2/build/camera_usb_pkg/install.log', '--single-version-externally-managed'], 'cwd': '/home/artscript/Desktop/WorkSpace/MagnentoROBO/magnentorobo_ros2/src/camera_usb_pkg', 'env': {'ZPLUG_ERROR_LOG': '/home/artscript/.zplug/.error_log', 'HTTPS_PROXY': 'http://192.168.43.19:7890/', 'USER': 'artscript', 'no_proxy': 'localhost,127.0.0.0/8,::1', 'ZPLUG_LOG_LOAD_FAILURE': 'false', 'ZPLUG_THREADS': '16', 'SSH_AGENT_PID': '1992', 'XDG_SESSION_TYPE': 'x11', 'SHLVL': '1', 'LD_LIBRARY_PATH': '/opt/ros/foxy/opt/yaml_cpp_vendor/lib:/opt/ros/foxy/opt/rviz_ogre_vendor/lib:/opt/ros/foxy/lib/x86_64-linux-gnu:/opt/ros/foxy/lib', 'HOME': '/home/artscript', 'OLDPWD': '/home/artscript', 'CYCLONEDDS_URI': 'file:///home/artscript/cyclonedds.xml', 'DESKTOP_SESSION': 'ubuntu', 'NO_PROXY': 'localhost,127.0.0.0/8,::1', 'ZSH': '/home/artscript/.oh-my-zsh', 'GTK_MODULES': 'gail:atk-bridge', 'GNOME_SHELL_SESSION_MODE': 'ubuntu', 'FPATH': '/home/artscript/.zplug/misc/completions:/home/artscript/.zplug/base/sources:/home/artscript/.zplug/autoload:/home/artscript/.zplug/base/utils:/home/artscript/.zplug/base/job:/home/artscript/.zplug/base/log:/home/artscript/.zplug/base/io:/home/artscript/.zplug/base/core:/home/artscript/.zplug/base/base:/home/artscript/.zplug/autoload/commands:/home/artscript/.zplug/autoload/options:/home/artscript/.zplug/autoload/tags:/usr/local/share/zsh/site-functions:/usr/share/zsh/vendor-functions:/usr/share/zsh/vendor-completions:/usr/share/zsh/functions/Calendar:/usr/share/zsh/functions/Chpwd:/usr/share/zsh/functions/Completion:/usr/share/zsh/functions/Completion/AIX:/usr/share/zsh/functions/Completion/BSD:/usr/share/zsh/functions/Completion/Base:/usr/share/zsh/functions/Completion/Cygwin:/usr/share/zsh/functions/Completion/Darwin:/usr/share/zsh/functions/Completion/Debian:/usr/share/zsh/functions/Completion/Linux:/usr/share/zsh/functions/Completion/Mandriva:/usr/share/zsh/functions/Completion/Redhat:/usr/share/zsh/functions/Completion/Solaris:/usr/share/zsh/functions/Completion/Unix:/usr/share/zsh/functions/Completion/X:/usr/share/zsh/functions/Completion/Zsh:/usr/share/zsh/functions/Completion/openSUSE:/usr/share/zsh/functions/Exceptions:/usr/share/zsh/functions/MIME:/usr/share/zsh/functions/Math:/usr/share/zsh/functions/Misc:/usr/share/zsh/functions/Newuser:/usr/share/zsh/functions/Prompts:/usr/share/zsh/functions/TCP:/usr/share/zsh/functions/VCS_Info:/usr/share/zsh/functions/VCS_Info/Backends:/usr/share/zsh/functions/Zftp:/usr/share/zsh/functions/Zle:/home/artscript/.zplug/repos/zsh-users/zsh-completions/src', 'ZPLUG_BIN': '/home/artscript/.zplug/bin', 'ROS_PYTHON_VERSION': '3', 'MANAGERPID': '1811', '_ZPLUG_VERSION': '2.4.2', 'ZPLUG_SUDO_PASSWORD': '', 'DBUS_SESSION_BUS_ADDRESS': 'unix:path=/run/user/1000/bus', 'P9K_TTY': 'old', 'ZPLUG_HOME': '/home/artscript/.zplug', 'COLORTERM': 'truecolor', 'ZPLUG_FILTER': 'fzf-tmux:fzf:peco:percol:fzy:zaw', 'NVM_DIR': '/home/artscript/.nvm', 'IM_CONFIG_PHASE': '1', 'MANDATORY_PATH': '/usr/share/gconf/ubuntu.mandatory.path', 'https_proxy': 'http://192.168.43.19:7890/', 'ROS_DISTRO': 'foxy', 'LOGNAME': 'artscript', 'PERIOD': '30', '_ZPLUG_URL': 'https://github.com/zplug/zplug', 'http_proxy': 'http://192.168.43.19:7890/', '_': '/usr/bin/colcon', 'JOURNAL_STREAM': '8:58797', 'DEFAULTS_PATH': '/usr/share/gconf/ubuntu.default.path', 'XDG_SESSION_CLASS': 'user', 'ZPLUG_LOADFILE': '/home/artscript/.zplug/packages.zsh', 'ROS_VERSION': '2', 'USERNAME': 'artscript', 'TERM': 'xterm-256color', '_ZPLUG_CONFIG_SUBSHELL': ':', 'GNOME_DESKTOP_SESSION_ID': 'this-is-deprecated', 'ZPLUG_LOG_LOAD_SUCCESS': 'false', 'ROS_LOCALHOST_ONLY': '0', 'WINDOWPATH': '2', 'PATH': '/home/artscript/.zplug/bin:/home/artscript/bin:/usr/local/bin:/opt/ros/foxy/bin:/usr/local/sbin:/usr/sbin:/usr/bin:/sbin:/bin:/usr/games:/usr/local/games:/snap/bin', 'SESSION_MANAGER': 'local/ubuntu:@/tmp/.ICE-unix/2029,unix/ubuntu:/tmp/.ICE-unix/2029', 'INVOCATION_ID': '615e25e5b29547238f4d9c0c34f85ad3', 'ZPLUG_CACHE_DIR': '/home/artscript/.zplug/cache', 'GNOME_TERMINAL_SCREEN': '/org/gnome/Terminal/screen/2adf53d3_0e6e_43a5_83a3_99f657d8289a', 'XDG_MENU_PREFIX': 'gnome-', 'XDG_RUNTIME_DIR': '/run/user/1000', '_ZPLUG_OHMYZSH': 'robbyrussell/oh-my-zsh', '_ZPLUG_PREZTO': 'sorin-ionescu/prezto', 'DISPLAY': ':0', 'XDG_CURRENT_DESKTOP': 'ubuntu:GNOME', 'LANG': 'en_US.UTF-8', 'XDG_SESSION_DESKTOP': 'ubuntu', 'GNOME_TERMINAL_SERVICE': ':1.233', 'XMODIFIERS': '@im=ibus', 'XAUTHORITY': '/run/user/1000/gdm/Xauthority', 'SSH_AUTH_SOCK': '/run/user/1000/keyring/ssh', 'AMENT_PREFIX_PATH': '/opt/ros/foxy', 'SHELL': '/usr/bin/zsh', '_ZPLUG_AWKPATH': '/home/artscript/.zplug/misc/contrib', 'QT_ACCESSIBILITY': '1', 'GDMSESSION': 'ubuntu', 'ZPLUG_PROTOCOL': 'HTTPS', 'ZPLUG_REPOS': '/home/artscript/.zplug/repos', 'GPG_AGENT_INFO': '/run/user/1000/gnupg/S.gpg-agent:0:1', 'P9K_SSH': '0', 'QT_IM_MODULE': 'ibus', 'PWD': '/home/artscript/Desktop/WorkSpace/MagnentoROBO/magnentorobo_ros2/build/camera_usb_pkg', 'XDG_CONFIG_DIRS': '/etc/xdg/xdg-ubuntu:/etc/xdg', 'XDG_DATA_DIRS': '/usr/share/ubuntu:/usr/local/share/:/usr/share/:/var/lib/snapd/desktop', '_P9K_TTY': '/dev/pts/0', 'HTTP_PROXY': 'http://192.168.43.19:7890/', 'ZPLUG_USE_CACHE': 'true', 'PYTHONPATH': '/home/artscript/Desktop/WorkSpace/MagnentoROBO/magnentorobo_ros2/install/camera_usb_pkg/lib/python3.8/site-packages:/opt/ros/foxy/lib/python3.8/site-packages', 'COLCON': '1', 'VTE_VERSION': '6003', 'ZPLUG_ROOT': '/home/artscript/.zplug'}, 'shell': False}
[0.299154] (-) TimerEvent: {}
[0.400428] (-) TimerEvent: {}
[0.434305] (camera_usb_pkg) StdoutLine: {'line': b'running egg_info\n'}
[0.434818] (camera_usb_pkg) StdoutLine: {'line': b'writing ../../build/camera_usb_pkg/camera_usb_pkg.egg-info/PKG-INFO\n'}
[0.435230] (camera_usb_pkg) StdoutLine: {'line': b'writing dependency_links to ../../build/camera_usb_pkg/camera_usb_pkg.egg-info/dependency_links.txt\n'}
[0.435904] (camera_usb_pkg) StdoutLine: {'line': b'writing entry points to ../../build/camera_usb_pkg/camera_usb_pkg.egg-info/entry_points.txt\n'}
[0.436028] (camera_usb_pkg) StdoutLine: {'line': b'writing requirements to ../../build/camera_usb_pkg/camera_usb_pkg.egg-info/requires.txt\n'}
[0.436090] (camera_usb_pkg) StdoutLine: {'line': b'writing top-level names to ../../build/camera_usb_pkg/camera_usb_pkg.egg-info/top_level.txt\n'}
[0.463952] (camera_usb_pkg) StdoutLine: {'line': b"reading manifest file '../../build/camera_usb_pkg/camera_usb_pkg.egg-info/SOURCES.txt'\n"}
[0.464585] (camera_usb_pkg) StdoutLine: {'line': b"writing manifest file '../../build/camera_usb_pkg/camera_usb_pkg.egg-info/SOURCES.txt'\n"}
[0.464804] (camera_usb_pkg) StdoutLine: {'line': b'running build\n'}
[0.464927] (camera_usb_pkg) StdoutLine: {'line': b'running build_py\n'}
[0.465089] (camera_usb_pkg) StdoutLine: {'line': b'running install\n'}
[0.465759] (camera_usb_pkg) StdoutLine: {'line': b'running install_lib\n'}
[0.467406] (camera_usb_pkg) StdoutLine: {'line': b'running install_data\n'}
[0.467532] (camera_usb_pkg) StdoutLine: {'line': b'running install_egg_info\n'}
[0.468451] (camera_usb_pkg) StdoutLine: {'line': b"removing '/home/artscript/Desktop/WorkSpace/MagnentoROBO/magnentorobo_ros2/install/camera_usb_pkg/lib/python3.8/site-packages/camera_usb_pkg-0.0.0-py3.8.egg-info' (and everything under it)\n"}
[0.468864] (camera_usb_pkg) StdoutLine: {'line': b'Copying ../../build/camera_usb_pkg/camera_usb_pkg.egg-info to /home/artscript/Desktop/WorkSpace/MagnentoROBO/magnentorobo_ros2/install/camera_usb_pkg/lib/python3.8/site-packages/camera_usb_pkg-0.0.0-py3.8.egg-info\n'}
[0.469932] (camera_usb_pkg) StdoutLine: {'line': b'running install_scripts\n'}
[0.485704] (camera_usb_pkg) StdoutLine: {'line': b'Installing camera_pub_node script to /home/artscript/Desktop/WorkSpace/MagnentoROBO/magnentorobo_ros2/install/camera_usb_pkg/lib/camera_usb_pkg\n'}
[0.486075] (camera_usb_pkg) StdoutLine: {'line': b'Installing camera_sub_node script to /home/artscript/Desktop/WorkSpace/MagnentoROBO/magnentorobo_ros2/install/camera_usb_pkg/lib/camera_usb_pkg\n'}
[0.486569] (camera_usb_pkg) StdoutLine: {'line': b"writing list of installed files to '/home/artscript/Desktop/WorkSpace/MagnentoROBO/magnentorobo_ros2/build/camera_usb_pkg/install.log'\n"}
[0.500649] (-) TimerEvent: {}
[0.504635] (camera_usb_pkg) CommandEnded: {'returncode': 0}
[0.514493] (camera_usb_pkg) JobEnded: {'identifier': 'camera_usb_pkg', 'rc': 0}
[0.515224] (-) EventReactorShutdown: {}
