[0.000000] (-) TimerEvent: {}
[0.000892] (-) JobUnselected: {'identifier': 'artscript_main'}
[0.001253] (-) JobUnselected: {'identifier': 'camera_usb_pkg'}
[0.001327] (-) JobUnselected: {'identifier': 'imu_usb_pkg'}
[0.001393] (-) JobUnselected: {'identifier': 'mcu_usb_pkg'}
[0.003113] (-) JobUnselected: {'identifier': 'servo_pwm_pkg'}
[0.003270] (artscript_interfaces) JobQueued: {'identifier': 'artscript_interfaces', 'dependencies': OrderedDict()}
[0.003317] (artscript_interfaces) JobStarted: {'identifier': 'artscript_interfaces'}
[0.016582] (artscript_interfaces) JobProgress: {'identifier': 'artscript_interfaces', 'progress': 'cmake'}
[0.016683] (artscript_interfaces) Command: {'cmd': ['/usr/bin/cmake', '/home/artscript/Desktop/WorkSpace/MagnentoROBO/magnentorobo_ros2/src/artscript_interfaces', '-DCMAKE_INSTALL_PREFIX=/home/artscript/Desktop/WorkSpace/MagnentoROBO/magnentorobo_ros2/install/artscript_interfaces'], 'cwd': '/home/artscript/Desktop/WorkSpace/MagnentoROBO/magnentorobo_ros2/build/artscript_interfaces', 'env': OrderedDict([('GJS_DEBUG_TOPICS', 'JS ERROR;JS LOG'), ('ZPLUG_ERROR_LOG', '/home/artscript/.zplug/.error_log'), ('USER', 'artscript'), ('ZPLUG_LOG_LOAD_FAILURE', 'false'), ('ZPLUG_THREADS', '16'), ('SSH_AGENT_PID', '1952'), ('XDG_SESSION_TYPE', 'x11'), ('GIT_ASKPASS', '/usr/share/code/resources/app/extensions/git/dist/askpass.sh'), ('SHLVL', '1'), ('LD_LIBRARY_PATH', '/home/artscript/Desktop/WorkSpace/MagnentoROBO/magnentorobo_ros2/install/artscript_interfaces/lib:/opt/ros/foxy/opt/yaml_cpp_vendor/lib:/opt/ros/foxy/opt/rviz_ogre_vendor/lib:/opt/ros/foxy/lib/x86_64-linux-gnu:/opt/ros/foxy/lib'), ('HOME', '/home/artscript'), ('CHROME_DESKTOP', 'code-url-handler.desktop'), ('OLDPWD', '/home/artscript/Desktop/WorkSpace/MagnentoROBO/magnentorobo_ros2/src'), ('CYCLONEDDS_URI', 'file:///home/artscript/cyclonedds.xml'), ('DESKTOP_SESSION', 'ubuntu'), ('TERM_PROGRAM_VERSION', '1.62.3'), ('GIO_LAUNCHED_DESKTOP_FILE', '/usr/share/applications/code.desktop'), ('ZSH', '/home/artscript/.oh-my-zsh'), ('GTK_MODULES', 'gail:atk-bridge'), ('GNOME_SHELL_SESSION_MODE', 'ubuntu'), ('FPATH', '/home/artscript/.zplug/misc/completions:/home/artscript/.zplug/base/sources:/home/artscript/.zplug/autoload:/home/artscript/.zplug/base/utils:/home/artscript/.zplug/base/job:/home/artscript/.zplug/base/log:/home/artscript/.zplug/base/io:/home/artscript/.zplug/base/core:/home/artscript/.zplug/base/base:/home/artscript/.zplug/autoload/commands:/home/artscript/.zplug/autoload/options:/home/artscript/.zplug/autoload/tags:/usr/local/share/zsh/site-functions:/usr/share/zsh/vendor-functions:/usr/share/zsh/vendor-completions:/usr/share/zsh/functions/Calendar:/usr/share/zsh/functions/Chpwd:/usr/share/zsh/functions/Completion:/usr/share/zsh/functions/Completion/AIX:/usr/share/zsh/functions/Completion/BSD:/usr/share/zsh/functions/Completion/Base:/usr/share/zsh/functions/Completion/Cygwin:/usr/share/zsh/functions/Completion/Darwin:/usr/share/zsh/functions/Completion/Debian:/usr/share/zsh/functions/Completion/Linux:/usr/share/zsh/functions/Completion/Mandriva:/usr/share/zsh/functions/Completion/Redhat:/usr/share/zsh/functions/Completion/Solaris:/usr/share/zsh/functions/Completion/Unix:/usr/share/zsh/functions/Completion/X:/usr/share/zsh/functions/Completion/Zsh:/usr/share/zsh/functions/Completion/openSUSE:/usr/share/zsh/functions/Exceptions:/usr/share/zsh/functions/MIME:/usr/share/zsh/functions/Math:/usr/share/zsh/functions/Misc:/usr/share/zsh/functions/Newuser:/usr/share/zsh/functions/Prompts:/usr/share/zsh/functions/TCP:/usr/share/zsh/functions/VCS_Info:/usr/share/zsh/functions/VCS_Info/Backends:/usr/share/zsh/functions/Zftp:/usr/share/zsh/functions/Zle:/home/artscript/.zplug/repos/zsh-users/zsh-completions/src'), ('ZPLUG_BIN', '/home/artscript/.zplug/bin'), ('ROS_PYTHON_VERSION', '3'), ('VSCODE_GIT_ASKPASS_MAIN', '/usr/share/code/resources/app/extensions/git/dist/askpass-main.js'), ('MANAGERPID', '1775'), ('_ZPLUG_VERSION', '2.4.2'), ('VSCODE_GIT_ASKPASS_NODE', '/usr/share/code/code'), ('DBUS_SESSION_BUS_ADDRESS', 'unix:path=/run/user/1000/bus'), ('ZPLUG_HOME', '/home/artscript/.zplug'), ('P9K_TTY', 'old'), ('GIO_LAUNCHED_DESKTOP_FILE_PID', '8093'), ('ZPLUG_FILTER', 'fzf-tmux:fzf:peco:percol:fzy:zaw'), ('COLORTERM', 'truecolor'), ('NVM_DIR', '/home/artscript/.nvm'), ('IM_CONFIG_PHASE', '1'), ('MANDATORY_PATH', '/usr/share/gconf/ubuntu.mandatory.path'), ('ROS_DISTRO', 'foxy'), ('COLCON_PREFIX_PATH', '/home/artscript/Desktop/WorkSpace/MagnentoROBO/magnentorobo_ros2/install'), ('LOGNAME', 'artscript'), ('PERIOD', '30'), ('_ZPLUG_URL', 'https://github.com/zplug/zplug'), ('_', '/usr/bin/colcon'), ('JOURNAL_STREAM', '8:59646'), ('DEFAULTS_PATH', '/usr/share/gconf/ubuntu.default.path'), ('XDG_SESSION_CLASS', 'user'), ('ZPLUG_LOADFILE', '/home/artscript/.zplug/packages.zsh'), ('ROS_VERSION', '2'), ('USERNAME', 'artscript'), ('_ZPLUG_CONFIG_SUBSHELL', ':'), ('TERM', 'xterm-256color'), ('GNOME_DESKTOP_SESSION_ID', 'this-is-deprecated'), ('ZPLUG_LOG_LOAD_SUCCESS', 'false'), ('ROS_LOCALHOST_ONLY', '0'), ('WINDOWPATH', '2'), ('PATH', '/home/artscript/.zplug/bin:/home/artscript/bin:/usr/local/bin:/opt/ros/foxy/bin:/home/artscript/.local/bin:/usr/local/sbin:/usr/sbin:/usr/bin:/sbin:/bin:/usr/games:/usr/local/games:/snap/bin'), ('SESSION_MANAGER', 'local/ubuntu:@/tmp/.ICE-unix/1987,unix/ubuntu:/tmp/.ICE-unix/1987'), ('INVOCATION_ID', 'c47273450aac49b391edf2646aeaf23a'), ('ZPLUG_CACHE_DIR', '/home/artscript/.zplug/cache'), ('XDG_RUNTIME_DIR', '/run/user/1000'), ('XDG_MENU_PREFIX', 'gnome-'), ('GDK_BACKEND', 'x11'), ('_ZPLUG_OHMYZSH', 'robbyrussell/oh-my-zsh'), ('_ZPLUG_PREZTO', 'sorin-ionescu/prezto'), ('DISPLAY', ':0'), ('LANG', 'en_US.UTF-8'), ('XDG_CURRENT_DESKTOP', 'Unity'), ('RMW_IMPLEMENTATION', 'rmw_cyclonedds_cpp'), ('XAUTHORITY', '/run/user/1000/gdm/Xauthority'), ('XDG_SESSION_DESKTOP', 'ubuntu'), ('XMODIFIERS', '@im=ibus'), ('TERM_PROGRAM', 'vscode'), ('VSCODE_GIT_IPC_HANDLE', '/run/user/1000/vscode-git-ec08b25829.sock'), ('SSH_AUTH_SOCK', '/run/user/1000/keyring/ssh'), ('ORIGINAL_XDG_CURRENT_DESKTOP', 'ubuntu:GNOME'), ('AMENT_PREFIX_PATH', '/home/artscript/Desktop/WorkSpace/MagnentoROBO/magnentorobo_ros2/install/strain_gpio_pkg:/home/artscript/Desktop/WorkSpace/MagnentoROBO/magnentorobo_ros2/install/servo_pwm_pkg:/home/artscript/Desktop/WorkSpace/MagnentoROBO/magnentorobo_ros2/install/infrared_gpio_pkg:/home/artscript/Desktop/WorkSpace/MagnentoROBO/magnentorobo_ros2/install/artscript_main:/home/artscript/Desktop/WorkSpace/MagnentoROBO/magnentorobo_ros2/install/artscript_interfaces:/home/artscript/Desktop/WorkSpace/MagnentoROBO/magnentorobo_ros2/install/ARTScript_pkg:/home/artscript/Desktop/WorkSpace/MagnentoROBO/magnentorobo_ros2/install/imu_usb_pkg:/home/artscript/Desktop/WorkSpace/MagnentoROBO/magnentorobo_ros2/install/camera_usb_pkg:/opt/ros/foxy'), ('SHELL', '/usr/bin/zsh'), ('_ZPLUG_AWKPATH', '/home/artscript/.zplug/misc/contrib'), ('QT_ACCESSIBILITY', '1'), ('GDMSESSION', 'ubuntu'), ('ZPLUG_PROTOCOL', 'HTTPS'), ('ZPLUG_REPOS', '/home/artscript/.zplug/repos'), ('GPG_AGENT_INFO', '/run/user/1000/gnupg/S.gpg-agent:0:1'), ('GJS_DEBUG_OUTPUT', 'stderr'), ('P9K_SSH', '0'), ('QT_IM_MODULE', 'ibus'), ('VSCODE_GIT_ASKPASS_EXTRA_ARGS', '--ms-enable-electron-run-as-node'), ('PWD', '/home/artscript/Desktop/WorkSpace/MagnentoROBO/magnentorobo_ros2/build/artscript_interfaces'), ('XDG_DATA_DIRS', '/usr/share/ubuntu:/usr/local/share/:/usr/share/:/var/lib/snapd/desktop'), ('XDG_CONFIG_DIRS', '/etc/xdg/xdg-ubuntu:/etc/xdg'), ('_P9K_TTY', '/dev/pts/1'), ('ZPLUG_USE_CACHE', 'true'), ('PYTHONPATH', '/home/artscript/Desktop/WorkSpace/MagnentoROBO/magnentorobo_ros2/install/artscript_interfaces/lib/python3.8/site-packages:/home/artscript/Desktop/WorkSpace/MagnentoROBO/magnentorobo_ros2/install/strain_gpio_pkg/lib/python3.8/site-packages:/home/artscript/Desktop/WorkSpace/MagnentoROBO/magnentorobo_ros2/install/servo_pwm_pkg/lib/python3.8/site-packages:/home/artscript/Desktop/WorkSpace/MagnentoROBO/magnentorobo_ros2/install/infrared_gpio_pkg/lib/python3.8/site-packages:/home/artscript/Desktop/WorkSpace/MagnentoROBO/magnentorobo_ros2/install/artscript_main/lib/python3.8/site-packages:/home/artscript/Desktop/WorkSpace/MagnentoROBO/magnentorobo_ros2/install/ARTScript_pkg/lib/python3.8/site-packages:/home/artscript/Desktop/WorkSpace/MagnentoROBO/magnentorobo_ros2/install/imu_usb_pkg/lib/python3.8/site-packages:/home/artscript/Desktop/WorkSpace/MagnentoROBO/magnentorobo_ros2/install/camera_usb_pkg/lib/python3.8/site-packages:/opt/ros/foxy/lib/python3.8/site-packages'), ('BREAKPAD_DUMP_LOCATION', '/home/artscript/.config/Code/exthost Crash Reports'), ('COLCON', '1'), ('ZPLUG_ROOT', '/home/artscript/.zplug'), ('CMAKE_PREFIX_PATH', '/home/artscript/Desktop/WorkSpace/MagnentoROBO/magnentorobo_ros2/install/artscript_interfaces:/home/artscript/Desktop/WorkSpace/MagnentoROBO/magnentorobo_ros2/install/strain_gpio_pkg:/home/artscript/Desktop/WorkSpace/MagnentoROBO/magnentorobo_ros2/install/servo_pwm_pkg:/home/artscript/Desktop/WorkSpace/MagnentoROBO/magnentorobo_ros2/install/infrared_gpio_pkg:/home/artscript/Desktop/WorkSpace/MagnentoROBO/magnentorobo_ros2/install/artscript_main:/home/artscript/Desktop/WorkSpace/MagnentoROBO/magnentorobo_ros2/install/ARTScript_pkg:/home/artscript/Desktop/WorkSpace/MagnentoROBO/magnentorobo_ros2/install/imu_usb_pkg:/home/artscript/Desktop/WorkSpace/MagnentoROBO/magnentorobo_ros2/install/camera_usb_pkg:/opt/ros/foxy')]), 'shell': False}
[0.048465] (artscript_interfaces) StderrLine: {'line': b'CMake Warning (dev) at CMakeLists.txt:26:\n'}
[0.048765] (artscript_interfaces) StderrLine: {'line': b'  Syntax Warning in cmake code at column 16\n'}
[0.048960] (artscript_interfaces) StderrLine: {'line': b'\n'}
[0.049100] (artscript_interfaces) StderrLine: {'line': b'  Argument not separated from preceding token by whitespace.\n'}
[0.049185] (artscript_interfaces) StderrLine: {'line': b'This warning is for project developers.  Use -Wno-dev to suppress it.\n'}
[0.049243] (artscript_interfaces) StderrLine: {'line': b'\n'}
[0.098844] (-) TimerEvent: {}
[0.105333] (artscript_interfaces) StdoutLine: {'line': b'-- The C compiler identification is GNU 9.3.0\n'}
[0.160889] (artscript_interfaces) StdoutLine: {'line': b'-- The CXX compiler identification is GNU 9.3.0\n'}
[0.165168] (artscript_interfaces) StdoutLine: {'line': b'-- Check for working C compiler: /usr/bin/cc\n'}
[0.198974] (-) TimerEvent: {}
[0.232228] (artscript_interfaces) StdoutLine: {'line': b'-- Check for working C compiler: /usr/bin/cc -- works\n'}
[0.232458] (artscript_interfaces) StdoutLine: {'line': b'-- Detecting C compiler ABI info\n'}
[0.298818] (artscript_interfaces) StdoutLine: {'line': b'-- Detecting C compiler ABI info - done\n'}
[0.299044] (-) TimerEvent: {}
[0.302275] (artscript_interfaces) StdoutLine: {'line': b'-- Detecting C compile features\n'}
[0.302505] (artscript_interfaces) StdoutLine: {'line': b'-- Detecting C compile features - done\n'}
[0.307239] (artscript_interfaces) StdoutLine: {'line': b'-- Check for working CXX compiler: /usr/bin/c++\n'}
[0.374963] (artscript_interfaces) StdoutLine: {'line': b'-- Check for working CXX compiler: /usr/bin/c++ -- works\n'}
[0.376003] (artscript_interfaces) StdoutLine: {'line': b'-- Detecting CXX compiler ABI info\n'}
[0.399604] (-) TimerEvent: {}
[0.446986] (artscript_interfaces) StdoutLine: {'line': b'-- Detecting CXX compiler ABI info - done\n'}
[0.457574] (artscript_interfaces) StdoutLine: {'line': b'-- Detecting CXX compile features\n'}
[0.458523] (artscript_interfaces) StdoutLine: {'line': b'-- Detecting CXX compile features - done\n'}
[0.460524] (artscript_interfaces) StdoutLine: {'line': b'-- Found ament_cmake: 0.9.9 (/opt/ros/foxy/share/ament_cmake/cmake)\n'}
[0.483198] (artscript_interfaces) StdoutLine: {'line': b'-- Found PythonInterp: /usr/bin/python3 (found suitable version "3.8.10", minimum required is "3") \n'}
[0.483421] (artscript_interfaces) StdoutLine: {'line': b'-- Using PYTHON_EXECUTABLE: /usr/bin/python3\n'}
[0.500312] (-) TimerEvent: {}
[0.601023] (-) TimerEvent: {}
[0.650275] (artscript_interfaces) StdoutLine: {'line': b'-- Found rosidl_default_generators: 1.0.1 (/opt/ros/foxy/share/rosidl_default_generators/cmake)\n'}
[0.653700] (artscript_interfaces) StdoutLine: {'line': b'-- Using all available rosidl_typesupport_c: rosidl_typesupport_fastrtps_c;rosidl_typesupport_introspection_c\n'}
[0.658347] (artscript_interfaces) StdoutLine: {'line': b'-- Found rosidl_adapter: 1.2.1 (/opt/ros/foxy/share/rosidl_adapter/cmake)\n'}
[0.701282] (-) TimerEvent: {}
[0.740657] (artscript_interfaces) StdoutLine: {'line': b'-- Found OpenSSL: /usr/lib/x86_64-linux-gnu/libcrypto.so (found version "1.1.1f")  \n'}
[0.762304] (artscript_interfaces) StdoutLine: {'line': b'-- Found FastRTPS: /opt/ros/foxy/include  \n'}
[0.801878] (-) TimerEvent: {}
[0.823255] (artscript_interfaces) StdoutLine: {'line': b'-- Using all available rosidl_typesupport_cpp: rosidl_typesupport_fastrtps_cpp;rosidl_typesupport_introspection_cpp\n'}
[0.843621] (artscript_interfaces) StderrLine: {'line': b'CMake Error at /opt/ros/foxy/share/rosidl_cmake/cmake/rosidl_generate_interfaces.cmake:93 (message):\n'}
[0.843831] (artscript_interfaces) StderrLine: {'line': b"  rosidl_generate_interfaces() the passed file ',' doesn't exist relative to\n"}
[0.843927] (artscript_interfaces) StderrLine: {'line': b'  the CMAKE_CURRENT_SOURCE_DIR\n'}
[0.844014] (artscript_interfaces) StderrLine: {'line': b"  '/home/artscript/Desktop/WorkSpace/MagnentoROBO/magnentorobo_ros2/src/artscript_interfaces'\n"}
[0.844093] (artscript_interfaces) StderrLine: {'line': b'Call Stack (most recent call first):\n'}
[0.844147] (artscript_interfaces) StderrLine: {'line': b'  CMakeLists.txt:25 (rosidl_generate_interfaces)\n'}
[0.844280] (artscript_interfaces) StderrLine: {'line': b'\n'}
[0.844391] (artscript_interfaces) StderrLine: {'line': b'\n'}
[0.844542] (artscript_interfaces) StdoutLine: {'line': b'-- Configuring incomplete, errors occurred!\n'}
[0.844617] (artscript_interfaces) StdoutLine: {'line': b'See also "/home/artscript/Desktop/WorkSpace/MagnentoROBO/magnentorobo_ros2/build/artscript_interfaces/CMakeFiles/CMakeOutput.log".\n'}
[0.853455] (artscript_interfaces) CommandEnded: {'returncode': 1}
[0.872107] (artscript_interfaces) JobEnded: {'identifier': 'artscript_interfaces', 'rc': 1}
[0.883357] (-) EventReactorShutdown: {}
