[0.020s] Invoking command in '/home/artscript/Desktop/WorkSpace/MagnentoROBO/magnentorobo_ros2/build/artscript_interfaces': CMAKE_PREFIX_PATH=${CMAKE_PREFIX_PATH}:/home/artscript/Desktop/WorkSpace/MagnentoROBO/magnentorobo_ros2/install/mcu_usb_pkg:/opt/ros/foxy /usr/bin/cmake /home/artscript/Desktop/WorkSpace/MagnentoROBO/magnentorobo_ros2/src/artscript_interfaces -DCMAKE_INSTALL_PREFIX=/home/artscript/Desktop/WorkSpace/MagnentoROBO/magnentorobo_ros2/install/artscript_interfaces
[0.039s] -- Found ament_cmake: 0.9.9 (/opt/ros/foxy/share/ament_cmake/cmake)
[0.061s] -- Found PythonInterp: /usr/bin/python3 (found suitable version "3.8.10", minimum required is "3") 
[0.064s] -- Using PYTHON_EXECUTABLE: /usr/bin/python3
[0.263s] -- Found rosidl_default_generators: 1.0.1 (/opt/ros/foxy/share/rosidl_default_generators/cmake)
[0.264s] -- Using all available rosidl_typesupport_c: rosidl_typesupport_fastrtps_c;rosidl_typesupport_introspection_c
[0.267s] -- Found rosidl_adapter: 1.2.1 (/opt/ros/foxy/share/rosidl_adapter/cmake)
[0.397s] -- Using all available rosidl_typesupport_cpp: rosidl_typesupport_fastrtps_cpp;rosidl_typesupport_introspection_cpp
[0.449s] -- Found PythonInterp: /usr/bin/python3 (found version "3.8.10") 
[0.604s] -- Found ament_cmake_ros: 0.9.2 (/opt/ros/foxy/share/ament_cmake_ros/cmake)
[0.708s] -- Using all available rosidl_typesupport_c: rosidl_typesupport_fastrtps_c;rosidl_typesupport_introspection_c
[0.718s] -- Using all available rosidl_typesupport_cpp: rosidl_typesupport_fastrtps_cpp;rosidl_typesupport_introspection_cpp
[0.739s] -- Found PythonInterp: /usr/bin/python3 (found suitable version "3.8.10", minimum required is "3.5") 
[0.740s] -- Found python_cmake_module: 0.8.1 (/opt/ros/foxy/share/python_cmake_module/cmake)
[0.762s] -- Found PythonLibs: /usr/lib/x86_64-linux-gnu/libpython3.8.so (found suitable version "3.8.10", minimum required is "3.5") 
[0.762s] -- Using PYTHON_EXECUTABLE: /usr/bin/python3
[0.762s] -- Using PYTHON_INCLUDE_DIRS: /usr/include/python3.8
[0.762s] -- Using PYTHON_LIBRARIES: /usr/lib/x86_64-linux-gnu/libpython3.8.so
[0.782s] -- Found PythonExtra: .so  
[0.819s] -- Found ament_lint_auto: 0.9.6 (/opt/ros/foxy/share/ament_lint_auto/cmake)
[0.837s] -- Added test 'copyright' to check source files copyright and LICENSE
[0.839s] -- Added test 'lint_cmake' to check CMake code style
[0.840s] -- Added test 'xmllint' to check XML markup files
[0.847s] -- Configuring done
[0.887s] -- Generating done
[0.890s] -- Build files have been written to: /home/artscript/Desktop/WorkSpace/MagnentoROBO/magnentorobo_ros2/build/artscript_interfaces
[0.898s] Invoked command in '/home/artscript/Desktop/WorkSpace/MagnentoROBO/magnentorobo_ros2/build/artscript_interfaces' returned '0': CMAKE_PREFIX_PATH=${CMAKE_PREFIX_PATH}:/home/artscript/Desktop/WorkSpace/MagnentoROBO/magnentorobo_ros2/install/mcu_usb_pkg:/opt/ros/foxy /usr/bin/cmake /home/artscript/Desktop/WorkSpace/MagnentoROBO/magnentorobo_ros2/src/artscript_interfaces -DCMAKE_INSTALL_PREFIX=/home/artscript/Desktop/WorkSpace/MagnentoROBO/magnentorobo_ros2/install/artscript_interfaces
[0.899s] Invoking command in '/home/artscript/Desktop/WorkSpace/MagnentoROBO/magnentorobo_ros2/build/artscript_interfaces': CMAKE_PREFIX_PATH=${CMAKE_PREFIX_PATH}:/home/artscript/Desktop/WorkSpace/MagnentoROBO/magnentorobo_ros2/install/mcu_usb_pkg:/opt/ros/foxy /usr/bin/cmake --build /home/artscript/Desktop/WorkSpace/MagnentoROBO/magnentorobo_ros2/build/artscript_interfaces -- -j4 -l4
[0.955s] [35m[1mScanning dependencies of target artscript_interfaces__cpp[0m
[0.968s] [  1%] [34m[1mGenerating C code for ROS interfaces[0m
[1.000s] [  3%] [34m[1mGenerating C++ code for ROS interfaces[0m
[1.726s] [35m[1mScanning dependencies of target artscript_interfaces__rosidl_generator_c[0m
[1.756s] [  5%] [32mBuilding C object CMakeFiles/artscript_interfaces__rosidl_generator_c.dir/rosidl_generator_c/artscript_interfaces/msg/detail/imu__functions.c.o[0m
[1.777s] [  7%] [32mBuilding C object CMakeFiles/artscript_interfaces__rosidl_generator_c.dir/rosidl_generator_c/artscript_interfaces/msg/detail/infraredstrain__functions.c.o[0m
[1.838s] [  7%] Built target artscript_interfaces__cpp
[1.861s] [  9%] [32mBuilding C object CMakeFiles/artscript_interfaces__rosidl_generator_c.dir/rosidl_generator_c/artscript_interfaces/srv/detail/servo_group__functions.c.o[0m
[1.867s] [ 10%] [34m[1mGenerating C++ introspection for ROS interfaces[0m
[1.881s] [ 12%] [32mBuilding C object CMakeFiles/artscript_interfaces__rosidl_generator_c.dir/rosidl_generator_c/artscript_interfaces/srv/detail/servo_single__functions.c.o[0m
[1.910s] [ 14%] [34m[1mGenerating C++ type support for eProsima Fast-RTPS[0m
[1.977s] [ 16%] [34m[1mGenerating C++ type support dispatch for ROS interfaces[0m
[2.030s] [ 18%] [32m[1mLinking C shared library libartscript_interfaces__rosidl_generator_c.so[0m
[2.223s] [ 18%] Built target artscript_interfaces__rosidl_generator_c
[2.277s] [ 20%] [34m[1mGenerating C introspection for ROS interfaces[0m
[3.022s] [35m[1mScanning dependencies of target artscript_interfaces__rosidl_typesupport_cpp[0m
[3.063s] [ 21%] [32mBuilding CXX object CMakeFiles/artscript_interfaces__rosidl_typesupport_cpp.dir/rosidl_typesupport_cpp/artscript_interfaces/msg/imu__type_support.cpp.o[0m
[3.082s] [35m[1mScanning dependencies of target artscript_interfaces__rosidl_typesupport_introspection_cpp[0m
[3.089s] [35m[1mScanning dependencies of target artscript_interfaces__rosidl_typesupport_fastrtps_cpp[0m
[3.156s] [ 23%] [32mBuilding CXX object CMakeFiles/artscript_interfaces__rosidl_typesupport_introspection_cpp.dir/rosidl_typesupport_introspection_cpp/artscript_interfaces/msg/detail/imu__type_support.cpp.o[0m
[3.159s] [ 25%] [32mBuilding CXX object CMakeFiles/artscript_interfaces__rosidl_typesupport_fastrtps_cpp.dir/rosidl_typesupport_fastrtps_cpp/artscript_interfaces/msg/detail/dds_fastrtps/imu__type_support.cpp.o[0m
[3.433s] [35m[1mScanning dependencies of target artscript_interfaces__rosidl_typesupport_introspection_c[0m
[3.504s] [ 27%] [32mBuilding C object CMakeFiles/artscript_interfaces__rosidl_typesupport_introspection_c.dir/rosidl_typesupport_introspection_c/artscript_interfaces/msg/detail/imu__type_support.c.o[0m
[3.649s] [ 29%] [32mBuilding C object CMakeFiles/artscript_interfaces__rosidl_typesupport_introspection_c.dir/rosidl_typesupport_introspection_c/artscript_interfaces/msg/detail/infraredstrain__type_support.c.o[0m
[3.685s] [ 30%] [32mBuilding CXX object CMakeFiles/artscript_interfaces__rosidl_typesupport_cpp.dir/rosidl_typesupport_cpp/artscript_interfaces/msg/infraredstrain__type_support.cpp.o[0m
[3.701s] [ 32%] [32mBuilding C object CMakeFiles/artscript_interfaces__rosidl_typesupport_introspection_c.dir/rosidl_typesupport_introspection_c/artscript_interfaces/srv/detail/servo_group__type_support.c.o[0m
[3.752s] [ 34%] [32mBuilding CXX object CMakeFiles/artscript_interfaces__rosidl_typesupport_introspection_cpp.dir/rosidl_typesupport_introspection_cpp/artscript_interfaces/msg/detail/infraredstrain__type_support.cpp.o[0m
[3.788s] [ 36%] [32mBuilding C object CMakeFiles/artscript_interfaces__rosidl_typesupport_introspection_c.dir/rosidl_typesupport_introspection_c/artscript_interfaces/srv/detail/servo_single__type_support.c.o[0m
[3.958s] [ 38%] [32m[1mLinking C shared library libartscript_interfaces__rosidl_typesupport_introspection_c.so[0m
[4.088s] [ 38%] Built target artscript_interfaces__rosidl_typesupport_introspection_c
[4.118s] [ 40%] [34m[1mGenerating C type support dispatch for ROS interfaces[0m
[4.148s] [ 41%] [32mBuilding CXX object CMakeFiles/artscript_interfaces__rosidl_typesupport_fastrtps_cpp.dir/rosidl_typesupport_fastrtps_cpp/artscript_interfaces/msg/detail/dds_fastrtps/infraredstrain__type_support.cpp.o[0m
[4.392s] [ 43%] [32mBuilding CXX object CMakeFiles/artscript_interfaces__rosidl_typesupport_introspection_cpp.dir/rosidl_typesupport_introspection_cpp/artscript_interfaces/srv/detail/servo_group__type_support.cpp.o[0m
[4.414s] [ 45%] [32mBuilding CXX object CMakeFiles/artscript_interfaces__rosidl_typesupport_cpp.dir/rosidl_typesupport_cpp/artscript_interfaces/srv/servo_group__type_support.cpp.o[0m
[5.007s] [35m[1mScanning dependencies of target artscript_interfaces__rosidl_typesupport_c[0m
[5.041s] [ 47%] [32mBuilding CXX object CMakeFiles/artscript_interfaces__rosidl_typesupport_c.dir/rosidl_typesupport_c/artscript_interfaces/msg/imu__type_support.cpp.o[0m
[5.238s] [ 49%] [32mBuilding CXX object CMakeFiles/artscript_interfaces__rosidl_typesupport_c.dir/rosidl_typesupport_c/artscript_interfaces/msg/infraredstrain__type_support.cpp.o[0m
[5.320s] [ 52%] [32mBuilding CXX object CMakeFiles/artscript_interfaces__rosidl_typesupport_cpp.dir/rosidl_typesupport_cpp/artscript_interfaces/srv/servo_single__type_support.cpp.o[0m
[5.325s] [ 52%] [32mBuilding CXX object CMakeFiles/artscript_interfaces__rosidl_typesupport_c.dir/rosidl_typesupport_c/artscript_interfaces/srv/servo_group__type_support.cpp.o[0m
[5.395s] [ 54%] [32mBuilding CXX object CMakeFiles/artscript_interfaces__rosidl_typesupport_c.dir/rosidl_typesupport_c/artscript_interfaces/srv/servo_single__type_support.cpp.o[0m
[5.419s] [ 56%] [32mBuilding CXX object CMakeFiles/artscript_interfaces__rosidl_typesupport_fastrtps_cpp.dir/rosidl_typesupport_fastrtps_cpp/artscript_interfaces/srv/detail/dds_fastrtps/servo_group__type_support.cpp.o[0m
[5.466s] [ 58%] [32m[1mLinking CXX shared library libartscript_interfaces__rosidl_typesupport_c.so[0m
[5.493s] [ 60%] [32mBuilding CXX object CMakeFiles/artscript_interfaces__rosidl_typesupport_introspection_cpp.dir/rosidl_typesupport_introspection_cpp/artscript_interfaces/srv/detail/servo_single__type_support.cpp.o[0m
[5.574s] [ 60%] Built target artscript_interfaces__rosidl_typesupport_c
[5.597s] [ 61%] [32mBuilding CXX object CMakeFiles/artscript_interfaces__rosidl_typesupport_fastrtps_cpp.dir/rosidl_typesupport_fastrtps_cpp/artscript_interfaces/srv/detail/dds_fastrtps/servo_single__type_support.cpp.o[0m
[6.660s] [ 63%] [32m[1mLinking CXX shared library libartscript_interfaces__rosidl_typesupport_cpp.so[0m
[6.730s] [ 63%] Built target artscript_interfaces__rosidl_typesupport_cpp
[6.929s] [ 65%] [32m[1mLinking CXX shared library libartscript_interfaces__rosidl_typesupport_introspection_cpp.so[0m
[7.161s] [ 65%] Built target artscript_interfaces__rosidl_typesupport_introspection_cpp
[7.174s] [ 67%] [32m[1mLinking CXX shared library libartscript_interfaces__rosidl_typesupport_fastrtps_cpp.so[0m
[7.297s] [ 67%] Built target artscript_interfaces__rosidl_typesupport_fastrtps_cpp
[7.308s] [ 69%] [34m[1mGenerating C type support for eProsima Fast-RTPS[0m
[7.707s] [35m[1mScanning dependencies of target artscript_interfaces__rosidl_typesupport_fastrtps_c[0m
[7.731s] [ 70%] [32mBuilding CXX object CMakeFiles/artscript_interfaces__rosidl_typesupport_fastrtps_c.dir/rosidl_typesupport_fastrtps_c/artscript_interfaces/msg/detail/imu__type_support_c.cpp.o[0m
[7.740s] [ 72%] [32mBuilding CXX object CMakeFiles/artscript_interfaces__rosidl_typesupport_fastrtps_c.dir/rosidl_typesupport_fastrtps_c/artscript_interfaces/srv/detail/servo_single__type_support_c.cpp.o[0m
[7.745s] [ 76%] [32mBuilding CXX object CMakeFiles/artscript_interfaces__rosidl_typesupport_fastrtps_c.dir/rosidl_typesupport_fastrtps_c/artscript_interfaces/srv/detail/servo_group__type_support_c.cpp.o[0m
[7.747s] [ 76%] [32mBuilding CXX object CMakeFiles/artscript_interfaces__rosidl_typesupport_fastrtps_c.dir/rosidl_typesupport_fastrtps_c/artscript_interfaces/msg/detail/infraredstrain__type_support_c.cpp.o[0m
[8.652s] [ 78%] [32m[1mLinking CXX shared library libartscript_interfaces__rosidl_typesupport_fastrtps_c.so[0m
[8.757s] [ 78%] Built target artscript_interfaces__rosidl_typesupport_fastrtps_c
[8.782s] [35m[1mScanning dependencies of target artscript_interfaces[0m
[8.805s] [ 78%] Built target artscript_interfaces
[8.815s] [35m[1mScanning dependencies of target artscript_interfaces__py[0m
[8.826s] [ 80%] [34m[1mGenerating Python code for ROS interfaces[0m
[9.602s] [ 80%] Built target artscript_interfaces__py
[9.612s] [35m[1mScanning dependencies of target artscript_interfaces__python[0m
[9.641s] [ 81%] [32mBuilding C object CMakeFiles/artscript_interfaces__python.dir/rosidl_generator_py/artscript_interfaces/msg/_imu_s.c.o[0m
[9.650s] [ 85%] [32mBuilding C object CMakeFiles/artscript_interfaces__python.dir/rosidl_generator_py/artscript_interfaces/srv/_servo_group_s.c.o[0m
[9.651s] [ 85%] [32mBuilding C object CMakeFiles/artscript_interfaces__python.dir/rosidl_generator_py/artscript_interfaces/msg/_infraredstrain_s.c.o[0m
[9.656s] [ 87%] [32mBuilding C object CMakeFiles/artscript_interfaces__python.dir/rosidl_generator_py/artscript_interfaces/srv/_servo_single_s.c.o[0m
[9.833s] [ 89%] [32m[1mLinking C shared library rosidl_generator_py/artscript_interfaces/libartscript_interfaces__python.so[0m
[9.893s] [ 89%] Built target artscript_interfaces__python
[9.909s] [35m[1mScanning dependencies of target artscript_interfaces__rosidl_typesupport_introspection_c__pyext[0m
[9.926s] [35m[1mScanning dependencies of target artscript_interfaces__rosidl_typesupport_fastrtps_c__pyext[0m
[9.930s] [35m[1mScanning dependencies of target artscript_interfaces__rosidl_typesupport_c__pyext[0m
[9.963s] [ 90%] [32mBuilding C object CMakeFiles/artscript_interfaces__rosidl_typesupport_introspection_c__pyext.dir/rosidl_generator_py/artscript_interfaces/_artscript_interfaces_s.ep.rosidl_typesupport_introspection_c.c.o[0m
[9.965s] [ 92%] [32mBuilding C object CMakeFiles/artscript_interfaces__rosidl_typesupport_c__pyext.dir/rosidl_generator_py/artscript_interfaces/_artscript_interfaces_s.ep.rosidl_typesupport_c.c.o[0m
[9.989s] [ 94%] [32mBuilding C object CMakeFiles/artscript_interfaces__rosidl_typesupport_fastrtps_c__pyext.dir/rosidl_generator_py/artscript_interfaces/_artscript_interfaces_s.ep.rosidl_typesupport_fastrtps_c.c.o[0m
[10.159s] [ 96%] [32m[1mLinking CXX shared library rosidl_generator_py/artscript_interfaces/artscript_interfaces_s__rosidl_typesupport_fastrtps_c.cpython-38-x86_64-linux-gnu.so[0m
[10.170s] [ 98%] [32m[1mLinking C shared library rosidl_generator_py/artscript_interfaces/artscript_interfaces_s__rosidl_typesupport_introspection_c.cpython-38-x86_64-linux-gnu.so[0m
[10.177s] [100%] [32m[1mLinking C shared library rosidl_generator_py/artscript_interfaces/artscript_interfaces_s__rosidl_typesupport_c.cpython-38-x86_64-linux-gnu.so[0m
[10.260s] [100%] Built target artscript_interfaces__rosidl_typesupport_introspection_c__pyext
[10.271s] [100%] Built target artscript_interfaces__rosidl_typesupport_c__pyext
[10.284s] [100%] Built target artscript_interfaces__rosidl_typesupport_fastrtps_c__pyext
[10.323s] Invoked command in '/home/artscript/Desktop/WorkSpace/MagnentoROBO/magnentorobo_ros2/build/artscript_interfaces' returned '0': CMAKE_PREFIX_PATH=${CMAKE_PREFIX_PATH}:/home/artscript/Desktop/WorkSpace/MagnentoROBO/magnentorobo_ros2/install/mcu_usb_pkg:/opt/ros/foxy /usr/bin/cmake --build /home/artscript/Desktop/WorkSpace/MagnentoROBO/magnentorobo_ros2/build/artscript_interfaces -- -j4 -l4
[10.567s] Invoking command in '/home/artscript/Desktop/WorkSpace/MagnentoROBO/magnentorobo_ros2/build/artscript_interfaces': CMAKE_PREFIX_PATH=${CMAKE_PREFIX_PATH}:/home/artscript/Desktop/WorkSpace/MagnentoROBO/magnentorobo_ros2/install/mcu_usb_pkg:/opt/ros/foxy /usr/bin/cmake --install /home/artscript/Desktop/WorkSpace/MagnentoROBO/magnentorobo_ros2/build/artscript_interfaces
[10.599s] -- Install configuration: ""
[10.600s] -- Installing: /home/artscript/Desktop/WorkSpace/MagnentoROBO/magnentorobo_ros2/install/artscript_interfaces/share/ament_index/resource_index/rosidl_interfaces/artscript_interfaces
[10.600s] -- Installing: /home/artscript/Desktop/WorkSpace/MagnentoROBO/magnentorobo_ros2/install/artscript_interfaces/include/artscript_interfaces
[10.601s] -- Installing: /home/artscript/Desktop/WorkSpace/MagnentoROBO/magnentorobo_ros2/install/artscript_interfaces/include/artscript_interfaces/msg
[10.601s] -- Installing: /home/artscript/Desktop/WorkSpace/MagnentoROBO/magnentorobo_ros2/install/artscript_interfaces/include/artscript_interfaces/msg/imu.h
[10.601s] -- Installing: /home/artscript/Desktop/WorkSpace/MagnentoROBO/magnentorobo_ros2/install/artscript_interfaces/include/artscript_interfaces/msg/detail
[10.601s] -- Installing: /home/artscript/Desktop/WorkSpace/MagnentoROBO/magnentorobo_ros2/install/artscript_interfaces/include/artscript_interfaces/msg/detail/infraredstrain__functions.c
[10.602s] -- Installing: /home/artscript/Desktop/WorkSpace/MagnentoROBO/magnentorobo_ros2/install/artscript_interfaces/include/artscript_interfaces/msg/detail/infraredstrain__struct.h
[10.602s] -- Installing: /home/artscript/Desktop/WorkSpace/MagnentoROBO/magnentorobo_ros2/install/artscript_interfaces/include/artscript_interfaces/msg/detail/infraredstrain__functions.h
[10.602s] -- Installing: /home/artscript/Desktop/WorkSpace/MagnentoROBO/magnentorobo_ros2/install/artscript_interfaces/include/artscript_interfaces/msg/detail/imu__functions.h
[10.603s] -- Installing: /home/artscript/Desktop/WorkSpace/MagnentoROBO/magnentorobo_ros2/install/artscript_interfaces/include/artscript_interfaces/msg/detail/imu__type_support.h
[10.603s] -- Installing: /home/artscript/Desktop/WorkSpace/MagnentoROBO/magnentorobo_ros2/install/artscript_interfaces/include/artscript_interfaces/msg/detail/imu__functions.c
[10.603s] -- Installing: /home/artscript/Desktop/WorkSpace/MagnentoROBO/magnentorobo_ros2/install/artscript_interfaces/include/artscript_interfaces/msg/detail/infraredstrain__type_support.h
[10.603s] -- Installing: /home/artscript/Desktop/WorkSpace/MagnentoROBO/magnentorobo_ros2/install/artscript_interfaces/include/artscript_interfaces/msg/detail/imu__struct.h
[10.603s] -- Installing: /home/artscript/Desktop/WorkSpace/MagnentoROBO/magnentorobo_ros2/install/artscript_interfaces/include/artscript_interfaces/msg/infraredstrain.h
[10.603s] -- Installing: /home/artscript/Desktop/WorkSpace/MagnentoROBO/magnentorobo_ros2/install/artscript_interfaces/include/artscript_interfaces/msg/rosidl_generator_c__visibility_control.h
[10.604s] -- Installing: /home/artscript/Desktop/WorkSpace/MagnentoROBO/magnentorobo_ros2/install/artscript_interfaces/include/artscript_interfaces/srv
[10.604s] -- Installing: /home/artscript/Desktop/WorkSpace/MagnentoROBO/magnentorobo_ros2/install/artscript_interfaces/include/artscript_interfaces/srv/servo_group.h
[10.604s] -- Installing: /home/artscript/Desktop/WorkSpace/MagnentoROBO/magnentorobo_ros2/install/artscript_interfaces/include/artscript_interfaces/srv/detail
[10.605s] -- Installing: /home/artscript/Desktop/WorkSpace/MagnentoROBO/magnentorobo_ros2/install/artscript_interfaces/include/artscript_interfaces/srv/detail/servo_group__struct.h
[10.605s] -- Installing: /home/artscript/Desktop/WorkSpace/MagnentoROBO/magnentorobo_ros2/install/artscript_interfaces/include/artscript_interfaces/srv/detail/servo_group__functions.c
[10.605s] -- Installing: /home/artscript/Desktop/WorkSpace/MagnentoROBO/magnentorobo_ros2/install/artscript_interfaces/include/artscript_interfaces/srv/detail/servo_single__functions.h
[10.606s] -- Installing: /home/artscript/Desktop/WorkSpace/MagnentoROBO/magnentorobo_ros2/install/artscript_interfaces/include/artscript_interfaces/srv/detail/servo_group__functions.h
[10.606s] -- Installing: /home/artscript/Desktop/WorkSpace/MagnentoROBO/magnentorobo_ros2/install/artscript_interfaces/include/artscript_interfaces/srv/detail/servo_group__type_support.h
[10.606s] -- Installing: /home/artscript/Desktop/WorkSpace/MagnentoROBO/magnentorobo_ros2/install/artscript_interfaces/include/artscript_interfaces/srv/detail/servo_single__functions.c
[10.607s] -- Installing: /home/artscript/Desktop/WorkSpace/MagnentoROBO/magnentorobo_ros2/install/artscript_interfaces/include/artscript_interfaces/srv/detail/servo_single__struct.h
[10.607s] -- Installing: /home/artscript/Desktop/WorkSpace/MagnentoROBO/magnentorobo_ros2/install/artscript_interfaces/include/artscript_interfaces/srv/detail/servo_single__type_support.h
[10.607s] -- Installing: /home/artscript/Desktop/WorkSpace/MagnentoROBO/magnentorobo_ros2/install/artscript_interfaces/include/artscript_interfaces/srv/servo_single.h
[10.608s] -- Installing: /home/artscript/Desktop/WorkSpace/MagnentoROBO/magnentorobo_ros2/install/artscript_interfaces/share/artscript_interfaces/environment/library_path.sh
[10.608s] -- Installing: /home/artscript/Desktop/WorkSpace/MagnentoROBO/magnentorobo_ros2/install/artscript_interfaces/share/artscript_interfaces/environment/library_path.dsv
[10.611s] -- Installing: /home/artscript/Desktop/WorkSpace/MagnentoROBO/magnentorobo_ros2/install/artscript_interfaces/lib/libartscript_interfaces__rosidl_generator_c.so
[10.612s] -- Set runtime path of "/home/artscript/Desktop/WorkSpace/MagnentoROBO/magnentorobo_ros2/install/artscript_interfaces/lib/libartscript_interfaces__rosidl_generator_c.so" to ""
[10.612s] -- Up-to-date: /home/artscript/Desktop/WorkSpace/MagnentoROBO/magnentorobo_ros2/install/artscript_interfaces/include/artscript_interfaces
[10.612s] -- Up-to-date: /home/artscript/Desktop/WorkSpace/MagnentoROBO/magnentorobo_ros2/install/artscript_interfaces/include/artscript_interfaces/msg
[10.613s] -- Installing: /home/artscript/Desktop/WorkSpace/MagnentoROBO/magnentorobo_ros2/install/artscript_interfaces/include/artscript_interfaces/msg/rosidl_typesupport_fastrtps_c__visibility_control.h
[10.613s] -- Up-to-date: /home/artscript/Desktop/WorkSpace/MagnentoROBO/magnentorobo_ros2/install/artscript_interfaces/include/artscript_interfaces/msg/detail
[10.613s] -- Installing: /home/artscript/Desktop/WorkSpace/MagnentoROBO/magnentorobo_ros2/install/artscript_interfaces/include/artscript_interfaces/msg/detail/imu__rosidl_typesupport_fastrtps_c.h
[10.616s] -- Installing: /home/artscript/Desktop/WorkSpace/MagnentoROBO/magnentorobo_ros2/install/artscript_interfaces/include/artscript_interfaces/msg/detail/infraredstrain__rosidl_typesupport_fastrtps_c.h
[10.616s] -- Up-to-date: /home/artscript/Desktop/WorkSpace/MagnentoROBO/magnentorobo_ros2/install/artscript_interfaces/include/artscript_interfaces/srv
[10.617s] -- Up-to-date: /home/artscript/Desktop/WorkSpace/MagnentoROBO/magnentorobo_ros2/install/artscript_interfaces/include/artscript_interfaces/srv/detail
[10.617s] -- Installing: /home/artscript/Desktop/WorkSpace/MagnentoROBO/magnentorobo_ros2/install/artscript_interfaces/include/artscript_interfaces/srv/detail/servo_group__rosidl_typesupport_fastrtps_c.h
[10.617s] -- Installing: /home/artscript/Desktop/WorkSpace/MagnentoROBO/magnentorobo_ros2/install/artscript_interfaces/include/artscript_interfaces/srv/detail/servo_single__rosidl_typesupport_fastrtps_c.h
[10.619s] -- Installing: /home/artscript/Desktop/WorkSpace/MagnentoROBO/magnentorobo_ros2/install/artscript_interfaces/lib/libartscript_interfaces__rosidl_typesupport_fastrtps_c.so
[10.621s] -- Set runtime path of "/home/artscript/Desktop/WorkSpace/MagnentoROBO/magnentorobo_ros2/install/artscript_interfaces/lib/libartscript_interfaces__rosidl_typesupport_fastrtps_c.so" to ""
[10.621s] -- Up-to-date: /home/artscript/Desktop/WorkSpace/MagnentoROBO/magnentorobo_ros2/install/artscript_interfaces/include/artscript_interfaces
[10.622s] -- Up-to-date: /home/artscript/Desktop/WorkSpace/MagnentoROBO/magnentorobo_ros2/install/artscript_interfaces/include/artscript_interfaces/msg
[10.622s] -- Installing: /home/artscript/Desktop/WorkSpace/MagnentoROBO/magnentorobo_ros2/install/artscript_interfaces/include/artscript_interfaces/msg/rosidl_typesupport_fastrtps_cpp__visibility_control.h
[10.626s] -- Up-to-date: /home/artscript/Desktop/WorkSpace/MagnentoROBO/magnentorobo_ros2/install/artscript_interfaces/include/artscript_interfaces/msg/detail
[10.627s] -- Installing: /home/artscript/Desktop/WorkSpace/MagnentoROBO/magnentorobo_ros2/install/artscript_interfaces/include/artscript_interfaces/msg/detail/infraredstrain__rosidl_typesupport_fastrtps_cpp.hpp
[10.627s] -- Installing: /home/artscript/Desktop/WorkSpace/MagnentoROBO/magnentorobo_ros2/install/artscript_interfaces/include/artscript_interfaces/msg/detail/dds_fastrtps
[10.627s] -- Installing: /home/artscript/Desktop/WorkSpace/MagnentoROBO/magnentorobo_ros2/install/artscript_interfaces/include/artscript_interfaces/msg/detail/imu__rosidl_typesupport_fastrtps_cpp.hpp
[10.628s] -- Up-to-date: /home/artscript/Desktop/WorkSpace/MagnentoROBO/magnentorobo_ros2/install/artscript_interfaces/include/artscript_interfaces/srv
[10.628s] -- Up-to-date: /home/artscript/Desktop/WorkSpace/MagnentoROBO/magnentorobo_ros2/install/artscript_interfaces/include/artscript_interfaces/srv/detail
[10.629s] -- Installing: /home/artscript/Desktop/WorkSpace/MagnentoROBO/magnentorobo_ros2/install/artscript_interfaces/include/artscript_interfaces/srv/detail/servo_group__rosidl_typesupport_fastrtps_cpp.hpp
[10.629s] -- Installing: /home/artscript/Desktop/WorkSpace/MagnentoROBO/magnentorobo_ros2/install/artscript_interfaces/include/artscript_interfaces/srv/detail/dds_fastrtps
[10.629s] -- Installing: /home/artscript/Desktop/WorkSpace/MagnentoROBO/magnentorobo_ros2/install/artscript_interfaces/include/artscript_interfaces/srv/detail/servo_single__rosidl_typesupport_fastrtps_cpp.hpp
[10.630s] -- Installing: /home/artscript/Desktop/WorkSpace/MagnentoROBO/magnentorobo_ros2/install/artscript_interfaces/lib/libartscript_interfaces__rosidl_typesupport_fastrtps_cpp.so
[10.631s] -- Set runtime path of "/home/artscript/Desktop/WorkSpace/MagnentoROBO/magnentorobo_ros2/install/artscript_interfaces/lib/libartscript_interfaces__rosidl_typesupport_fastrtps_cpp.so" to ""
[10.631s] -- Up-to-date: /home/artscript/Desktop/WorkSpace/MagnentoROBO/magnentorobo_ros2/install/artscript_interfaces/include/artscript_interfaces
[10.632s] -- Up-to-date: /home/artscript/Desktop/WorkSpace/MagnentoROBO/magnentorobo_ros2/install/artscript_interfaces/include/artscript_interfaces/msg
[10.632s] -- Installing: /home/artscript/Desktop/WorkSpace/MagnentoROBO/magnentorobo_ros2/install/artscript_interfaces/include/artscript_interfaces/msg/rosidl_typesupport_introspection_c__visibility_control.h
[10.632s] -- Up-to-date: /home/artscript/Desktop/WorkSpace/MagnentoROBO/magnentorobo_ros2/install/artscript_interfaces/include/artscript_interfaces/msg/detail
[10.633s] -- Installing: /home/artscript/Desktop/WorkSpace/MagnentoROBO/magnentorobo_ros2/install/artscript_interfaces/include/artscript_interfaces/msg/detail/imu__type_support.c
[10.633s] -- Installing: /home/artscript/Desktop/WorkSpace/MagnentoROBO/magnentorobo_ros2/install/artscript_interfaces/include/artscript_interfaces/msg/detail/imu__rosidl_typesupport_introspection_c.h
[10.634s] -- Installing: /home/artscript/Desktop/WorkSpace/MagnentoROBO/magnentorobo_ros2/install/artscript_interfaces/include/artscript_interfaces/msg/detail/infraredstrain__rosidl_typesupport_introspection_c.h
[10.634s] -- Installing: /home/artscript/Desktop/WorkSpace/MagnentoROBO/magnentorobo_ros2/install/artscript_interfaces/include/artscript_interfaces/msg/detail/infraredstrain__type_support.c
[10.635s] -- Up-to-date: /home/artscript/Desktop/WorkSpace/MagnentoROBO/magnentorobo_ros2/install/artscript_interfaces/include/artscript_interfaces/srv
[10.635s] -- Up-to-date: /home/artscript/Desktop/WorkSpace/MagnentoROBO/magnentorobo_ros2/install/artscript_interfaces/include/artscript_interfaces/srv/detail
[10.635s] -- Installing: /home/artscript/Desktop/WorkSpace/MagnentoROBO/magnentorobo_ros2/install/artscript_interfaces/include/artscript_interfaces/srv/detail/servo_single__rosidl_typesupport_introspection_c.h
[10.636s] -- Installing: /home/artscript/Desktop/WorkSpace/MagnentoROBO/magnentorobo_ros2/install/artscript_interfaces/include/artscript_interfaces/srv/detail/servo_group__type_support.c
[10.637s] -- Installing: /home/artscript/Desktop/WorkSpace/MagnentoROBO/magnentorobo_ros2/install/artscript_interfaces/include/artscript_interfaces/srv/detail/servo_single__type_support.c
[10.637s] -- Installing: /home/artscript/Desktop/WorkSpace/MagnentoROBO/magnentorobo_ros2/install/artscript_interfaces/include/artscript_interfaces/srv/detail/servo_group__rosidl_typesupport_introspection_c.h
[10.638s] -- Installing: /home/artscript/Desktop/WorkSpace/MagnentoROBO/magnentorobo_ros2/install/artscript_interfaces/lib/libartscript_interfaces__rosidl_typesupport_introspection_c.so
[10.639s] -- Set runtime path of "/home/artscript/Desktop/WorkSpace/MagnentoROBO/magnentorobo_ros2/install/artscript_interfaces/lib/libartscript_interfaces__rosidl_typesupport_introspection_c.so" to ""
[10.639s] -- Installing: /home/artscript/Desktop/WorkSpace/MagnentoROBO/magnentorobo_ros2/install/artscript_interfaces/lib/libartscript_interfaces__rosidl_typesupport_c.so
[10.640s] -- Set runtime path of "/home/artscript/Desktop/WorkSpace/MagnentoROBO/magnentorobo_ros2/install/artscript_interfaces/lib/libartscript_interfaces__rosidl_typesupport_c.so" to ""
[10.640s] -- Up-to-date: /home/artscript/Desktop/WorkSpace/MagnentoROBO/magnentorobo_ros2/install/artscript_interfaces/include/artscript_interfaces
[10.641s] -- Up-to-date: /home/artscript/Desktop/WorkSpace/MagnentoROBO/magnentorobo_ros2/install/artscript_interfaces/include/artscript_interfaces/msg
[10.641s] -- Installing: /home/artscript/Desktop/WorkSpace/MagnentoROBO/magnentorobo_ros2/install/artscript_interfaces/include/artscript_interfaces/msg/infraredstrain.hpp
[10.642s] -- Up-to-date: /home/artscript/Desktop/WorkSpace/MagnentoROBO/magnentorobo_ros2/install/artscript_interfaces/include/artscript_interfaces/msg/detail
[10.642s] -- Installing: /home/artscript/Desktop/WorkSpace/MagnentoROBO/magnentorobo_ros2/install/artscript_interfaces/include/artscript_interfaces/msg/detail/infraredstrain__traits.hpp
[10.642s] -- Installing: /home/artscript/Desktop/WorkSpace/MagnentoROBO/magnentorobo_ros2/install/artscript_interfaces/include/artscript_interfaces/msg/detail/imu__struct.hpp
[10.643s] -- Installing: /home/artscript/Desktop/WorkSpace/MagnentoROBO/magnentorobo_ros2/install/artscript_interfaces/include/artscript_interfaces/msg/detail/imu__builder.hpp
[10.643s] -- Installing: /home/artscript/Desktop/WorkSpace/MagnentoROBO/magnentorobo_ros2/install/artscript_interfaces/include/artscript_interfaces/msg/detail/infraredstrain__builder.hpp
[10.644s] -- Installing: /home/artscript/Desktop/WorkSpace/MagnentoROBO/magnentorobo_ros2/install/artscript_interfaces/include/artscript_interfaces/msg/detail/imu__traits.hpp
[10.644s] -- Installing: /home/artscript/Desktop/WorkSpace/MagnentoROBO/magnentorobo_ros2/install/artscript_interfaces/include/artscript_interfaces/msg/detail/infraredstrain__struct.hpp
[10.645s] -- Installing: /home/artscript/Desktop/WorkSpace/MagnentoROBO/magnentorobo_ros2/install/artscript_interfaces/include/artscript_interfaces/msg/imu.hpp
[10.645s] -- Up-to-date: /home/artscript/Desktop/WorkSpace/MagnentoROBO/magnentorobo_ros2/install/artscript_interfaces/include/artscript_interfaces/srv
[10.645s] -- Installing: /home/artscript/Desktop/WorkSpace/MagnentoROBO/magnentorobo_ros2/install/artscript_interfaces/include/artscript_interfaces/srv/servo_group.hpp
[10.646s] -- Up-to-date: /home/artscript/Desktop/WorkSpace/MagnentoROBO/magnentorobo_ros2/install/artscript_interfaces/include/artscript_interfaces/srv/detail
[10.646s] -- Installing: /home/artscript/Desktop/WorkSpace/MagnentoROBO/magnentorobo_ros2/install/artscript_interfaces/include/artscript_interfaces/srv/detail/servo_group__traits.hpp
[10.647s] -- Installing: /home/artscript/Desktop/WorkSpace/MagnentoROBO/magnentorobo_ros2/install/artscript_interfaces/include/artscript_interfaces/srv/detail/servo_group__builder.hpp
[10.647s] -- Installing: /home/artscript/Desktop/WorkSpace/MagnentoROBO/magnentorobo_ros2/install/artscript_interfaces/include/artscript_interfaces/srv/detail/servo_group__struct.hpp
[10.648s] -- Installing: /home/artscript/Desktop/WorkSpace/MagnentoROBO/magnentorobo_ros2/install/artscript_interfaces/include/artscript_interfaces/srv/detail/servo_single__struct.hpp
[10.648s] -- Installing: /home/artscript/Desktop/WorkSpace/MagnentoROBO/magnentorobo_ros2/install/artscript_interfaces/include/artscript_interfaces/srv/detail/servo_single__builder.hpp
[10.649s] -- Installing: /home/artscript/Desktop/WorkSpace/MagnentoROBO/magnentorobo_ros2/install/artscript_interfaces/include/artscript_interfaces/srv/detail/servo_single__traits.hpp
[10.649s] -- Installing: /home/artscript/Desktop/WorkSpace/MagnentoROBO/magnentorobo_ros2/install/artscript_interfaces/include/artscript_interfaces/srv/servo_single.hpp
[10.650s] -- Up-to-date: /home/artscript/Desktop/WorkSpace/MagnentoROBO/magnentorobo_ros2/install/artscript_interfaces/include/artscript_interfaces
[10.650s] -- Up-to-date: /home/artscript/Desktop/WorkSpace/MagnentoROBO/magnentorobo_ros2/install/artscript_interfaces/include/artscript_interfaces/msg
[10.650s] -- Up-to-date: /home/artscript/Desktop/WorkSpace/MagnentoROBO/magnentorobo_ros2/install/artscript_interfaces/include/artscript_interfaces/msg/detail
[10.650s] -- Installing: /home/artscript/Desktop/WorkSpace/MagnentoROBO/magnentorobo_ros2/install/artscript_interfaces/include/artscript_interfaces/msg/detail/infraredstrain__type_support.cpp
[10.651s] -- Installing: /home/artscript/Desktop/WorkSpace/MagnentoROBO/magnentorobo_ros2/install/artscript_interfaces/include/artscript_interfaces/msg/detail/imu__type_support.cpp
[10.651s] -- Installing: /home/artscript/Desktop/WorkSpace/MagnentoROBO/magnentorobo_ros2/install/artscript_interfaces/include/artscript_interfaces/msg/detail/infraredstrain__rosidl_typesupport_introspection_cpp.hpp
[10.652s] -- Installing: /home/artscript/Desktop/WorkSpace/MagnentoROBO/magnentorobo_ros2/install/artscript_interfaces/include/artscript_interfaces/msg/detail/imu__rosidl_typesupport_introspection_cpp.hpp
[10.653s] -- Up-to-date: /home/artscript/Desktop/WorkSpace/MagnentoROBO/magnentorobo_ros2/install/artscript_interfaces/include/artscript_interfaces/srv
[10.653s] -- Up-to-date: /home/artscript/Desktop/WorkSpace/MagnentoROBO/magnentorobo_ros2/install/artscript_interfaces/include/artscript_interfaces/srv/detail
[10.653s] -- Installing: /home/artscript/Desktop/WorkSpace/MagnentoROBO/magnentorobo_ros2/install/artscript_interfaces/include/artscript_interfaces/srv/detail/servo_group__rosidl_typesupport_introspection_cpp.hpp
[10.654s] -- Installing: /home/artscript/Desktop/WorkSpace/MagnentoROBO/magnentorobo_ros2/install/artscript_interfaces/include/artscript_interfaces/srv/detail/servo_single__type_support.cpp
[10.655s] -- Installing: /home/artscript/Desktop/WorkSpace/MagnentoROBO/magnentorobo_ros2/install/artscript_interfaces/include/artscript_interfaces/srv/detail/servo_group__type_support.cpp
[10.655s] -- Installing: /home/artscript/Desktop/WorkSpace/MagnentoROBO/magnentorobo_ros2/install/artscript_interfaces/include/artscript_interfaces/srv/detail/servo_single__rosidl_typesupport_introspection_cpp.hpp
[10.657s] -- Installing: /home/artscript/Desktop/WorkSpace/MagnentoROBO/magnentorobo_ros2/install/artscript_interfaces/lib/libartscript_interfaces__rosidl_typesupport_introspection_cpp.so
[10.658s] -- Set runtime path of "/home/artscript/Desktop/WorkSpace/MagnentoROBO/magnentorobo_ros2/install/artscript_interfaces/lib/libartscript_interfaces__rosidl_typesupport_introspection_cpp.so" to ""
[10.658s] -- Installing: /home/artscript/Desktop/WorkSpace/MagnentoROBO/magnentorobo_ros2/install/artscript_interfaces/lib/libartscript_interfaces__rosidl_typesupport_cpp.so
[10.670s] -- Set runtime path of "/home/artscript/Desktop/WorkSpace/MagnentoROBO/magnentorobo_ros2/install/artscript_interfaces/lib/libartscript_interfaces__rosidl_typesupport_cpp.so" to ""
[10.670s] -- Installing: /home/artscript/Desktop/WorkSpace/MagnentoROBO/magnentorobo_ros2/install/artscript_interfaces/share/artscript_interfaces/environment/pythonpath.sh
[10.676s] -- Installing: /home/artscript/Desktop/WorkSpace/MagnentoROBO/magnentorobo_ros2/install/artscript_interfaces/share/artscript_interfaces/environment/pythonpath.dsv
[10.676s] -- Installing: /home/artscript/Desktop/WorkSpace/MagnentoROBO/magnentorobo_ros2/install/artscript_interfaces/lib/python3.8/site-packages/artscript_interfaces/__init__.py
[10.707s] Compiling '/home/artscript/Desktop/WorkSpace/MagnentoROBO/magnentorobo_ros2/install/artscript_interfaces/lib/python3.8/site-packages/artscript_interfaces/__init__.py'...
[10.713s] -- Installing: /home/artscript/Desktop/WorkSpace/MagnentoROBO/magnentorobo_ros2/install/artscript_interfaces/lib/python3.8/site-packages/artscript_interfaces/msg
[10.714s] -- Installing: /home/artscript/Desktop/WorkSpace/MagnentoROBO/magnentorobo_ros2/install/artscript_interfaces/lib/python3.8/site-packages/artscript_interfaces/msg/__init__.py
[10.714s] -- Installing: /home/artscript/Desktop/WorkSpace/MagnentoROBO/magnentorobo_ros2/install/artscript_interfaces/lib/python3.8/site-packages/artscript_interfaces/msg/_infraredstrain.py
[10.719s] -- Installing: /home/artscript/Desktop/WorkSpace/MagnentoROBO/magnentorobo_ros2/install/artscript_interfaces/lib/python3.8/site-packages/artscript_interfaces/msg/_infraredstrain_s.c
[10.719s] -- Installing: /home/artscript/Desktop/WorkSpace/MagnentoROBO/magnentorobo_ros2/install/artscript_interfaces/lib/python3.8/site-packages/artscript_interfaces/msg/_imu_s.c
[10.719s] -- Installing: /home/artscript/Desktop/WorkSpace/MagnentoROBO/magnentorobo_ros2/install/artscript_interfaces/lib/python3.8/site-packages/artscript_interfaces/msg/_imu.py
[10.719s] -- Installing: /home/artscript/Desktop/WorkSpace/MagnentoROBO/magnentorobo_ros2/install/artscript_interfaces/lib/python3.8/site-packages/artscript_interfaces/srv
[10.720s] -- Installing: /home/artscript/Desktop/WorkSpace/MagnentoROBO/magnentorobo_ros2/install/artscript_interfaces/lib/python3.8/site-packages/artscript_interfaces/srv/__init__.py
[10.720s] -- Installing: /home/artscript/Desktop/WorkSpace/MagnentoROBO/magnentorobo_ros2/install/artscript_interfaces/lib/python3.8/site-packages/artscript_interfaces/srv/_servo_group.py
[10.720s] -- Installing: /home/artscript/Desktop/WorkSpace/MagnentoROBO/magnentorobo_ros2/install/artscript_interfaces/lib/python3.8/site-packages/artscript_interfaces/srv/_servo_single.py
[10.720s] -- Installing: /home/artscript/Desktop/WorkSpace/MagnentoROBO/magnentorobo_ros2/install/artscript_interfaces/lib/python3.8/site-packages/artscript_interfaces/srv/_servo_single_s.c
[10.720s] -- Installing: /home/artscript/Desktop/WorkSpace/MagnentoROBO/magnentorobo_ros2/install/artscript_interfaces/lib/python3.8/site-packages/artscript_interfaces/srv/_servo_group_s.c
[10.721s] -- Installing: /home/artscript/Desktop/WorkSpace/MagnentoROBO/magnentorobo_ros2/install/artscript_interfaces/lib/python3.8/site-packages/artscript_interfaces/artscript_interfaces_s__rosidl_typesupport_fastrtps_c.cpython-38-x86_64-linux-gnu.so
[10.722s] -- Set runtime path of "/home/artscript/Desktop/WorkSpace/MagnentoROBO/magnentorobo_ros2/install/artscript_interfaces/lib/python3.8/site-packages/artscript_interfaces/artscript_interfaces_s__rosidl_typesupport_fastrtps_c.cpython-38-x86_64-linux-gnu.so" to ""
[10.724s] -- Installing: /home/artscript/Desktop/WorkSpace/MagnentoROBO/magnentorobo_ros2/install/artscript_interfaces/lib/python3.8/site-packages/artscript_interfaces/artscript_interfaces_s__rosidl_typesupport_introspection_c.cpython-38-x86_64-linux-gnu.so
[10.725s] -- Set runtime path of "/home/artscript/Desktop/WorkSpace/MagnentoROBO/magnentorobo_ros2/install/artscript_interfaces/lib/python3.8/site-packages/artscript_interfaces/artscript_interfaces_s__rosidl_typesupport_introspection_c.cpython-38-x86_64-linux-gnu.so" to ""
[10.725s] -- Installing: /home/artscript/Desktop/WorkSpace/MagnentoROBO/magnentorobo_ros2/install/artscript_interfaces/lib/python3.8/site-packages/artscript_interfaces/artscript_interfaces_s__rosidl_typesupport_c.cpython-38-x86_64-linux-gnu.so
[10.726s] -- Set runtime path of "/home/artscript/Desktop/WorkSpace/MagnentoROBO/magnentorobo_ros2/install/artscript_interfaces/lib/python3.8/site-packages/artscript_interfaces/artscript_interfaces_s__rosidl_typesupport_c.cpython-38-x86_64-linux-gnu.so" to ""
[10.726s] -- Installing: /home/artscript/Desktop/WorkSpace/MagnentoROBO/magnentorobo_ros2/install/artscript_interfaces/lib/libartscript_interfaces__python.so
[10.727s] -- Set runtime path of "/home/artscript/Desktop/WorkSpace/MagnentoROBO/magnentorobo_ros2/install/artscript_interfaces/lib/libartscript_interfaces__python.so" to ""
[10.727s] -- Installing: /home/artscript/Desktop/WorkSpace/MagnentoROBO/magnentorobo_ros2/install/artscript_interfaces/share/artscript_interfaces/msg/Imu.idl
[10.728s] -- Installing: /home/artscript/Desktop/WorkSpace/MagnentoROBO/magnentorobo_ros2/install/artscript_interfaces/share/artscript_interfaces/msg/Infraredstrain.idl
[10.728s] -- Installing: /home/artscript/Desktop/WorkSpace/MagnentoROBO/magnentorobo_ros2/install/artscript_interfaces/share/artscript_interfaces/srv/ServoGroup.idl
[10.729s] -- Installing: /home/artscript/Desktop/WorkSpace/MagnentoROBO/magnentorobo_ros2/install/artscript_interfaces/share/artscript_interfaces/srv/ServoSingle.idl
[10.729s] -- Installing: /home/artscript/Desktop/WorkSpace/MagnentoROBO/magnentorobo_ros2/install/artscript_interfaces/share/artscript_interfaces/msg/Imu.msg
[10.729s] -- Installing: /home/artscript/Desktop/WorkSpace/MagnentoROBO/magnentorobo_ros2/install/artscript_interfaces/share/artscript_interfaces/msg/Infraredstrain.msg
[10.730s] -- Installing: /home/artscript/Desktop/WorkSpace/MagnentoROBO/magnentorobo_ros2/install/artscript_interfaces/share/artscript_interfaces/srv/ServoGroup.srv
[10.730s] -- Installing: /home/artscript/Desktop/WorkSpace/MagnentoROBO/magnentorobo_ros2/install/artscript_interfaces/share/artscript_interfaces/srv/ServoGroup_Request.msg
[10.731s] -- Installing: /home/artscript/Desktop/WorkSpace/MagnentoROBO/magnentorobo_ros2/install/artscript_interfaces/share/artscript_interfaces/srv/ServoGroup_Response.msg
[10.731s] -- Installing: /home/artscript/Desktop/WorkSpace/MagnentoROBO/magnentorobo_ros2/install/artscript_interfaces/share/artscript_interfaces/srv/ServoSingle.srv
[10.731s] -- Installing: /home/artscript/Desktop/WorkSpace/MagnentoROBO/magnentorobo_ros2/install/artscript_interfaces/share/artscript_interfaces/srv/ServoSingle_Request.msg
[10.732s] -- Installing: /home/artscript/Desktop/WorkSpace/MagnentoROBO/magnentorobo_ros2/install/artscript_interfaces/share/artscript_interfaces/srv/ServoSingle_Response.msg
[10.732s] -- Installing: /home/artscript/Desktop/WorkSpace/MagnentoROBO/magnentorobo_ros2/install/artscript_interfaces/share/ament_index/resource_index/package_run_dependencies/artscript_interfaces
[10.733s] -- Installing: /home/artscript/Desktop/WorkSpace/MagnentoROBO/magnentorobo_ros2/install/artscript_interfaces/share/ament_index/resource_index/parent_prefix_path/artscript_interfaces
[10.733s] -- Installing: /home/artscript/Desktop/WorkSpace/MagnentoROBO/magnentorobo_ros2/install/artscript_interfaces/share/artscript_interfaces/environment/ament_prefix_path.sh
[10.734s] -- Installing: /home/artscript/Desktop/WorkSpace/MagnentoROBO/magnentorobo_ros2/install/artscript_interfaces/share/artscript_interfaces/environment/ament_prefix_path.dsv
[10.734s] -- Installing: /home/artscript/Desktop/WorkSpace/MagnentoROBO/magnentorobo_ros2/install/artscript_interfaces/share/artscript_interfaces/environment/path.sh
[10.735s] -- Installing: /home/artscript/Desktop/WorkSpace/MagnentoROBO/magnentorobo_ros2/install/artscript_interfaces/share/artscript_interfaces/environment/path.dsv
[10.735s] -- Installing: /home/artscript/Desktop/WorkSpace/MagnentoROBO/magnentorobo_ros2/install/artscript_interfaces/share/artscript_interfaces/local_setup.bash
[10.736s] -- Installing: /home/artscript/Desktop/WorkSpace/MagnentoROBO/magnentorobo_ros2/install/artscript_interfaces/share/artscript_interfaces/local_setup.sh
[10.736s] -- Installing: /home/artscript/Desktop/WorkSpace/MagnentoROBO/magnentorobo_ros2/install/artscript_interfaces/share/artscript_interfaces/local_setup.zsh
[10.737s] -- Installing: /home/artscript/Desktop/WorkSpace/MagnentoROBO/magnentorobo_ros2/install/artscript_interfaces/share/artscript_interfaces/local_setup.dsv
[10.737s] -- Installing: /home/artscript/Desktop/WorkSpace/MagnentoROBO/magnentorobo_ros2/install/artscript_interfaces/share/artscript_interfaces/package.dsv
[10.738s] -- Installing: /home/artscript/Desktop/WorkSpace/MagnentoROBO/magnentorobo_ros2/install/artscript_interfaces/share/ament_index/resource_index/packages/artscript_interfaces
[10.738s] -- Installing: /home/artscript/Desktop/WorkSpace/MagnentoROBO/magnentorobo_ros2/install/artscript_interfaces/share/artscript_interfaces/cmake/artscript_interfaces__rosidl_generator_cExport.cmake
[10.739s] -- Installing: /home/artscript/Desktop/WorkSpace/MagnentoROBO/magnentorobo_ros2/install/artscript_interfaces/share/artscript_interfaces/cmake/artscript_interfaces__rosidl_generator_cExport-noconfig.cmake
[10.739s] -- Installing: /home/artscript/Desktop/WorkSpace/MagnentoROBO/magnentorobo_ros2/install/artscript_interfaces/share/artscript_interfaces/cmake/artscript_interfaces__rosidl_typesupport_introspection_cExport.cmake
[10.740s] -- Installing: /home/artscript/Desktop/WorkSpace/MagnentoROBO/magnentorobo_ros2/install/artscript_interfaces/share/artscript_interfaces/cmake/artscript_interfaces__rosidl_typesupport_introspection_cExport-noconfig.cmake
[10.740s] -- Installing: /home/artscript/Desktop/WorkSpace/MagnentoROBO/magnentorobo_ros2/install/artscript_interfaces/share/artscript_interfaces/cmake/artscript_interfaces__rosidl_typesupport_cExport.cmake
[10.741s] -- Installing: /home/artscript/Desktop/WorkSpace/MagnentoROBO/magnentorobo_ros2/install/artscript_interfaces/share/artscript_interfaces/cmake/artscript_interfaces__rosidl_typesupport_cExport-noconfig.cmake
[10.741s] -- Installing: /home/artscript/Desktop/WorkSpace/MagnentoROBO/magnentorobo_ros2/install/artscript_interfaces/share/artscript_interfaces/cmake/artscript_interfaces__rosidl_generator_cppExport.cmake
[10.742s] -- Installing: /home/artscript/Desktop/WorkSpace/MagnentoROBO/magnentorobo_ros2/install/artscript_interfaces/share/artscript_interfaces/cmake/artscript_interfaces__rosidl_typesupport_introspection_cppExport.cmake
[10.742s] -- Installing: /home/artscript/Desktop/WorkSpace/MagnentoROBO/magnentorobo_ros2/install/artscript_interfaces/share/artscript_interfaces/cmake/artscript_interfaces__rosidl_typesupport_introspection_cppExport-noconfig.cmake
[10.743s] -- Installing: /home/artscript/Desktop/WorkSpace/MagnentoROBO/magnentorobo_ros2/install/artscript_interfaces/share/artscript_interfaces/cmake/artscript_interfaces__rosidl_typesupport_cppExport.cmake
[10.743s] -- Installing: /home/artscript/Desktop/WorkSpace/MagnentoROBO/magnentorobo_ros2/install/artscript_interfaces/share/artscript_interfaces/cmake/artscript_interfaces__rosidl_typesupport_cppExport-noconfig.cmake
[10.744s] -- Installing: /home/artscript/Desktop/WorkSpace/MagnentoROBO/magnentorobo_ros2/install/artscript_interfaces/share/artscript_interfaces/cmake/rosidl_cmake-extras.cmake
[10.744s] -- Installing: /home/artscript/Desktop/WorkSpace/MagnentoROBO/magnentorobo_ros2/install/artscript_interfaces/share/artscript_interfaces/cmake/ament_cmake_export_dependencies-extras.cmake
[10.745s] -- Installing: /home/artscript/Desktop/WorkSpace/MagnentoROBO/magnentorobo_ros2/install/artscript_interfaces/share/artscript_interfaces/cmake/ament_cmake_export_libraries-extras.cmake
[10.745s] -- Installing: /home/artscript/Desktop/WorkSpace/MagnentoROBO/magnentorobo_ros2/install/artscript_interfaces/share/artscript_interfaces/cmake/ament_cmake_export_targets-extras.cmake
[10.745s] -- Installing: /home/artscript/Desktop/WorkSpace/MagnentoROBO/magnentorobo_ros2/install/artscript_interfaces/share/artscript_interfaces/cmake/ament_cmake_export_include_directories-extras.cmake
[10.746s] -- Installing: /home/artscript/Desktop/WorkSpace/MagnentoROBO/magnentorobo_ros2/install/artscript_interfaces/share/artscript_interfaces/cmake/rosidl_cmake_export_typesupport_libraries-extras.cmake
[10.746s] -- Installing: /home/artscript/Desktop/WorkSpace/MagnentoROBO/magnentorobo_ros2/install/artscript_interfaces/share/artscript_interfaces/cmake/rosidl_cmake_export_typesupport_targets-extras.cmake
[10.746s] -- Installing: /home/artscript/Desktop/WorkSpace/MagnentoROBO/magnentorobo_ros2/install/artscript_interfaces/share/artscript_interfaces/cmake/artscript_interfacesConfig.cmake
[10.747s] -- Installing: /home/artscript/Desktop/WorkSpace/MagnentoROBO/magnentorobo_ros2/install/artscript_interfaces/share/artscript_interfaces/cmake/artscript_interfacesConfig-version.cmake
[10.747s] -- Installing: /home/artscript/Desktop/WorkSpace/MagnentoROBO/magnentorobo_ros2/install/artscript_interfaces/share/artscript_interfaces/package.xml
[10.764s] Invoked command in '/home/artscript/Desktop/WorkSpace/MagnentoROBO/magnentorobo_ros2/build/artscript_interfaces' returned '0': CMAKE_PREFIX_PATH=${CMAKE_PREFIX_PATH}:/home/artscript/Desktop/WorkSpace/MagnentoROBO/magnentorobo_ros2/install/mcu_usb_pkg:/opt/ros/foxy /usr/bin/cmake --install /home/artscript/Desktop/WorkSpace/MagnentoROBO/magnentorobo_ros2/build/artscript_interfaces
