[0.202s] Invoking command in '/home/artscript/Desktop/WorkSpace/MagnentoROBO/magnentorobo_ros2/src/imu_usb_pkg': LD_LIBRARY_PATH=/home/artscript/Desktop/WorkSpace/MagnentoROBO/magnentorobo_ros2/install/artscript_interfaces/lib:${LD_LIBRARY_PATH} PYTHONPATH=/home/artscript/Desktop/WorkSpace/MagnentoROBO/magnentorobo_ros2/install/imu_usb_pkg/lib/python3.8/site-packages:/home/artscript/Desktop/WorkSpace/MagnentoROBO/magnentorobo_ros2/install/artscript_interfaces/lib/python3.8/site-packages:${PYTHONPATH} /usr/bin/python3 setup.py egg_info --egg-base ../../build/imu_usb_pkg build --build-base /home/artscript/Desktop/WorkSpace/MagnentoROBO/magnentorobo_ros2/build/imu_usb_pkg/build install --prefix /home/artscript/Desktop/WorkSpace/MagnentoROBO/magnentorobo_ros2/install/imu_usb_pkg --record /home/artscript/Desktop/WorkSpace/MagnentoROBO/magnentorobo_ros2/build/imu_usb_pkg/install.log --single-version-externally-managed
[0.369s] running egg_info
[0.369s] creating ../../build/imu_usb_pkg/imu_usb_pkg.egg-info
[0.370s] writing ../../build/imu_usb_pkg/imu_usb_pkg.egg-info/PKG-INFO
[0.370s] writing dependency_links to ../../build/imu_usb_pkg/imu_usb_pkg.egg-info/dependency_links.txt
[0.370s] writing entry points to ../../build/imu_usb_pkg/imu_usb_pkg.egg-info/entry_points.txt
[0.370s] writing requirements to ../../build/imu_usb_pkg/imu_usb_pkg.egg-info/requires.txt
[0.370s] writing top-level names to ../../build/imu_usb_pkg/imu_usb_pkg.egg-info/top_level.txt
[0.371s] writing manifest file '../../build/imu_usb_pkg/imu_usb_pkg.egg-info/SOURCES.txt'
[0.396s] reading manifest file '../../build/imu_usb_pkg/imu_usb_pkg.egg-info/SOURCES.txt'
[0.396s] writing manifest file '../../build/imu_usb_pkg/imu_usb_pkg.egg-info/SOURCES.txt'
[0.396s] running build
[0.397s] running build_py
[0.397s] creating /home/artscript/Desktop/WorkSpace/MagnentoROBO/magnentorobo_ros2/build/imu_usb_pkg/build
[0.397s] creating /home/artscript/Desktop/WorkSpace/MagnentoROBO/magnentorobo_ros2/build/imu_usb_pkg/build/lib
[0.397s] creating /home/artscript/Desktop/WorkSpace/MagnentoROBO/magnentorobo_ros2/build/imu_usb_pkg/build/lib/imu_usb_pkg
[0.397s] copying imu_usb_pkg/__init__.py -> /home/artscript/Desktop/WorkSpace/MagnentoROBO/magnentorobo_ros2/build/imu_usb_pkg/build/lib/imu_usb_pkg
[0.397s] copying imu_usb_pkg/imu_obj.py -> /home/artscript/Desktop/WorkSpace/MagnentoROBO/magnentorobo_ros2/build/imu_usb_pkg/build/lib/imu_usb_pkg
[0.397s] copying imu_usb_pkg/imu_pub.py -> /home/artscript/Desktop/WorkSpace/MagnentoROBO/magnentorobo_ros2/build/imu_usb_pkg/build/lib/imu_usb_pkg
[0.397s] copying imu_usb_pkg/imu_get.py -> /home/artscript/Desktop/WorkSpace/MagnentoROBO/magnentorobo_ros2/build/imu_usb_pkg/build/lib/imu_usb_pkg
[0.397s] copying imu_usb_pkg/imu_sub.py -> /home/artscript/Desktop/WorkSpace/MagnentoROBO/magnentorobo_ros2/build/imu_usb_pkg/build/lib/imu_usb_pkg
[0.397s] running install
[0.398s] running install_lib
[0.399s] creating /home/artscript/Desktop/WorkSpace/MagnentoROBO/magnentorobo_ros2/install/imu_usb_pkg/lib/python3.8/site-packages/imu_usb_pkg
[0.399s] copying /home/artscript/Desktop/WorkSpace/MagnentoROBO/magnentorobo_ros2/build/imu_usb_pkg/build/lib/imu_usb_pkg/__init__.py -> /home/artscript/Desktop/WorkSpace/MagnentoROBO/magnentorobo_ros2/install/imu_usb_pkg/lib/python3.8/site-packages/imu_usb_pkg
[0.399s] copying /home/artscript/Desktop/WorkSpace/MagnentoROBO/magnentorobo_ros2/build/imu_usb_pkg/build/lib/imu_usb_pkg/imu_obj.py -> /home/artscript/Desktop/WorkSpace/MagnentoROBO/magnentorobo_ros2/install/imu_usb_pkg/lib/python3.8/site-packages/imu_usb_pkg
[0.399s] copying /home/artscript/Desktop/WorkSpace/MagnentoROBO/magnentorobo_ros2/build/imu_usb_pkg/build/lib/imu_usb_pkg/imu_pub.py -> /home/artscript/Desktop/WorkSpace/MagnentoROBO/magnentorobo_ros2/install/imu_usb_pkg/lib/python3.8/site-packages/imu_usb_pkg
[0.399s] copying /home/artscript/Desktop/WorkSpace/MagnentoROBO/magnentorobo_ros2/build/imu_usb_pkg/build/lib/imu_usb_pkg/imu_get.py -> /home/artscript/Desktop/WorkSpace/MagnentoROBO/magnentorobo_ros2/install/imu_usb_pkg/lib/python3.8/site-packages/imu_usb_pkg
[0.399s] copying /home/artscript/Desktop/WorkSpace/MagnentoROBO/magnentorobo_ros2/build/imu_usb_pkg/build/lib/imu_usb_pkg/imu_sub.py -> /home/artscript/Desktop/WorkSpace/MagnentoROBO/magnentorobo_ros2/install/imu_usb_pkg/lib/python3.8/site-packages/imu_usb_pkg
[0.400s] byte-compiling /home/artscript/Desktop/WorkSpace/MagnentoROBO/magnentorobo_ros2/install/imu_usb_pkg/lib/python3.8/site-packages/imu_usb_pkg/__init__.py to __init__.cpython-38.pyc
[0.400s] byte-compiling /home/artscript/Desktop/WorkSpace/MagnentoROBO/magnentorobo_ros2/install/imu_usb_pkg/lib/python3.8/site-packages/imu_usb_pkg/imu_obj.py to imu_obj.cpython-38.pyc
[0.401s] byte-compiling /home/artscript/Desktop/WorkSpace/MagnentoROBO/magnentorobo_ros2/install/imu_usb_pkg/lib/python3.8/site-packages/imu_usb_pkg/imu_pub.py to imu_pub.cpython-38.pyc
[0.402s] byte-compiling /home/artscript/Desktop/WorkSpace/MagnentoROBO/magnentorobo_ros2/install/imu_usb_pkg/lib/python3.8/site-packages/imu_usb_pkg/imu_get.py to imu_get.cpython-38.pyc
[0.403s] byte-compiling /home/artscript/Desktop/WorkSpace/MagnentoROBO/magnentorobo_ros2/install/imu_usb_pkg/lib/python3.8/site-packages/imu_usb_pkg/imu_sub.py to imu_sub.cpython-38.pyc
[0.404s] running install_data
[0.404s] creating /home/artscript/Desktop/WorkSpace/MagnentoROBO/magnentorobo_ros2/install/imu_usb_pkg/share/ament_index
[0.404s] creating /home/artscript/Desktop/WorkSpace/MagnentoROBO/magnentorobo_ros2/install/imu_usb_pkg/share/ament_index/resource_index
[0.404s] creating /home/artscript/Desktop/WorkSpace/MagnentoROBO/magnentorobo_ros2/install/imu_usb_pkg/share/ament_index/resource_index/packages
[0.404s] copying resource/imu_usb_pkg -> /home/artscript/Desktop/WorkSpace/MagnentoROBO/magnentorobo_ros2/install/imu_usb_pkg/share/ament_index/resource_index/packages
[0.404s] copying package.xml -> /home/artscript/Desktop/WorkSpace/MagnentoROBO/magnentorobo_ros2/install/imu_usb_pkg/share/imu_usb_pkg
[0.405s] running install_egg_info
[0.405s] Copying ../../build/imu_usb_pkg/imu_usb_pkg.egg-info to /home/artscript/Desktop/WorkSpace/MagnentoROBO/magnentorobo_ros2/install/imu_usb_pkg/lib/python3.8/site-packages/imu_usb_pkg-0.0.0-py3.8.egg-info
[0.406s] running install_scripts
[0.418s] Installing imu_pub_node script to /home/artscript/Desktop/WorkSpace/MagnentoROBO/magnentorobo_ros2/install/imu_usb_pkg/lib/imu_usb_pkg
[0.419s] Installing imu_sub_node script to /home/artscript/Desktop/WorkSpace/MagnentoROBO/magnentorobo_ros2/install/imu_usb_pkg/lib/imu_usb_pkg
[0.419s] writing list of installed files to '/home/artscript/Desktop/WorkSpace/MagnentoROBO/magnentorobo_ros2/build/imu_usb_pkg/install.log'
[0.435s] Invoked command in '/home/artscript/Desktop/WorkSpace/MagnentoROBO/magnentorobo_ros2/src/imu_usb_pkg' returned '0': LD_LIBRARY_PATH=/home/artscript/Desktop/WorkSpace/MagnentoROBO/magnentorobo_ros2/install/artscript_interfaces/lib:${LD_LIBRARY_PATH} PYTHONPATH=/home/artscript/Desktop/WorkSpace/MagnentoROBO/magnentorobo_ros2/install/imu_usb_pkg/lib/python3.8/site-packages:/home/artscript/Desktop/WorkSpace/MagnentoROBO/magnentorobo_ros2/install/artscript_interfaces/lib/python3.8/site-packages:${PYTHONPATH} /usr/bin/python3 setup.py egg_info --egg-base ../../build/imu_usb_pkg build --build-base /home/artscript/Desktop/WorkSpace/MagnentoROBO/magnentorobo_ros2/build/imu_usb_pkg/build install --prefix /home/artscript/Desktop/WorkSpace/MagnentoROBO/magnentorobo_ros2/install/imu_usb_pkg --record /home/artscript/Desktop/WorkSpace/MagnentoROBO/magnentorobo_ros2/build/imu_usb_pkg/install.log --single-version-externally-managed
