[0.000000] (-) TimerEvent: {}
[0.000971] (-) JobUnselected: {'identifier': 'ARTScript_pkg'}
[0.001034] (-) JobUnselected: {'identifier': 'camera_usb_pkg'}
[0.001243] (-) JobUnselected: {'identifier': 'infrared_gpio_pkg'}
[0.001322] (-) JobUnselected: {'identifier': 'servo_pwm_pkg'}
[0.001374] (-) JobUnselected: {'identifier': 'strain_gpio_pkg'}
[0.001425] (imu_usb_pkg) JobQueued: {'identifier': 'imu_usb_pkg', 'dependencies': OrderedDict()}
[0.001465] (imu_usb_pkg) JobStarted: {'identifier': 'imu_usb_pkg'}
[0.098813] (-) TimerEvent: {}
[0.200399] (-) TimerEvent: {}
[0.205922] (imu_usb_pkg) Command: {'cmd': ['/usr/bin/python3', 'setup.py', 'egg_info', '--egg-base', '../../build/imu_usb_pkg', 'build', '--build-base', '/home/artscript/Desktop/WorkSpace/MagnentoROBO/magnentorobo_ros2/build/imu_usb_pkg/build', 'install', '--prefix', '/home/artscript/Desktop/WorkSpace/MagnentoROBO/magnentorobo_ros2/install/imu_usb_pkg', '--record', '/home/artscript/Desktop/WorkSpace/MagnentoROBO/magnentorobo_ros2/build/imu_usb_pkg/install.log', '--single-version-externally-managed'], 'cwd': '/home/artscript/Desktop/WorkSpace/MagnentoROBO/magnentorobo_ros2/src/imu_usb_pkg', 'env': {'GJS_DEBUG_TOPICS': 'JS ERROR;JS LOG', 'ZPLUG_ERROR_LOG': '/home/artscript/.zplug/.error_log', 'USER': 'artscript', 'ZPLUG_LOG_LOAD_FAILURE': 'false', 'ZPLUG_THREADS': '16', 'SSH_AGENT_PID': '1988', 'XDG_SESSION_TYPE': 'x11', 'GIT_ASKPASS': '/usr/share/code/resources/app/extensions/git/dist/askpass.sh', 'SHLVL': '1', 'LD_LIBRARY_PATH': '/opt/ros/foxy/opt/yaml_cpp_vendor/lib:/opt/ros/foxy/opt/rviz_ogre_vendor/lib:/opt/ros/foxy/lib/x86_64-linux-gnu:/opt/ros/foxy/lib', 'HOME': '/home/artscript', 'CHROME_DESKTOP': 'code-url-handler.desktop', 'OLDPWD': '/home/artscript/Desktop/WorkSpace/MagnentoROBO', 'DESKTOP_SESSION': 'ubuntu', 'TERM_PROGRAM_VERSION': '1.62.3', 'GIO_LAUNCHED_DESKTOP_FILE': '/usr/share/applications/gitkraken.desktop', 'ZSH': '/home/artscript/.oh-my-zsh', 'GTK_MODULES': 'gail:atk-bridge', 'GNOME_SHELL_SESSION_MODE': 'ubuntu', 'APPLICATION_INSIGHTS_NO_DIAGNOSTIC_CHANNEL': 'true', 'VSCODE_GIT_ASKPASS_MAIN': '/usr/share/code/resources/app/extensions/git/dist/askpass-main.js', 'FPATH': '/home/artscript/.zplug/misc/completions:/home/artscript/.zplug/base/sources:/home/artscript/.zplug/autoload:/home/artscript/.zplug/base/utils:/home/artscript/.zplug/base/job:/home/artscript/.zplug/base/log:/home/artscript/.zplug/base/io:/home/artscript/.zplug/base/core:/home/artscript/.zplug/base/base:/home/artscript/.zplug/autoload/commands:/home/artscript/.zplug/autoload/options:/home/artscript/.zplug/autoload/tags:/usr/local/share/zsh/site-functions:/usr/share/zsh/vendor-functions:/usr/share/zsh/vendor-completions:/usr/share/zsh/functions/Calendar:/usr/share/zsh/functions/Chpwd:/usr/share/zsh/functions/Completion:/usr/share/zsh/functions/Completion/AIX:/usr/share/zsh/functions/Completion/BSD:/usr/share/zsh/functions/Completion/Base:/usr/share/zsh/functions/Completion/Cygwin:/usr/share/zsh/functions/Completion/Darwin:/usr/share/zsh/functions/Completion/Debian:/usr/share/zsh/functions/Completion/Linux:/usr/share/zsh/functions/Completion/Mandriva:/usr/share/zsh/functions/Completion/Redhat:/usr/share/zsh/functions/Completion/Solaris:/usr/share/zsh/functions/Completion/Unix:/usr/share/zsh/functions/Completion/X:/usr/share/zsh/functions/Completion/Zsh:/usr/share/zsh/functions/Completion/openSUSE:/usr/share/zsh/functions/Exceptions:/usr/share/zsh/functions/MIME:/usr/share/zsh/functions/Math:/usr/share/zsh/functions/Misc:/usr/share/zsh/functions/Newuser:/usr/share/zsh/functions/Prompts:/usr/share/zsh/functions/TCP:/usr/share/zsh/functions/VCS_Info:/usr/share/zsh/functions/VCS_Info/Backends:/usr/share/zsh/functions/Zftp:/usr/share/zsh/functions/Zle:/home/artscript/.zplug/repos/zsh-users/zsh-completions/src', 'ZPLUG_BIN': '/home/artscript/.zplug/bin', 'ROS_PYTHON_VERSION': '3', 'MANAGERPID': '1812', 'VSCODE_GIT_ASKPASS_NODE': '/usr/share/code/code', '_ZPLUG_VERSION': '2.4.2', 'DBUS_SESSION_BUS_ADDRESS': 'unix:path=/run/user/1000/bus', 'ZPLUG_HOME': '/home/artscript/.zplug', 'P9K_TTY': 'old', 'GIO_LAUNCHED_DESKTOP_FILE_PID': '27857', 'COLORTERM': 'truecolor', 'ZPLUG_FILTER': 'fzf-tmux:fzf:peco:percol:fzy:zaw', 'NVM_DIR': '/home/artscript/.nvm', 'IM_CONFIG_PHASE': '1', 'ROS_DISTRO': 'foxy', 'COLCON_PREFIX_PATH': '/home/artscript/Desktop/WorkSpace/MagnentoROBO/magnentorobo_ros2/install', 'LOGNAME': 'artscript', 'PERIOD': '30', '_ZPLUG_URL': 'https://github.com/zplug/zplug', '_': '/usr/bin/colcon', 'JOURNAL_STREAM': '8:56973', 'XDG_SESSION_CLASS': 'user', 'ZPLUG_LOADFILE': '/home/artscript/.zplug/packages.zsh', 'ROS_VERSION': '2', 'USERNAME': 'artscript', 'TERM': 'xterm-256color', '_ZPLUG_CONFIG_SUBSHELL': ':', 'GNOME_DESKTOP_SESSION_ID': 'this-is-deprecated', 'ZPLUG_LOG_LOAD_SUCCESS': 'false', 'ROS_LOCALHOST_ONLY': '0', 'WINDOWPATH': '2', 'PATH': '/opt/ros/foxy/bin:/home/artscript/.zplug/bin:/home/artscript/bin:/usr/local/bin:/usr/local/sbin:/usr/sbin:/usr/bin:/sbin:/bin:/usr/games:/usr/local/games:/snap/bin', 'SESSION_MANAGER': 'local/ubuntu:@/tmp/.ICE-unix/2023,unix/ubuntu:/tmp/.ICE-unix/2023', 'INVOCATION_ID': 'ecf0748da0f94c9bb226a803d5b66f56', 'ZPLUG_CACHE_DIR': '/home/artscript/.zplug/cache', 'XDG_RUNTIME_DIR': '/run/user/1000', 'XDG_MENU_PREFIX': 'gnome-', 'GDK_BACKEND': 'x11', '_ZPLUG_OHMYZSH': 'robbyrussell/oh-my-zsh', '_ZPLUG_PREZTO': 'sorin-ionescu/prezto', 'DISPLAY': ':0', 'LANG': 'en_US.UTF-8', 'XDG_CURRENT_DESKTOP': 'Unity', 'XAUTHORITY': '/run/user/1000/gdm/Xauthority', 'XDG_SESSION_DESKTOP': 'ubuntu', 'XMODIFIERS': '@im=ibus', 'TERM_PROGRAM': 'vscode', 'VSCODE_GIT_IPC_HANDLE': '/run/user/1000/vscode-git-ec08b25829.sock', 'SSH_AUTH_SOCK': '/run/user/1000/keyring/ssh', 'ORIGINAL_XDG_CURRENT_DESKTOP': 'Unity', 'AMENT_PREFIX_PATH': '/home/artscript/Desktop/WorkSpace/MagnentoROBO/magnentorobo_ros2/install/imu_usb_pkg:/opt/ros/foxy', 'SHELL': '/usr/bin/zsh', '_ZPLUG_AWKPATH': '/home/artscript/.zplug/misc/contrib', 'QT_ACCESSIBILITY': '1', 'GDMSESSION': 'ubuntu', 'ZPLUG_PROTOCOL': 'HTTPS', 'ZPLUG_REPOS': '/home/artscript/.zplug/repos', 'GPG_AGENT_INFO': '/run/user/1000/gnupg/S.gpg-agent:0:1', 'GJS_DEBUG_OUTPUT': 'stderr', 'P9K_SSH': '0', 'QT_IM_MODULE': 'ibus', 'VSCODE_GIT_ASKPASS_EXTRA_ARGS': '--ms-enable-electron-run-as-node', 'PWD': '/home/artscript/Desktop/WorkSpace/MagnentoROBO/magnentorobo_ros2/build/imu_usb_pkg', 'XDG_DATA_DIRS': '/usr/share/ubuntu:/usr/local/share/:/usr/share/:/var/lib/snapd/desktop', 'XDG_CONFIG_DIRS': '/etc/xdg/xdg-ubuntu:/etc/xdg', '_P9K_TTY': '/dev/pts/0', 'ZPLUG_USE_CACHE': 'true', 'PYTHONPATH': '/home/artscript/Desktop/WorkSpace/MagnentoROBO/magnentorobo_ros2/install/imu_usb_pkg/lib/python3.8/site-packages:/home/artscript/Desktop/WorkSpace/MagnentoROBO/magnentorobo_ros2/install/imu_usb_pkg/lib/python3.8/site-packages:/opt/ros/foxy/lib/python3.8/site-packages', 'BREAKPAD_DUMP_LOCATION': '/home/artscript/.config/Code/exthost Crash Reports', 'COLCON': '1', 'ZPLUG_ROOT': '/home/artscript/.zplug'}, 'shell': False}
[0.301284] (-) TimerEvent: {}
[0.370462] (imu_usb_pkg) StdoutLine: {'line': b'running egg_info\n'}
[0.370737] (imu_usb_pkg) StdoutLine: {'line': b'writing ../../build/imu_usb_pkg/imu_usb_pkg.egg-info/PKG-INFO\n'}
[0.370815] (imu_usb_pkg) StdoutLine: {'line': b'writing dependency_links to ../../build/imu_usb_pkg/imu_usb_pkg.egg-info/dependency_links.txt\n'}
[0.370887] (imu_usb_pkg) StdoutLine: {'line': b'writing entry points to ../../build/imu_usb_pkg/imu_usb_pkg.egg-info/entry_points.txt\n'}
[0.370944] (imu_usb_pkg) StdoutLine: {'line': b'writing requirements to ../../build/imu_usb_pkg/imu_usb_pkg.egg-info/requires.txt\n'}
[0.371000] (imu_usb_pkg) StdoutLine: {'line': b'writing top-level names to ../../build/imu_usb_pkg/imu_usb_pkg.egg-info/top_level.txt\n'}
[0.390296] (imu_usb_pkg) StdoutLine: {'line': b"reading manifest file '../../build/imu_usb_pkg/imu_usb_pkg.egg-info/SOURCES.txt'\n"}
[0.391141] (imu_usb_pkg) StdoutLine: {'line': b"writing manifest file '../../build/imu_usb_pkg/imu_usb_pkg.egg-info/SOURCES.txt'\n"}
[0.391332] (imu_usb_pkg) StdoutLine: {'line': b'running build\n'}
[0.391404] (imu_usb_pkg) StdoutLine: {'line': b'running build_py\n'}
[0.391550] (imu_usb_pkg) StdoutLine: {'line': b'running install\n'}
[0.392269] (imu_usb_pkg) StdoutLine: {'line': b'running install_lib\n'}
[0.393679] (imu_usb_pkg) StdoutLine: {'line': b'running install_data\n'}
[0.394192] (imu_usb_pkg) StdoutLine: {'line': b'running install_egg_info\n'}
[0.395764] (imu_usb_pkg) StdoutLine: {'line': b"removing '/home/artscript/Desktop/WorkSpace/MagnentoROBO/magnentorobo_ros2/install/imu_usb_pkg/lib/python3.8/site-packages/imu_usb_pkg-0.0.0-py3.8.egg-info' (and everything under it)\n"}
[0.396250] (imu_usb_pkg) StdoutLine: {'line': b'Copying ../../build/imu_usb_pkg/imu_usb_pkg.egg-info to /home/artscript/Desktop/WorkSpace/MagnentoROBO/magnentorobo_ros2/install/imu_usb_pkg/lib/python3.8/site-packages/imu_usb_pkg-0.0.0-py3.8.egg-info\n'}
[0.397836] (imu_usb_pkg) StdoutLine: {'line': b'running install_scripts\n'}
[0.401518] (-) TimerEvent: {}
[0.412383] (imu_usb_pkg) StdoutLine: {'line': b'Installing imu_pub script to /home/artscript/Desktop/WorkSpace/MagnentoROBO/magnentorobo_ros2/install/imu_usb_pkg/lib/imu_usb_pkg\n'}
[0.412599] (imu_usb_pkg) StdoutLine: {'line': b'Installing imu_sub script to /home/artscript/Desktop/WorkSpace/MagnentoROBO/magnentorobo_ros2/install/imu_usb_pkg/lib/imu_usb_pkg\n'}
[0.412994] (imu_usb_pkg) StdoutLine: {'line': b"writing list of installed files to '/home/artscript/Desktop/WorkSpace/MagnentoROBO/magnentorobo_ros2/build/imu_usb_pkg/install.log'\n"}
[0.428476] (imu_usb_pkg) CommandEnded: {'returncode': 0}
[0.438046] (imu_usb_pkg) JobEnded: {'identifier': 'imu_usb_pkg', 'rc': 0}
[0.438872] (-) EventReactorShutdown: {}
