[0.000000] (-) TimerEvent: {}
[0.000891] (-) JobUnselected: {'identifier': 'artscript_interfaces'}
[0.000950] (-) JobUnselected: {'identifier': 'artscript_main'}
[0.001098] (-) JobUnselected: {'identifier': 'camera_usb_pkg'}
[0.001121] (-) JobUnselected: {'identifier': 'imu_usb_pkg'}
[0.001135] (-) JobUnselected: {'identifier': 'servo_pwm_pkg'}
[0.001151] (mcu_usb_pkg) JobQueued: {'identifier': 'mcu_usb_pkg', 'dependencies': OrderedDict()}
[0.001813] (mcu_usb_pkg) JobStarted: {'identifier': 'mcu_usb_pkg'}
[0.100818] (-) TimerEvent: {}
[0.195501] (mcu_usb_pkg) Command: {'cmd': ['/usr/bin/python3', 'setup.py', 'egg_info', '--egg-base', '../../build/mcu_usb_pkg', 'build', '--build-base', '/home/artscript/Desktop/WorkSpace/MagnentoROBO/magnentorobo_ros2/build/mcu_usb_pkg/build', 'install', '--prefix', '/home/artscript/Desktop/WorkSpace/MagnentoROBO/magnentorobo_ros2/install/mcu_usb_pkg', '--record', '/home/artscript/Desktop/WorkSpace/MagnentoROBO/magnentorobo_ros2/build/mcu_usb_pkg/install.log', '--single-version-externally-managed'], 'cwd': '/home/artscript/Desktop/WorkSpace/MagnentoROBO/magnentorobo_ros2/src/mcu_usb_pkg', 'env': {'GJS_DEBUG_TOPICS': 'JS ERROR;JS LOG', 'ZPLUG_ERROR_LOG': '/home/artscript/.zplug/.error_log', 'USER': 'artscript', 'ZPLUG_LOG_LOAD_FAILURE': 'false', 'ZPLUG_THREADS': '16', 'SSH_AGENT_PID': '1952', 'XDG_SESSION_TYPE': 'x11', 'GIT_ASKPASS': '/usr/share/code/resources/app/extensions/git/dist/askpass.sh', 'SHLVL': '1', 'LD_LIBRARY_PATH': '/home/artscript/Desktop/WorkSpace/MagnentoROBO/magnentorobo_ros2/install/artscript_interfaces/lib:/opt/ros/foxy/opt/yaml_cpp_vendor/lib:/opt/ros/foxy/opt/rviz_ogre_vendor/lib:/opt/ros/foxy/lib/x86_64-linux-gnu:/opt/ros/foxy/lib', 'HOME': '/home/artscript', 'CHROME_DESKTOP': 'code-url-handler.desktop', 'OLDPWD': '/home/artscript/Desktop/WorkSpace/MagnentoROBO', 'CYCLONEDDS_URI': 'file:///home/artscript/cyclonedds.xml', 'DESKTOP_SESSION': 'ubuntu', 'TERM_PROGRAM_VERSION': '1.62.3', 'GIO_LAUNCHED_DESKTOP_FILE': '/usr/share/applications/code.desktop', 'ZSH': '/home/artscript/.oh-my-zsh', 'GTK_MODULES': 'gail:atk-bridge', 'GNOME_SHELL_SESSION_MODE': 'ubuntu', 'FPATH': '/home/artscript/.zplug/misc/completions:/home/artscript/.zplug/base/sources:/home/artscript/.zplug/autoload:/home/artscript/.zplug/base/utils:/home/artscript/.zplug/base/job:/home/artscript/.zplug/base/log:/home/artscript/.zplug/base/io:/home/artscript/.zplug/base/core:/home/artscript/.zplug/base/base:/home/artscript/.zplug/autoload/commands:/home/artscript/.zplug/autoload/options:/home/artscript/.zplug/autoload/tags:/usr/local/share/zsh/site-functions:/usr/share/zsh/vendor-functions:/usr/share/zsh/vendor-completions:/usr/share/zsh/functions/Calendar:/usr/share/zsh/functions/Chpwd:/usr/share/zsh/functions/Completion:/usr/share/zsh/functions/Completion/AIX:/usr/share/zsh/functions/Completion/BSD:/usr/share/zsh/functions/Completion/Base:/usr/share/zsh/functions/Completion/Cygwin:/usr/share/zsh/functions/Completion/Darwin:/usr/share/zsh/functions/Completion/Debian:/usr/share/zsh/functions/Completion/Linux:/usr/share/zsh/functions/Completion/Mandriva:/usr/share/zsh/functions/Completion/Redhat:/usr/share/zsh/functions/Completion/Solaris:/usr/share/zsh/functions/Completion/Unix:/usr/share/zsh/functions/Completion/X:/usr/share/zsh/functions/Completion/Zsh:/usr/share/zsh/functions/Completion/openSUSE:/usr/share/zsh/functions/Exceptions:/usr/share/zsh/functions/MIME:/usr/share/zsh/functions/Math:/usr/share/zsh/functions/Misc:/usr/share/zsh/functions/Newuser:/usr/share/zsh/functions/Prompts:/usr/share/zsh/functions/TCP:/usr/share/zsh/functions/VCS_Info:/usr/share/zsh/functions/VCS_Info/Backends:/usr/share/zsh/functions/Zftp:/usr/share/zsh/functions/Zle:/home/artscript/.zplug/repos/zsh-users/zsh-completions/src', 'ZPLUG_BIN': '/home/artscript/.zplug/bin', 'ROS_PYTHON_VERSION': '3', 'VSCODE_GIT_ASKPASS_MAIN': '/usr/share/code/resources/app/extensions/git/dist/askpass-main.js', 'MANAGERPID': '1775', '_ZPLUG_VERSION': '2.4.2', 'VSCODE_GIT_ASKPASS_NODE': '/usr/share/code/code', 'DBUS_SESSION_BUS_ADDRESS': 'unix:path=/run/user/1000/bus', 'ZPLUG_HOME': '/home/artscript/.zplug', 'P9K_TTY': 'old', 'GIO_LAUNCHED_DESKTOP_FILE_PID': '8093', 'ZPLUG_FILTER': 'fzf-tmux:fzf:peco:percol:fzy:zaw', 'COLORTERM': 'truecolor', 'NVM_DIR': '/home/artscript/.nvm', 'IM_CONFIG_PHASE': '1', 'MANDATORY_PATH': '/usr/share/gconf/ubuntu.mandatory.path', 'ROS_DISTRO': 'foxy', 'COLCON_PREFIX_PATH': '/home/artscript/Desktop/WorkSpace/MagnentoROBO/magnentorobo_ros2/install', 'LOGNAME': 'artscript', 'PERIOD': '30', '_ZPLUG_URL': 'https://github.com/zplug/zplug', '_': '/usr/bin/colcon', 'JOURNAL_STREAM': '8:59646', 'DEFAULTS_PATH': '/usr/share/gconf/ubuntu.default.path', 'XDG_SESSION_CLASS': 'user', 'ZPLUG_LOADFILE': '/home/artscript/.zplug/packages.zsh', 'ROS_VERSION': '2', 'USERNAME': 'artscript', '_ZPLUG_CONFIG_SUBSHELL': ':', 'TERM': 'xterm-256color', 'GNOME_DESKTOP_SESSION_ID': 'this-is-deprecated', 'ZPLUG_LOG_LOAD_SUCCESS': 'false', 'ROS_LOCALHOST_ONLY': '0', 'WINDOWPATH': '2', 'PATH': '/home/artscript/.zplug/bin:/home/artscript/bin:/usr/local/bin:/opt/ros/foxy/bin:/home/artscript/.local/bin:/usr/local/sbin:/usr/sbin:/usr/bin:/sbin:/bin:/usr/games:/usr/local/games:/snap/bin', 'SESSION_MANAGER': 'local/ubuntu:@/tmp/.ICE-unix/1987,unix/ubuntu:/tmp/.ICE-unix/1987', 'INVOCATION_ID': 'c47273450aac49b391edf2646aeaf23a', 'ZPLUG_CACHE_DIR': '/home/artscript/.zplug/cache', 'XDG_RUNTIME_DIR': '/run/user/1000', 'XDG_MENU_PREFIX': 'gnome-', 'GDK_BACKEND': 'x11', '_ZPLUG_OHMYZSH': 'robbyrussell/oh-my-zsh', '_ZPLUG_PREZTO': 'sorin-ionescu/prezto', 'DISPLAY': ':0', 'LANG': 'en_US.UTF-8', 'XDG_CURRENT_DESKTOP': 'Unity', 'RMW_IMPLEMENTATION': 'rmw_cyclonedds_cpp', 'XAUTHORITY': '/run/user/1000/gdm/Xauthority', 'XDG_SESSION_DESKTOP': 'ubuntu', 'XMODIFIERS': '@im=ibus', 'TERM_PROGRAM': 'vscode', 'VSCODE_GIT_IPC_HANDLE': '/run/user/1000/vscode-git-ec08b25829.sock', 'SSH_AUTH_SOCK': '/run/user/1000/keyring/ssh', 'ORIGINAL_XDG_CURRENT_DESKTOP': 'ubuntu:GNOME', 'AMENT_PREFIX_PATH': '/home/artscript/Desktop/WorkSpace/MagnentoROBO/magnentorobo_ros2/install/mcu_usb_pkg:/home/artscript/Desktop/WorkSpace/MagnentoROBO/magnentorobo_ros2/install/artscript_interfaces:/opt/ros/foxy', 'SHELL': '/usr/bin/zsh', '_ZPLUG_AWKPATH': '/home/artscript/.zplug/misc/contrib', 'QT_ACCESSIBILITY': '1', 'GDMSESSION': 'ubuntu', 'ZPLUG_PROTOCOL': 'HTTPS', 'ZPLUG_REPOS': '/home/artscript/.zplug/repos', 'GPG_AGENT_INFO': '/run/user/1000/gnupg/S.gpg-agent:0:1', 'GJS_DEBUG_OUTPUT': 'stderr', 'P9K_SSH': '0', 'QT_IM_MODULE': 'ibus', 'VSCODE_GIT_ASKPASS_EXTRA_ARGS': '--ms-enable-electron-run-as-node', 'PWD': '/home/artscript/Desktop/WorkSpace/MagnentoROBO/magnentorobo_ros2/build/mcu_usb_pkg', 'XDG_DATA_DIRS': '/usr/share/ubuntu:/usr/local/share/:/usr/share/:/var/lib/snapd/desktop', 'XDG_CONFIG_DIRS': '/etc/xdg/xdg-ubuntu:/etc/xdg', '_P9K_TTY': '/dev/pts/3', 'ZPLUG_USE_CACHE': 'true', 'PYTHONPATH': '/home/artscript/Desktop/WorkSpace/MagnentoROBO/magnentorobo_ros2/install/mcu_usb_pkg/lib/python3.8/site-packages:/home/artscript/Desktop/WorkSpace/MagnentoROBO/magnentorobo_ros2/install/mcu_usb_pkg/lib/python3.8/site-packages:/home/artscript/Desktop/WorkSpace/MagnentoROBO/magnentorobo_ros2/install/artscript_interfaces/lib/python3.8/site-packages:/opt/ros/foxy/lib/python3.8/site-packages', 'BREAKPAD_DUMP_LOCATION': '/home/artscript/.config/Code/exthost Crash Reports', 'COLCON': '1', 'ZPLUG_ROOT': '/home/artscript/.zplug', 'CMAKE_PREFIX_PATH': '/home/artscript/Desktop/WorkSpace/MagnentoROBO/magnentorobo_ros2/install/artscript_interfaces'}, 'shell': False}
[0.201519] (-) TimerEvent: {}
[0.302401] (-) TimerEvent: {}
[0.359599] (mcu_usb_pkg) StdoutLine: {'line': b'running egg_info\n'}
[0.360025] (mcu_usb_pkg) StdoutLine: {'line': b'writing ../../build/mcu_usb_pkg/mcu_usb_pkg.egg-info/PKG-INFO\n'}
[0.360510] (mcu_usb_pkg) StdoutLine: {'line': b'writing dependency_links to ../../build/mcu_usb_pkg/mcu_usb_pkg.egg-info/dependency_links.txt\n'}
[0.360969] (mcu_usb_pkg) StdoutLine: {'line': b'writing entry points to ../../build/mcu_usb_pkg/mcu_usb_pkg.egg-info/entry_points.txt\n'}
[0.361336] (mcu_usb_pkg) StdoutLine: {'line': b'writing requirements to ../../build/mcu_usb_pkg/mcu_usb_pkg.egg-info/requires.txt\n'}
[0.361682] (mcu_usb_pkg) StdoutLine: {'line': b'writing top-level names to ../../build/mcu_usb_pkg/mcu_usb_pkg.egg-info/top_level.txt\n'}
[0.392133] (mcu_usb_pkg) StdoutLine: {'line': b"reading manifest file '../../build/mcu_usb_pkg/mcu_usb_pkg.egg-info/SOURCES.txt'\n"}
[0.392340] (mcu_usb_pkg) StdoutLine: {'line': b"writing manifest file '../../build/mcu_usb_pkg/mcu_usb_pkg.egg-info/SOURCES.txt'\n"}
[0.392487] (mcu_usb_pkg) StdoutLine: {'line': b'running build\n'}
[0.392614] (mcu_usb_pkg) StdoutLine: {'line': b'running build_py\n'}
[0.392675] (mcu_usb_pkg) StdoutLine: {'line': b'copying mcu_usb_pkg/mcu_pub.py -> /home/artscript/Desktop/WorkSpace/MagnentoROBO/magnentorobo_ros2/build/mcu_usb_pkg/build/lib/mcu_usb_pkg\n'}
[0.392731] (mcu_usb_pkg) StdoutLine: {'line': b'running install\n'}
[0.392820] (mcu_usb_pkg) StdoutLine: {'line': b'running install_lib\n'}
[0.392881] (mcu_usb_pkg) StdoutLine: {'line': b'copying /home/artscript/Desktop/WorkSpace/MagnentoROBO/magnentorobo_ros2/build/mcu_usb_pkg/build/lib/mcu_usb_pkg/mcu_pub.py -> /home/artscript/Desktop/WorkSpace/MagnentoROBO/magnentorobo_ros2/install/mcu_usb_pkg/lib/python3.8/site-packages/mcu_usb_pkg\n'}
[0.393763] (mcu_usb_pkg) StdoutLine: {'line': b'byte-compiling /home/artscript/Desktop/WorkSpace/MagnentoROBO/magnentorobo_ros2/install/mcu_usb_pkg/lib/python3.8/site-packages/mcu_usb_pkg/mcu_pub.py to mcu_pub.cpython-38.pyc\n'}
[0.393907] (mcu_usb_pkg) StdoutLine: {'line': b'running install_data\n'}
[0.394584] (mcu_usb_pkg) StdoutLine: {'line': b'running install_egg_info\n'}
[0.395580] (mcu_usb_pkg) StdoutLine: {'line': b"removing '/home/artscript/Desktop/WorkSpace/MagnentoROBO/magnentorobo_ros2/install/mcu_usb_pkg/lib/python3.8/site-packages/mcu_usb_pkg-0.0.0-py3.8.egg-info' (and everything under it)\n"}
[0.395985] (mcu_usb_pkg) StdoutLine: {'line': b'Copying ../../build/mcu_usb_pkg/mcu_usb_pkg.egg-info to /home/artscript/Desktop/WorkSpace/MagnentoROBO/magnentorobo_ros2/install/mcu_usb_pkg/lib/python3.8/site-packages/mcu_usb_pkg-0.0.0-py3.8.egg-info\n'}
[0.396992] (mcu_usb_pkg) StdoutLine: {'line': b'running install_scripts\n'}
[0.405832] (-) TimerEvent: {}
[0.410328] (mcu_usb_pkg) StdoutLine: {'line': b'Installing mcu_pub_node script to /home/artscript/Desktop/WorkSpace/MagnentoROBO/magnentorobo_ros2/install/mcu_usb_pkg/lib/mcu_usb_pkg\n'}
[0.410477] (mcu_usb_pkg) StdoutLine: {'line': b'Installing mcu_sub_node script to /home/artscript/Desktop/WorkSpace/MagnentoROBO/magnentorobo_ros2/install/mcu_usb_pkg/lib/mcu_usb_pkg\n'}
[0.410544] (mcu_usb_pkg) StdoutLine: {'line': b"writing list of installed files to '/home/artscript/Desktop/WorkSpace/MagnentoROBO/magnentorobo_ros2/build/mcu_usb_pkg/install.log'\n"}
[0.436712] (mcu_usb_pkg) CommandEnded: {'returncode': 0}
[0.446035] (mcu_usb_pkg) JobEnded: {'identifier': 'mcu_usb_pkg', 'rc': 0}
[0.446727] (-) EventReactorShutdown: {}
