running egg_info
creating ../../build/mcu_usb_pkg/mcu_usb_pkg.egg-info
writing ../../build/mcu_usb_pkg/mcu_usb_pkg.egg-info/PKG-INFO
writing dependency_links to ../../build/mcu_usb_pkg/mcu_usb_pkg.egg-info/dependency_links.txt
writing entry points to ../../build/mcu_usb_pkg/mcu_usb_pkg.egg-info/entry_points.txt
writing requirements to ../../build/mcu_usb_pkg/mcu_usb_pkg.egg-info/requires.txt
writing top-level names to ../../build/mcu_usb_pkg/mcu_usb_pkg.egg-info/top_level.txt
writing manifest file '../../build/mcu_usb_pkg/mcu_usb_pkg.egg-info/SOURCES.txt'
reading manifest file '../../build/mcu_usb_pkg/mcu_usb_pkg.egg-info/SOURCES.txt'
writing manifest file '../../build/mcu_usb_pkg/mcu_usb_pkg.egg-info/SOURCES.txt'
running build
running build_py
creating /home/artscript/Desktop/WorkSpace/MagnentoROBO/magnentorobo_ros2/build/mcu_usb_pkg/build
creating /home/artscript/Desktop/WorkSpace/MagnentoROBO/magnentorobo_ros2/build/mcu_usb_pkg/build/lib
creating /home/artscript/Desktop/WorkSpace/MagnentoROBO/magnentorobo_ros2/build/mcu_usb_pkg/build/lib/mcu_usb_pkg
copying mcu_usb_pkg/__init__.py -> /home/artscript/Desktop/WorkSpace/MagnentoROBO/magnentorobo_ros2/build/mcu_usb_pkg/build/lib/mcu_usb_pkg
copying mcu_usb_pkg/mcu_pub_node.py -> /home/artscript/Desktop/WorkSpace/MagnentoROBO/magnentorobo_ros2/build/mcu_usb_pkg/build/lib/mcu_usb_pkg
copying mcu_usb_pkg/mcu_sub_node.py -> /home/artscript/Desktop/WorkSpace/MagnentoROBO/magnentorobo_ros2/build/mcu_usb_pkg/build/lib/mcu_usb_pkg
running install
running install_lib
creating /home/artscript/Desktop/WorkSpace/MagnentoROBO/magnentorobo_ros2/install/mcu_usb_pkg/lib/python3.8/site-packages/mcu_usb_pkg
copying /home/artscript/Desktop/WorkSpace/MagnentoROBO/magnentorobo_ros2/build/mcu_usb_pkg/build/lib/mcu_usb_pkg/__init__.py -> /home/artscript/Desktop/WorkSpace/MagnentoROBO/magnentorobo_ros2/install/mcu_usb_pkg/lib/python3.8/site-packages/mcu_usb_pkg
copying /home/artscript/Desktop/WorkSpace/MagnentoROBO/magnentorobo_ros2/build/mcu_usb_pkg/build/lib/mcu_usb_pkg/mcu_pub_node.py -> /home/artscript/Desktop/WorkSpace/MagnentoROBO/magnentorobo_ros2/install/mcu_usb_pkg/lib/python3.8/site-packages/mcu_usb_pkg
copying /home/artscript/Desktop/WorkSpace/MagnentoROBO/magnentorobo_ros2/build/mcu_usb_pkg/build/lib/mcu_usb_pkg/mcu_sub_node.py -> /home/artscript/Desktop/WorkSpace/MagnentoROBO/magnentorobo_ros2/install/mcu_usb_pkg/lib/python3.8/site-packages/mcu_usb_pkg
byte-compiling /home/artscript/Desktop/WorkSpace/MagnentoROBO/magnentorobo_ros2/install/mcu_usb_pkg/lib/python3.8/site-packages/mcu_usb_pkg/__init__.py to __init__.cpython-38.pyc
byte-compiling /home/artscript/Desktop/WorkSpace/MagnentoROBO/magnentorobo_ros2/install/mcu_usb_pkg/lib/python3.8/site-packages/mcu_usb_pkg/mcu_pub_node.py to mcu_pub_node.cpython-38.pyc
byte-compiling /home/artscript/Desktop/WorkSpace/MagnentoROBO/magnentorobo_ros2/install/mcu_usb_pkg/lib/python3.8/site-packages/mcu_usb_pkg/mcu_sub_node.py to mcu_sub_node.cpython-38.pyc
running install_data
creating /home/artscript/Desktop/WorkSpace/MagnentoROBO/magnentorobo_ros2/install/mcu_usb_pkg/share/ament_index
creating /home/artscript/Desktop/WorkSpace/MagnentoROBO/magnentorobo_ros2/install/mcu_usb_pkg/share/ament_index/resource_index
creating /home/artscript/Desktop/WorkSpace/MagnentoROBO/magnentorobo_ros2/install/mcu_usb_pkg/share/ament_index/resource_index/packages
copying resource/mcu_usb_pkg -> /home/artscript/Desktop/WorkSpace/MagnentoROBO/magnentorobo_ros2/install/mcu_usb_pkg/share/ament_index/resource_index/packages
copying package.xml -> /home/artscript/Desktop/WorkSpace/MagnentoROBO/magnentorobo_ros2/install/mcu_usb_pkg/share/mcu_usb_pkg
running install_egg_info
Copying ../../build/mcu_usb_pkg/mcu_usb_pkg.egg-info to /home/artscript/Desktop/WorkSpace/MagnentoROBO/magnentorobo_ros2/install/mcu_usb_pkg/lib/python3.8/site-packages/mcu_usb_pkg-0.0.0-py3.8.egg-info
running install_scripts
Installing mcu_pub_node script to /home/artscript/Desktop/WorkSpace/MagnentoROBO/magnentorobo_ros2/install/mcu_usb_pkg/lib/mcu_usb_pkg
Installing mcu_sub_node script to /home/artscript/Desktop/WorkSpace/MagnentoROBO/magnentorobo_ros2/install/mcu_usb_pkg/lib/mcu_usb_pkg
writing list of installed files to '/home/artscript/Desktop/WorkSpace/MagnentoROBO/magnentorobo_ros2/build/mcu_usb_pkg/install.log'
