[0.465s] Invoking command in '/home/artscript/Desktop/WorkSpace/MagnentoROBO/magnentorobo_ros2/src/imu_usb_pkg': PYTHONPATH=/home/artscript/Desktop/WorkSpace/MagnentoROBO/magnentorobo_ros2/install/imu_usb_pkg/lib/python3.8/site-packages:/home/artscript/Desktop/WorkSpace/MagnentoROBO/magnentorobo_ros2/install/artscript_interfaces/lib/python3.8/site-packages:/home/artscript/Desktop/WorkSpace/MagnentoROBO/magnentorobo_ros2/install/mcu_usb_pkg/lib/python3.8/site-packages:/opt/ros/foxy/lib/python3.8/site-packages /usr/bin/python3 setup.py egg_info --egg-base ../../build/imu_usb_pkg build --build-base /home/artscript/Desktop/WorkSpace/MagnentoROBO/magnentorobo_ros2/build/imu_usb_pkg/build install --prefix /home/artscript/Desktop/WorkSpace/MagnentoROBO/magnentorobo_ros2/install/imu_usb_pkg --record /home/artscript/Desktop/WorkSpace/MagnentoROBO/magnentorobo_ros2/build/imu_usb_pkg/install.log --single-version-externally-managed
[0.732s] running egg_info
[0.733s] writing ../../build/imu_usb_pkg/imu_usb_pkg.egg-info/PKG-INFO
[0.733s] writing dependency_links to ../../build/imu_usb_pkg/imu_usb_pkg.egg-info/dependency_links.txt
[0.734s] writing entry points to ../../build/imu_usb_pkg/imu_usb_pkg.egg-info/entry_points.txt
[0.734s] writing requirements to ../../build/imu_usb_pkg/imu_usb_pkg.egg-info/requires.txt
[0.734s] writing top-level names to ../../build/imu_usb_pkg/imu_usb_pkg.egg-info/top_level.txt
[0.768s] reading manifest file '../../build/imu_usb_pkg/imu_usb_pkg.egg-info/SOURCES.txt'
[0.768s] writing manifest file '../../build/imu_usb_pkg/imu_usb_pkg.egg-info/SOURCES.txt'
[0.769s] running build
[0.769s] running build_py
[0.769s] copying imu_usb_pkg/imu_pub.py -> /home/artscript/Desktop/WorkSpace/MagnentoROBO/magnentorobo_ros2/build/imu_usb_pkg/build/lib/imu_usb_pkg
[0.769s] running install
[0.770s] running install_lib
[0.771s] copying /home/artscript/Desktop/WorkSpace/MagnentoROBO/magnentorobo_ros2/build/imu_usb_pkg/build/lib/imu_usb_pkg/imu_pub.py -> /home/artscript/Desktop/WorkSpace/MagnentoROBO/magnentorobo_ros2/install/imu_usb_pkg/lib/python3.8/site-packages/imu_usb_pkg
[0.772s] byte-compiling /home/artscript/Desktop/WorkSpace/MagnentoROBO/magnentorobo_ros2/install/imu_usb_pkg/lib/python3.8/site-packages/imu_usb_pkg/imu_pub.py to imu_pub.cpython-38.pyc
[0.774s] running install_data
[0.775s] running install_egg_info
[0.775s] removing '/home/artscript/Desktop/WorkSpace/MagnentoROBO/magnentorobo_ros2/install/imu_usb_pkg/lib/python3.8/site-packages/imu_usb_pkg-0.0.0-py3.8.egg-info' (and everything under it)
[0.788s] Copying ../../build/imu_usb_pkg/imu_usb_pkg.egg-info to /home/artscript/Desktop/WorkSpace/MagnentoROBO/magnentorobo_ros2/install/imu_usb_pkg/lib/python3.8/site-packages/imu_usb_pkg-0.0.0-py3.8.egg-info
[0.789s] running install_scripts
[0.803s] Installing imu_pub_node script to /home/artscript/Desktop/WorkSpace/MagnentoROBO/magnentorobo_ros2/install/imu_usb_pkg/lib/imu_usb_pkg
[0.803s] Installing imu_sub_node script to /home/artscript/Desktop/WorkSpace/MagnentoROBO/magnentorobo_ros2/install/imu_usb_pkg/lib/imu_usb_pkg
[0.803s] writing list of installed files to '/home/artscript/Desktop/WorkSpace/MagnentoROBO/magnentorobo_ros2/build/imu_usb_pkg/install.log'
[0.836s] Invoked command in '/home/artscript/Desktop/WorkSpace/MagnentoROBO/magnentorobo_ros2/src/imu_usb_pkg' returned '0': PYTHONPATH=/home/artscript/Desktop/WorkSpace/MagnentoROBO/magnentorobo_ros2/install/imu_usb_pkg/lib/python3.8/site-packages:/home/artscript/Desktop/WorkSpace/MagnentoROBO/magnentorobo_ros2/install/artscript_interfaces/lib/python3.8/site-packages:/home/artscript/Desktop/WorkSpace/MagnentoROBO/magnentorobo_ros2/install/mcu_usb_pkg/lib/python3.8/site-packages:/opt/ros/foxy/lib/python3.8/site-packages /usr/bin/python3 setup.py egg_info --egg-base ../../build/imu_usb_pkg build --build-base /home/artscript/Desktop/WorkSpace/MagnentoROBO/magnentorobo_ros2/build/imu_usb_pkg/build install --prefix /home/artscript/Desktop/WorkSpace/MagnentoROBO/magnentorobo_ros2/install/imu_usb_pkg --record /home/artscript/Desktop/WorkSpace/MagnentoROBO/magnentorobo_ros2/build/imu_usb_pkg/install.log --single-version-externally-managed
