[0.605s] Invoking command in '/home/artscript/Desktop/WorkSpace/MagnentoROBO/magnentorobo_ros2/src/camera_usb_pkg': PYTHONPATH=/home/artscript/Desktop/WorkSpace/MagnentoROBO/magnentorobo_ros2/install/camera_usb_pkg/lib/python3.8/site-packages:${PYTHONPATH} /usr/bin/python3 setup.py egg_info --egg-base ../../build/camera_usb_pkg build --build-base /home/artscript/Desktop/WorkSpace/MagnentoROBO/magnentorobo_ros2/build/camera_usb_pkg/build install --prefix /home/artscript/Desktop/WorkSpace/MagnentoROBO/magnentorobo_ros2/install/camera_usb_pkg --record /home/artscript/Desktop/WorkSpace/MagnentoROBO/magnentorobo_ros2/build/camera_usb_pkg/install.log --single-version-externally-managed
[0.835s] running egg_info
[0.835s] writing ../../build/camera_usb_pkg/camera_usb_pkg.egg-info/PKG-INFO
[0.835s] writing dependency_links to ../../build/camera_usb_pkg/camera_usb_pkg.egg-info/dependency_links.txt
[0.836s] writing entry points to ../../build/camera_usb_pkg/camera_usb_pkg.egg-info/entry_points.txt
[0.836s] writing requirements to ../../build/camera_usb_pkg/camera_usb_pkg.egg-info/requires.txt
[0.836s] writing top-level names to ../../build/camera_usb_pkg/camera_usb_pkg.egg-info/top_level.txt
[0.881s] reading manifest file '../../build/camera_usb_pkg/camera_usb_pkg.egg-info/SOURCES.txt'
[0.882s] writing manifest file '../../build/camera_usb_pkg/camera_usb_pkg.egg-info/SOURCES.txt'
[0.882s] running build
[0.882s] running build_py
[0.887s] copying camera_usb_pkg/camera_pub.py -> /home/artscript/Desktop/WorkSpace/MagnentoROBO/magnentorobo_ros2/build/camera_usb_pkg/build/lib/camera_usb_pkg
[0.887s] running install
[0.888s] running install_lib
[0.888s] copying /home/artscript/Desktop/WorkSpace/MagnentoROBO/magnentorobo_ros2/build/camera_usb_pkg/build/lib/camera_usb_pkg/camera_pub.py -> /home/artscript/Desktop/WorkSpace/MagnentoROBO/magnentorobo_ros2/install/camera_usb_pkg/lib/python3.8/site-packages/camera_usb_pkg
[0.888s] byte-compiling /home/artscript/Desktop/WorkSpace/MagnentoROBO/magnentorobo_ros2/install/camera_usb_pkg/lib/python3.8/site-packages/camera_usb_pkg/camera_pub.py to camera_pub.cpython-38.pyc
[0.888s] running install_data
[0.888s] running install_egg_info
[0.893s] removing '/home/artscript/Desktop/WorkSpace/MagnentoROBO/magnentorobo_ros2/install/camera_usb_pkg/lib/python3.8/site-packages/camera_usb_pkg-0.0.0-py3.8.egg-info' (and everything under it)
[0.893s] Copying ../../build/camera_usb_pkg/camera_usb_pkg.egg-info to /home/artscript/Desktop/WorkSpace/MagnentoROBO/magnentorobo_ros2/install/camera_usb_pkg/lib/python3.8/site-packages/camera_usb_pkg-0.0.0-py3.8.egg-info
[0.894s] running install_scripts
[0.911s] Installing camera_pub_node script to /home/artscript/Desktop/WorkSpace/MagnentoROBO/magnentorobo_ros2/install/camera_usb_pkg/lib/camera_usb_pkg
[0.911s] Installing camera_sub_node script to /home/artscript/Desktop/WorkSpace/MagnentoROBO/magnentorobo_ros2/install/camera_usb_pkg/lib/camera_usb_pkg
[0.912s] writing list of installed files to '/home/artscript/Desktop/WorkSpace/MagnentoROBO/magnentorobo_ros2/build/camera_usb_pkg/install.log'
[0.970s] Invoked command in '/home/artscript/Desktop/WorkSpace/MagnentoROBO/magnentorobo_ros2/src/camera_usb_pkg' returned '0': PYTHONPATH=/home/artscript/Desktop/WorkSpace/MagnentoROBO/magnentorobo_ros2/install/camera_usb_pkg/lib/python3.8/site-packages:${PYTHONPATH} /usr/bin/python3 setup.py egg_info --egg-base ../../build/camera_usb_pkg build --build-base /home/artscript/Desktop/WorkSpace/MagnentoROBO/magnentorobo_ros2/build/camera_usb_pkg/build install --prefix /home/artscript/Desktop/WorkSpace/MagnentoROBO/magnentorobo_ros2/install/camera_usb_pkg --record /home/artscript/Desktop/WorkSpace/MagnentoROBO/magnentorobo_ros2/build/camera_usb_pkg/install.log --single-version-externally-managed
