[0.296s] Invoking command in '/home/artscript/Desktop/WorkSpace/MagnentoROBO/magnentorobo_ros2/src/servo_pwm_pkg': PYTHONPATH=/home/artscript/Desktop/WorkSpace/MagnentoROBO/magnentorobo_ros2/install/servo_pwm_pkg/lib/python3.8/site-packages:${PYTHONPATH} /usr/bin/python3 setup.py egg_info --egg-base ../../build/servo_pwm_pkg build --build-base /home/artscript/Desktop/WorkSpace/MagnentoROBO/magnentorobo_ros2/build/servo_pwm_pkg/build install --prefix /home/artscript/Desktop/WorkSpace/MagnentoROBO/magnentorobo_ros2/install/servo_pwm_pkg --record /home/artscript/Desktop/WorkSpace/MagnentoROBO/magnentorobo_ros2/build/servo_pwm_pkg/install.log --single-version-externally-managed
[0.487s] running egg_info
[0.487s] writing ../../build/servo_pwm_pkg/servo_pwm_pkg.egg-info/PKG-INFO
[0.487s] writing dependency_links to ../../build/servo_pwm_pkg/servo_pwm_pkg.egg-info/dependency_links.txt
[0.487s] writing entry points to ../../build/servo_pwm_pkg/servo_pwm_pkg.egg-info/entry_points.txt
[0.487s] writing requirements to ../../build/servo_pwm_pkg/servo_pwm_pkg.egg-info/requires.txt
[0.488s] writing top-level names to ../../build/servo_pwm_pkg/servo_pwm_pkg.egg-info/top_level.txt
[0.515s] reading manifest file '../../build/servo_pwm_pkg/servo_pwm_pkg.egg-info/SOURCES.txt'
[0.516s] writing manifest file '../../build/servo_pwm_pkg/servo_pwm_pkg.egg-info/SOURCES.txt'
[0.517s] running build
[0.517s] running build_py
[0.518s] running install
[0.518s] running install_lib
[0.519s] running install_data
[0.519s] running install_egg_info
[0.522s] removing '/home/artscript/Desktop/WorkSpace/MagnentoROBO/magnentorobo_ros2/install/servo_pwm_pkg/lib/python3.8/site-packages/servo_pwm_pkg-0.0.0-py3.8.egg-info' (and everything under it)
[0.522s] Copying ../../build/servo_pwm_pkg/servo_pwm_pkg.egg-info to /home/artscript/Desktop/WorkSpace/MagnentoROBO/magnentorobo_ros2/install/servo_pwm_pkg/lib/python3.8/site-packages/servo_pwm_pkg-0.0.0-py3.8.egg-info
[0.524s] running install_scripts
[0.540s] writing list of installed files to '/home/artscript/Desktop/WorkSpace/MagnentoROBO/magnentorobo_ros2/build/servo_pwm_pkg/install.log'
[0.561s] Invoked command in '/home/artscript/Desktop/WorkSpace/MagnentoROBO/magnentorobo_ros2/src/servo_pwm_pkg' returned '0': PYTHONPATH=/home/artscript/Desktop/WorkSpace/MagnentoROBO/magnentorobo_ros2/install/servo_pwm_pkg/lib/python3.8/site-packages:${PYTHONPATH} /usr/bin/python3 setup.py egg_info --egg-base ../../build/servo_pwm_pkg build --build-base /home/artscript/Desktop/WorkSpace/MagnentoROBO/magnentorobo_ros2/build/servo_pwm_pkg/build install --prefix /home/artscript/Desktop/WorkSpace/MagnentoROBO/magnentorobo_ros2/install/servo_pwm_pkg --record /home/artscript/Desktop/WorkSpace/MagnentoROBO/magnentorobo_ros2/build/servo_pwm_pkg/install.log --single-version-externally-managed
