[0.237s] DEBUG:colcon:Command line arguments: ['/usr/bin/colcon', 'build']
[0.237s] DEBUG:colcon:Parsed command line arguments: Namespace(ament_cmake_args=None, base_paths=['.'], build_base='build', catkin_cmake_args=None, catkin_skip_building_tests=False, cmake_args=None, cmake_clean_cache=False, cmake_clean_first=False, cmake_force_configure=False, cmake_target=None, cmake_target_skip_unavailable=False, continue_on_error=False, event_handlers=None, executor='parallel', ignore_user_meta=False, install_base='install', log_base=None, log_level=None, main=<bound method BuildVerb.main of <colcon_core.verb.build.BuildVerb object at 0x7fc489673880>>, merge_install=False, metas=['./colcon.meta'], packages_above=None, packages_above_and_dependencies=None, packages_above_depth=None, packages_end=None, packages_ignore=None, packages_ignore_regex=None, packages_select=None, packages_select_build_failed=False, packages_select_by_dep=None, packages_select_regex=None, packages_select_test_failures=False, packages_skip=None, packages_skip_build_finished=False, packages_skip_by_dep=None, packages_skip_regex=None, packages_skip_test_passed=False, packages_skip_up_to=None, packages_start=None, packages_up_to=None, packages_up_to_regex=None, parallel_workers=4, paths=None, symlink_install=False, test_result_base=None, verb_extension=<colcon_core.verb.build.BuildVerb object at 0x7fc489673880>, verb_name='build', verb_parser=<colcon_defaults.argument_parser.defaults.DefaultArgumentsDecorator object at 0x7fc489673df0>)
[0.242s] Level 1:colcon.colcon_core.package_discovery:discover_packages(colcon_meta) check parameters
[0.242s] Level 1:colcon.colcon_core.package_discovery:discover_packages(recursive) check parameters
[0.242s] Level 1:colcon.colcon_core.package_discovery:discover_packages(ignore) check parameters
[0.242s] Level 1:colcon.colcon_core.package_discovery:discover_packages(path) check parameters
[0.242s] Level 1:colcon.colcon_core.package_discovery:discover_packages(colcon_meta) discover
[0.242s] Level 1:colcon.colcon_core.package_discovery:discover_packages(recursive) discover
[0.242s] INFO:colcon.colcon_core.package_discovery:Crawling recursively for packages in '/home/artscript/Desktop/WorkSpace/MagnentoROBO/magnentorobo_ros2'
[0.242s] Level 1:colcon.colcon_core.package_identification:_identify(.) by extensions ['ignore', 'ignore_ament_install']
[0.242s] Level 1:colcon.colcon_core.package_identification:_identify(.) by extension 'ignore'
[0.242s] Level 1:colcon.colcon_core.package_identification:_identify(.) by extension 'ignore_ament_install'
[0.242s] Level 1:colcon.colcon_core.package_identification:_identify(.) by extensions ['colcon_pkg']
[0.242s] Level 1:colcon.colcon_core.package_identification:_identify(.) by extension 'colcon_pkg'
[0.242s] Level 1:colcon.colcon_core.package_identification:_identify(.) by extensions ['colcon_meta']
[0.242s] Level 1:colcon.colcon_core.package_identification:_identify(.) by extension 'colcon_meta'
[0.242s] Level 1:colcon.colcon_core.package_identification:_identify(.) by extensions ['ros']
[0.243s] Level 1:colcon.colcon_core.package_identification:_identify(.) by extension 'ros'
[0.253s] Level 1:colcon.colcon_core.package_identification:_identify(.) by extensions ['cmake', 'python']
[0.253s] Level 1:colcon.colcon_core.package_identification:_identify(.) by extension 'cmake'
[0.253s] Level 1:colcon.colcon_core.package_identification:_identify(.) by extension 'python'
[0.253s] Level 1:colcon.colcon_core.package_identification:_identify(.) by extensions ['python_setup_py']
[0.253s] Level 1:colcon.colcon_core.package_identification:_identify(.) by extension 'python_setup_py'
[0.253s] Level 1:colcon.colcon_core.package_identification:_identify(build) by extensions ['ignore', 'ignore_ament_install']
[0.253s] Level 1:colcon.colcon_core.package_identification:_identify(build) by extension 'ignore'
[0.253s] Level 1:colcon.colcon_core.package_identification:_identify(build) ignored
[0.254s] Level 1:colcon.colcon_core.package_identification:_identify(install) by extensions ['ignore', 'ignore_ament_install']
[0.254s] Level 1:colcon.colcon_core.package_identification:_identify(install) by extension 'ignore'
[0.254s] Level 1:colcon.colcon_core.package_identification:_identify(install) ignored
[0.254s] Level 1:colcon.colcon_core.package_identification:_identify(log) by extensions ['ignore', 'ignore_ament_install']
[0.254s] Level 1:colcon.colcon_core.package_identification:_identify(log) by extension 'ignore'
[0.254s] Level 1:colcon.colcon_core.package_identification:_identify(log) ignored
[0.254s] Level 1:colcon.colcon_core.package_identification:_identify(src) by extensions ['ignore', 'ignore_ament_install']
[0.255s] Level 1:colcon.colcon_core.package_identification:_identify(src) by extension 'ignore'
[0.255s] Level 1:colcon.colcon_core.package_identification:_identify(src) by extension 'ignore_ament_install'
[0.255s] Level 1:colcon.colcon_core.package_identification:_identify(src) by extensions ['colcon_pkg']
[0.255s] Level 1:colcon.colcon_core.package_identification:_identify(src) by extension 'colcon_pkg'
[0.255s] Level 1:colcon.colcon_core.package_identification:_identify(src) by extensions ['colcon_meta']
[0.255s] Level 1:colcon.colcon_core.package_identification:_identify(src) by extension 'colcon_meta'
[0.255s] Level 1:colcon.colcon_core.package_identification:_identify(src) by extensions ['ros']
[0.255s] Level 1:colcon.colcon_core.package_identification:_identify(src) by extension 'ros'
[0.255s] Level 1:colcon.colcon_core.package_identification:_identify(src) by extensions ['cmake', 'python']
[0.255s] Level 1:colcon.colcon_core.package_identification:_identify(src) by extension 'cmake'
[0.255s] Level 1:colcon.colcon_core.package_identification:_identify(src) by extension 'python'
[0.256s] Level 1:colcon.colcon_core.package_identification:_identify(src) by extensions ['python_setup_py']
[0.256s] Level 1:colcon.colcon_core.package_identification:_identify(src) by extension 'python_setup_py'
[0.256s] Level 1:colcon.colcon_core.package_identification:_identify(src/artscript_interfaces) by extensions ['ignore', 'ignore_ament_install']
[0.256s] Level 1:colcon.colcon_core.package_identification:_identify(src/artscript_interfaces) by extension 'ignore'
[0.256s] Level 1:colcon.colcon_core.package_identification:_identify(src/artscript_interfaces) by extension 'ignore_ament_install'
[0.256s] Level 1:colcon.colcon_core.package_identification:_identify(src/artscript_interfaces) by extensions ['colcon_pkg']
[0.256s] Level 1:colcon.colcon_core.package_identification:_identify(src/artscript_interfaces) by extension 'colcon_pkg'
[0.256s] Level 1:colcon.colcon_core.package_identification:_identify(src/artscript_interfaces) by extensions ['colcon_meta']
[0.256s] Level 1:colcon.colcon_core.package_identification:_identify(src/artscript_interfaces) by extension 'colcon_meta'
[0.256s] Level 1:colcon.colcon_core.package_identification:_identify(src/artscript_interfaces) by extensions ['ros']
[0.256s] Level 1:colcon.colcon_core.package_identification:_identify(src/artscript_interfaces) by extension 'ros'
[0.258s] DEBUG:colcon.colcon_core.package_identification:Package 'src/artscript_interfaces' with type 'ros.ament_cmake' and name 'artscript_interfaces'
[0.258s] Level 1:colcon.colcon_core.package_identification:_identify(src/artscript_main) by extensions ['ignore', 'ignore_ament_install']
[0.259s] Level 1:colcon.colcon_core.package_identification:_identify(src/artscript_main) by extension 'ignore'
[0.259s] Level 1:colcon.colcon_core.package_identification:_identify(src/artscript_main) by extension 'ignore_ament_install'
[0.259s] Level 1:colcon.colcon_core.package_identification:_identify(src/artscript_main) by extensions ['colcon_pkg']
[0.259s] Level 1:colcon.colcon_core.package_identification:_identify(src/artscript_main) by extension 'colcon_pkg'
[0.259s] Level 1:colcon.colcon_core.package_identification:_identify(src/artscript_main) by extensions ['colcon_meta']
[0.259s] Level 1:colcon.colcon_core.package_identification:_identify(src/artscript_main) by extension 'colcon_meta'
[0.259s] Level 1:colcon.colcon_core.package_identification:_identify(src/artscript_main) by extensions ['ros']
[0.259s] Level 1:colcon.colcon_core.package_identification:_identify(src/artscript_main) by extension 'ros'
[0.260s] DEBUG:colcon.colcon_core.package_identification:Package 'src/artscript_main' with type 'ros.ament_python' and name 'artscript_main'
[0.260s] Level 1:colcon.colcon_core.package_identification:_identify(src/camera_usb_pkg) by extensions ['ignore', 'ignore_ament_install']
[0.260s] Level 1:colcon.colcon_core.package_identification:_identify(src/camera_usb_pkg) by extension 'ignore'
[0.260s] Level 1:colcon.colcon_core.package_identification:_identify(src/camera_usb_pkg) by extension 'ignore_ament_install'
[0.260s] Level 1:colcon.colcon_core.package_identification:_identify(src/camera_usb_pkg) by extensions ['colcon_pkg']
[0.260s] Level 1:colcon.colcon_core.package_identification:_identify(src/camera_usb_pkg) by extension 'colcon_pkg'
[0.260s] Level 1:colcon.colcon_core.package_identification:_identify(src/camera_usb_pkg) by extensions ['colcon_meta']
[0.261s] Level 1:colcon.colcon_core.package_identification:_identify(src/camera_usb_pkg) by extension 'colcon_meta'
[0.261s] Level 1:colcon.colcon_core.package_identification:_identify(src/camera_usb_pkg) by extensions ['ros']
[0.261s] Level 1:colcon.colcon_core.package_identification:_identify(src/camera_usb_pkg) by extension 'ros'
[0.261s] DEBUG:colcon.colcon_core.package_identification:Package 'src/camera_usb_pkg' with type 'ros.ament_python' and name 'camera_usb_pkg'
[0.261s] Level 1:colcon.colcon_core.package_identification:_identify(src/imu_usb_pkg) by extensions ['ignore', 'ignore_ament_install']
[0.262s] Level 1:colcon.colcon_core.package_identification:_identify(src/imu_usb_pkg) by extension 'ignore'
[0.262s] Level 1:colcon.colcon_core.package_identification:_identify(src/imu_usb_pkg) by extension 'ignore_ament_install'
[0.262s] Level 1:colcon.colcon_core.package_identification:_identify(src/imu_usb_pkg) by extensions ['colcon_pkg']
[0.262s] Level 1:colcon.colcon_core.package_identification:_identify(src/imu_usb_pkg) by extension 'colcon_pkg'
[0.262s] Level 1:colcon.colcon_core.package_identification:_identify(src/imu_usb_pkg) by extensions ['colcon_meta']
[0.262s] Level 1:colcon.colcon_core.package_identification:_identify(src/imu_usb_pkg) by extension 'colcon_meta'
[0.262s] Level 1:colcon.colcon_core.package_identification:_identify(src/imu_usb_pkg) by extensions ['ros']
[0.262s] Level 1:colcon.colcon_core.package_identification:_identify(src/imu_usb_pkg) by extension 'ros'
[0.263s] DEBUG:colcon.colcon_core.package_identification:Package 'src/imu_usb_pkg' with type 'ros.ament_python' and name 'imu_usb_pkg'
[0.263s] Level 1:colcon.colcon_core.package_identification:_identify(src/mcu_usb_pkg) by extensions ['ignore', 'ignore_ament_install']
[0.263s] Level 1:colcon.colcon_core.package_identification:_identify(src/mcu_usb_pkg) by extension 'ignore'
[0.263s] Level 1:colcon.colcon_core.package_identification:_identify(src/mcu_usb_pkg) by extension 'ignore_ament_install'
[0.263s] Level 1:colcon.colcon_core.package_identification:_identify(src/mcu_usb_pkg) by extensions ['colcon_pkg']
[0.263s] Level 1:colcon.colcon_core.package_identification:_identify(src/mcu_usb_pkg) by extension 'colcon_pkg'
[0.263s] Level 1:colcon.colcon_core.package_identification:_identify(src/mcu_usb_pkg) by extensions ['colcon_meta']
[0.263s] Level 1:colcon.colcon_core.package_identification:_identify(src/mcu_usb_pkg) by extension 'colcon_meta'
[0.263s] Level 1:colcon.colcon_core.package_identification:_identify(src/mcu_usb_pkg) by extensions ['ros']
[0.264s] Level 1:colcon.colcon_core.package_identification:_identify(src/mcu_usb_pkg) by extension 'ros'
[0.264s] DEBUG:colcon.colcon_core.package_identification:Package 'src/mcu_usb_pkg' with type 'ros.ament_python' and name 'mcu_usb_pkg'
[0.264s] Level 1:colcon.colcon_core.package_identification:_identify(src/servo_pwm_pkg) by extensions ['ignore', 'ignore_ament_install']
[0.265s] Level 1:colcon.colcon_core.package_identification:_identify(src/servo_pwm_pkg) by extension 'ignore'
[0.265s] Level 1:colcon.colcon_core.package_identification:_identify(src/servo_pwm_pkg) by extension 'ignore_ament_install'
[0.265s] Level 1:colcon.colcon_core.package_identification:_identify(src/servo_pwm_pkg) by extensions ['colcon_pkg']
[0.265s] Level 1:colcon.colcon_core.package_identification:_identify(src/servo_pwm_pkg) by extension 'colcon_pkg'
[0.265s] Level 1:colcon.colcon_core.package_identification:_identify(src/servo_pwm_pkg) by extensions ['colcon_meta']
[0.265s] Level 1:colcon.colcon_core.package_identification:_identify(src/servo_pwm_pkg) by extension 'colcon_meta'
[0.265s] Level 1:colcon.colcon_core.package_identification:_identify(src/servo_pwm_pkg) by extensions ['ros']
[0.265s] Level 1:colcon.colcon_core.package_identification:_identify(src/servo_pwm_pkg) by extension 'ros'
[0.266s] DEBUG:colcon.colcon_core.package_identification:Package 'src/servo_pwm_pkg' with type 'ros.ament_python' and name 'servo_pwm_pkg'
[0.266s] Level 1:colcon.colcon_core.package_discovery:discover_packages(recursive) using defaults
[0.266s] Level 1:colcon.colcon_core.package_discovery:discover_packages(ignore) discover
[0.266s] Level 1:colcon.colcon_core.package_discovery:discover_packages(ignore) using defaults
[0.266s] Level 1:colcon.colcon_core.package_discovery:discover_packages(path) discover
[0.266s] Level 1:colcon.colcon_core.package_discovery:discover_packages(path) using defaults
[0.281s] Level 5:colcon.colcon_core.verb:set package 'artscript_interfaces' build argument 'cmake_args' from command line to 'None'
[0.281s] Level 5:colcon.colcon_core.verb:set package 'artscript_interfaces' build argument 'cmake_target' from command line to 'None'
[0.281s] Level 5:colcon.colcon_core.verb:set package 'artscript_interfaces' build argument 'cmake_target_skip_unavailable' from command line to 'False'
[0.281s] Level 5:colcon.colcon_core.verb:set package 'artscript_interfaces' build argument 'cmake_clean_cache' from command line to 'False'
[0.281s] Level 5:colcon.colcon_core.verb:set package 'artscript_interfaces' build argument 'cmake_clean_first' from command line to 'False'
[0.281s] Level 5:colcon.colcon_core.verb:set package 'artscript_interfaces' build argument 'cmake_force_configure' from command line to 'False'
[0.281s] Level 5:colcon.colcon_core.verb:set package 'artscript_interfaces' build argument 'ament_cmake_args' from command line to 'None'
[0.281s] Level 5:colcon.colcon_core.verb:set package 'artscript_interfaces' build argument 'catkin_cmake_args' from command line to 'None'
[0.282s] Level 5:colcon.colcon_core.verb:set package 'artscript_interfaces' build argument 'catkin_skip_building_tests' from command line to 'False'
[0.282s] DEBUG:colcon.colcon_core.verb:Building package 'artscript_interfaces' with the following arguments: {'ament_cmake_args': None, 'build_base': '/home/artscript/Desktop/WorkSpace/MagnentoROBO/magnentorobo_ros2/build/artscript_interfaces', 'catkin_cmake_args': None, 'catkin_skip_building_tests': False, 'cmake_args': None, 'cmake_clean_cache': False, 'cmake_clean_first': False, 'cmake_force_configure': False, 'cmake_target': None, 'cmake_target_skip_unavailable': False, 'install_base': '/home/artscript/Desktop/WorkSpace/MagnentoROBO/magnentorobo_ros2/install/artscript_interfaces', 'merge_install': False, 'path': '/home/artscript/Desktop/WorkSpace/MagnentoROBO/magnentorobo_ros2/src/artscript_interfaces', 'symlink_install': False, 'test_result_base': None}
[0.283s] Level 5:colcon.colcon_core.verb:set package 'artscript_main' build argument 'cmake_args' from command line to 'None'
[0.284s] Level 5:colcon.colcon_core.verb:set package 'artscript_main' build argument 'cmake_target' from command line to 'None'
[0.284s] Level 5:colcon.colcon_core.verb:set package 'artscript_main' build argument 'cmake_target_skip_unavailable' from command line to 'False'
[0.284s] Level 5:colcon.colcon_core.verb:set package 'artscript_main' build argument 'cmake_clean_cache' from command line to 'False'
[0.284s] Level 5:colcon.colcon_core.verb:set package 'artscript_main' build argument 'cmake_clean_first' from command line to 'False'
[0.284s] Level 5:colcon.colcon_core.verb:set package 'artscript_main' build argument 'cmake_force_configure' from command line to 'False'
[0.284s] Level 5:colcon.colcon_core.verb:set package 'artscript_main' build argument 'ament_cmake_args' from command line to 'None'
[0.284s] Level 5:colcon.colcon_core.verb:set package 'artscript_main' build argument 'catkin_cmake_args' from command line to 'None'
[0.284s] Level 5:colcon.colcon_core.verb:set package 'artscript_main' build argument 'catkin_skip_building_tests' from command line to 'False'
[0.284s] DEBUG:colcon.colcon_core.verb:Building package 'artscript_main' with the following arguments: {'ament_cmake_args': None, 'build_base': '/home/artscript/Desktop/WorkSpace/MagnentoROBO/magnentorobo_ros2/build/artscript_main', 'catkin_cmake_args': None, 'catkin_skip_building_tests': False, 'cmake_args': None, 'cmake_clean_cache': False, 'cmake_clean_first': False, 'cmake_force_configure': False, 'cmake_target': None, 'cmake_target_skip_unavailable': False, 'install_base': '/home/artscript/Desktop/WorkSpace/MagnentoROBO/magnentorobo_ros2/install/artscript_main', 'merge_install': False, 'path': '/home/artscript/Desktop/WorkSpace/MagnentoROBO/magnentorobo_ros2/src/artscript_main', 'symlink_install': False, 'test_result_base': None}
[0.286s] Level 5:colcon.colcon_core.verb:set package 'camera_usb_pkg' build argument 'cmake_args' from command line to 'None'
[0.286s] Level 5:colcon.colcon_core.verb:set package 'camera_usb_pkg' build argument 'cmake_target' from command line to 'None'
[0.286s] Level 5:colcon.colcon_core.verb:set package 'camera_usb_pkg' build argument 'cmake_target_skip_unavailable' from command line to 'False'
[0.286s] Level 5:colcon.colcon_core.verb:set package 'camera_usb_pkg' build argument 'cmake_clean_cache' from command line to 'False'
[0.286s] Level 5:colcon.colcon_core.verb:set package 'camera_usb_pkg' build argument 'cmake_clean_first' from command line to 'False'
[0.286s] Level 5:colcon.colcon_core.verb:set package 'camera_usb_pkg' build argument 'cmake_force_configure' from command line to 'False'
[0.286s] Level 5:colcon.colcon_core.verb:set package 'camera_usb_pkg' build argument 'ament_cmake_args' from command line to 'None'
[0.286s] Level 5:colcon.colcon_core.verb:set package 'camera_usb_pkg' build argument 'catkin_cmake_args' from command line to 'None'
[0.286s] Level 5:colcon.colcon_core.verb:set package 'camera_usb_pkg' build argument 'catkin_skip_building_tests' from command line to 'False'
[0.286s] DEBUG:colcon.colcon_core.verb:Building package 'camera_usb_pkg' with the following arguments: {'ament_cmake_args': None, 'build_base': '/home/artscript/Desktop/WorkSpace/MagnentoROBO/magnentorobo_ros2/build/camera_usb_pkg', 'catkin_cmake_args': None, 'catkin_skip_building_tests': False, 'cmake_args': None, 'cmake_clean_cache': False, 'cmake_clean_first': False, 'cmake_force_configure': False, 'cmake_target': None, 'cmake_target_skip_unavailable': False, 'install_base': '/home/artscript/Desktop/WorkSpace/MagnentoROBO/magnentorobo_ros2/install/camera_usb_pkg', 'merge_install': False, 'path': '/home/artscript/Desktop/WorkSpace/MagnentoROBO/magnentorobo_ros2/src/camera_usb_pkg', 'symlink_install': False, 'test_result_base': None}
[0.288s] Level 5:colcon.colcon_core.verb:set package 'mcu_usb_pkg' build argument 'cmake_args' from command line to 'None'
[0.288s] Level 5:colcon.colcon_core.verb:set package 'mcu_usb_pkg' build argument 'cmake_target' from command line to 'None'
[0.288s] Level 5:colcon.colcon_core.verb:set package 'mcu_usb_pkg' build argument 'cmake_target_skip_unavailable' from command line to 'False'
[0.288s] Level 5:colcon.colcon_core.verb:set package 'mcu_usb_pkg' build argument 'cmake_clean_cache' from command line to 'False'
[0.289s] Level 5:colcon.colcon_core.verb:set package 'mcu_usb_pkg' build argument 'cmake_clean_first' from command line to 'False'
[0.289s] Level 5:colcon.colcon_core.verb:set package 'mcu_usb_pkg' build argument 'cmake_force_configure' from command line to 'False'
[0.289s] Level 5:colcon.colcon_core.verb:set package 'mcu_usb_pkg' build argument 'ament_cmake_args' from command line to 'None'
[0.289s] Level 5:colcon.colcon_core.verb:set package 'mcu_usb_pkg' build argument 'catkin_cmake_args' from command line to 'None'
[0.289s] Level 5:colcon.colcon_core.verb:set package 'mcu_usb_pkg' build argument 'catkin_skip_building_tests' from command line to 'False'
[0.289s] DEBUG:colcon.colcon_core.verb:Building package 'mcu_usb_pkg' with the following arguments: {'ament_cmake_args': None, 'build_base': '/home/artscript/Desktop/WorkSpace/MagnentoROBO/magnentorobo_ros2/build/mcu_usb_pkg', 'catkin_cmake_args': None, 'catkin_skip_building_tests': False, 'cmake_args': None, 'cmake_clean_cache': False, 'cmake_clean_first': False, 'cmake_force_configure': False, 'cmake_target': None, 'cmake_target_skip_unavailable': False, 'install_base': '/home/artscript/Desktop/WorkSpace/MagnentoROBO/magnentorobo_ros2/install/mcu_usb_pkg', 'merge_install': False, 'path': '/home/artscript/Desktop/WorkSpace/MagnentoROBO/magnentorobo_ros2/src/mcu_usb_pkg', 'symlink_install': False, 'test_result_base': None}
[0.291s] Level 5:colcon.colcon_core.verb:set package 'servo_pwm_pkg' build argument 'cmake_args' from command line to 'None'
[0.291s] Level 5:colcon.colcon_core.verb:set package 'servo_pwm_pkg' build argument 'cmake_target' from command line to 'None'
[0.291s] Level 5:colcon.colcon_core.verb:set package 'servo_pwm_pkg' build argument 'cmake_target_skip_unavailable' from command line to 'False'
[0.291s] Level 5:colcon.colcon_core.verb:set package 'servo_pwm_pkg' build argument 'cmake_clean_cache' from command line to 'False'
[0.291s] Level 5:colcon.colcon_core.verb:set package 'servo_pwm_pkg' build argument 'cmake_clean_first' from command line to 'False'
[0.291s] Level 5:colcon.colcon_core.verb:set package 'servo_pwm_pkg' build argument 'cmake_force_configure' from command line to 'False'
[0.291s] Level 5:colcon.colcon_core.verb:set package 'servo_pwm_pkg' build argument 'ament_cmake_args' from command line to 'None'
[0.291s] Level 5:colcon.colcon_core.verb:set package 'servo_pwm_pkg' build argument 'catkin_cmake_args' from command line to 'None'
[0.291s] Level 5:colcon.colcon_core.verb:set package 'servo_pwm_pkg' build argument 'catkin_skip_building_tests' from command line to 'False'
[0.291s] DEBUG:colcon.colcon_core.verb:Building package 'servo_pwm_pkg' with the following arguments: {'ament_cmake_args': None, 'build_base': '/home/artscript/Desktop/WorkSpace/MagnentoROBO/magnentorobo_ros2/build/servo_pwm_pkg', 'catkin_cmake_args': None, 'catkin_skip_building_tests': False, 'cmake_args': None, 'cmake_clean_cache': False, 'cmake_clean_first': False, 'cmake_force_configure': False, 'cmake_target': None, 'cmake_target_skip_unavailable': False, 'install_base': '/home/artscript/Desktop/WorkSpace/MagnentoROBO/magnentorobo_ros2/install/servo_pwm_pkg', 'merge_install': False, 'path': '/home/artscript/Desktop/WorkSpace/MagnentoROBO/magnentorobo_ros2/src/servo_pwm_pkg', 'symlink_install': False, 'test_result_base': None}
[0.293s] Level 5:colcon.colcon_core.verb:set package 'imu_usb_pkg' build argument 'cmake_args' from command line to 'None'
[0.293s] Level 5:colcon.colcon_core.verb:set package 'imu_usb_pkg' build argument 'cmake_target' from command line to 'None'
[0.293s] Level 5:colcon.colcon_core.verb:set package 'imu_usb_pkg' build argument 'cmake_target_skip_unavailable' from command line to 'False'
[0.293s] Level 5:colcon.colcon_core.verb:set package 'imu_usb_pkg' build argument 'cmake_clean_cache' from command line to 'False'
[0.293s] Level 5:colcon.colcon_core.verb:set package 'imu_usb_pkg' build argument 'cmake_clean_first' from command line to 'False'
[0.293s] Level 5:colcon.colcon_core.verb:set package 'imu_usb_pkg' build argument 'cmake_force_configure' from command line to 'False'
[0.293s] Level 5:colcon.colcon_core.verb:set package 'imu_usb_pkg' build argument 'ament_cmake_args' from command line to 'None'
[0.293s] Level 5:colcon.colcon_core.verb:set package 'imu_usb_pkg' build argument 'catkin_cmake_args' from command line to 'None'
[0.293s] Level 5:colcon.colcon_core.verb:set package 'imu_usb_pkg' build argument 'catkin_skip_building_tests' from command line to 'False'
[0.293s] DEBUG:colcon.colcon_core.verb:Building package 'imu_usb_pkg' with the following arguments: {'ament_cmake_args': None, 'build_base': '/home/artscript/Desktop/WorkSpace/MagnentoROBO/magnentorobo_ros2/build/imu_usb_pkg', 'catkin_cmake_args': None, 'catkin_skip_building_tests': False, 'cmake_args': None, 'cmake_clean_cache': False, 'cmake_clean_first': False, 'cmake_force_configure': False, 'cmake_target': None, 'cmake_target_skip_unavailable': False, 'install_base': '/home/artscript/Desktop/WorkSpace/MagnentoROBO/magnentorobo_ros2/install/imu_usb_pkg', 'merge_install': False, 'path': '/home/artscript/Desktop/WorkSpace/MagnentoROBO/magnentorobo_ros2/src/imu_usb_pkg', 'symlink_install': False, 'test_result_base': None}
[0.293s] INFO:colcon.colcon_core.executor:Executing jobs using 'parallel' executor
[0.295s] DEBUG:colcon.colcon_parallel_executor.executor.parallel:run_until_complete
[0.295s] INFO:colcon.colcon_ros.task.ament_cmake.build:Building ROS package in '/home/artscript/Desktop/WorkSpace/MagnentoROBO/magnentorobo_ros2/src/artscript_interfaces' with build type 'ament_cmake'
[0.295s] INFO:colcon.colcon_cmake.task.cmake.build:Building CMake package in '/home/artscript/Desktop/WorkSpace/MagnentoROBO/magnentorobo_ros2/src/artscript_interfaces'
[0.299s] INFO:colcon.colcon_core.plugin_system:Skipping extension 'colcon_core.shell.bat': Not used on non-Windows systems
[0.300s] INFO:colcon.colcon_core.shell:Skip shell extension 'powershell' for command environment: Not usable outside of PowerShell
[0.300s] DEBUG:colcon.colcon_core.shell:Skip shell extension 'dsv' for command environment
[0.302s] DEBUG:colcon.colcon_core.shell:Ignoring prefix path '/opt/ros/foxy'
[0.306s] INFO:colcon.colcon_ros.task.ament_python.build:Building ROS package in '/home/artscript/Desktop/WorkSpace/MagnentoROBO/magnentorobo_ros2/src/artscript_main' with build type 'ament_python'
[0.307s] Level 1:colcon.colcon_core.shell:create_environment_hook('artscript_main', 'ament_prefix_path')
[0.308s] INFO:colcon.colcon_core.shell:Creating environment hook '/home/artscript/Desktop/WorkSpace/MagnentoROBO/magnentorobo_ros2/install/artscript_main/share/artscript_main/hook/ament_prefix_path.ps1'
[0.309s] INFO:colcon.colcon_core.shell:Creating environment descriptor '/home/artscript/Desktop/WorkSpace/MagnentoROBO/magnentorobo_ros2/install/artscript_main/share/artscript_main/hook/ament_prefix_path.dsv'
[0.310s] INFO:colcon.colcon_core.shell:Creating environment hook '/home/artscript/Desktop/WorkSpace/MagnentoROBO/magnentorobo_ros2/install/artscript_main/share/artscript_main/hook/ament_prefix_path.sh'
[0.311s] INFO:colcon.colcon_core.shell:Skip shell extension 'powershell' for command environment: Not usable outside of PowerShell
[0.311s] DEBUG:colcon.colcon_core.shell:Skip shell extension 'dsv' for command environment
[0.312s] DEBUG:colcon.colcon_core.shell:Ignoring prefix path '/opt/ros/foxy'
[0.315s] INFO:colcon.colcon_ros.task.ament_python.build:Building ROS package in '/home/artscript/Desktop/WorkSpace/MagnentoROBO/magnentorobo_ros2/src/camera_usb_pkg' with build type 'ament_python'
[0.315s] Level 1:colcon.colcon_core.shell:create_environment_hook('camera_usb_pkg', 'ament_prefix_path')
[0.316s] INFO:colcon.colcon_core.shell:Creating environment hook '/home/artscript/Desktop/WorkSpace/MagnentoROBO/magnentorobo_ros2/install/camera_usb_pkg/share/camera_usb_pkg/hook/ament_prefix_path.ps1'
[0.317s] INFO:colcon.colcon_core.shell:Creating environment descriptor '/home/artscript/Desktop/WorkSpace/MagnentoROBO/magnentorobo_ros2/install/camera_usb_pkg/share/camera_usb_pkg/hook/ament_prefix_path.dsv'
[0.317s] INFO:colcon.colcon_core.shell:Creating environment hook '/home/artscript/Desktop/WorkSpace/MagnentoROBO/magnentorobo_ros2/install/camera_usb_pkg/share/camera_usb_pkg/hook/ament_prefix_path.sh'
[0.318s] INFO:colcon.colcon_core.shell:Skip shell extension 'powershell' for command environment: Not usable outside of PowerShell
[0.318s] DEBUG:colcon.colcon_core.shell:Skip shell extension 'dsv' for command environment
[0.319s] DEBUG:colcon.colcon_core.shell:Ignoring prefix path '/opt/ros/foxy'
[0.322s] INFO:colcon.colcon_ros.task.ament_python.build:Building ROS package in '/home/artscript/Desktop/WorkSpace/MagnentoROBO/magnentorobo_ros2/src/mcu_usb_pkg' with build type 'ament_python'
[0.323s] Level 1:colcon.colcon_core.shell:create_environment_hook('mcu_usb_pkg', 'ament_prefix_path')
[0.324s] INFO:colcon.colcon_core.shell:Creating environment hook '/home/artscript/Desktop/WorkSpace/MagnentoROBO/magnentorobo_ros2/install/mcu_usb_pkg/share/mcu_usb_pkg/hook/ament_prefix_path.ps1'
[0.325s] INFO:colcon.colcon_core.shell:Creating environment descriptor '/home/artscript/Desktop/WorkSpace/MagnentoROBO/magnentorobo_ros2/install/mcu_usb_pkg/share/mcu_usb_pkg/hook/ament_prefix_path.dsv'
[0.325s] INFO:colcon.colcon_core.shell:Creating environment hook '/home/artscript/Desktop/WorkSpace/MagnentoROBO/magnentorobo_ros2/install/mcu_usb_pkg/share/mcu_usb_pkg/hook/ament_prefix_path.sh'
[0.326s] INFO:colcon.colcon_core.shell:Skip shell extension 'powershell' for command environment: Not usable outside of PowerShell
[0.326s] DEBUG:colcon.colcon_core.shell:Skip shell extension 'dsv' for command environment
[0.327s] DEBUG:colcon.colcon_core.shell:Ignoring prefix path '/opt/ros/foxy'
[0.337s] DEBUG:colcon.colcon_core.event_handler.log_command:Invoking command in '/home/artscript/Desktop/WorkSpace/MagnentoROBO/magnentorobo_ros2/build/artscript_interfaces': CMAKE_PREFIX_PATH=${CMAKE_PREFIX_PATH}:/home/artscript/Desktop/WorkSpace/MagnentoROBO/magnentorobo_ros2/install/mcu_usb_pkg:/opt/ros/foxy /usr/bin/cmake --build /home/artscript/Desktop/WorkSpace/MagnentoROBO/magnentorobo_ros2/build/artscript_interfaces -- -j4 -l4
[0.520s] INFO:colcon.colcon_core.task.python.build:Building Python package in '/home/artscript/Desktop/WorkSpace/MagnentoROBO/magnentorobo_ros2/src/artscript_main'
[0.521s] INFO:colcon.colcon_core.shell:Skip shell extension 'powershell' for command environment: Not usable outside of PowerShell
[0.521s] DEBUG:colcon.colcon_core.shell:Skip shell extension 'dsv' for command environment
[0.522s] DEBUG:colcon.colcon_core.shell:Ignoring prefix path '/opt/ros/foxy'
[0.703s] INFO:colcon.colcon_core.task.python.build:Building Python package in '/home/artscript/Desktop/WorkSpace/MagnentoROBO/magnentorobo_ros2/src/camera_usb_pkg'
[0.704s] INFO:colcon.colcon_core.shell:Skip shell extension 'powershell' for command environment: Not usable outside of PowerShell
[0.704s] DEBUG:colcon.colcon_core.shell:Skip shell extension 'dsv' for command environment
[0.706s] DEBUG:colcon.colcon_core.shell:Ignoring prefix path '/opt/ros/foxy'
[0.936s] INFO:colcon.colcon_core.task.python.build:Building Python package in '/home/artscript/Desktop/WorkSpace/MagnentoROBO/magnentorobo_ros2/src/mcu_usb_pkg'
[0.937s] INFO:colcon.colcon_core.shell:Skip shell extension 'powershell' for command environment: Not usable outside of PowerShell
[0.937s] DEBUG:colcon.colcon_core.shell:Skip shell extension 'dsv' for command environment
[0.939s] DEBUG:colcon.colcon_core.shell:Ignoring prefix path '/opt/ros/foxy'
[0.972s] DEBUG:colcon.colcon_core.event_handler.log_command:Invoking command in '/home/artscript/Desktop/WorkSpace/MagnentoROBO/magnentorobo_ros2/src/artscript_main': PYTHONPATH=/home/artscript/Desktop/WorkSpace/MagnentoROBO/magnentorobo_ros2/install/artscript_main/lib/python3.8/site-packages:${PYTHONPATH} /usr/bin/python3 setup.py egg_info --egg-base ../../build/artscript_main build --build-base /home/artscript/Desktop/WorkSpace/MagnentoROBO/magnentorobo_ros2/build/artscript_main/build install --prefix /home/artscript/Desktop/WorkSpace/MagnentoROBO/magnentorobo_ros2/install/artscript_main --record /home/artscript/Desktop/WorkSpace/MagnentoROBO/magnentorobo_ros2/build/artscript_main/install.log --single-version-externally-managed
[0.975s] DEBUG:colcon.colcon_core.event_handler.log_command:Invoking command in '/home/artscript/Desktop/WorkSpace/MagnentoROBO/magnentorobo_ros2/src/camera_usb_pkg': PYTHONPATH=/home/artscript/Desktop/WorkSpace/MagnentoROBO/magnentorobo_ros2/install/camera_usb_pkg/lib/python3.8/site-packages:${PYTHONPATH} /usr/bin/python3 setup.py egg_info --egg-base ../../build/camera_usb_pkg build --build-base /home/artscript/Desktop/WorkSpace/MagnentoROBO/magnentorobo_ros2/build/camera_usb_pkg/build install --prefix /home/artscript/Desktop/WorkSpace/MagnentoROBO/magnentorobo_ros2/install/camera_usb_pkg --record /home/artscript/Desktop/WorkSpace/MagnentoROBO/magnentorobo_ros2/build/camera_usb_pkg/install.log --single-version-externally-managed
[0.995s] DEBUG:colcon.colcon_core.event_handler.log_command:Invoking command in '/home/artscript/Desktop/WorkSpace/MagnentoROBO/magnentorobo_ros2/src/mcu_usb_pkg': PYTHONPATH=/home/artscript/Desktop/WorkSpace/MagnentoROBO/magnentorobo_ros2/install/mcu_usb_pkg/lib/python3.8/site-packages:${PYTHONPATH} /usr/bin/python3 setup.py egg_info --egg-base ../../build/mcu_usb_pkg build --build-base /home/artscript/Desktop/WorkSpace/MagnentoROBO/magnentorobo_ros2/build/mcu_usb_pkg/build install --prefix /home/artscript/Desktop/WorkSpace/MagnentoROBO/magnentorobo_ros2/install/mcu_usb_pkg --record /home/artscript/Desktop/WorkSpace/MagnentoROBO/magnentorobo_ros2/build/mcu_usb_pkg/install.log --single-version-externally-managed
[1.023s] DEBUG:colcon.colcon_core.event_handler.log_command:Invoked command in '/home/artscript/Desktop/WorkSpace/MagnentoROBO/magnentorobo_ros2/build/artscript_interfaces' returned '0': CMAKE_PREFIX_PATH=${CMAKE_PREFIX_PATH}:/home/artscript/Desktop/WorkSpace/MagnentoROBO/magnentorobo_ros2/install/mcu_usb_pkg:/opt/ros/foxy /usr/bin/cmake --build /home/artscript/Desktop/WorkSpace/MagnentoROBO/magnentorobo_ros2/build/artscript_interfaces -- -j4 -l4
[1.278s] DEBUG:colcon.colcon_core.event_handler.log_command:Invoking command in '/home/artscript/Desktop/WorkSpace/MagnentoROBO/magnentorobo_ros2/build/artscript_interfaces': CMAKE_PREFIX_PATH=${CMAKE_PREFIX_PATH}:/home/artscript/Desktop/WorkSpace/MagnentoROBO/magnentorobo_ros2/install/mcu_usb_pkg:/opt/ros/foxy /usr/bin/cmake --install /home/artscript/Desktop/WorkSpace/MagnentoROBO/magnentorobo_ros2/build/artscript_interfaces
[1.314s] Level 1:colcon.colcon_core.environment:checking '/home/artscript/Desktop/WorkSpace/MagnentoROBO/magnentorobo_ros2/install/camera_usb_pkg' for CMake module files
[1.314s] Level 1:colcon.colcon_core.environment:checking '/home/artscript/Desktop/WorkSpace/MagnentoROBO/magnentorobo_ros2/install/camera_usb_pkg' for CMake config files
[1.315s] Level 1:colcon.colcon_core.environment:checking '/home/artscript/Desktop/WorkSpace/MagnentoROBO/magnentorobo_ros2/install/camera_usb_pkg/lib'
[1.315s] Level 1:colcon.colcon_core.environment:checking '/home/artscript/Desktop/WorkSpace/MagnentoROBO/magnentorobo_ros2/install/camera_usb_pkg/bin'
[1.315s] Level 1:colcon.colcon_core.environment:checking '/home/artscript/Desktop/WorkSpace/MagnentoROBO/magnentorobo_ros2/install/camera_usb_pkg/lib/pkgconfig/camera_usb_pkg.pc'
[1.315s] Level 1:colcon.colcon_core.environment:checking '/home/artscript/Desktop/WorkSpace/MagnentoROBO/magnentorobo_ros2/install/camera_usb_pkg/lib/python3.8/site-packages'
[1.316s] Level 1:colcon.colcon_core.shell:create_environment_hook('camera_usb_pkg', 'pythonpath')
[1.316s] INFO:colcon.colcon_core.shell:Creating environment hook '/home/artscript/Desktop/WorkSpace/MagnentoROBO/magnentorobo_ros2/install/camera_usb_pkg/share/camera_usb_pkg/hook/pythonpath.ps1'
[1.317s] INFO:colcon.colcon_core.shell:Creating environment descriptor '/home/artscript/Desktop/WorkSpace/MagnentoROBO/magnentorobo_ros2/install/camera_usb_pkg/share/camera_usb_pkg/hook/pythonpath.dsv'
[1.317s] INFO:colcon.colcon_core.shell:Creating environment hook '/home/artscript/Desktop/WorkSpace/MagnentoROBO/magnentorobo_ros2/install/camera_usb_pkg/share/camera_usb_pkg/hook/pythonpath.sh'
[1.317s] Level 1:colcon.colcon_core.environment:create_environment_scripts_only(camera_usb_pkg)
[1.318s] INFO:colcon.colcon_core.shell:Creating package script '/home/artscript/Desktop/WorkSpace/MagnentoROBO/magnentorobo_ros2/install/camera_usb_pkg/share/camera_usb_pkg/package.ps1'
[1.319s] INFO:colcon.colcon_core.shell:Creating package descriptor '/home/artscript/Desktop/WorkSpace/MagnentoROBO/magnentorobo_ros2/install/camera_usb_pkg/share/camera_usb_pkg/package.dsv'
[1.319s] INFO:colcon.colcon_core.shell:Creating package script '/home/artscript/Desktop/WorkSpace/MagnentoROBO/magnentorobo_ros2/install/camera_usb_pkg/share/camera_usb_pkg/package.sh'
[1.320s] DEBUG:colcon.colcon_core.event_handler.log_command:Invoked command in '/home/artscript/Desktop/WorkSpace/MagnentoROBO/magnentorobo_ros2/src/camera_usb_pkg' returned '0': PYTHONPATH=/home/artscript/Desktop/WorkSpace/MagnentoROBO/magnentorobo_ros2/install/camera_usb_pkg/lib/python3.8/site-packages:${PYTHONPATH} /usr/bin/python3 setup.py egg_info --egg-base ../../build/camera_usb_pkg build --build-base /home/artscript/Desktop/WorkSpace/MagnentoROBO/magnentorobo_ros2/build/camera_usb_pkg/build install --prefix /home/artscript/Desktop/WorkSpace/MagnentoROBO/magnentorobo_ros2/install/camera_usb_pkg --record /home/artscript/Desktop/WorkSpace/MagnentoROBO/magnentorobo_ros2/build/camera_usb_pkg/install.log --single-version-externally-managed
[1.320s] INFO:colcon.colcon_core.shell:Creating package script '/home/artscript/Desktop/WorkSpace/MagnentoROBO/magnentorobo_ros2/install/camera_usb_pkg/share/camera_usb_pkg/package.bash'
[1.321s] INFO:colcon.colcon_core.shell:Creating package script '/home/artscript/Desktop/WorkSpace/MagnentoROBO/magnentorobo_ros2/install/camera_usb_pkg/share/camera_usb_pkg/package.zsh'
[1.321s] Level 1:colcon.colcon_core.environment:create_file_with_runtime_dependencies(/home/artscript/Desktop/WorkSpace/MagnentoROBO/magnentorobo_ros2/install/camera_usb_pkg/share/colcon-core/packages/camera_usb_pkg)
[1.335s] INFO:colcon.colcon_ros.task.ament_python.build:Building ROS package in '/home/artscript/Desktop/WorkSpace/MagnentoROBO/magnentorobo_ros2/src/servo_pwm_pkg' with build type 'ament_python'
[1.335s] Level 1:colcon.colcon_core.shell:create_environment_hook('servo_pwm_pkg', 'ament_prefix_path')
[1.335s] INFO:colcon.colcon_core.shell:Creating environment hook '/home/artscript/Desktop/WorkSpace/MagnentoROBO/magnentorobo_ros2/install/servo_pwm_pkg/share/servo_pwm_pkg/hook/ament_prefix_path.ps1'
[1.337s] INFO:colcon.colcon_core.shell:Creating environment descriptor '/home/artscript/Desktop/WorkSpace/MagnentoROBO/magnentorobo_ros2/install/servo_pwm_pkg/share/servo_pwm_pkg/hook/ament_prefix_path.dsv'
[1.338s] INFO:colcon.colcon_core.shell:Creating environment hook '/home/artscript/Desktop/WorkSpace/MagnentoROBO/magnentorobo_ros2/install/servo_pwm_pkg/share/servo_pwm_pkg/hook/ament_prefix_path.sh'
[1.342s] INFO:colcon.colcon_core.shell:Skip shell extension 'powershell' for command environment: Not usable outside of PowerShell
[1.342s] DEBUG:colcon.colcon_core.shell:Skip shell extension 'dsv' for command environment
[1.346s] DEBUG:colcon.colcon_core.shell:Ignoring prefix path '/opt/ros/foxy'
[1.365s] Level 1:colcon.colcon_core.environment:checking '/home/artscript/Desktop/WorkSpace/MagnentoROBO/magnentorobo_ros2/install/mcu_usb_pkg' for CMake module files
[1.366s] Level 1:colcon.colcon_core.environment:checking '/home/artscript/Desktop/WorkSpace/MagnentoROBO/magnentorobo_ros2/install/mcu_usb_pkg' for CMake config files
[1.366s] Level 1:colcon.colcon_core.environment:checking '/home/artscript/Desktop/WorkSpace/MagnentoROBO/magnentorobo_ros2/install/mcu_usb_pkg/lib'
[1.366s] Level 1:colcon.colcon_core.environment:checking '/home/artscript/Desktop/WorkSpace/MagnentoROBO/magnentorobo_ros2/install/mcu_usb_pkg/bin'
[1.366s] Level 1:colcon.colcon_core.environment:checking '/home/artscript/Desktop/WorkSpace/MagnentoROBO/magnentorobo_ros2/install/mcu_usb_pkg/lib/pkgconfig/mcu_usb_pkg.pc'
[1.367s] Level 1:colcon.colcon_core.environment:checking '/home/artscript/Desktop/WorkSpace/MagnentoROBO/magnentorobo_ros2/install/mcu_usb_pkg/lib/python3.8/site-packages'
[1.367s] Level 1:colcon.colcon_core.shell:create_environment_hook('mcu_usb_pkg', 'pythonpath')
[1.367s] INFO:colcon.colcon_core.shell:Creating environment hook '/home/artscript/Desktop/WorkSpace/MagnentoROBO/magnentorobo_ros2/install/mcu_usb_pkg/share/mcu_usb_pkg/hook/pythonpath.ps1'
[1.368s] DEBUG:colcon.colcon_core.event_handler.log_command:Invoked command in '/home/artscript/Desktop/WorkSpace/MagnentoROBO/magnentorobo_ros2/src/mcu_usb_pkg' returned '0': PYTHONPATH=/home/artscript/Desktop/WorkSpace/MagnentoROBO/magnentorobo_ros2/install/mcu_usb_pkg/lib/python3.8/site-packages:${PYTHONPATH} /usr/bin/python3 setup.py egg_info --egg-base ../../build/mcu_usb_pkg build --build-base /home/artscript/Desktop/WorkSpace/MagnentoROBO/magnentorobo_ros2/build/mcu_usb_pkg/build install --prefix /home/artscript/Desktop/WorkSpace/MagnentoROBO/magnentorobo_ros2/install/mcu_usb_pkg --record /home/artscript/Desktop/WorkSpace/MagnentoROBO/magnentorobo_ros2/build/mcu_usb_pkg/install.log --single-version-externally-managed
[1.368s] INFO:colcon.colcon_core.shell:Creating environment descriptor '/home/artscript/Desktop/WorkSpace/MagnentoROBO/magnentorobo_ros2/install/mcu_usb_pkg/share/mcu_usb_pkg/hook/pythonpath.dsv'
[1.369s] INFO:colcon.colcon_core.shell:Creating environment hook '/home/artscript/Desktop/WorkSpace/MagnentoROBO/magnentorobo_ros2/install/mcu_usb_pkg/share/mcu_usb_pkg/hook/pythonpath.sh'
[1.369s] Level 1:colcon.colcon_core.environment:create_environment_scripts_only(mcu_usb_pkg)
[1.371s] INFO:colcon.colcon_core.shell:Creating package script '/home/artscript/Desktop/WorkSpace/MagnentoROBO/magnentorobo_ros2/install/mcu_usb_pkg/share/mcu_usb_pkg/package.ps1'
[1.372s] INFO:colcon.colcon_core.shell:Creating package descriptor '/home/artscript/Desktop/WorkSpace/MagnentoROBO/magnentorobo_ros2/install/mcu_usb_pkg/share/mcu_usb_pkg/package.dsv'
[1.373s] INFO:colcon.colcon_core.shell:Creating package script '/home/artscript/Desktop/WorkSpace/MagnentoROBO/magnentorobo_ros2/install/mcu_usb_pkg/share/mcu_usb_pkg/package.sh'
[1.375s] INFO:colcon.colcon_core.shell:Creating package script '/home/artscript/Desktop/WorkSpace/MagnentoROBO/magnentorobo_ros2/install/mcu_usb_pkg/share/mcu_usb_pkg/package.bash'
[1.375s] INFO:colcon.colcon_core.shell:Creating package script '/home/artscript/Desktop/WorkSpace/MagnentoROBO/magnentorobo_ros2/install/mcu_usb_pkg/share/mcu_usb_pkg/package.zsh'
[1.376s] Level 1:colcon.colcon_core.environment:create_file_with_runtime_dependencies(/home/artscript/Desktop/WorkSpace/MagnentoROBO/magnentorobo_ros2/install/mcu_usb_pkg/share/colcon-core/packages/mcu_usb_pkg)
[1.379s] Level 1:colcon.colcon_core.environment:checking '/home/artscript/Desktop/WorkSpace/MagnentoROBO/magnentorobo_ros2/install/artscript_main' for CMake module files
[1.380s] DEBUG:colcon.colcon_core.event_handler.log_command:Invoked command in '/home/artscript/Desktop/WorkSpace/MagnentoROBO/magnentorobo_ros2/src/artscript_main' returned '0': PYTHONPATH=/home/artscript/Desktop/WorkSpace/MagnentoROBO/magnentorobo_ros2/install/artscript_main/lib/python3.8/site-packages:${PYTHONPATH} /usr/bin/python3 setup.py egg_info --egg-base ../../build/artscript_main build --build-base /home/artscript/Desktop/WorkSpace/MagnentoROBO/magnentorobo_ros2/build/artscript_main/build install --prefix /home/artscript/Desktop/WorkSpace/MagnentoROBO/magnentorobo_ros2/install/artscript_main --record /home/artscript/Desktop/WorkSpace/MagnentoROBO/magnentorobo_ros2/build/artscript_main/install.log --single-version-externally-managed
[1.380s] Level 1:colcon.colcon_core.environment:checking '/home/artscript/Desktop/WorkSpace/MagnentoROBO/magnentorobo_ros2/install/artscript_main' for CMake config files
[1.381s] Level 1:colcon.colcon_core.environment:checking '/home/artscript/Desktop/WorkSpace/MagnentoROBO/magnentorobo_ros2/install/artscript_main/lib'
[1.381s] Level 1:colcon.colcon_core.environment:checking '/home/artscript/Desktop/WorkSpace/MagnentoROBO/magnentorobo_ros2/install/artscript_main/bin'
[1.381s] Level 1:colcon.colcon_core.environment:checking '/home/artscript/Desktop/WorkSpace/MagnentoROBO/magnentorobo_ros2/install/artscript_main/lib/pkgconfig/artscript_main.pc'
[1.381s] Level 1:colcon.colcon_core.environment:checking '/home/artscript/Desktop/WorkSpace/MagnentoROBO/magnentorobo_ros2/install/artscript_main/lib/python3.8/site-packages'
[1.381s] Level 1:colcon.colcon_core.shell:create_environment_hook('artscript_main', 'pythonpath')
[1.382s] INFO:colcon.colcon_core.shell:Creating environment hook '/home/artscript/Desktop/WorkSpace/MagnentoROBO/magnentorobo_ros2/install/artscript_main/share/artscript_main/hook/pythonpath.ps1'
[1.383s] INFO:colcon.colcon_core.shell:Creating environment descriptor '/home/artscript/Desktop/WorkSpace/MagnentoROBO/magnentorobo_ros2/install/artscript_main/share/artscript_main/hook/pythonpath.dsv'
[1.384s] INFO:colcon.colcon_core.shell:Creating environment hook '/home/artscript/Desktop/WorkSpace/MagnentoROBO/magnentorobo_ros2/install/artscript_main/share/artscript_main/hook/pythonpath.sh'
[1.384s] Level 1:colcon.colcon_core.environment:create_environment_scripts_only(artscript_main)
[1.386s] INFO:colcon.colcon_core.shell:Creating package script '/home/artscript/Desktop/WorkSpace/MagnentoROBO/magnentorobo_ros2/install/artscript_main/share/artscript_main/package.ps1'
[1.387s] INFO:colcon.colcon_core.shell:Creating package descriptor '/home/artscript/Desktop/WorkSpace/MagnentoROBO/magnentorobo_ros2/install/artscript_main/share/artscript_main/package.dsv'
[1.387s] INFO:colcon.colcon_core.shell:Creating package script '/home/artscript/Desktop/WorkSpace/MagnentoROBO/magnentorobo_ros2/install/artscript_main/share/artscript_main/package.sh'
[1.387s] INFO:colcon.colcon_core.shell:Creating package script '/home/artscript/Desktop/WorkSpace/MagnentoROBO/magnentorobo_ros2/install/artscript_main/share/artscript_main/package.bash'
[1.388s] INFO:colcon.colcon_core.shell:Creating package script '/home/artscript/Desktop/WorkSpace/MagnentoROBO/magnentorobo_ros2/install/artscript_main/share/artscript_main/package.zsh'
[1.388s] Level 1:colcon.colcon_core.environment:create_file_with_runtime_dependencies(/home/artscript/Desktop/WorkSpace/MagnentoROBO/magnentorobo_ros2/install/artscript_main/share/colcon-core/packages/artscript_main)
[1.617s] INFO:colcon.colcon_core.task.python.build:Building Python package in '/home/artscript/Desktop/WorkSpace/MagnentoROBO/magnentorobo_ros2/src/servo_pwm_pkg'
[1.617s] INFO:colcon.colcon_core.shell:Skip shell extension 'powershell' for command environment: Not usable outside of PowerShell
[1.618s] DEBUG:colcon.colcon_core.shell:Skip shell extension 'dsv' for command environment
[1.619s] DEBUG:colcon.colcon_core.shell:Ignoring prefix path '/opt/ros/foxy'
[1.623s] Level 1:colcon.colcon_core.environment:create_environment_scripts_only(artscript_interfaces)
[1.623s] DEBUG:colcon.colcon_core.event_handler.log_command:Invoked command in '/home/artscript/Desktop/WorkSpace/MagnentoROBO/magnentorobo_ros2/build/artscript_interfaces' returned '0': CMAKE_PREFIX_PATH=${CMAKE_PREFIX_PATH}:/home/artscript/Desktop/WorkSpace/MagnentoROBO/magnentorobo_ros2/install/mcu_usb_pkg:/opt/ros/foxy /usr/bin/cmake --install /home/artscript/Desktop/WorkSpace/MagnentoROBO/magnentorobo_ros2/build/artscript_interfaces
[1.624s] Level 1:colcon.colcon_core.environment:checking '/home/artscript/Desktop/WorkSpace/MagnentoROBO/magnentorobo_ros2/install/artscript_interfaces' for CMake module files
[1.625s] Level 1:colcon.colcon_core.environment:checking '/home/artscript/Desktop/WorkSpace/MagnentoROBO/magnentorobo_ros2/install/artscript_interfaces' for CMake config files
[1.625s] Level 1:colcon.colcon_core.shell:create_environment_hook('artscript_interfaces', 'cmake_prefix_path')
[1.626s] INFO:colcon.colcon_core.shell:Creating environment hook '/home/artscript/Desktop/WorkSpace/MagnentoROBO/magnentorobo_ros2/install/artscript_interfaces/share/artscript_interfaces/hook/cmake_prefix_path.ps1'
[1.626s] INFO:colcon.colcon_core.shell:Creating environment descriptor '/home/artscript/Desktop/WorkSpace/MagnentoROBO/magnentorobo_ros2/install/artscript_interfaces/share/artscript_interfaces/hook/cmake_prefix_path.dsv'
[1.627s] INFO:colcon.colcon_core.shell:Creating environment hook '/home/artscript/Desktop/WorkSpace/MagnentoROBO/magnentorobo_ros2/install/artscript_interfaces/share/artscript_interfaces/hook/cmake_prefix_path.sh'
[1.628s] Level 1:colcon.colcon_core.environment:checking '/home/artscript/Desktop/WorkSpace/MagnentoROBO/magnentorobo_ros2/install/artscript_interfaces/lib'
[1.628s] Level 1:colcon.colcon_core.shell:create_environment_hook('artscript_interfaces', 'ld_library_path_lib')
[1.628s] INFO:colcon.colcon_core.shell:Creating environment hook '/home/artscript/Desktop/WorkSpace/MagnentoROBO/magnentorobo_ros2/install/artscript_interfaces/share/artscript_interfaces/hook/ld_library_path_lib.ps1'
[1.629s] INFO:colcon.colcon_core.shell:Creating environment descriptor '/home/artscript/Desktop/WorkSpace/MagnentoROBO/magnentorobo_ros2/install/artscript_interfaces/share/artscript_interfaces/hook/ld_library_path_lib.dsv'
[1.629s] INFO:colcon.colcon_core.shell:Creating environment hook '/home/artscript/Desktop/WorkSpace/MagnentoROBO/magnentorobo_ros2/install/artscript_interfaces/share/artscript_interfaces/hook/ld_library_path_lib.sh'
[1.629s] Level 1:colcon.colcon_core.environment:checking '/home/artscript/Desktop/WorkSpace/MagnentoROBO/magnentorobo_ros2/install/artscript_interfaces/bin'
[1.630s] Level 1:colcon.colcon_core.environment:checking '/home/artscript/Desktop/WorkSpace/MagnentoROBO/magnentorobo_ros2/install/artscript_interfaces/lib/pkgconfig/artscript_interfaces.pc'
[1.630s] Level 1:colcon.colcon_core.environment:checking '/home/artscript/Desktop/WorkSpace/MagnentoROBO/magnentorobo_ros2/install/artscript_interfaces/lib/python3.8/site-packages'
[1.630s] Level 1:colcon.colcon_core.shell:create_environment_hook('artscript_interfaces', 'pythonpath')
[1.630s] INFO:colcon.colcon_core.shell:Creating environment hook '/home/artscript/Desktop/WorkSpace/MagnentoROBO/magnentorobo_ros2/install/artscript_interfaces/share/artscript_interfaces/hook/pythonpath.ps1'
[1.631s] INFO:colcon.colcon_core.shell:Creating environment descriptor '/home/artscript/Desktop/WorkSpace/MagnentoROBO/magnentorobo_ros2/install/artscript_interfaces/share/artscript_interfaces/hook/pythonpath.dsv'
[1.631s] INFO:colcon.colcon_core.shell:Creating environment hook '/home/artscript/Desktop/WorkSpace/MagnentoROBO/magnentorobo_ros2/install/artscript_interfaces/share/artscript_interfaces/hook/pythonpath.sh'
[1.632s] INFO:colcon.colcon_core.shell:Creating package script '/home/artscript/Desktop/WorkSpace/MagnentoROBO/magnentorobo_ros2/install/artscript_interfaces/share/artscript_interfaces/package.ps1'
[1.633s] INFO:colcon.colcon_core.shell:Creating package descriptor '/home/artscript/Desktop/WorkSpace/MagnentoROBO/magnentorobo_ros2/install/artscript_interfaces/share/artscript_interfaces/package.dsv'
[1.633s] INFO:colcon.colcon_core.shell:Creating package script '/home/artscript/Desktop/WorkSpace/MagnentoROBO/magnentorobo_ros2/install/artscript_interfaces/share/artscript_interfaces/package.sh'
[1.634s] INFO:colcon.colcon_core.shell:Creating package script '/home/artscript/Desktop/WorkSpace/MagnentoROBO/magnentorobo_ros2/install/artscript_interfaces/share/artscript_interfaces/package.bash'
[1.634s] INFO:colcon.colcon_core.shell:Creating package script '/home/artscript/Desktop/WorkSpace/MagnentoROBO/magnentorobo_ros2/install/artscript_interfaces/share/artscript_interfaces/package.zsh'
[1.634s] Level 1:colcon.colcon_core.environment:create_file_with_runtime_dependencies(/home/artscript/Desktop/WorkSpace/MagnentoROBO/magnentorobo_ros2/install/artscript_interfaces/share/colcon-core/packages/artscript_interfaces)
[1.642s] DEBUG:colcon.colcon_core.event_handler.log_command:Invoking command in '/home/artscript/Desktop/WorkSpace/MagnentoROBO/magnentorobo_ros2/src/servo_pwm_pkg': PYTHONPATH=/home/artscript/Desktop/WorkSpace/MagnentoROBO/magnentorobo_ros2/install/servo_pwm_pkg/lib/python3.8/site-packages:${PYTHONPATH} /usr/bin/python3 setup.py egg_info --egg-base ../../build/servo_pwm_pkg build --build-base /home/artscript/Desktop/WorkSpace/MagnentoROBO/magnentorobo_ros2/build/servo_pwm_pkg/build install --prefix /home/artscript/Desktop/WorkSpace/MagnentoROBO/magnentorobo_ros2/install/servo_pwm_pkg --record /home/artscript/Desktop/WorkSpace/MagnentoROBO/magnentorobo_ros2/build/servo_pwm_pkg/install.log --single-version-externally-managed
[1.723s] Level 1:colcon.colcon_core.environment:create_environment_scripts_only(artscript_interfaces)
[1.725s] Level 1:colcon.colcon_core.environment:checking '/home/artscript/Desktop/WorkSpace/MagnentoROBO/magnentorobo_ros2/install/artscript_interfaces' for CMake module files
[1.727s] Level 1:colcon.colcon_core.environment:checking '/home/artscript/Desktop/WorkSpace/MagnentoROBO/magnentorobo_ros2/install/artscript_interfaces' for CMake config files
[1.729s] Level 1:colcon.colcon_core.shell:create_environment_hook('artscript_interfaces', 'cmake_prefix_path')
[1.730s] INFO:colcon.colcon_core.shell:Creating environment hook '/home/artscript/Desktop/WorkSpace/MagnentoROBO/magnentorobo_ros2/install/artscript_interfaces/share/artscript_interfaces/hook/cmake_prefix_path.ps1'
[1.731s] INFO:colcon.colcon_core.shell:Creating environment descriptor '/home/artscript/Desktop/WorkSpace/MagnentoROBO/magnentorobo_ros2/install/artscript_interfaces/share/artscript_interfaces/hook/cmake_prefix_path.dsv'
[1.732s] INFO:colcon.colcon_core.shell:Creating environment hook '/home/artscript/Desktop/WorkSpace/MagnentoROBO/magnentorobo_ros2/install/artscript_interfaces/share/artscript_interfaces/hook/cmake_prefix_path.sh'
[1.732s] Level 1:colcon.colcon_core.environment:checking '/home/artscript/Desktop/WorkSpace/MagnentoROBO/magnentorobo_ros2/install/artscript_interfaces/lib'
[1.732s] Level 1:colcon.colcon_core.shell:create_environment_hook('artscript_interfaces', 'ld_library_path_lib')
[1.733s] INFO:colcon.colcon_core.shell:Creating environment hook '/home/artscript/Desktop/WorkSpace/MagnentoROBO/magnentorobo_ros2/install/artscript_interfaces/share/artscript_interfaces/hook/ld_library_path_lib.ps1'
[1.733s] INFO:colcon.colcon_core.shell:Creating environment descriptor '/home/artscript/Desktop/WorkSpace/MagnentoROBO/magnentorobo_ros2/install/artscript_interfaces/share/artscript_interfaces/hook/ld_library_path_lib.dsv'
[1.733s] INFO:colcon.colcon_core.shell:Creating environment hook '/home/artscript/Desktop/WorkSpace/MagnentoROBO/magnentorobo_ros2/install/artscript_interfaces/share/artscript_interfaces/hook/ld_library_path_lib.sh'
[1.734s] Level 1:colcon.colcon_core.environment:checking '/home/artscript/Desktop/WorkSpace/MagnentoROBO/magnentorobo_ros2/install/artscript_interfaces/bin'
[1.734s] Level 1:colcon.colcon_core.environment:checking '/home/artscript/Desktop/WorkSpace/MagnentoROBO/magnentorobo_ros2/install/artscript_interfaces/lib/pkgconfig/artscript_interfaces.pc'
[1.734s] Level 1:colcon.colcon_core.environment:checking '/home/artscript/Desktop/WorkSpace/MagnentoROBO/magnentorobo_ros2/install/artscript_interfaces/lib/python3.8/site-packages'
[1.734s] Level 1:colcon.colcon_core.shell:create_environment_hook('artscript_interfaces', 'pythonpath')
[1.734s] INFO:colcon.colcon_core.shell:Creating environment hook '/home/artscript/Desktop/WorkSpace/MagnentoROBO/magnentorobo_ros2/install/artscript_interfaces/share/artscript_interfaces/hook/pythonpath.ps1'
[1.735s] INFO:colcon.colcon_core.shell:Creating environment descriptor '/home/artscript/Desktop/WorkSpace/MagnentoROBO/magnentorobo_ros2/install/artscript_interfaces/share/artscript_interfaces/hook/pythonpath.dsv'
[1.735s] INFO:colcon.colcon_core.shell:Creating environment hook '/home/artscript/Desktop/WorkSpace/MagnentoROBO/magnentorobo_ros2/install/artscript_interfaces/share/artscript_interfaces/hook/pythonpath.sh'
[1.736s] INFO:colcon.colcon_core.shell:Creating package script '/home/artscript/Desktop/WorkSpace/MagnentoROBO/magnentorobo_ros2/install/artscript_interfaces/share/artscript_interfaces/package.ps1'
[1.736s] INFO:colcon.colcon_core.shell:Creating package descriptor '/home/artscript/Desktop/WorkSpace/MagnentoROBO/magnentorobo_ros2/install/artscript_interfaces/share/artscript_interfaces/package.dsv'
[1.737s] INFO:colcon.colcon_core.shell:Creating package script '/home/artscript/Desktop/WorkSpace/MagnentoROBO/magnentorobo_ros2/install/artscript_interfaces/share/artscript_interfaces/package.sh'
[1.737s] INFO:colcon.colcon_core.shell:Creating package script '/home/artscript/Desktop/WorkSpace/MagnentoROBO/magnentorobo_ros2/install/artscript_interfaces/share/artscript_interfaces/package.bash'
[1.738s] INFO:colcon.colcon_core.shell:Creating package script '/home/artscript/Desktop/WorkSpace/MagnentoROBO/magnentorobo_ros2/install/artscript_interfaces/share/artscript_interfaces/package.zsh'
[1.738s] Level 1:colcon.colcon_core.environment:create_file_with_runtime_dependencies(/home/artscript/Desktop/WorkSpace/MagnentoROBO/magnentorobo_ros2/install/artscript_interfaces/share/colcon-core/packages/artscript_interfaces)
[1.759s] INFO:colcon.colcon_ros.task.ament_python.build:Building ROS package in '/home/artscript/Desktop/WorkSpace/MagnentoROBO/magnentorobo_ros2/src/imu_usb_pkg' with build type 'ament_python'
[1.760s] Level 1:colcon.colcon_core.shell:create_environment_hook('imu_usb_pkg', 'ament_prefix_path')
[1.761s] INFO:colcon.colcon_core.shell:Creating environment hook '/home/artscript/Desktop/WorkSpace/MagnentoROBO/magnentorobo_ros2/install/imu_usb_pkg/share/imu_usb_pkg/hook/ament_prefix_path.ps1'
[1.761s] INFO:colcon.colcon_core.shell:Creating environment descriptor '/home/artscript/Desktop/WorkSpace/MagnentoROBO/magnentorobo_ros2/install/imu_usb_pkg/share/imu_usb_pkg/hook/ament_prefix_path.dsv'
[1.762s] INFO:colcon.colcon_core.shell:Creating environment hook '/home/artscript/Desktop/WorkSpace/MagnentoROBO/magnentorobo_ros2/install/imu_usb_pkg/share/imu_usb_pkg/hook/ament_prefix_path.sh'
[1.767s] INFO:colcon.colcon_core.shell:Skip shell extension 'powershell' for command environment: Not usable outside of PowerShell
[1.767s] DEBUG:colcon.colcon_core.shell:Skip shell extension 'dsv' for command environment
[1.768s] DEBUG:colcon.colcon_core.shell:Ignoring prefix path '/opt/ros/foxy'
[2.125s] INFO:colcon.colcon_core.task.python.build:Building Python package in '/home/artscript/Desktop/WorkSpace/MagnentoROBO/magnentorobo_ros2/src/imu_usb_pkg'
[2.126s] INFO:colcon.colcon_core.shell:Skip shell extension 'powershell' for command environment: Not usable outside of PowerShell
[2.126s] DEBUG:colcon.colcon_core.shell:Skip shell extension 'dsv' for command environment
[2.128s] DEBUG:colcon.colcon_core.shell:Ignoring prefix path '/opt/ros/foxy'
[2.134s] Level 1:colcon.colcon_core.environment:checking '/home/artscript/Desktop/WorkSpace/MagnentoROBO/magnentorobo_ros2/install/servo_pwm_pkg' for CMake module files
[2.135s] Level 1:colcon.colcon_core.environment:checking '/home/artscript/Desktop/WorkSpace/MagnentoROBO/magnentorobo_ros2/install/servo_pwm_pkg' for CMake config files
[2.135s] Level 1:colcon.colcon_core.environment:checking '/home/artscript/Desktop/WorkSpace/MagnentoROBO/magnentorobo_ros2/install/servo_pwm_pkg/lib'
[2.135s] Level 1:colcon.colcon_core.environment:checking '/home/artscript/Desktop/WorkSpace/MagnentoROBO/magnentorobo_ros2/install/servo_pwm_pkg/bin'
[2.136s] Level 1:colcon.colcon_core.environment:checking '/home/artscript/Desktop/WorkSpace/MagnentoROBO/magnentorobo_ros2/install/servo_pwm_pkg/lib/pkgconfig/servo_pwm_pkg.pc'
[2.136s] Level 1:colcon.colcon_core.environment:checking '/home/artscript/Desktop/WorkSpace/MagnentoROBO/magnentorobo_ros2/install/servo_pwm_pkg/lib/python3.8/site-packages'
[2.136s] Level 1:colcon.colcon_core.shell:create_environment_hook('servo_pwm_pkg', 'pythonpath')
[2.136s] INFO:colcon.colcon_core.shell:Creating environment hook '/home/artscript/Desktop/WorkSpace/MagnentoROBO/magnentorobo_ros2/install/servo_pwm_pkg/share/servo_pwm_pkg/hook/pythonpath.ps1'
[2.137s] INFO:colcon.colcon_core.shell:Creating environment descriptor '/home/artscript/Desktop/WorkSpace/MagnentoROBO/magnentorobo_ros2/install/servo_pwm_pkg/share/servo_pwm_pkg/hook/pythonpath.dsv'
[2.137s] INFO:colcon.colcon_core.shell:Creating environment hook '/home/artscript/Desktop/WorkSpace/MagnentoROBO/magnentorobo_ros2/install/servo_pwm_pkg/share/servo_pwm_pkg/hook/pythonpath.sh'
[2.138s] Level 1:colcon.colcon_core.environment:create_environment_scripts_only(servo_pwm_pkg)
[2.138s] INFO:colcon.colcon_core.shell:Creating package script '/home/artscript/Desktop/WorkSpace/MagnentoROBO/magnentorobo_ros2/install/servo_pwm_pkg/share/servo_pwm_pkg/package.ps1'
[2.139s] INFO:colcon.colcon_core.shell:Creating package descriptor '/home/artscript/Desktop/WorkSpace/MagnentoROBO/magnentorobo_ros2/install/servo_pwm_pkg/share/servo_pwm_pkg/package.dsv'
[2.139s] INFO:colcon.colcon_core.shell:Creating package script '/home/artscript/Desktop/WorkSpace/MagnentoROBO/magnentorobo_ros2/install/servo_pwm_pkg/share/servo_pwm_pkg/package.sh'
[2.140s] INFO:colcon.colcon_core.shell:Creating package script '/home/artscript/Desktop/WorkSpace/MagnentoROBO/magnentorobo_ros2/install/servo_pwm_pkg/share/servo_pwm_pkg/package.bash'
[2.140s] INFO:colcon.colcon_core.shell:Creating package script '/home/artscript/Desktop/WorkSpace/MagnentoROBO/magnentorobo_ros2/install/servo_pwm_pkg/share/servo_pwm_pkg/package.zsh'
[2.140s] Level 1:colcon.colcon_core.environment:create_file_with_runtime_dependencies(/home/artscript/Desktop/WorkSpace/MagnentoROBO/magnentorobo_ros2/install/servo_pwm_pkg/share/colcon-core/packages/servo_pwm_pkg)
[2.134s] DEBUG:colcon.colcon_core.event_handler.log_command:Invoked command in '/home/artscript/Desktop/WorkSpace/MagnentoROBO/magnentorobo_ros2/src/servo_pwm_pkg' returned '0': PYTHONPATH=/home/artscript/Desktop/WorkSpace/MagnentoROBO/magnentorobo_ros2/install/servo_pwm_pkg/lib/python3.8/site-packages:${PYTHONPATH} /usr/bin/python3 setup.py egg_info --egg-base ../../build/servo_pwm_pkg build --build-base /home/artscript/Desktop/WorkSpace/MagnentoROBO/magnentorobo_ros2/build/servo_pwm_pkg/build install --prefix /home/artscript/Desktop/WorkSpace/MagnentoROBO/magnentorobo_ros2/install/servo_pwm_pkg --record /home/artscript/Desktop/WorkSpace/MagnentoROBO/magnentorobo_ros2/build/servo_pwm_pkg/install.log --single-version-externally-managed
[2.178s] DEBUG:colcon.colcon_core.event_handler.log_command:Invoking command in '/home/artscript/Desktop/WorkSpace/MagnentoROBO/magnentorobo_ros2/src/imu_usb_pkg': PYTHONPATH=/home/artscript/Desktop/WorkSpace/MagnentoROBO/magnentorobo_ros2/install/imu_usb_pkg/lib/python3.8/site-packages:/home/artscript/Desktop/WorkSpace/MagnentoROBO/magnentorobo_ros2/install/artscript_interfaces/lib/python3.8/site-packages:/home/artscript/Desktop/WorkSpace/MagnentoROBO/magnentorobo_ros2/install/mcu_usb_pkg/lib/python3.8/site-packages:/opt/ros/foxy/lib/python3.8/site-packages /usr/bin/python3 setup.py egg_info --egg-base ../../build/imu_usb_pkg build --build-base /home/artscript/Desktop/WorkSpace/MagnentoROBO/magnentorobo_ros2/build/imu_usb_pkg/build install --prefix /home/artscript/Desktop/WorkSpace/MagnentoROBO/magnentorobo_ros2/install/imu_usb_pkg --record /home/artscript/Desktop/WorkSpace/MagnentoROBO/magnentorobo_ros2/build/imu_usb_pkg/install.log --single-version-externally-managed
[2.446s] Level 1:colcon.colcon_core.environment:checking '/home/artscript/Desktop/WorkSpace/MagnentoROBO/magnentorobo_ros2/install/imu_usb_pkg' for CMake module files
[2.447s] DEBUG:colcon.colcon_core.event_handler.log_command:Invoked command in '/home/artscript/Desktop/WorkSpace/MagnentoROBO/magnentorobo_ros2/src/imu_usb_pkg' returned '0': PYTHONPATH=/home/artscript/Desktop/WorkSpace/MagnentoROBO/magnentorobo_ros2/install/imu_usb_pkg/lib/python3.8/site-packages:/home/artscript/Desktop/WorkSpace/MagnentoROBO/magnentorobo_ros2/install/artscript_interfaces/lib/python3.8/site-packages:/home/artscript/Desktop/WorkSpace/MagnentoROBO/magnentorobo_ros2/install/mcu_usb_pkg/lib/python3.8/site-packages:/opt/ros/foxy/lib/python3.8/site-packages /usr/bin/python3 setup.py egg_info --egg-base ../../build/imu_usb_pkg build --build-base /home/artscript/Desktop/WorkSpace/MagnentoROBO/magnentorobo_ros2/build/imu_usb_pkg/build install --prefix /home/artscript/Desktop/WorkSpace/MagnentoROBO/magnentorobo_ros2/install/imu_usb_pkg --record /home/artscript/Desktop/WorkSpace/MagnentoROBO/magnentorobo_ros2/build/imu_usb_pkg/install.log --single-version-externally-managed
[2.447s] Level 1:colcon.colcon_core.environment:checking '/home/artscript/Desktop/WorkSpace/MagnentoROBO/magnentorobo_ros2/install/imu_usb_pkg' for CMake config files
[2.448s] Level 1:colcon.colcon_core.environment:checking '/home/artscript/Desktop/WorkSpace/MagnentoROBO/magnentorobo_ros2/install/imu_usb_pkg/lib'
[2.448s] Level 1:colcon.colcon_core.environment:checking '/home/artscript/Desktop/WorkSpace/MagnentoROBO/magnentorobo_ros2/install/imu_usb_pkg/bin'
[2.448s] Level 1:colcon.colcon_core.environment:checking '/home/artscript/Desktop/WorkSpace/MagnentoROBO/magnentorobo_ros2/install/imu_usb_pkg/lib/pkgconfig/imu_usb_pkg.pc'
[2.448s] Level 1:colcon.colcon_core.environment:checking '/home/artscript/Desktop/WorkSpace/MagnentoROBO/magnentorobo_ros2/install/imu_usb_pkg/lib/python3.8/site-packages'
[2.448s] Level 1:colcon.colcon_core.shell:create_environment_hook('imu_usb_pkg', 'pythonpath')
[2.449s] INFO:colcon.colcon_core.shell:Creating environment hook '/home/artscript/Desktop/WorkSpace/MagnentoROBO/magnentorobo_ros2/install/imu_usb_pkg/share/imu_usb_pkg/hook/pythonpath.ps1'
[2.449s] INFO:colcon.colcon_core.shell:Creating environment descriptor '/home/artscript/Desktop/WorkSpace/MagnentoROBO/magnentorobo_ros2/install/imu_usb_pkg/share/imu_usb_pkg/hook/pythonpath.dsv'
[2.450s] INFO:colcon.colcon_core.shell:Creating environment hook '/home/artscript/Desktop/WorkSpace/MagnentoROBO/magnentorobo_ros2/install/imu_usb_pkg/share/imu_usb_pkg/hook/pythonpath.sh'
[2.450s] Level 1:colcon.colcon_core.environment:create_environment_scripts_only(imu_usb_pkg)
[2.451s] INFO:colcon.colcon_core.shell:Creating package script '/home/artscript/Desktop/WorkSpace/MagnentoROBO/magnentorobo_ros2/install/imu_usb_pkg/share/imu_usb_pkg/package.ps1'
[2.452s] INFO:colcon.colcon_core.shell:Creating package descriptor '/home/artscript/Desktop/WorkSpace/MagnentoROBO/magnentorobo_ros2/install/imu_usb_pkg/share/imu_usb_pkg/package.dsv'
[2.453s] INFO:colcon.colcon_core.shell:Creating package script '/home/artscript/Desktop/WorkSpace/MagnentoROBO/magnentorobo_ros2/install/imu_usb_pkg/share/imu_usb_pkg/package.sh'
[2.453s] INFO:colcon.colcon_core.shell:Creating package script '/home/artscript/Desktop/WorkSpace/MagnentoROBO/magnentorobo_ros2/install/imu_usb_pkg/share/imu_usb_pkg/package.bash'
[2.454s] INFO:colcon.colcon_core.shell:Creating package script '/home/artscript/Desktop/WorkSpace/MagnentoROBO/magnentorobo_ros2/install/imu_usb_pkg/share/imu_usb_pkg/package.zsh'
[2.454s] Level 1:colcon.colcon_core.environment:create_file_with_runtime_dependencies(/home/artscript/Desktop/WorkSpace/MagnentoROBO/magnentorobo_ros2/install/imu_usb_pkg/share/colcon-core/packages/imu_usb_pkg)
[2.455s] DEBUG:colcon.colcon_parallel_executor.executor.parallel:closing loop
[2.456s] DEBUG:colcon.colcon_parallel_executor.executor.parallel:loop closed
[2.456s] DEBUG:colcon.colcon_parallel_executor.executor.parallel:run_until_complete finished with '0'
[2.456s] DEBUG:colcon.colcon_core.event_reactor:joining thread
[2.462s] INFO:colcon.colcon_core.plugin_system:Skipping extension 'colcon_notification.desktop_notification.terminal_notifier': Not used on non-Darwin systems
[2.462s] INFO:colcon.colcon_core.plugin_system:Skipping extension 'colcon_notification.desktop_notification.win32': Not used on non-Windows systems
[2.462s] INFO:colcon.colcon_notification.desktop_notification:Sending desktop notification using 'notify2'
[2.476s] DEBUG:colcon.colcon_core.event_reactor:joined thread
[2.477s] INFO:colcon.colcon_core.shell:Creating prefix script '/home/artscript/Desktop/WorkSpace/MagnentoROBO/magnentorobo_ros2/install/local_setup.ps1'
[2.478s] INFO:colcon.colcon_core.shell:Creating prefix util module '/home/artscript/Desktop/WorkSpace/MagnentoROBO/magnentorobo_ros2/install/_local_setup_util_ps1.py'
[2.480s] INFO:colcon.colcon_core.shell:Creating prefix chain script '/home/artscript/Desktop/WorkSpace/MagnentoROBO/magnentorobo_ros2/install/setup.ps1'
[2.482s] INFO:colcon.colcon_core.shell:Creating prefix script '/home/artscript/Desktop/WorkSpace/MagnentoROBO/magnentorobo_ros2/install/local_setup.sh'
[2.483s] INFO:colcon.colcon_core.shell:Creating prefix util module '/home/artscript/Desktop/WorkSpace/MagnentoROBO/magnentorobo_ros2/install/_local_setup_util_sh.py'
[2.484s] INFO:colcon.colcon_core.shell:Creating prefix chain script '/home/artscript/Desktop/WorkSpace/MagnentoROBO/magnentorobo_ros2/install/setup.sh'
[2.489s] INFO:colcon.colcon_core.shell:Creating prefix script '/home/artscript/Desktop/WorkSpace/MagnentoROBO/magnentorobo_ros2/install/local_setup.bash'
[2.490s] INFO:colcon.colcon_core.shell:Creating prefix chain script '/home/artscript/Desktop/WorkSpace/MagnentoROBO/magnentorobo_ros2/install/setup.bash'
[2.493s] INFO:colcon.colcon_core.shell:Creating prefix script '/home/artscript/Desktop/WorkSpace/MagnentoROBO/magnentorobo_ros2/install/local_setup.zsh'
[2.493s] INFO:colcon.colcon_core.shell:Creating prefix chain script '/home/artscript/Desktop/WorkSpace/MagnentoROBO/magnentorobo_ros2/install/setup.zsh'
