[0.013s] Invoking command in '/home/artscript/Desktop/WorkSpace/MagnentoROBO/magnentorobo_ros2/build/artscript_interfaces': CMAKE_PREFIX_PATH=${CMAKE_PREFIX_PATH}:/home/artscript/Desktop/WorkSpace/MagnentoROBO/magnentorobo_ros2/install/mcu_usb_pkg:/opt/ros/foxy /usr/bin/cmake /home/artscript/Desktop/WorkSpace/MagnentoROBO/magnentorobo_ros2/src/artscript_interfaces -DCMAKE_INSTALL_PREFIX=/home/artscript/Desktop/WorkSpace/MagnentoROBO/magnentorobo_ros2/install/artscript_interfaces
[0.216s] -- The C compiler identification is GNU 9.3.0
[0.361s] -- The CXX compiler identification is GNU 9.3.0
[0.366s] -- Check for working C compiler: /usr/bin/cc
[0.471s] -- Check for working C compiler: /usr/bin/cc -- works
[0.472s] -- Detecting C compiler ABI info
[0.570s] -- Detecting C compiler ABI info - done
[0.589s] -- Detecting C compile features
[0.589s] -- Detecting C compile features - done
[0.593s] -- Check for working CXX compiler: /usr/bin/c++
[0.865s] -- Check for working CXX compiler: /usr/bin/c++ -- works
[0.867s] -- Detecting CXX compiler ABI info
[1.011s] -- Detecting CXX compiler ABI info - done
[1.028s] -- Detecting CXX compile features
[1.032s] -- Detecting CXX compile features - done
[1.032s] -- Found ament_cmake: 0.9.9 (/opt/ros/foxy/share/ament_cmake/cmake)
[1.071s] -- Found PythonInterp: /usr/bin/python3 (found suitable version "3.8.10", minimum required is "3") 
[1.071s] -- Using PYTHON_EXECUTABLE: /usr/bin/python3
[1.297s] -- Found rosidl_default_generators: 1.0.1 (/opt/ros/foxy/share/rosidl_default_generators/cmake)
[1.301s] -- Using all available rosidl_typesupport_c: rosidl_typesupport_fastrtps_c;rosidl_typesupport_introspection_c
[1.309s] -- Found rosidl_adapter: 1.2.1 (/opt/ros/foxy/share/rosidl_adapter/cmake)
[1.390s] -- Found OpenSSL: /usr/lib/x86_64-linux-gnu/libcrypto.so (found version "1.1.1f")  
[1.421s] -- Found FastRTPS: /opt/ros/foxy/include  
[1.545s] -- Using all available rosidl_typesupport_cpp: rosidl_typesupport_fastrtps_cpp;rosidl_typesupport_introspection_cpp
[1.625s] -- Found PythonInterp: /usr/bin/python3 (found version "3.8.10") 
[1.908s] CMake Error at /opt/ros/foxy/share/rosidl_adapter/cmake/rosidl_adapt_interfaces.cmake:60 (message):
[1.909s]   execute_process(/usr/bin/python3 -m rosidl_adapter --package-name
[1.909s]   artscript_interfaces --arguments-file
[1.909s]   /home/artscript/Desktop/WorkSpace/MagnentoROBO/magnentorobo_ros2/build/artscript_interfaces/rosidl_adapter__arguments__artscript_interfaces.json
[1.909s]   --output-dir
[1.909s]   /home/artscript/Desktop/WorkSpace/MagnentoROBO/magnentorobo_ros2/build/artscript_interfaces/rosidl_adapter/artscript_interfaces
[1.909s]   --output-file
[1.909s]   /home/artscript/Desktop/WorkSpace/MagnentoROBO/magnentorobo_ros2/build/artscript_interfaces/rosidl_adapter/artscript_interfaces.idls)
[1.909s]   returned error code 1:
[1.909s] 
[1.909s]   Error processing 'string[] Commandlist' of
[1.909s]   'artscript_interfaces/Servo_pwm_group_Request': ''Commandlist' is an
[1.910s]   invalid field name.  It should have the pattern
[1.910s]   '^(?!.*__)(?!.*_$)[a-z][a-z0-9_]*$''
[1.910s] 
[1.910s]   Traceback (most recent call last):
[1.910s] 
[1.910s]     File "/usr/lib/python3.8/runpy.py", line 194, in _run_module_as_main
[1.910s]       return _run_code(code, main_globals, None,
[1.910s]     File "/usr/lib/python3.8/runpy.py", line 87, in _run_code
[1.911s]       exec(code, run_globals)
[1.911s]     File "/opt/ros/foxy/lib/python3.8/site-packages/rosidl_adapter/__main__.py", line 19, in <module>
[1.911s]       sys.exit(main())
[1.911s]     File "/opt/ros/foxy/lib/python3.8/site-packages/rosidl_adapter/main.py", line 53, in main
[1.911s]       abs_idl_file = convert_to_idl(
[1.911s]     File "/opt/ros/foxy/lib/python3.8/site-packages/rosidl_adapter/__init__.py", line 24, in convert_to_idl
[1.911s]       return convert_srv_to_idl(
[1.911s]     File "/opt/ros/foxy/lib/python3.8/site-packages/rosidl_adapter/srv/__init__.py", line 28, in convert_srv_to_idl
[1.912s]       srv = parse_service_string(package_name, input_file.stem, content)
[1.912s]     File "/opt/ros/foxy/lib/python3.8/site-packages/rosidl_adapter/parser.py", line 852, in parse_service_string
[1.912s]       request_message = parse_message_string(
[1.912s]     File "/opt/ros/foxy/lib/python3.8/site-packages/rosidl_adapter/parser.py", line 515, in parse_message_string
[1.912s]       fields.append(Field(
[1.912s]     File "/opt/ros/foxy/lib/python3.8/site-packages/rosidl_adapter/parser.py", line 353, in __init__
[1.913s]       raise NameError(
[1.913s] 
[1.913s]   NameError: 'Commandlist' is an invalid field name.  It should have the
[1.913s]   pattern '^(?!.*__)(?!.*_$)[a-z][a-z0-9_]*$'
[1.913s] 
[1.913s] Call Stack (most recent call first):
[1.913s]   /opt/ros/foxy/share/rosidl_cmake/cmake/rosidl_generate_interfaces.cmake:130 (rosidl_adapt_interfaces)
[1.913s]   CMakeLists.txt:25 (rosidl_generate_interfaces)
[1.913s] 
[1.913s] 
[1.914s] -- Configuring incomplete, errors occurred!
[1.914s] See also "/home/artscript/Desktop/WorkSpace/MagnentoROBO/magnentorobo_ros2/build/artscript_interfaces/CMakeFiles/CMakeOutput.log".
[1.916s] Invoked command in '/home/artscript/Desktop/WorkSpace/MagnentoROBO/magnentorobo_ros2/build/artscript_interfaces' returned '1': CMAKE_PREFIX_PATH=${CMAKE_PREFIX_PATH}:/home/artscript/Desktop/WorkSpace/MagnentoROBO/magnentorobo_ros2/install/mcu_usb_pkg:/opt/ros/foxy /usr/bin/cmake /home/artscript/Desktop/WorkSpace/MagnentoROBO/magnentorobo_ros2/src/artscript_interfaces -DCMAKE_INSTALL_PREFIX=/home/artscript/Desktop/WorkSpace/MagnentoROBO/magnentorobo_ros2/install/artscript_interfaces
