[0.677s] Invoking command in '/home/artscript/Desktop/WorkSpace/MagnentoROBO/magnentorobo_ros2/src/artscript_main': PYTHONPATH=/home/artscript/Desktop/WorkSpace/MagnentoROBO/magnentorobo_ros2/install/artscript_main/lib/python3.8/site-packages:${PYTHONPATH} /usr/bin/python3 setup.py egg_info --egg-base ../../build/artscript_main build --build-base /home/artscript/Desktop/WorkSpace/MagnentoROBO/magnentorobo_ros2/build/artscript_main/build install --prefix /home/artscript/Desktop/WorkSpace/MagnentoROBO/magnentorobo_ros2/install/artscript_main --record /home/artscript/Desktop/WorkSpace/MagnentoROBO/magnentorobo_ros2/build/artscript_main/install.log --single-version-externally-managed
[0.962s] running egg_info
[0.963s] writing ../../build/artscript_main/artscript_main.egg-info/PKG-INFO
[0.964s] writing dependency_links to ../../build/artscript_main/artscript_main.egg-info/dependency_links.txt
[0.968s] writing entry points to ../../build/artscript_main/artscript_main.egg-info/entry_points.txt
[0.969s] writing requirements to ../../build/artscript_main/artscript_main.egg-info/requires.txt
[0.969s] writing top-level names to ../../build/artscript_main/artscript_main.egg-info/top_level.txt
[1.049s] reading manifest file '../../build/artscript_main/artscript_main.egg-info/SOURCES.txt'
[1.049s] writing manifest file '../../build/artscript_main/artscript_main.egg-info/SOURCES.txt'
[1.049s] running build
[1.049s] running build_py
[1.049s] running install
[1.049s] running install_lib
[1.051s] running install_data
[1.057s] copying launch/robo_start.launch.py -> /home/artscript/Desktop/WorkSpace/MagnentoROBO/magnentorobo_ros2/install/artscript_main/share/artscript_main
[1.057s] running install_egg_info
[1.059s] removing '/home/artscript/Desktop/WorkSpace/MagnentoROBO/magnentorobo_ros2/install/artscript_main/lib/python3.8/site-packages/artscript_main-0.0.0-py3.8.egg-info' (and everything under it)
[1.060s] Copying ../../build/artscript_main/artscript_main.egg-info to /home/artscript/Desktop/WorkSpace/MagnentoROBO/magnentorobo_ros2/install/artscript_main/lib/python3.8/site-packages/artscript_main-0.0.0-py3.8.egg-info
[1.064s] running install_scripts
[1.088s] writing list of installed files to '/home/artscript/Desktop/WorkSpace/MagnentoROBO/magnentorobo_ros2/build/artscript_main/install.log'
[1.369s] Invoked command in '/home/artscript/Desktop/WorkSpace/MagnentoROBO/magnentorobo_ros2/src/artscript_main' returned '0': PYTHONPATH=/home/artscript/Desktop/WorkSpace/MagnentoROBO/magnentorobo_ros2/install/artscript_main/lib/python3.8/site-packages:${PYTHONPATH} /usr/bin/python3 setup.py egg_info --egg-base ../../build/artscript_main build --build-base /home/artscript/Desktop/WorkSpace/MagnentoROBO/magnentorobo_ros2/build/artscript_main/build install --prefix /home/artscript/Desktop/WorkSpace/MagnentoROBO/magnentorobo_ros2/install/artscript_main --record /home/artscript/Desktop/WorkSpace/MagnentoROBO/magnentorobo_ros2/build/artscript_main/install.log --single-version-externally-managed
