[0.000000] (-) TimerEvent: {}
[0.001085] (-) JobUnselected: {'identifier': 'artscript_main'}
[0.001170] (-) JobUnselected: {'identifier': 'camera_usb_pkg'}
[0.001979] (-) JobUnselected: {'identifier': 'imu_usb_pkg'}
[0.002210] (-) JobUnselected: {'identifier': 'mcu_usb_pkg'}
[0.002256] (-) JobUnselected: {'identifier': 'servo_pwm_pkg'}
[0.002292] (artscript_interfaces) JobQueued: {'identifier': 'artscript_interfaces', 'dependencies': OrderedDict()}
[0.002364] (artscript_interfaces) JobStarted: {'identifier': 'artscript_interfaces'}
[0.016342] (artscript_interfaces) JobProgress: {'identifier': 'artscript_interfaces', 'progress': 'cmake'}
[0.022489] (artscript_interfaces) Command: {'cmd': ['/usr/bin/cmake', '/home/artscript/Desktop/WorkSpace/MagnentoROBO/magnentorobo_ros2/src/artscript_interfaces', '-DCMAKE_INSTALL_PREFIX=/home/artscript/Desktop/WorkSpace/MagnentoROBO/magnentorobo_ros2/install/artscript_interfaces'], 'cwd': '/home/artscript/Desktop/WorkSpace/MagnentoROBO/magnentorobo_ros2/build/artscript_interfaces', 'env': OrderedDict([('GJS_DEBUG_TOPICS', 'JS ERROR;JS LOG'), ('ZPLUG_ERROR_LOG', '/home/artscript/.zplug/.error_log'), ('USER', 'artscript'), ('ZPLUG_LOG_LOAD_FAILURE', 'false'), ('ZPLUG_THREADS', '16'), ('SSH_AGENT_PID', '1952'), ('XDG_SESSION_TYPE', 'x11'), ('GIT_ASKPASS', '/usr/share/code/resources/app/extensions/git/dist/askpass.sh'), ('SHLVL', '1'), ('LD_LIBRARY_PATH', '/home/artscript/Desktop/WorkSpace/MagnentoROBO/magnentorobo_ros2/install/artscript_interfaces/lib:/opt/ros/foxy/opt/yaml_cpp_vendor/lib:/opt/ros/foxy/opt/rviz_ogre_vendor/lib:/opt/ros/foxy/lib/x86_64-linux-gnu:/opt/ros/foxy/lib'), ('HOME', '/home/artscript'), ('CHROME_DESKTOP', 'code-url-handler.desktop'), ('OLDPWD', '/home/artscript/Desktop/WorkSpace/MagnentoROBO'), ('CYCLONEDDS_URI', 'file:///home/artscript/cyclonedds.xml'), ('DESKTOP_SESSION', 'ubuntu'), ('TERM_PROGRAM_VERSION', '1.62.3'), ('GIO_LAUNCHED_DESKTOP_FILE', '/usr/share/applications/code.desktop'), ('ZSH', '/home/artscript/.oh-my-zsh'), ('GTK_MODULES', 'gail:atk-bridge'), ('GNOME_SHELL_SESSION_MODE', 'ubuntu'), ('FPATH', '/home/artscript/.zplug/misc/completions:/home/artscript/.zplug/base/sources:/home/artscript/.zplug/autoload:/home/artscript/.zplug/base/utils:/home/artscript/.zplug/base/job:/home/artscript/.zplug/base/log:/home/artscript/.zplug/base/io:/home/artscript/.zplug/base/core:/home/artscript/.zplug/base/base:/home/artscript/.zplug/autoload/commands:/home/artscript/.zplug/autoload/options:/home/artscript/.zplug/autoload/tags:/usr/local/share/zsh/site-functions:/usr/share/zsh/vendor-functions:/usr/share/zsh/vendor-completions:/usr/share/zsh/functions/Calendar:/usr/share/zsh/functions/Chpwd:/usr/share/zsh/functions/Completion:/usr/share/zsh/functions/Completion/AIX:/usr/share/zsh/functions/Completion/BSD:/usr/share/zsh/functions/Completion/Base:/usr/share/zsh/functions/Completion/Cygwin:/usr/share/zsh/functions/Completion/Darwin:/usr/share/zsh/functions/Completion/Debian:/usr/share/zsh/functions/Completion/Linux:/usr/share/zsh/functions/Completion/Mandriva:/usr/share/zsh/functions/Completion/Redhat:/usr/share/zsh/functions/Completion/Solaris:/usr/share/zsh/functions/Completion/Unix:/usr/share/zsh/functions/Completion/X:/usr/share/zsh/functions/Completion/Zsh:/usr/share/zsh/functions/Completion/openSUSE:/usr/share/zsh/functions/Exceptions:/usr/share/zsh/functions/MIME:/usr/share/zsh/functions/Math:/usr/share/zsh/functions/Misc:/usr/share/zsh/functions/Newuser:/usr/share/zsh/functions/Prompts:/usr/share/zsh/functions/TCP:/usr/share/zsh/functions/VCS_Info:/usr/share/zsh/functions/VCS_Info/Backends:/usr/share/zsh/functions/Zftp:/usr/share/zsh/functions/Zle:/home/artscript/.zplug/repos/zsh-users/zsh-completions/src'), ('ZPLUG_BIN', '/home/artscript/.zplug/bin'), ('ROS_PYTHON_VERSION', '3'), ('VSCODE_GIT_ASKPASS_MAIN', '/usr/share/code/resources/app/extensions/git/dist/askpass-main.js'), ('MANAGERPID', '1775'), ('_ZPLUG_VERSION', '2.4.2'), ('VSCODE_GIT_ASKPASS_NODE', '/usr/share/code/code'), ('DBUS_SESSION_BUS_ADDRESS', 'unix:path=/run/user/1000/bus'), ('ZPLUG_HOME', '/home/artscript/.zplug'), ('P9K_TTY', 'old'), ('GIO_LAUNCHED_DESKTOP_FILE_PID', '8093'), ('ZPLUG_FILTER', 'fzf-tmux:fzf:peco:percol:fzy:zaw'), ('COLORTERM', 'truecolor'), ('NVM_DIR', '/home/artscript/.nvm'), ('IM_CONFIG_PHASE', '1'), ('MANDATORY_PATH', '/usr/share/gconf/ubuntu.mandatory.path'), ('ROS_DISTRO', 'foxy'), ('COLCON_PREFIX_PATH', '/home/artscript/Desktop/WorkSpace/MagnentoROBO/magnentorobo_ros2/install'), ('LOGNAME', 'artscript'), ('PERIOD', '30'), ('_ZPLUG_URL', 'https://github.com/zplug/zplug'), ('_', '/usr/bin/colcon'), ('JOURNAL_STREAM', '8:59646'), ('DEFAULTS_PATH', '/usr/share/gconf/ubuntu.default.path'), ('XDG_SESSION_CLASS', 'user'), ('ZPLUG_LOADFILE', '/home/artscript/.zplug/packages.zsh'), ('ROS_VERSION', '2'), ('USERNAME', 'artscript'), ('_ZPLUG_CONFIG_SUBSHELL', ':'), ('TERM', 'xterm-256color'), ('GNOME_DESKTOP_SESSION_ID', 'this-is-deprecated'), ('ZPLUG_LOG_LOAD_SUCCESS', 'false'), ('ROS_LOCALHOST_ONLY', '0'), ('WINDOWPATH', '2'), ('PATH', '/home/artscript/.zplug/bin:/home/artscript/bin:/usr/local/bin:/opt/ros/foxy/bin:/home/artscript/.local/bin:/usr/local/sbin:/usr/sbin:/usr/bin:/sbin:/bin:/usr/games:/usr/local/games:/snap/bin'), ('SESSION_MANAGER', 'local/ubuntu:@/tmp/.ICE-unix/1987,unix/ubuntu:/tmp/.ICE-unix/1987'), ('INVOCATION_ID', 'c47273450aac49b391edf2646aeaf23a'), ('ZPLUG_CACHE_DIR', '/home/artscript/.zplug/cache'), ('XDG_RUNTIME_DIR', '/run/user/1000'), ('XDG_MENU_PREFIX', 'gnome-'), ('GDK_BACKEND', 'x11'), ('_ZPLUG_OHMYZSH', 'robbyrussell/oh-my-zsh'), ('_ZPLUG_PREZTO', 'sorin-ionescu/prezto'), ('DISPLAY', ':0'), ('LANG', 'en_US.UTF-8'), ('XDG_CURRENT_DESKTOP', 'Unity'), ('RMW_IMPLEMENTATION', 'rmw_cyclonedds_cpp'), ('XAUTHORITY', '/run/user/1000/gdm/Xauthority'), ('XDG_SESSION_DESKTOP', 'ubuntu'), ('XMODIFIERS', '@im=ibus'), ('TERM_PROGRAM', 'vscode'), ('VSCODE_GIT_IPC_HANDLE', '/run/user/1000/vscode-git-ec08b25829.sock'), ('SSH_AUTH_SOCK', '/run/user/1000/keyring/ssh'), ('ORIGINAL_XDG_CURRENT_DESKTOP', 'ubuntu:GNOME'), ('AMENT_PREFIX_PATH', '/home/artscript/Desktop/WorkSpace/MagnentoROBO/magnentorobo_ros2/install/mcu_usb_pkg:/home/artscript/Desktop/WorkSpace/MagnentoROBO/magnentorobo_ros2/install/artscript_interfaces:/opt/ros/foxy'), ('SHELL', '/usr/bin/zsh'), ('_ZPLUG_AWKPATH', '/home/artscript/.zplug/misc/contrib'), ('QT_ACCESSIBILITY', '1'), ('GDMSESSION', 'ubuntu'), ('ZPLUG_PROTOCOL', 'HTTPS'), ('ZPLUG_REPOS', '/home/artscript/.zplug/repos'), ('GPG_AGENT_INFO', '/run/user/1000/gnupg/S.gpg-agent:0:1'), ('GJS_DEBUG_OUTPUT', 'stderr'), ('P9K_SSH', '0'), ('QT_IM_MODULE', 'ibus'), ('VSCODE_GIT_ASKPASS_EXTRA_ARGS', '--ms-enable-electron-run-as-node'), ('PWD', '/home/artscript/Desktop/WorkSpace/MagnentoROBO/magnentorobo_ros2/build/artscript_interfaces'), ('XDG_DATA_DIRS', '/usr/share/ubuntu:/usr/local/share/:/usr/share/:/var/lib/snapd/desktop'), ('XDG_CONFIG_DIRS', '/etc/xdg/xdg-ubuntu:/etc/xdg'), ('_P9K_TTY', '/dev/pts/3'), ('ZPLUG_USE_CACHE', 'true'), ('PYTHONPATH', '/home/artscript/Desktop/WorkSpace/MagnentoROBO/magnentorobo_ros2/install/mcu_usb_pkg/lib/python3.8/site-packages:/home/artscript/Desktop/WorkSpace/MagnentoROBO/magnentorobo_ros2/install/artscript_interfaces/lib/python3.8/site-packages:/opt/ros/foxy/lib/python3.8/site-packages'), ('BREAKPAD_DUMP_LOCATION', '/home/artscript/.config/Code/exthost Crash Reports'), ('COLCON', '1'), ('ZPLUG_ROOT', '/home/artscript/.zplug'), ('CMAKE_PREFIX_PATH', '/home/artscript/Desktop/WorkSpace/MagnentoROBO/magnentorobo_ros2/install/artscript_interfaces:/home/artscript/Desktop/WorkSpace/MagnentoROBO/magnentorobo_ros2/install/mcu_usb_pkg:/opt/ros/foxy')]), 'shell': False}
[0.042379] (artscript_interfaces) StdoutLine: {'line': b'-- Found ament_cmake: 0.9.9 (/opt/ros/foxy/share/ament_cmake/cmake)\n'}
[0.064434] (artscript_interfaces) StdoutLine: {'line': b'-- Found PythonInterp: /usr/bin/python3 (found suitable version "3.8.10", minimum required is "3") \n'}
[0.067268] (artscript_interfaces) StdoutLine: {'line': b'-- Using PYTHON_EXECUTABLE: /usr/bin/python3\n'}
[0.099903] (-) TimerEvent: {}
[0.200512] (-) TimerEvent: {}
[0.265624] (artscript_interfaces) StdoutLine: {'line': b'-- Found rosidl_default_generators: 1.0.1 (/opt/ros/foxy/share/rosidl_default_generators/cmake)\n'}
[0.267146] (artscript_interfaces) StdoutLine: {'line': b'-- Using all available rosidl_typesupport_c: rosidl_typesupport_fastrtps_c;rosidl_typesupport_introspection_c\n'}
[0.270074] (artscript_interfaces) StdoutLine: {'line': b'-- Found rosidl_adapter: 1.2.1 (/opt/ros/foxy/share/rosidl_adapter/cmake)\n'}
[0.300940] (-) TimerEvent: {}
[0.399836] (artscript_interfaces) StdoutLine: {'line': b'-- Using all available rosidl_typesupport_cpp: rosidl_typesupport_fastrtps_cpp;rosidl_typesupport_introspection_cpp\n'}
[0.401160] (-) TimerEvent: {}
[0.451834] (artscript_interfaces) StdoutLine: {'line': b'-- Found PythonInterp: /usr/bin/python3 (found version "3.8.10") \n'}
[0.501432] (-) TimerEvent: {}
[0.603179] (-) TimerEvent: {}
[0.607458] (artscript_interfaces) StdoutLine: {'line': b'-- Found ament_cmake_ros: 0.9.2 (/opt/ros/foxy/share/ament_cmake_ros/cmake)\n'}
[0.703890] (-) TimerEvent: {}
[0.710970] (artscript_interfaces) StdoutLine: {'line': b'-- Using all available rosidl_typesupport_c: rosidl_typesupport_fastrtps_c;rosidl_typesupport_introspection_c\n'}
[0.721540] (artscript_interfaces) StdoutLine: {'line': b'-- Using all available rosidl_typesupport_cpp: rosidl_typesupport_fastrtps_cpp;rosidl_typesupport_introspection_cpp\n'}
[0.742089] (artscript_interfaces) StdoutLine: {'line': b'-- Found PythonInterp: /usr/bin/python3 (found suitable version "3.8.10", minimum required is "3.5") \n'}
[0.743022] (artscript_interfaces) StdoutLine: {'line': b'-- Found python_cmake_module: 0.8.1 (/opt/ros/foxy/share/python_cmake_module/cmake)\n'}
[0.764526] (artscript_interfaces) StdoutLine: {'line': b'-- Found PythonLibs: /usr/lib/x86_64-linux-gnu/libpython3.8.so (found suitable version "3.8.10", minimum required is "3.5") \n'}
[0.764881] (artscript_interfaces) StdoutLine: {'line': b'-- Using PYTHON_EXECUTABLE: /usr/bin/python3\n'}
[0.765032] (artscript_interfaces) StdoutLine: {'line': b'-- Using PYTHON_INCLUDE_DIRS: /usr/include/python3.8\n'}
[0.765176] (artscript_interfaces) StdoutLine: {'line': b'-- Using PYTHON_LIBRARIES: /usr/lib/x86_64-linux-gnu/libpython3.8.so\n'}
[0.784570] (artscript_interfaces) StdoutLine: {'line': b'-- Found PythonExtra: .so  \n'}
[0.804827] (-) TimerEvent: {}
[0.821986] (artscript_interfaces) StdoutLine: {'line': b'-- Found ament_lint_auto: 0.9.6 (/opt/ros/foxy/share/ament_lint_auto/cmake)\n'}
[0.840217] (artscript_interfaces) StdoutLine: {'line': b"-- Added test 'copyright' to check source files copyright and LICENSE\n"}
[0.842056] (artscript_interfaces) StdoutLine: {'line': b"-- Added test 'lint_cmake' to check CMake code style\n"}
[0.843242] (artscript_interfaces) StdoutLine: {'line': b"-- Added test 'xmllint' to check XML markup files\n"}
[0.850543] (artscript_interfaces) StdoutLine: {'line': b'-- Configuring done\n'}
[0.889660] (artscript_interfaces) StdoutLine: {'line': b'-- Generating done\n'}
[0.892981] (artscript_interfaces) StdoutLine: {'line': b'-- Build files have been written to: /home/artscript/Desktop/WorkSpace/MagnentoROBO/magnentorobo_ros2/build/artscript_interfaces\n'}
[0.900769] (artscript_interfaces) CommandEnded: {'returncode': 0}
[0.901890] (artscript_interfaces) JobProgress: {'identifier': 'artscript_interfaces', 'progress': 'build'}
[0.901949] (artscript_interfaces) Command: {'cmd': ['/usr/bin/cmake', '--build', '/home/artscript/Desktop/WorkSpace/MagnentoROBO/magnentorobo_ros2/build/artscript_interfaces', '--', '-j4', '-l4'], 'cwd': '/home/artscript/Desktop/WorkSpace/MagnentoROBO/magnentorobo_ros2/build/artscript_interfaces', 'env': OrderedDict([('GJS_DEBUG_TOPICS', 'JS ERROR;JS LOG'), ('ZPLUG_ERROR_LOG', '/home/artscript/.zplug/.error_log'), ('USER', 'artscript'), ('ZPLUG_LOG_LOAD_FAILURE', 'false'), ('ZPLUG_THREADS', '16'), ('SSH_AGENT_PID', '1952'), ('XDG_SESSION_TYPE', 'x11'), ('GIT_ASKPASS', '/usr/share/code/resources/app/extensions/git/dist/askpass.sh'), ('SHLVL', '1'), ('LD_LIBRARY_PATH', '/home/artscript/Desktop/WorkSpace/MagnentoROBO/magnentorobo_ros2/install/artscript_interfaces/lib:/opt/ros/foxy/opt/yaml_cpp_vendor/lib:/opt/ros/foxy/opt/rviz_ogre_vendor/lib:/opt/ros/foxy/lib/x86_64-linux-gnu:/opt/ros/foxy/lib'), ('HOME', '/home/artscript'), ('CHROME_DESKTOP', 'code-url-handler.desktop'), ('OLDPWD', '/home/artscript/Desktop/WorkSpace/MagnentoROBO'), ('CYCLONEDDS_URI', 'file:///home/artscript/cyclonedds.xml'), ('DESKTOP_SESSION', 'ubuntu'), ('TERM_PROGRAM_VERSION', '1.62.3'), ('GIO_LAUNCHED_DESKTOP_FILE', '/usr/share/applications/code.desktop'), ('ZSH', '/home/artscript/.oh-my-zsh'), ('GTK_MODULES', 'gail:atk-bridge'), ('GNOME_SHELL_SESSION_MODE', 'ubuntu'), ('FPATH', '/home/artscript/.zplug/misc/completions:/home/artscript/.zplug/base/sources:/home/artscript/.zplug/autoload:/home/artscript/.zplug/base/utils:/home/artscript/.zplug/base/job:/home/artscript/.zplug/base/log:/home/artscript/.zplug/base/io:/home/artscript/.zplug/base/core:/home/artscript/.zplug/base/base:/home/artscript/.zplug/autoload/commands:/home/artscript/.zplug/autoload/options:/home/artscript/.zplug/autoload/tags:/usr/local/share/zsh/site-functions:/usr/share/zsh/vendor-functions:/usr/share/zsh/vendor-completions:/usr/share/zsh/functions/Calendar:/usr/share/zsh/functions/Chpwd:/usr/share/zsh/functions/Completion:/usr/share/zsh/functions/Completion/AIX:/usr/share/zsh/functions/Completion/BSD:/usr/share/zsh/functions/Completion/Base:/usr/share/zsh/functions/Completion/Cygwin:/usr/share/zsh/functions/Completion/Darwin:/usr/share/zsh/functions/Completion/Debian:/usr/share/zsh/functions/Completion/Linux:/usr/share/zsh/functions/Completion/Mandriva:/usr/share/zsh/functions/Completion/Redhat:/usr/share/zsh/functions/Completion/Solaris:/usr/share/zsh/functions/Completion/Unix:/usr/share/zsh/functions/Completion/X:/usr/share/zsh/functions/Completion/Zsh:/usr/share/zsh/functions/Completion/openSUSE:/usr/share/zsh/functions/Exceptions:/usr/share/zsh/functions/MIME:/usr/share/zsh/functions/Math:/usr/share/zsh/functions/Misc:/usr/share/zsh/functions/Newuser:/usr/share/zsh/functions/Prompts:/usr/share/zsh/functions/TCP:/usr/share/zsh/functions/VCS_Info:/usr/share/zsh/functions/VCS_Info/Backends:/usr/share/zsh/functions/Zftp:/usr/share/zsh/functions/Zle:/home/artscript/.zplug/repos/zsh-users/zsh-completions/src'), ('ZPLUG_BIN', '/home/artscript/.zplug/bin'), ('ROS_PYTHON_VERSION', '3'), ('VSCODE_GIT_ASKPASS_MAIN', '/usr/share/code/resources/app/extensions/git/dist/askpass-main.js'), ('MANAGERPID', '1775'), ('_ZPLUG_VERSION', '2.4.2'), ('VSCODE_GIT_ASKPASS_NODE', '/usr/share/code/code'), ('DBUS_SESSION_BUS_ADDRESS', 'unix:path=/run/user/1000/bus'), ('ZPLUG_HOME', '/home/artscript/.zplug'), ('P9K_TTY', 'old'), ('GIO_LAUNCHED_DESKTOP_FILE_PID', '8093'), ('ZPLUG_FILTER', 'fzf-tmux:fzf:peco:percol:fzy:zaw'), ('COLORTERM', 'truecolor'), ('NVM_DIR', '/home/artscript/.nvm'), ('IM_CONFIG_PHASE', '1'), ('MANDATORY_PATH', '/usr/share/gconf/ubuntu.mandatory.path'), ('ROS_DISTRO', 'foxy'), ('COLCON_PREFIX_PATH', '/home/artscript/Desktop/WorkSpace/MagnentoROBO/magnentorobo_ros2/install'), ('LOGNAME', 'artscript'), ('PERIOD', '30'), ('_ZPLUG_URL', 'https://github.com/zplug/zplug'), ('_', '/usr/bin/colcon'), ('JOURNAL_STREAM', '8:59646'), ('DEFAULTS_PATH', '/usr/share/gconf/ubuntu.default.path'), ('XDG_SESSION_CLASS', 'user'), ('ZPLUG_LOADFILE', '/home/artscript/.zplug/packages.zsh'), ('ROS_VERSION', '2'), ('USERNAME', 'artscript'), ('_ZPLUG_CONFIG_SUBSHELL', ':'), ('TERM', 'xterm-256color'), ('GNOME_DESKTOP_SESSION_ID', 'this-is-deprecated'), ('ZPLUG_LOG_LOAD_SUCCESS', 'false'), ('ROS_LOCALHOST_ONLY', '0'), ('WINDOWPATH', '2'), ('PATH', '/home/artscript/.zplug/bin:/home/artscript/bin:/usr/local/bin:/opt/ros/foxy/bin:/home/artscript/.local/bin:/usr/local/sbin:/usr/sbin:/usr/bin:/sbin:/bin:/usr/games:/usr/local/games:/snap/bin'), ('SESSION_MANAGER', 'local/ubuntu:@/tmp/.ICE-unix/1987,unix/ubuntu:/tmp/.ICE-unix/1987'), ('INVOCATION_ID', 'c47273450aac49b391edf2646aeaf23a'), ('ZPLUG_CACHE_DIR', '/home/artscript/.zplug/cache'), ('XDG_RUNTIME_DIR', '/run/user/1000'), ('XDG_MENU_PREFIX', 'gnome-'), ('GDK_BACKEND', 'x11'), ('_ZPLUG_OHMYZSH', 'robbyrussell/oh-my-zsh'), ('_ZPLUG_PREZTO', 'sorin-ionescu/prezto'), ('DISPLAY', ':0'), ('LANG', 'en_US.UTF-8'), ('XDG_CURRENT_DESKTOP', 'Unity'), ('RMW_IMPLEMENTATION', 'rmw_cyclonedds_cpp'), ('XAUTHORITY', '/run/user/1000/gdm/Xauthority'), ('XDG_SESSION_DESKTOP', 'ubuntu'), ('XMODIFIERS', '@im=ibus'), ('TERM_PROGRAM', 'vscode'), ('VSCODE_GIT_IPC_HANDLE', '/run/user/1000/vscode-git-ec08b25829.sock'), ('SSH_AUTH_SOCK', '/run/user/1000/keyring/ssh'), ('ORIGINAL_XDG_CURRENT_DESKTOP', 'ubuntu:GNOME'), ('AMENT_PREFIX_PATH', '/home/artscript/Desktop/WorkSpace/MagnentoROBO/magnentorobo_ros2/install/mcu_usb_pkg:/home/artscript/Desktop/WorkSpace/MagnentoROBO/magnentorobo_ros2/install/artscript_interfaces:/opt/ros/foxy'), ('SHELL', '/usr/bin/zsh'), ('_ZPLUG_AWKPATH', '/home/artscript/.zplug/misc/contrib'), ('QT_ACCESSIBILITY', '1'), ('GDMSESSION', 'ubuntu'), ('ZPLUG_PROTOCOL', 'HTTPS'), ('ZPLUG_REPOS', '/home/artscript/.zplug/repos'), ('GPG_AGENT_INFO', '/run/user/1000/gnupg/S.gpg-agent:0:1'), ('GJS_DEBUG_OUTPUT', 'stderr'), ('P9K_SSH', '0'), ('QT_IM_MODULE', 'ibus'), ('VSCODE_GIT_ASKPASS_EXTRA_ARGS', '--ms-enable-electron-run-as-node'), ('PWD', '/home/artscript/Desktop/WorkSpace/MagnentoROBO/magnentorobo_ros2/build/artscript_interfaces'), ('XDG_DATA_DIRS', '/usr/share/ubuntu:/usr/local/share/:/usr/share/:/var/lib/snapd/desktop'), ('XDG_CONFIG_DIRS', '/etc/xdg/xdg-ubuntu:/etc/xdg'), ('_P9K_TTY', '/dev/pts/3'), ('ZPLUG_USE_CACHE', 'true'), ('PYTHONPATH', '/home/artscript/Desktop/WorkSpace/MagnentoROBO/magnentorobo_ros2/install/mcu_usb_pkg/lib/python3.8/site-packages:/home/artscript/Desktop/WorkSpace/MagnentoROBO/magnentorobo_ros2/install/artscript_interfaces/lib/python3.8/site-packages:/opt/ros/foxy/lib/python3.8/site-packages'), ('BREAKPAD_DUMP_LOCATION', '/home/artscript/.config/Code/exthost Crash Reports'), ('COLCON', '1'), ('ZPLUG_ROOT', '/home/artscript/.zplug'), ('CMAKE_PREFIX_PATH', '/home/artscript/Desktop/WorkSpace/MagnentoROBO/magnentorobo_ros2/install/artscript_interfaces:/home/artscript/Desktop/WorkSpace/MagnentoROBO/magnentorobo_ros2/install/mcu_usb_pkg:/opt/ros/foxy')]), 'shell': False}
[0.904970] (-) TimerEvent: {}
[0.957916] (artscript_interfaces) StdoutLine: {'line': b'\x1b[35m\x1b[1mScanning dependencies of target artscript_interfaces__cpp\x1b[0m\n'}
[0.970703] (artscript_interfaces) StdoutLine: {'line': b'[  1%] \x1b[34m\x1b[1mGenerating C code for ROS interfaces\x1b[0m\n'}
[1.002603] (artscript_interfaces) StdoutLine: {'line': b'[  3%] \x1b[34m\x1b[1mGenerating C++ code for ROS interfaces\x1b[0m\n'}
[1.005080] (-) TimerEvent: {}
[1.105380] (-) TimerEvent: {}
[1.206594] (-) TimerEvent: {}
[1.307845] (-) TimerEvent: {}
[1.408515] (-) TimerEvent: {}
[1.509949] (-) TimerEvent: {}
[1.610590] (-) TimerEvent: {}
[1.711342] (-) TimerEvent: {}
[1.729451] (artscript_interfaces) StdoutLine: {'line': b'\x1b[35m\x1b[1mScanning dependencies of target artscript_interfaces__rosidl_generator_c\x1b[0m\n'}
[1.758986] (artscript_interfaces) StdoutLine: {'line': b'[  5%] \x1b[32mBuilding C object CMakeFiles/artscript_interfaces__rosidl_generator_c.dir/rosidl_generator_c/artscript_interfaces/msg/detail/imu__functions.c.o\x1b[0m\n'}
[1.780094] (artscript_interfaces) StdoutLine: {'line': b'[  7%] \x1b[32mBuilding C object CMakeFiles/artscript_interfaces__rosidl_generator_c.dir/rosidl_generator_c/artscript_interfaces/msg/detail/infraredstrain__functions.c.o\x1b[0m\n'}
[1.811530] (-) TimerEvent: {}
[1.840662] (artscript_interfaces) StdoutLine: {'line': b'[  7%] Built target artscript_interfaces__cpp\n'}
[1.863405] (artscript_interfaces) StdoutLine: {'line': b'[  9%] \x1b[32mBuilding C object CMakeFiles/artscript_interfaces__rosidl_generator_c.dir/rosidl_generator_c/artscript_interfaces/srv/detail/servo_group__functions.c.o\x1b[0m\n'}
[1.869696] (artscript_interfaces) StdoutLine: {'line': b'[ 10%] \x1b[34m\x1b[1mGenerating C++ introspection for ROS interfaces\x1b[0m\n'}
[1.884179] (artscript_interfaces) StdoutLine: {'line': b'[ 12%] \x1b[32mBuilding C object CMakeFiles/artscript_interfaces__rosidl_generator_c.dir/rosidl_generator_c/artscript_interfaces/srv/detail/servo_single__functions.c.o\x1b[0m\n'}
[1.911796] (-) TimerEvent: {}
[1.913125] (artscript_interfaces) StdoutLine: {'line': b'[ 14%] \x1b[34m\x1b[1mGenerating C++ type support for eProsima Fast-RTPS\x1b[0m\n'}
[1.980433] (artscript_interfaces) StdoutLine: {'line': b'[ 16%] \x1b[34m\x1b[1mGenerating C++ type support dispatch for ROS interfaces\x1b[0m\n'}
[2.012104] (-) TimerEvent: {}
[2.033430] (artscript_interfaces) StdoutLine: {'line': b'[ 18%] \x1b[32m\x1b[1mLinking C shared library libartscript_interfaces__rosidl_generator_c.so\x1b[0m\n'}
[2.113012] (-) TimerEvent: {}
[2.214058] (-) TimerEvent: {}
[2.225781] (artscript_interfaces) StdoutLine: {'line': b'[ 18%] Built target artscript_interfaces__rosidl_generator_c\n'}
[2.280548] (artscript_interfaces) StdoutLine: {'line': b'[ 20%] \x1b[34m\x1b[1mGenerating C introspection for ROS interfaces\x1b[0m\n'}
[2.314379] (-) TimerEvent: {}
[2.415513] (-) TimerEvent: {}
[2.519609] (-) TimerEvent: {}
[2.620553] (-) TimerEvent: {}
[2.722390] (-) TimerEvent: {}
[2.823922] (-) TimerEvent: {}
[2.924880] (-) TimerEvent: {}
[3.025449] (artscript_interfaces) StdoutLine: {'line': b'\x1b[35m\x1b[1mScanning dependencies of target artscript_interfaces__rosidl_typesupport_cpp\x1b[0m\n'}
[3.025701] (-) TimerEvent: {}
[3.065863] (artscript_interfaces) StdoutLine: {'line': b'[ 21%] \x1b[32mBuilding CXX object CMakeFiles/artscript_interfaces__rosidl_typesupport_cpp.dir/rosidl_typesupport_cpp/artscript_interfaces/msg/imu__type_support.cpp.o\x1b[0m\n'}
[3.085136] (artscript_interfaces) StdoutLine: {'line': b'\x1b[35m\x1b[1mScanning dependencies of target artscript_interfaces__rosidl_typesupport_introspection_cpp\x1b[0m\n'}
[3.091745] (artscript_interfaces) StdoutLine: {'line': b'\x1b[35m\x1b[1mScanning dependencies of target artscript_interfaces__rosidl_typesupport_fastrtps_cpp\x1b[0m\n'}
[3.125852] (-) TimerEvent: {}
[3.158762] (artscript_interfaces) StdoutLine: {'line': b'[ 23%] \x1b[32mBuilding CXX object CMakeFiles/artscript_interfaces__rosidl_typesupport_introspection_cpp.dir/rosidl_typesupport_introspection_cpp/artscript_interfaces/msg/detail/imu__type_support.cpp.o\x1b[0m\n'}
[3.162522] (artscript_interfaces) StdoutLine: {'line': b'[ 25%] \x1b[32mBuilding CXX object CMakeFiles/artscript_interfaces__rosidl_typesupport_fastrtps_cpp.dir/rosidl_typesupport_fastrtps_cpp/artscript_interfaces/msg/detail/dds_fastrtps/imu__type_support.cpp.o\x1b[0m\n'}
[3.226094] (-) TimerEvent: {}
[3.327195] (-) TimerEvent: {}
[3.428572] (-) TimerEvent: {}
[3.436205] (artscript_interfaces) StdoutLine: {'line': b'\x1b[35m\x1b[1mScanning dependencies of target artscript_interfaces__rosidl_typesupport_introspection_c\x1b[0m\n'}
[3.507162] (artscript_interfaces) StdoutLine: {'line': b'[ 27%] \x1b[32mBuilding C object CMakeFiles/artscript_interfaces__rosidl_typesupport_introspection_c.dir/rosidl_typesupport_introspection_c/artscript_interfaces/msg/detail/imu__type_support.c.o\x1b[0m\n'}
[3.528781] (-) TimerEvent: {}
[3.629442] (-) TimerEvent: {}
[3.651935] (artscript_interfaces) StdoutLine: {'line': b'[ 29%] \x1b[32mBuilding C object CMakeFiles/artscript_interfaces__rosidl_typesupport_introspection_c.dir/rosidl_typesupport_introspection_c/artscript_interfaces/msg/detail/infraredstrain__type_support.c.o\x1b[0m\n'}
[3.687952] (artscript_interfaces) StdoutLine: {'line': b'[ 30%] \x1b[32mBuilding CXX object CMakeFiles/artscript_interfaces__rosidl_typesupport_cpp.dir/rosidl_typesupport_cpp/artscript_interfaces/msg/infraredstrain__type_support.cpp.o\x1b[0m\n'}
[3.704127] (artscript_interfaces) StdoutLine: {'line': b'[ 32%] \x1b[32mBuilding C object CMakeFiles/artscript_interfaces__rosidl_typesupport_introspection_c.dir/rosidl_typesupport_introspection_c/artscript_interfaces/srv/detail/servo_group__type_support.c.o\x1b[0m\n'}
[3.729860] (-) TimerEvent: {}
[3.754616] (artscript_interfaces) StdoutLine: {'line': b'[ 34%] \x1b[32mBuilding CXX object CMakeFiles/artscript_interfaces__rosidl_typesupport_introspection_cpp.dir/rosidl_typesupport_introspection_cpp/artscript_interfaces/msg/detail/infraredstrain__type_support.cpp.o\x1b[0m\n'}
[3.790581] (artscript_interfaces) StdoutLine: {'line': b'[ 36%] \x1b[32mBuilding C object CMakeFiles/artscript_interfaces__rosidl_typesupport_introspection_c.dir/rosidl_typesupport_introspection_c/artscript_interfaces/srv/detail/servo_single__type_support.c.o\x1b[0m\n'}
[3.830586] (-) TimerEvent: {}
[3.932314] (-) TimerEvent: {}
[3.960976] (artscript_interfaces) StdoutLine: {'line': b'[ 38%] \x1b[32m\x1b[1mLinking C shared library libartscript_interfaces__rosidl_typesupport_introspection_c.so\x1b[0m\n'}
[4.032466] (-) TimerEvent: {}
[4.090868] (artscript_interfaces) StdoutLine: {'line': b'[ 38%] Built target artscript_interfaces__rosidl_typesupport_introspection_c\n'}
[4.121087] (artscript_interfaces) StdoutLine: {'line': b'[ 40%] \x1b[34m\x1b[1mGenerating C type support dispatch for ROS interfaces\x1b[0m\n'}
[4.132763] (-) TimerEvent: {}
[4.150906] (artscript_interfaces) StdoutLine: {'line': b'[ 41%] \x1b[32mBuilding CXX object CMakeFiles/artscript_interfaces__rosidl_typesupport_fastrtps_cpp.dir/rosidl_typesupport_fastrtps_cpp/artscript_interfaces/msg/detail/dds_fastrtps/infraredstrain__type_support.cpp.o\x1b[0m\n'}
[4.233515] (-) TimerEvent: {}
[4.334783] (-) TimerEvent: {}
[4.394766] (artscript_interfaces) StdoutLine: {'line': b'[ 43%] \x1b[32mBuilding CXX object CMakeFiles/artscript_interfaces__rosidl_typesupport_introspection_cpp.dir/rosidl_typesupport_introspection_cpp/artscript_interfaces/srv/detail/servo_group__type_support.cpp.o\x1b[0m\n'}
[4.417420] (artscript_interfaces) StdoutLine: {'line': b'[ 45%] \x1b[32mBuilding CXX object CMakeFiles/artscript_interfaces__rosidl_typesupport_cpp.dir/rosidl_typesupport_cpp/artscript_interfaces/srv/servo_group__type_support.cpp.o\x1b[0m\n'}
[4.435531] (-) TimerEvent: {}
[4.535879] (-) TimerEvent: {}
[4.636574] (-) TimerEvent: {}
[4.737325] (-) TimerEvent: {}
[4.837783] (-) TimerEvent: {}
[4.938175] (-) TimerEvent: {}
[5.010511] (artscript_interfaces) StdoutLine: {'line': b'\x1b[35m\x1b[1mScanning dependencies of target artscript_interfaces__rosidl_typesupport_c\x1b[0m\n'}
[5.038489] (-) TimerEvent: {}
[5.043917] (artscript_interfaces) StdoutLine: {'line': b'[ 47%] \x1b[32mBuilding CXX object CMakeFiles/artscript_interfaces__rosidl_typesupport_c.dir/rosidl_typesupport_c/artscript_interfaces/msg/imu__type_support.cpp.o\x1b[0m\n'}
[5.139236] (-) TimerEvent: {}
[5.240001] (-) TimerEvent: {}
[5.241160] (artscript_interfaces) StdoutLine: {'line': b'[ 49%] \x1b[32mBuilding CXX object CMakeFiles/artscript_interfaces__rosidl_typesupport_c.dir/rosidl_typesupport_c/artscript_interfaces/msg/infraredstrain__type_support.cpp.o\x1b[0m\n'}
[5.323471] (artscript_interfaces) StdoutLine: {'line': b'[ 52%] \x1b[32mBuilding CXX object CMakeFiles/artscript_interfaces__rosidl_typesupport_cpp.dir/rosidl_typesupport_cpp/artscript_interfaces/srv/servo_single__type_support.cpp.o\x1b[0m\n'}
[5.328283] (artscript_interfaces) StdoutLine: {'line': b'[ 52%] \x1b[32mBuilding CXX object CMakeFiles/artscript_interfaces__rosidl_typesupport_c.dir/rosidl_typesupport_c/artscript_interfaces/srv/servo_group__type_support.cpp.o\x1b[0m\n'}
[5.340241] (-) TimerEvent: {}
[5.398436] (artscript_interfaces) StdoutLine: {'line': b'[ 54%] \x1b[32mBuilding CXX object CMakeFiles/artscript_interfaces__rosidl_typesupport_c.dir/rosidl_typesupport_c/artscript_interfaces/srv/servo_single__type_support.cpp.o\x1b[0m\n'}
[5.422332] (artscript_interfaces) StdoutLine: {'line': b'[ 56%] \x1b[32mBuilding CXX object CMakeFiles/artscript_interfaces__rosidl_typesupport_fastrtps_cpp.dir/rosidl_typesupport_fastrtps_cpp/artscript_interfaces/srv/detail/dds_fastrtps/servo_group__type_support.cpp.o\x1b[0m\n'}
[5.441205] (-) TimerEvent: {}
[5.469403] (artscript_interfaces) StdoutLine: {'line': b'[ 58%] \x1b[32m\x1b[1mLinking CXX shared library libartscript_interfaces__rosidl_typesupport_c.so\x1b[0m\n'}
[5.495684] (artscript_interfaces) StdoutLine: {'line': b'[ 60%] \x1b[32mBuilding CXX object CMakeFiles/artscript_interfaces__rosidl_typesupport_introspection_cpp.dir/rosidl_typesupport_introspection_cpp/artscript_interfaces/srv/detail/servo_single__type_support.cpp.o\x1b[0m\n'}
[5.542227] (-) TimerEvent: {}
[5.576528] (artscript_interfaces) StdoutLine: {'line': b'[ 60%] Built target artscript_interfaces__rosidl_typesupport_c\n'}
[5.599721] (artscript_interfaces) StdoutLine: {'line': b'[ 61%] \x1b[32mBuilding CXX object CMakeFiles/artscript_interfaces__rosidl_typesupport_fastrtps_cpp.dir/rosidl_typesupport_fastrtps_cpp/artscript_interfaces/srv/detail/dds_fastrtps/servo_single__type_support.cpp.o\x1b[0m\n'}
[5.643076] (-) TimerEvent: {}
[5.743718] (-) TimerEvent: {}
[5.844774] (-) TimerEvent: {}
[5.945804] (-) TimerEvent: {}
[6.046947] (-) TimerEvent: {}
[6.148489] (-) TimerEvent: {}
[6.248953] (-) TimerEvent: {}
[6.349465] (-) TimerEvent: {}
[6.450146] (-) TimerEvent: {}
[6.562651] (-) TimerEvent: {}
[6.662997] (artscript_interfaces) StdoutLine: {'line': b'[ 63%] \x1b[32m\x1b[1mLinking CXX shared library libartscript_interfaces__rosidl_typesupport_cpp.so\x1b[0m\n'}
[6.663250] (-) TimerEvent: {}
[6.732734] (artscript_interfaces) StdoutLine: {'line': b'[ 63%] Built target artscript_interfaces__rosidl_typesupport_cpp\n'}
[6.763781] (-) TimerEvent: {}
[6.865372] (-) TimerEvent: {}
[6.931591] (artscript_interfaces) StdoutLine: {'line': b'[ 65%] \x1b[32m\x1b[1mLinking CXX shared library libartscript_interfaces__rosidl_typesupport_introspection_cpp.so\x1b[0m\n'}
[6.966124] (-) TimerEvent: {}
[7.067894] (-) TimerEvent: {}
[7.163932] (artscript_interfaces) StdoutLine: {'line': b'[ 65%] Built target artscript_interfaces__rosidl_typesupport_introspection_cpp\n'}
[7.169992] (-) TimerEvent: {}
[7.177566] (artscript_interfaces) StdoutLine: {'line': b'[ 67%] \x1b[32m\x1b[1mLinking CXX shared library libartscript_interfaces__rosidl_typesupport_fastrtps_cpp.so\x1b[0m\n'}
[7.270307] (-) TimerEvent: {}
[7.299937] (artscript_interfaces) StdoutLine: {'line': b'[ 67%] Built target artscript_interfaces__rosidl_typesupport_fastrtps_cpp\n'}
[7.311100] (artscript_interfaces) StdoutLine: {'line': b'[ 69%] \x1b[34m\x1b[1mGenerating C type support for eProsima Fast-RTPS\x1b[0m\n'}
[7.370592] (-) TimerEvent: {}
[7.471459] (-) TimerEvent: {}
[7.571797] (-) TimerEvent: {}
[7.672436] (-) TimerEvent: {}
[7.710304] (artscript_interfaces) StdoutLine: {'line': b'\x1b[35m\x1b[1mScanning dependencies of target artscript_interfaces__rosidl_typesupport_fastrtps_c\x1b[0m\n'}
[7.734176] (artscript_interfaces) StdoutLine: {'line': b'[ 70%] \x1b[32mBuilding CXX object CMakeFiles/artscript_interfaces__rosidl_typesupport_fastrtps_c.dir/rosidl_typesupport_fastrtps_c/artscript_interfaces/msg/detail/imu__type_support_c.cpp.o\x1b[0m\n'}
[7.742762] (artscript_interfaces) StdoutLine: {'line': b'[ 72%] \x1b[32mBuilding CXX object CMakeFiles/artscript_interfaces__rosidl_typesupport_fastrtps_c.dir/rosidl_typesupport_fastrtps_c/artscript_interfaces/srv/detail/servo_single__type_support_c.cpp.o\x1b[0m\n'}
[7.748198] (artscript_interfaces) StdoutLine: {'line': b'[ 76%] \x1b[32mBuilding CXX object CMakeFiles/artscript_interfaces__rosidl_typesupport_fastrtps_c.dir/rosidl_typesupport_fastrtps_c/artscript_interfaces/srv/detail/servo_group__type_support_c.cpp.o\x1b[0m\n'}
[7.750409] (artscript_interfaces) StdoutLine: {'line': b'[ 76%] \x1b[32mBuilding CXX object CMakeFiles/artscript_interfaces__rosidl_typesupport_fastrtps_c.dir/rosidl_typesupport_fastrtps_c/artscript_interfaces/msg/detail/infraredstrain__type_support_c.cpp.o\x1b[0m\n'}
[7.773093] (-) TimerEvent: {}
[7.873820] (-) TimerEvent: {}
[7.974575] (-) TimerEvent: {}
[8.075289] (-) TimerEvent: {}
[8.176010] (-) TimerEvent: {}
[8.276808] (-) TimerEvent: {}
[8.377422] (-) TimerEvent: {}
[8.478745] (-) TimerEvent: {}
[8.579637] (-) TimerEvent: {}
[8.655492] (artscript_interfaces) StdoutLine: {'line': b'[ 78%] \x1b[32m\x1b[1mLinking CXX shared library libartscript_interfaces__rosidl_typesupport_fastrtps_c.so\x1b[0m\n'}
[8.680734] (-) TimerEvent: {}
[8.759831] (artscript_interfaces) StdoutLine: {'line': b'[ 78%] Built target artscript_interfaces__rosidl_typesupport_fastrtps_c\n'}
[8.780878] (-) TimerEvent: {}
[8.785531] (artscript_interfaces) StdoutLine: {'line': b'\x1b[35m\x1b[1mScanning dependencies of target artscript_interfaces\x1b[0m\n'}
[8.807887] (artscript_interfaces) StdoutLine: {'line': b'[ 78%] Built target artscript_interfaces\n'}
[8.818572] (artscript_interfaces) StdoutLine: {'line': b'\x1b[35m\x1b[1mScanning dependencies of target artscript_interfaces__py\x1b[0m\n'}
[8.829486] (artscript_interfaces) StdoutLine: {'line': b'[ 80%] \x1b[34m\x1b[1mGenerating Python code for ROS interfaces\x1b[0m\n'}
[8.881833] (-) TimerEvent: {}
[8.983564] (-) TimerEvent: {}
[9.085778] (-) TimerEvent: {}
[9.187039] (-) TimerEvent: {}
[9.287790] (-) TimerEvent: {}
[9.389044] (-) TimerEvent: {}
[9.490326] (-) TimerEvent: {}
[9.591025] (-) TimerEvent: {}
[9.604961] (artscript_interfaces) StdoutLine: {'line': b'[ 80%] Built target artscript_interfaces__py\n'}
[9.615495] (artscript_interfaces) StdoutLine: {'line': b'\x1b[35m\x1b[1mScanning dependencies of target artscript_interfaces__python\x1b[0m\n'}
[9.644159] (artscript_interfaces) StdoutLine: {'line': b'[ 81%] \x1b[32mBuilding C object CMakeFiles/artscript_interfaces__python.dir/rosidl_generator_py/artscript_interfaces/msg/_imu_s.c.o\x1b[0m\n'}
[9.653245] (artscript_interfaces) StdoutLine: {'line': b'[ 85%] \x1b[32mBuilding C object CMakeFiles/artscript_interfaces__python.dir/rosidl_generator_py/artscript_interfaces/srv/_servo_group_s.c.o\x1b[0m\n'}
[9.653926] (artscript_interfaces) StdoutLine: {'line': b'[ 85%] \x1b[32mBuilding C object CMakeFiles/artscript_interfaces__python.dir/rosidl_generator_py/artscript_interfaces/msg/_infraredstrain_s.c.o\x1b[0m\n'}
[9.658722] (artscript_interfaces) StdoutLine: {'line': b'[ 87%] \x1b[32mBuilding C object CMakeFiles/artscript_interfaces__python.dir/rosidl_generator_py/artscript_interfaces/srv/_servo_single_s.c.o\x1b[0m\n'}
[9.691784] (-) TimerEvent: {}
[9.792201] (-) TimerEvent: {}
[9.835970] (artscript_interfaces) StdoutLine: {'line': b'[ 89%] \x1b[32m\x1b[1mLinking C shared library rosidl_generator_py/artscript_interfaces/libartscript_interfaces__python.so\x1b[0m\n'}
[9.893118] (-) TimerEvent: {}
[9.896608] (artscript_interfaces) StdoutLine: {'line': b'[ 89%] Built target artscript_interfaces__python\n'}
[9.911621] (artscript_interfaces) StdoutLine: {'line': b'\x1b[35m\x1b[1mScanning dependencies of target artscript_interfaces__rosidl_typesupport_introspection_c__pyext\x1b[0m\n'}
[9.929129] (artscript_interfaces) StdoutLine: {'line': b'\x1b[35m\x1b[1mScanning dependencies of target artscript_interfaces__rosidl_typesupport_fastrtps_c__pyext\x1b[0m\n'}
[9.933047] (artscript_interfaces) StdoutLine: {'line': b'\x1b[35m\x1b[1mScanning dependencies of target artscript_interfaces__rosidl_typesupport_c__pyext\x1b[0m\n'}
[9.966217] (artscript_interfaces) StdoutLine: {'line': b'[ 90%] \x1b[32mBuilding C object CMakeFiles/artscript_interfaces__rosidl_typesupport_introspection_c__pyext.dir/rosidl_generator_py/artscript_interfaces/_artscript_interfaces_s.ep.rosidl_typesupport_introspection_c.c.o\x1b[0m\n'}
[9.968292] (artscript_interfaces) StdoutLine: {'line': b'[ 92%] \x1b[32mBuilding C object CMakeFiles/artscript_interfaces__rosidl_typesupport_c__pyext.dir/rosidl_generator_py/artscript_interfaces/_artscript_interfaces_s.ep.rosidl_typesupport_c.c.o\x1b[0m\n'}
[9.991699] (artscript_interfaces) StdoutLine: {'line': b'[ 94%] \x1b[32mBuilding C object CMakeFiles/artscript_interfaces__rosidl_typesupport_fastrtps_c__pyext.dir/rosidl_generator_py/artscript_interfaces/_artscript_interfaces_s.ep.rosidl_typesupport_fastrtps_c.c.o\x1b[0m\n'}
[9.993216] (-) TimerEvent: {}
[10.093648] (-) TimerEvent: {}
[10.162234] (artscript_interfaces) StdoutLine: {'line': b'[ 96%] \x1b[32m\x1b[1mLinking CXX shared library rosidl_generator_py/artscript_interfaces/artscript_interfaces_s__rosidl_typesupport_fastrtps_c.cpython-38-x86_64-linux-gnu.so\x1b[0m\n'}
[10.172966] (artscript_interfaces) StdoutLine: {'line': b'[ 98%] \x1b[32m\x1b[1mLinking C shared library rosidl_generator_py/artscript_interfaces/artscript_interfaces_s__rosidl_typesupport_introspection_c.cpython-38-x86_64-linux-gnu.so\x1b[0m\n'}
[10.179716] (artscript_interfaces) StdoutLine: {'line': b'[100%] \x1b[32m\x1b[1mLinking C shared library rosidl_generator_py/artscript_interfaces/artscript_interfaces_s__rosidl_typesupport_c.cpython-38-x86_64-linux-gnu.so\x1b[0m\n'}
[10.194418] (-) TimerEvent: {}
[10.262805] (artscript_interfaces) StdoutLine: {'line': b'[100%] Built target artscript_interfaces__rosidl_typesupport_introspection_c__pyext\n'}
[10.274045] (artscript_interfaces) StdoutLine: {'line': b'[100%] Built target artscript_interfaces__rosidl_typesupport_c__pyext\n'}
[10.286907] (artscript_interfaces) StdoutLine: {'line': b'[100%] Built target artscript_interfaces__rosidl_typesupport_fastrtps_c__pyext\n'}
[10.294576] (-) TimerEvent: {}
[10.325324] (artscript_interfaces) CommandEnded: {'returncode': 0}
[10.394857] (-) TimerEvent: {}
[10.495418] (-) TimerEvent: {}
[10.542592] (artscript_interfaces) JobProgress: {'identifier': 'artscript_interfaces', 'progress': 'install'}
[10.569373] (artscript_interfaces) Command: {'cmd': ['/usr/bin/cmake', '--install', '/home/artscript/Desktop/WorkSpace/MagnentoROBO/magnentorobo_ros2/build/artscript_interfaces'], 'cwd': '/home/artscript/Desktop/WorkSpace/MagnentoROBO/magnentorobo_ros2/build/artscript_interfaces', 'env': OrderedDict([('GJS_DEBUG_TOPICS', 'JS ERROR;JS LOG'), ('ZPLUG_ERROR_LOG', '/home/artscript/.zplug/.error_log'), ('USER', 'artscript'), ('ZPLUG_LOG_LOAD_FAILURE', 'false'), ('ZPLUG_THREADS', '16'), ('SSH_AGENT_PID', '1952'), ('XDG_SESSION_TYPE', 'x11'), ('GIT_ASKPASS', '/usr/share/code/resources/app/extensions/git/dist/askpass.sh'), ('SHLVL', '1'), ('LD_LIBRARY_PATH', '/home/artscript/Desktop/WorkSpace/MagnentoROBO/magnentorobo_ros2/install/artscript_interfaces/lib:/opt/ros/foxy/opt/yaml_cpp_vendor/lib:/opt/ros/foxy/opt/rviz_ogre_vendor/lib:/opt/ros/foxy/lib/x86_64-linux-gnu:/opt/ros/foxy/lib'), ('HOME', '/home/artscript'), ('CHROME_DESKTOP', 'code-url-handler.desktop'), ('OLDPWD', '/home/artscript/Desktop/WorkSpace/MagnentoROBO'), ('CYCLONEDDS_URI', 'file:///home/artscript/cyclonedds.xml'), ('DESKTOP_SESSION', 'ubuntu'), ('TERM_PROGRAM_VERSION', '1.62.3'), ('GIO_LAUNCHED_DESKTOP_FILE', '/usr/share/applications/code.desktop'), ('ZSH', '/home/artscript/.oh-my-zsh'), ('GTK_MODULES', 'gail:atk-bridge'), ('GNOME_SHELL_SESSION_MODE', 'ubuntu'), ('FPATH', '/home/artscript/.zplug/misc/completions:/home/artscript/.zplug/base/sources:/home/artscript/.zplug/autoload:/home/artscript/.zplug/base/utils:/home/artscript/.zplug/base/job:/home/artscript/.zplug/base/log:/home/artscript/.zplug/base/io:/home/artscript/.zplug/base/core:/home/artscript/.zplug/base/base:/home/artscript/.zplug/autoload/commands:/home/artscript/.zplug/autoload/options:/home/artscript/.zplug/autoload/tags:/usr/local/share/zsh/site-functions:/usr/share/zsh/vendor-functions:/usr/share/zsh/vendor-completions:/usr/share/zsh/functions/Calendar:/usr/share/zsh/functions/Chpwd:/usr/share/zsh/functions/Completion:/usr/share/zsh/functions/Completion/AIX:/usr/share/zsh/functions/Completion/BSD:/usr/share/zsh/functions/Completion/Base:/usr/share/zsh/functions/Completion/Cygwin:/usr/share/zsh/functions/Completion/Darwin:/usr/share/zsh/functions/Completion/Debian:/usr/share/zsh/functions/Completion/Linux:/usr/share/zsh/functions/Completion/Mandriva:/usr/share/zsh/functions/Completion/Redhat:/usr/share/zsh/functions/Completion/Solaris:/usr/share/zsh/functions/Completion/Unix:/usr/share/zsh/functions/Completion/X:/usr/share/zsh/functions/Completion/Zsh:/usr/share/zsh/functions/Completion/openSUSE:/usr/share/zsh/functions/Exceptions:/usr/share/zsh/functions/MIME:/usr/share/zsh/functions/Math:/usr/share/zsh/functions/Misc:/usr/share/zsh/functions/Newuser:/usr/share/zsh/functions/Prompts:/usr/share/zsh/functions/TCP:/usr/share/zsh/functions/VCS_Info:/usr/share/zsh/functions/VCS_Info/Backends:/usr/share/zsh/functions/Zftp:/usr/share/zsh/functions/Zle:/home/artscript/.zplug/repos/zsh-users/zsh-completions/src'), ('ZPLUG_BIN', '/home/artscript/.zplug/bin'), ('ROS_PYTHON_VERSION', '3'), ('VSCODE_GIT_ASKPASS_MAIN', '/usr/share/code/resources/app/extensions/git/dist/askpass-main.js'), ('MANAGERPID', '1775'), ('_ZPLUG_VERSION', '2.4.2'), ('VSCODE_GIT_ASKPASS_NODE', '/usr/share/code/code'), ('DBUS_SESSION_BUS_ADDRESS', 'unix:path=/run/user/1000/bus'), ('ZPLUG_HOME', '/home/artscript/.zplug'), ('P9K_TTY', 'old'), ('GIO_LAUNCHED_DESKTOP_FILE_PID', '8093'), ('ZPLUG_FILTER', 'fzf-tmux:fzf:peco:percol:fzy:zaw'), ('COLORTERM', 'truecolor'), ('NVM_DIR', '/home/artscript/.nvm'), ('IM_CONFIG_PHASE', '1'), ('MANDATORY_PATH', '/usr/share/gconf/ubuntu.mandatory.path'), ('ROS_DISTRO', 'foxy'), ('COLCON_PREFIX_PATH', '/home/artscript/Desktop/WorkSpace/MagnentoROBO/magnentorobo_ros2/install'), ('LOGNAME', 'artscript'), ('PERIOD', '30'), ('_ZPLUG_URL', 'https://github.com/zplug/zplug'), ('_', '/usr/bin/colcon'), ('JOURNAL_STREAM', '8:59646'), ('DEFAULTS_PATH', '/usr/share/gconf/ubuntu.default.path'), ('XDG_SESSION_CLASS', 'user'), ('ZPLUG_LOADFILE', '/home/artscript/.zplug/packages.zsh'), ('ROS_VERSION', '2'), ('USERNAME', 'artscript'), ('_ZPLUG_CONFIG_SUBSHELL', ':'), ('TERM', 'xterm-256color'), ('GNOME_DESKTOP_SESSION_ID', 'this-is-deprecated'), ('ZPLUG_LOG_LOAD_SUCCESS', 'false'), ('ROS_LOCALHOST_ONLY', '0'), ('WINDOWPATH', '2'), ('PATH', '/home/artscript/.zplug/bin:/home/artscript/bin:/usr/local/bin:/opt/ros/foxy/bin:/home/artscript/.local/bin:/usr/local/sbin:/usr/sbin:/usr/bin:/sbin:/bin:/usr/games:/usr/local/games:/snap/bin'), ('SESSION_MANAGER', 'local/ubuntu:@/tmp/.ICE-unix/1987,unix/ubuntu:/tmp/.ICE-unix/1987'), ('INVOCATION_ID', 'c47273450aac49b391edf2646aeaf23a'), ('ZPLUG_CACHE_DIR', '/home/artscript/.zplug/cache'), ('XDG_RUNTIME_DIR', '/run/user/1000'), ('XDG_MENU_PREFIX', 'gnome-'), ('GDK_BACKEND', 'x11'), ('_ZPLUG_OHMYZSH', 'robbyrussell/oh-my-zsh'), ('_ZPLUG_PREZTO', 'sorin-ionescu/prezto'), ('DISPLAY', ':0'), ('LANG', 'en_US.UTF-8'), ('XDG_CURRENT_DESKTOP', 'Unity'), ('RMW_IMPLEMENTATION', 'rmw_cyclonedds_cpp'), ('XAUTHORITY', '/run/user/1000/gdm/Xauthority'), ('XDG_SESSION_DESKTOP', 'ubuntu'), ('XMODIFIERS', '@im=ibus'), ('TERM_PROGRAM', 'vscode'), ('VSCODE_GIT_IPC_HANDLE', '/run/user/1000/vscode-git-ec08b25829.sock'), ('SSH_AUTH_SOCK', '/run/user/1000/keyring/ssh'), ('ORIGINAL_XDG_CURRENT_DESKTOP', 'ubuntu:GNOME'), ('AMENT_PREFIX_PATH', '/home/artscript/Desktop/WorkSpace/MagnentoROBO/magnentorobo_ros2/install/mcu_usb_pkg:/home/artscript/Desktop/WorkSpace/MagnentoROBO/magnentorobo_ros2/install/artscript_interfaces:/opt/ros/foxy'), ('SHELL', '/usr/bin/zsh'), ('_ZPLUG_AWKPATH', '/home/artscript/.zplug/misc/contrib'), ('QT_ACCESSIBILITY', '1'), ('GDMSESSION', 'ubuntu'), ('ZPLUG_PROTOCOL', 'HTTPS'), ('ZPLUG_REPOS', '/home/artscript/.zplug/repos'), ('GPG_AGENT_INFO', '/run/user/1000/gnupg/S.gpg-agent:0:1'), ('GJS_DEBUG_OUTPUT', 'stderr'), ('P9K_SSH', '0'), ('QT_IM_MODULE', 'ibus'), ('VSCODE_GIT_ASKPASS_EXTRA_ARGS', '--ms-enable-electron-run-as-node'), ('PWD', '/home/artscript/Desktop/WorkSpace/MagnentoROBO/magnentorobo_ros2/build/artscript_interfaces'), ('XDG_DATA_DIRS', '/usr/share/ubuntu:/usr/local/share/:/usr/share/:/var/lib/snapd/desktop'), ('XDG_CONFIG_DIRS', '/etc/xdg/xdg-ubuntu:/etc/xdg'), ('_P9K_TTY', '/dev/pts/3'), ('ZPLUG_USE_CACHE', 'true'), ('PYTHONPATH', '/home/artscript/Desktop/WorkSpace/MagnentoROBO/magnentorobo_ros2/install/mcu_usb_pkg/lib/python3.8/site-packages:/home/artscript/Desktop/WorkSpace/MagnentoROBO/magnentorobo_ros2/install/artscript_interfaces/lib/python3.8/site-packages:/opt/ros/foxy/lib/python3.8/site-packages'), ('BREAKPAD_DUMP_LOCATION', '/home/artscript/.config/Code/exthost Crash Reports'), ('COLCON', '1'), ('ZPLUG_ROOT', '/home/artscript/.zplug'), ('CMAKE_PREFIX_PATH', '/home/artscript/Desktop/WorkSpace/MagnentoROBO/magnentorobo_ros2/install/artscript_interfaces:/home/artscript/Desktop/WorkSpace/MagnentoROBO/magnentorobo_ros2/install/mcu_usb_pkg:/opt/ros/foxy')]), 'shell': False}
[10.595887] (-) TimerEvent: {}
[10.602146] (artscript_interfaces) StdoutLine: {'line': b'-- Install configuration: ""\n'}
[10.602727] (artscript_interfaces) StdoutLine: {'line': b'-- Installing: /home/artscript/Desktop/WorkSpace/MagnentoROBO/magnentorobo_ros2/install/artscript_interfaces/share/ament_index/resource_index/rosidl_interfaces/artscript_interfaces\n'}
[10.603600] (artscript_interfaces) StdoutLine: {'line': b'-- Installing: /home/artscript/Desktop/WorkSpace/MagnentoROBO/magnentorobo_ros2/install/artscript_interfaces/include/artscript_interfaces\n'}
[10.603750] (artscript_interfaces) StdoutLine: {'line': b'-- Installing: /home/artscript/Desktop/WorkSpace/MagnentoROBO/magnentorobo_ros2/install/artscript_interfaces/include/artscript_interfaces/msg\n'}
[10.603881] (artscript_interfaces) StdoutLine: {'line': b'-- Installing: /home/artscript/Desktop/WorkSpace/MagnentoROBO/magnentorobo_ros2/install/artscript_interfaces/include/artscript_interfaces/msg/imu.h\n'}
[10.603993] (artscript_interfaces) StdoutLine: {'line': b'-- Installing: /home/artscript/Desktop/WorkSpace/MagnentoROBO/magnentorobo_ros2/install/artscript_interfaces/include/artscript_interfaces/msg/detail\n'}
[10.604100] (artscript_interfaces) StdoutLine: {'line': b'-- Installing: /home/artscript/Desktop/WorkSpace/MagnentoROBO/magnentorobo_ros2/install/artscript_interfaces/include/artscript_interfaces/msg/detail/infraredstrain__functions.c\n'}
[10.604803] (artscript_interfaces) StdoutLine: {'line': b'-- Installing: /home/artscript/Desktop/WorkSpace/MagnentoROBO/magnentorobo_ros2/install/artscript_interfaces/include/artscript_interfaces/msg/detail/infraredstrain__struct.h\n'}
[10.604897] (artscript_interfaces) StdoutLine: {'line': b'-- Installing: /home/artscript/Desktop/WorkSpace/MagnentoROBO/magnentorobo_ros2/install/artscript_interfaces/include/artscript_interfaces/msg/detail/infraredstrain__functions.h\n'}
[10.605001] (artscript_interfaces) StdoutLine: {'line': b'-- Installing: /home/artscript/Desktop/WorkSpace/MagnentoROBO/magnentorobo_ros2/install/artscript_interfaces/include/artscript_interfaces/msg/detail/imu__functions.h\n'}
[10.605899] (artscript_interfaces) StdoutLine: {'line': b'-- Installing: /home/artscript/Desktop/WorkSpace/MagnentoROBO/magnentorobo_ros2/install/artscript_interfaces/include/artscript_interfaces/msg/detail/imu__type_support.h\n'}
[10.606024] (artscript_interfaces) StdoutLine: {'line': b'-- Installing: /home/artscript/Desktop/WorkSpace/MagnentoROBO/magnentorobo_ros2/install/artscript_interfaces/include/artscript_interfaces/msg/detail/imu__functions.c\n'}
[10.606134] (artscript_interfaces) StdoutLine: {'line': b'-- Installing: /home/artscript/Desktop/WorkSpace/MagnentoROBO/magnentorobo_ros2/install/artscript_interfaces/include/artscript_interfaces/msg/detail/infraredstrain__type_support.h\n'}
[10.606258] (artscript_interfaces) StdoutLine: {'line': b'-- Installing: /home/artscript/Desktop/WorkSpace/MagnentoROBO/magnentorobo_ros2/install/artscript_interfaces/include/artscript_interfaces/msg/detail/imu__struct.h\n'}
[10.606378] (artscript_interfaces) StdoutLine: {'line': b'-- Installing: /home/artscript/Desktop/WorkSpace/MagnentoROBO/magnentorobo_ros2/install/artscript_interfaces/include/artscript_interfaces/msg/infraredstrain.h\n'}
[10.606470] (artscript_interfaces) StdoutLine: {'line': b'-- Installing: /home/artscript/Desktop/WorkSpace/MagnentoROBO/magnentorobo_ros2/install/artscript_interfaces/include/artscript_interfaces/msg/rosidl_generator_c__visibility_control.h\n'}
[10.606703] (artscript_interfaces) StdoutLine: {'line': b'-- Installing: /home/artscript/Desktop/WorkSpace/MagnentoROBO/magnentorobo_ros2/install/artscript_interfaces/include/artscript_interfaces/srv\n'}
[10.606997] (artscript_interfaces) StdoutLine: {'line': b'-- Installing: /home/artscript/Desktop/WorkSpace/MagnentoROBO/magnentorobo_ros2/install/artscript_interfaces/include/artscript_interfaces/srv/servo_group.h\n'}
[10.607378] (artscript_interfaces) StdoutLine: {'line': b'-- Installing: /home/artscript/Desktop/WorkSpace/MagnentoROBO/magnentorobo_ros2/install/artscript_interfaces/include/artscript_interfaces/srv/detail\n'}
[10.607685] (artscript_interfaces) StdoutLine: {'line': b'-- Installing: /home/artscript/Desktop/WorkSpace/MagnentoROBO/magnentorobo_ros2/install/artscript_interfaces/include/artscript_interfaces/srv/detail/servo_group__struct.h\n'}
[10.607971] (artscript_interfaces) StdoutLine: {'line': b'-- Installing: /home/artscript/Desktop/WorkSpace/MagnentoROBO/magnentorobo_ros2/install/artscript_interfaces/include/artscript_interfaces/srv/detail/servo_group__functions.c\n'}
[10.608370] (artscript_interfaces) StdoutLine: {'line': b'-- Installing: /home/artscript/Desktop/WorkSpace/MagnentoROBO/magnentorobo_ros2/install/artscript_interfaces/include/artscript_interfaces/srv/detail/servo_single__functions.h\n'}
[10.608703] (artscript_interfaces) StdoutLine: {'line': b'-- Installing: /home/artscript/Desktop/WorkSpace/MagnentoROBO/magnentorobo_ros2/install/artscript_interfaces/include/artscript_interfaces/srv/detail/servo_group__functions.h\n'}
[10.608998] (artscript_interfaces) StdoutLine: {'line': b'-- Installing: /home/artscript/Desktop/WorkSpace/MagnentoROBO/magnentorobo_ros2/install/artscript_interfaces/include/artscript_interfaces/srv/detail/servo_group__type_support.h\n'}
[10.609385] (artscript_interfaces) StdoutLine: {'line': b'-- Installing: /home/artscript/Desktop/WorkSpace/MagnentoROBO/magnentorobo_ros2/install/artscript_interfaces/include/artscript_interfaces/srv/detail/servo_single__functions.c\n'}
[10.609784] (artscript_interfaces) StdoutLine: {'line': b'-- Installing: /home/artscript/Desktop/WorkSpace/MagnentoROBO/magnentorobo_ros2/install/artscript_interfaces/include/artscript_interfaces/srv/detail/servo_single__struct.h\n'}
[10.610096] (artscript_interfaces) StdoutLine: {'line': b'-- Installing: /home/artscript/Desktop/WorkSpace/MagnentoROBO/magnentorobo_ros2/install/artscript_interfaces/include/artscript_interfaces/srv/detail/servo_single__type_support.h\n'}
[10.610421] (artscript_interfaces) StdoutLine: {'line': b'-- Installing: /home/artscript/Desktop/WorkSpace/MagnentoROBO/magnentorobo_ros2/install/artscript_interfaces/include/artscript_interfaces/srv/servo_single.h\n'}
[10.611031] (artscript_interfaces) StdoutLine: {'line': b'-- Installing: /home/artscript/Desktop/WorkSpace/MagnentoROBO/magnentorobo_ros2/install/artscript_interfaces/share/artscript_interfaces/environment/library_path.sh\n'}
[10.611453] (artscript_interfaces) StdoutLine: {'line': b'-- Installing: /home/artscript/Desktop/WorkSpace/MagnentoROBO/magnentorobo_ros2/install/artscript_interfaces/share/artscript_interfaces/environment/library_path.dsv\n'}
[10.613788] (artscript_interfaces) StdoutLine: {'line': b'-- Installing: /home/artscript/Desktop/WorkSpace/MagnentoROBO/magnentorobo_ros2/install/artscript_interfaces/lib/libartscript_interfaces__rosidl_generator_c.so\n'}
[10.614757] (artscript_interfaces) StdoutLine: {'line': b'-- Set runtime path of "/home/artscript/Desktop/WorkSpace/MagnentoROBO/magnentorobo_ros2/install/artscript_interfaces/lib/libartscript_interfaces__rosidl_generator_c.so" to ""\n'}
[10.615252] (artscript_interfaces) StdoutLine: {'line': b'-- Up-to-date: /home/artscript/Desktop/WorkSpace/MagnentoROBO/magnentorobo_ros2/install/artscript_interfaces/include/artscript_interfaces\n'}
[10.615530] (artscript_interfaces) StdoutLine: {'line': b'-- Up-to-date: /home/artscript/Desktop/WorkSpace/MagnentoROBO/magnentorobo_ros2/install/artscript_interfaces/include/artscript_interfaces/msg\n'}
[10.615834] (artscript_interfaces) StdoutLine: {'line': b'-- Installing: /home/artscript/Desktop/WorkSpace/MagnentoROBO/magnentorobo_ros2/install/artscript_interfaces/include/artscript_interfaces/msg/rosidl_typesupport_fastrtps_c__visibility_control.h\n'}
[10.616262] (artscript_interfaces) StdoutLine: {'line': b'-- Up-to-date: /home/artscript/Desktop/WorkSpace/MagnentoROBO/magnentorobo_ros2/install/artscript_interfaces/include/artscript_interfaces/msg/detail\n'}
[10.616578] (artscript_interfaces) StdoutLine: {'line': b'-- Installing: /home/artscript/Desktop/WorkSpace/MagnentoROBO/magnentorobo_ros2/install/artscript_interfaces/include/artscript_interfaces/msg/detail/imu__rosidl_typesupport_fastrtps_c.h\n'}
[10.618938] (artscript_interfaces) StdoutLine: {'line': b'-- Installing: /home/artscript/Desktop/WorkSpace/MagnentoROBO/magnentorobo_ros2/install/artscript_interfaces/include/artscript_interfaces/msg/detail/infraredstrain__rosidl_typesupport_fastrtps_c.h\n'}
[10.619353] (artscript_interfaces) StdoutLine: {'line': b'-- Up-to-date: /home/artscript/Desktop/WorkSpace/MagnentoROBO/magnentorobo_ros2/install/artscript_interfaces/include/artscript_interfaces/srv\n'}
[10.619636] (artscript_interfaces) StdoutLine: {'line': b'-- Up-to-date: /home/artscript/Desktop/WorkSpace/MagnentoROBO/magnentorobo_ros2/install/artscript_interfaces/include/artscript_interfaces/srv/detail\n'}
[10.619901] (artscript_interfaces) StdoutLine: {'line': b'-- Installing: /home/artscript/Desktop/WorkSpace/MagnentoROBO/magnentorobo_ros2/install/artscript_interfaces/include/artscript_interfaces/srv/detail/servo_group__rosidl_typesupport_fastrtps_c.h\n'}
[10.620329] (artscript_interfaces) StdoutLine: {'line': b'-- Installing: /home/artscript/Desktop/WorkSpace/MagnentoROBO/magnentorobo_ros2/install/artscript_interfaces/include/artscript_interfaces/srv/detail/servo_single__rosidl_typesupport_fastrtps_c.h\n'}
[10.622269] (artscript_interfaces) StdoutLine: {'line': b'-- Installing: /home/artscript/Desktop/WorkSpace/MagnentoROBO/magnentorobo_ros2/install/artscript_interfaces/lib/libartscript_interfaces__rosidl_typesupport_fastrtps_c.so\n'}
[10.624199] (artscript_interfaces) StdoutLine: {'line': b'-- Set runtime path of "/home/artscript/Desktop/WorkSpace/MagnentoROBO/magnentorobo_ros2/install/artscript_interfaces/lib/libartscript_interfaces__rosidl_typesupport_fastrtps_c.so" to ""\n'}
[10.624596] (artscript_interfaces) StdoutLine: {'line': b'-- Up-to-date: /home/artscript/Desktop/WorkSpace/MagnentoROBO/magnentorobo_ros2/install/artscript_interfaces/include/artscript_interfaces\n'}
[10.624849] (artscript_interfaces) StdoutLine: {'line': b'-- Up-to-date: /home/artscript/Desktop/WorkSpace/MagnentoROBO/magnentorobo_ros2/install/artscript_interfaces/include/artscript_interfaces/msg\n'}
[10.625096] (artscript_interfaces) StdoutLine: {'line': b'-- Installing: /home/artscript/Desktop/WorkSpace/MagnentoROBO/magnentorobo_ros2/install/artscript_interfaces/include/artscript_interfaces/msg/rosidl_typesupport_fastrtps_cpp__visibility_control.h\n'}
[10.629456] (artscript_interfaces) StdoutLine: {'line': b'-- Up-to-date: /home/artscript/Desktop/WorkSpace/MagnentoROBO/magnentorobo_ros2/install/artscript_interfaces/include/artscript_interfaces/msg/detail\n'}
[10.630033] (artscript_interfaces) StdoutLine: {'line': b'-- Installing: /home/artscript/Desktop/WorkSpace/MagnentoROBO/magnentorobo_ros2/install/artscript_interfaces/include/artscript_interfaces/msg/detail/infraredstrain__rosidl_typesupport_fastrtps_cpp.hpp\n'}
[10.630226] (artscript_interfaces) StdoutLine: {'line': b'-- Installing: /home/artscript/Desktop/WorkSpace/MagnentoROBO/magnentorobo_ros2/install/artscript_interfaces/include/artscript_interfaces/msg/detail/dds_fastrtps\n'}
[10.630567] (artscript_interfaces) StdoutLine: {'line': b'-- Installing: /home/artscript/Desktop/WorkSpace/MagnentoROBO/magnentorobo_ros2/install/artscript_interfaces/include/artscript_interfaces/msg/detail/imu__rosidl_typesupport_fastrtps_cpp.hpp\n'}
[10.631029] (artscript_interfaces) StdoutLine: {'line': b'-- Up-to-date: /home/artscript/Desktop/WorkSpace/MagnentoROBO/magnentorobo_ros2/install/artscript_interfaces/include/artscript_interfaces/srv\n'}
[10.631350] (artscript_interfaces) StdoutLine: {'line': b'-- Up-to-date: /home/artscript/Desktop/WorkSpace/MagnentoROBO/magnentorobo_ros2/install/artscript_interfaces/include/artscript_interfaces/srv/detail\n'}
[10.631636] (artscript_interfaces) StdoutLine: {'line': b'-- Installing: /home/artscript/Desktop/WorkSpace/MagnentoROBO/magnentorobo_ros2/install/artscript_interfaces/include/artscript_interfaces/srv/detail/servo_group__rosidl_typesupport_fastrtps_cpp.hpp\n'}
[10.632060] (artscript_interfaces) StdoutLine: {'line': b'-- Installing: /home/artscript/Desktop/WorkSpace/MagnentoROBO/magnentorobo_ros2/install/artscript_interfaces/include/artscript_interfaces/srv/detail/dds_fastrtps\n'}
[10.632434] (artscript_interfaces) StdoutLine: {'line': b'-- Installing: /home/artscript/Desktop/WorkSpace/MagnentoROBO/magnentorobo_ros2/install/artscript_interfaces/include/artscript_interfaces/srv/detail/servo_single__rosidl_typesupport_fastrtps_cpp.hpp\n'}
[10.632963] (artscript_interfaces) StdoutLine: {'line': b'-- Installing: /home/artscript/Desktop/WorkSpace/MagnentoROBO/magnentorobo_ros2/install/artscript_interfaces/lib/libartscript_interfaces__rosidl_typesupport_fastrtps_cpp.so\n'}
[10.633907] (artscript_interfaces) StdoutLine: {'line': b'-- Set runtime path of "/home/artscript/Desktop/WorkSpace/MagnentoROBO/magnentorobo_ros2/install/artscript_interfaces/lib/libartscript_interfaces__rosidl_typesupport_fastrtps_cpp.so" to ""\n'}
[10.634308] (artscript_interfaces) StdoutLine: {'line': b'-- Up-to-date: /home/artscript/Desktop/WorkSpace/MagnentoROBO/magnentorobo_ros2/install/artscript_interfaces/include/artscript_interfaces\n'}
[10.634644] (artscript_interfaces) StdoutLine: {'line': b'-- Up-to-date: /home/artscript/Desktop/WorkSpace/MagnentoROBO/magnentorobo_ros2/install/artscript_interfaces/include/artscript_interfaces/msg\n'}
[10.635019] (artscript_interfaces) StdoutLine: {'line': b'-- Installing: /home/artscript/Desktop/WorkSpace/MagnentoROBO/magnentorobo_ros2/install/artscript_interfaces/include/artscript_interfaces/msg/rosidl_typesupport_introspection_c__visibility_control.h\n'}
[10.635546] (artscript_interfaces) StdoutLine: {'line': b'-- Up-to-date: /home/artscript/Desktop/WorkSpace/MagnentoROBO/magnentorobo_ros2/install/artscript_interfaces/include/artscript_interfaces/msg/detail\n'}
[10.635853] (artscript_interfaces) StdoutLine: {'line': b'-- Installing: /home/artscript/Desktop/WorkSpace/MagnentoROBO/magnentorobo_ros2/install/artscript_interfaces/include/artscript_interfaces/msg/detail/imu__type_support.c\n'}
[10.636325] (artscript_interfaces) StdoutLine: {'line': b'-- Installing: /home/artscript/Desktop/WorkSpace/MagnentoROBO/magnentorobo_ros2/install/artscript_interfaces/include/artscript_interfaces/msg/detail/imu__rosidl_typesupport_introspection_c.h\n'}
[10.636757] (artscript_interfaces) StdoutLine: {'line': b'-- Installing: /home/artscript/Desktop/WorkSpace/MagnentoROBO/magnentorobo_ros2/install/artscript_interfaces/include/artscript_interfaces/msg/detail/infraredstrain__rosidl_typesupport_introspection_c.h\n'}
[10.637358] (artscript_interfaces) StdoutLine: {'line': b'-- Installing: /home/artscript/Desktop/WorkSpace/MagnentoROBO/magnentorobo_ros2/install/artscript_interfaces/include/artscript_interfaces/msg/detail/infraredstrain__type_support.c\n'}
[10.637847] (artscript_interfaces) StdoutLine: {'line': b'-- Up-to-date: /home/artscript/Desktop/WorkSpace/MagnentoROBO/magnentorobo_ros2/install/artscript_interfaces/include/artscript_interfaces/srv\n'}
[10.638178] (artscript_interfaces) StdoutLine: {'line': b'-- Up-to-date: /home/artscript/Desktop/WorkSpace/MagnentoROBO/magnentorobo_ros2/install/artscript_interfaces/include/artscript_interfaces/srv/detail\n'}
[10.638509] (artscript_interfaces) StdoutLine: {'line': b'-- Installing: /home/artscript/Desktop/WorkSpace/MagnentoROBO/magnentorobo_ros2/install/artscript_interfaces/include/artscript_interfaces/srv/detail/servo_single__rosidl_typesupport_introspection_c.h\n'}
[10.639078] (artscript_interfaces) StdoutLine: {'line': b'-- Installing: /home/artscript/Desktop/WorkSpace/MagnentoROBO/magnentorobo_ros2/install/artscript_interfaces/include/artscript_interfaces/srv/detail/servo_group__type_support.c\n'}
[10.639624] (artscript_interfaces) StdoutLine: {'line': b'-- Installing: /home/artscript/Desktop/WorkSpace/MagnentoROBO/magnentorobo_ros2/install/artscript_interfaces/include/artscript_interfaces/srv/detail/servo_single__type_support.c\n'}
[10.640133] (artscript_interfaces) StdoutLine: {'line': b'-- Installing: /home/artscript/Desktop/WorkSpace/MagnentoROBO/magnentorobo_ros2/install/artscript_interfaces/include/artscript_interfaces/srv/detail/servo_group__rosidl_typesupport_introspection_c.h\n'}
[10.640840] (artscript_interfaces) StdoutLine: {'line': b'-- Installing: /home/artscript/Desktop/WorkSpace/MagnentoROBO/magnentorobo_ros2/install/artscript_interfaces/lib/libartscript_interfaces__rosidl_typesupport_introspection_c.so\n'}
[10.641870] (artscript_interfaces) StdoutLine: {'line': b'-- Set runtime path of "/home/artscript/Desktop/WorkSpace/MagnentoROBO/magnentorobo_ros2/install/artscript_interfaces/lib/libartscript_interfaces__rosidl_typesupport_introspection_c.so" to ""\n'}
[10.642391] (artscript_interfaces) StdoutLine: {'line': b'-- Installing: /home/artscript/Desktop/WorkSpace/MagnentoROBO/magnentorobo_ros2/install/artscript_interfaces/lib/libartscript_interfaces__rosidl_typesupport_c.so\n'}
[10.643229] (artscript_interfaces) StdoutLine: {'line': b'-- Set runtime path of "/home/artscript/Desktop/WorkSpace/MagnentoROBO/magnentorobo_ros2/install/artscript_interfaces/lib/libartscript_interfaces__rosidl_typesupport_c.so" to ""\n'}
[10.643546] (artscript_interfaces) StdoutLine: {'line': b'-- Up-to-date: /home/artscript/Desktop/WorkSpace/MagnentoROBO/magnentorobo_ros2/install/artscript_interfaces/include/artscript_interfaces\n'}
[10.643834] (artscript_interfaces) StdoutLine: {'line': b'-- Up-to-date: /home/artscript/Desktop/WorkSpace/MagnentoROBO/magnentorobo_ros2/install/artscript_interfaces/include/artscript_interfaces/msg\n'}
[10.644134] (artscript_interfaces) StdoutLine: {'line': b'-- Installing: /home/artscript/Desktop/WorkSpace/MagnentoROBO/magnentorobo_ros2/install/artscript_interfaces/include/artscript_interfaces/msg/infraredstrain.hpp\n'}
[10.644637] (artscript_interfaces) StdoutLine: {'line': b'-- Up-to-date: /home/artscript/Desktop/WorkSpace/MagnentoROBO/magnentorobo_ros2/install/artscript_interfaces/include/artscript_interfaces/msg/detail\n'}
[10.644961] (artscript_interfaces) StdoutLine: {'line': b'-- Installing: /home/artscript/Desktop/WorkSpace/MagnentoROBO/magnentorobo_ros2/install/artscript_interfaces/include/artscript_interfaces/msg/detail/infraredstrain__traits.hpp\n'}
[10.645442] (artscript_interfaces) StdoutLine: {'line': b'-- Installing: /home/artscript/Desktop/WorkSpace/MagnentoROBO/magnentorobo_ros2/install/artscript_interfaces/include/artscript_interfaces/msg/detail/imu__struct.hpp\n'}
[10.645906] (artscript_interfaces) StdoutLine: {'line': b'-- Installing: /home/artscript/Desktop/WorkSpace/MagnentoROBO/magnentorobo_ros2/install/artscript_interfaces/include/artscript_interfaces/msg/detail/imu__builder.hpp\n'}
[10.646335] (artscript_interfaces) StdoutLine: {'line': b'-- Installing: /home/artscript/Desktop/WorkSpace/MagnentoROBO/magnentorobo_ros2/install/artscript_interfaces/include/artscript_interfaces/msg/detail/infraredstrain__builder.hpp\n'}
[10.646890] (artscript_interfaces) StdoutLine: {'line': b'-- Installing: /home/artscript/Desktop/WorkSpace/MagnentoROBO/magnentorobo_ros2/install/artscript_interfaces/include/artscript_interfaces/msg/detail/imu__traits.hpp\n'}
[10.647097] (artscript_interfaces) StdoutLine: {'line': b'-- Installing: /home/artscript/Desktop/WorkSpace/MagnentoROBO/magnentorobo_ros2/install/artscript_interfaces/include/artscript_interfaces/msg/detail/infraredstrain__struct.hpp\n'}
[10.647671] (artscript_interfaces) StdoutLine: {'line': b'-- Installing: /home/artscript/Desktop/WorkSpace/MagnentoROBO/magnentorobo_ros2/install/artscript_interfaces/include/artscript_interfaces/msg/imu.hpp\n'}
[10.648202] (artscript_interfaces) StdoutLine: {'line': b'-- Up-to-date: /home/artscript/Desktop/WorkSpace/MagnentoROBO/magnentorobo_ros2/install/artscript_interfaces/include/artscript_interfaces/srv\n'}
[10.648527] (artscript_interfaces) StdoutLine: {'line': b'-- Installing: /home/artscript/Desktop/WorkSpace/MagnentoROBO/magnentorobo_ros2/install/artscript_interfaces/include/artscript_interfaces/srv/servo_group.hpp\n'}
[10.649027] (artscript_interfaces) StdoutLine: {'line': b'-- Up-to-date: /home/artscript/Desktop/WorkSpace/MagnentoROBO/magnentorobo_ros2/install/artscript_interfaces/include/artscript_interfaces/srv/detail\n'}
[10.649403] (artscript_interfaces) StdoutLine: {'line': b'-- Installing: /home/artscript/Desktop/WorkSpace/MagnentoROBO/magnentorobo_ros2/install/artscript_interfaces/include/artscript_interfaces/srv/detail/servo_group__traits.hpp\n'}
[10.649888] (artscript_interfaces) StdoutLine: {'line': b'-- Installing: /home/artscript/Desktop/WorkSpace/MagnentoROBO/magnentorobo_ros2/install/artscript_interfaces/include/artscript_interfaces/srv/detail/servo_group__builder.hpp\n'}
[10.650465] (artscript_interfaces) StdoutLine: {'line': b'-- Installing: /home/artscript/Desktop/WorkSpace/MagnentoROBO/magnentorobo_ros2/install/artscript_interfaces/include/artscript_interfaces/srv/detail/servo_group__struct.hpp\n'}
[10.650984] (artscript_interfaces) StdoutLine: {'line': b'-- Installing: /home/artscript/Desktop/WorkSpace/MagnentoROBO/magnentorobo_ros2/install/artscript_interfaces/include/artscript_interfaces/srv/detail/servo_single__struct.hpp\n'}
[10.651519] (artscript_interfaces) StdoutLine: {'line': b'-- Installing: /home/artscript/Desktop/WorkSpace/MagnentoROBO/magnentorobo_ros2/install/artscript_interfaces/include/artscript_interfaces/srv/detail/servo_single__builder.hpp\n'}
[10.651959] (artscript_interfaces) StdoutLine: {'line': b'-- Installing: /home/artscript/Desktop/WorkSpace/MagnentoROBO/magnentorobo_ros2/install/artscript_interfaces/include/artscript_interfaces/srv/detail/servo_single__traits.hpp\n'}
[10.652344] (artscript_interfaces) StdoutLine: {'line': b'-- Installing: /home/artscript/Desktop/WorkSpace/MagnentoROBO/magnentorobo_ros2/install/artscript_interfaces/include/artscript_interfaces/srv/servo_single.hpp\n'}
[10.652842] (artscript_interfaces) StdoutLine: {'line': b'-- Up-to-date: /home/artscript/Desktop/WorkSpace/MagnentoROBO/magnentorobo_ros2/install/artscript_interfaces/include/artscript_interfaces\n'}
[10.653128] (artscript_interfaces) StdoutLine: {'line': b'-- Up-to-date: /home/artscript/Desktop/WorkSpace/MagnentoROBO/magnentorobo_ros2/install/artscript_interfaces/include/artscript_interfaces/msg\n'}
[10.653366] (artscript_interfaces) StdoutLine: {'line': b'-- Up-to-date: /home/artscript/Desktop/WorkSpace/MagnentoROBO/magnentorobo_ros2/install/artscript_interfaces/include/artscript_interfaces/msg/detail\n'}
[10.653618] (artscript_interfaces) StdoutLine: {'line': b'-- Installing: /home/artscript/Desktop/WorkSpace/MagnentoROBO/magnentorobo_ros2/install/artscript_interfaces/include/artscript_interfaces/msg/detail/infraredstrain__type_support.cpp\n'}
[10.653962] (artscript_interfaces) StdoutLine: {'line': b'-- Installing: /home/artscript/Desktop/WorkSpace/MagnentoROBO/magnentorobo_ros2/install/artscript_interfaces/include/artscript_interfaces/msg/detail/imu__type_support.cpp\n'}
[10.654488] (artscript_interfaces) StdoutLine: {'line': b'-- Installing: /home/artscript/Desktop/WorkSpace/MagnentoROBO/magnentorobo_ros2/install/artscript_interfaces/include/artscript_interfaces/msg/detail/infraredstrain__rosidl_typesupport_introspection_cpp.hpp\n'}
[10.654782] (artscript_interfaces) StdoutLine: {'line': b'-- Installing: /home/artscript/Desktop/WorkSpace/MagnentoROBO/magnentorobo_ros2/install/artscript_interfaces/include/artscript_interfaces/msg/detail/imu__rosidl_typesupport_introspection_cpp.hpp\n'}
[10.655491] (artscript_interfaces) StdoutLine: {'line': b'-- Up-to-date: /home/artscript/Desktop/WorkSpace/MagnentoROBO/magnentorobo_ros2/install/artscript_interfaces/include/artscript_interfaces/srv\n'}
[10.656050] (artscript_interfaces) StdoutLine: {'line': b'-- Up-to-date: /home/artscript/Desktop/WorkSpace/MagnentoROBO/magnentorobo_ros2/install/artscript_interfaces/include/artscript_interfaces/srv/detail\n'}
[10.656440] (artscript_interfaces) StdoutLine: {'line': b'-- Installing: /home/artscript/Desktop/WorkSpace/MagnentoROBO/magnentorobo_ros2/install/artscript_interfaces/include/artscript_interfaces/srv/detail/servo_group__rosidl_typesupport_introspection_cpp.hpp\n'}
[10.656916] (artscript_interfaces) StdoutLine: {'line': b'-- Installing: /home/artscript/Desktop/WorkSpace/MagnentoROBO/magnentorobo_ros2/install/artscript_interfaces/include/artscript_interfaces/srv/detail/servo_single__type_support.cpp\n'}
[10.658106] (artscript_interfaces) StdoutLine: {'line': b'-- Installing: /home/artscript/Desktop/WorkSpace/MagnentoROBO/magnentorobo_ros2/install/artscript_interfaces/include/artscript_interfaces/srv/detail/servo_group__type_support.cpp\n'}
[10.658281] (artscript_interfaces) StdoutLine: {'line': b'-- Installing: /home/artscript/Desktop/WorkSpace/MagnentoROBO/magnentorobo_ros2/install/artscript_interfaces/include/artscript_interfaces/srv/detail/servo_single__rosidl_typesupport_introspection_cpp.hpp\n'}
[10.659969] (artscript_interfaces) StdoutLine: {'line': b'-- Installing: /home/artscript/Desktop/WorkSpace/MagnentoROBO/magnentorobo_ros2/install/artscript_interfaces/lib/libartscript_interfaces__rosidl_typesupport_introspection_cpp.so\n'}
[10.660599] (artscript_interfaces) StdoutLine: {'line': b'-- Set runtime path of "/home/artscript/Desktop/WorkSpace/MagnentoROBO/magnentorobo_ros2/install/artscript_interfaces/lib/libartscript_interfaces__rosidl_typesupport_introspection_cpp.so" to ""\n'}
[10.660897] (artscript_interfaces) StdoutLine: {'line': b'-- Installing: /home/artscript/Desktop/WorkSpace/MagnentoROBO/magnentorobo_ros2/install/artscript_interfaces/lib/libartscript_interfaces__rosidl_typesupport_cpp.so\n'}
[10.673117] (artscript_interfaces) StdoutLine: {'line': b'-- Set runtime path of "/home/artscript/Desktop/WorkSpace/MagnentoROBO/magnentorobo_ros2/install/artscript_interfaces/lib/libartscript_interfaces__rosidl_typesupport_cpp.so" to ""\n'}
[10.673337] (artscript_interfaces) StdoutLine: {'line': b'-- Installing: /home/artscript/Desktop/WorkSpace/MagnentoROBO/magnentorobo_ros2/install/artscript_interfaces/share/artscript_interfaces/environment/pythonpath.sh\n'}
[10.679238] (artscript_interfaces) StdoutLine: {'line': b'-- Installing: /home/artscript/Desktop/WorkSpace/MagnentoROBO/magnentorobo_ros2/install/artscript_interfaces/share/artscript_interfaces/environment/pythonpath.dsv\n'}
[10.679488] (artscript_interfaces) StdoutLine: {'line': b'-- Installing: /home/artscript/Desktop/WorkSpace/MagnentoROBO/magnentorobo_ros2/install/artscript_interfaces/lib/python3.8/site-packages/artscript_interfaces/__init__.py\n'}
[10.696038] (-) TimerEvent: {}
[10.709488] (artscript_interfaces) StdoutLine: {'line': b"Compiling '/home/artscript/Desktop/WorkSpace/MagnentoROBO/magnentorobo_ros2/install/artscript_interfaces/lib/python3.8/site-packages/artscript_interfaces/__init__.py'...\n"}
[10.716421] (artscript_interfaces) StdoutLine: {'line': b'-- Installing: /home/artscript/Desktop/WorkSpace/MagnentoROBO/magnentorobo_ros2/install/artscript_interfaces/lib/python3.8/site-packages/artscript_interfaces/msg\n'}
[10.716805] (artscript_interfaces) StdoutLine: {'line': b'-- Installing: /home/artscript/Desktop/WorkSpace/MagnentoROBO/magnentorobo_ros2/install/artscript_interfaces/lib/python3.8/site-packages/artscript_interfaces/msg/__init__.py\n'}
[10.717349] (artscript_interfaces) StdoutLine: {'line': b'-- Installing: /home/artscript/Desktop/WorkSpace/MagnentoROBO/magnentorobo_ros2/install/artscript_interfaces/lib/python3.8/site-packages/artscript_interfaces/msg/_infraredstrain.py\n'}
[10.722017] (artscript_interfaces) StdoutLine: {'line': b'-- Installing: /home/artscript/Desktop/WorkSpace/MagnentoROBO/magnentorobo_ros2/install/artscript_interfaces/lib/python3.8/site-packages/artscript_interfaces/msg/_infraredstrain_s.c\n'}
[10.722315] (artscript_interfaces) StdoutLine: {'line': b'-- Installing: /home/artscript/Desktop/WorkSpace/MagnentoROBO/magnentorobo_ros2/install/artscript_interfaces/lib/python3.8/site-packages/artscript_interfaces/msg/_imu_s.c\n'}
[10.722489] (artscript_interfaces) StdoutLine: {'line': b'-- Installing: /home/artscript/Desktop/WorkSpace/MagnentoROBO/magnentorobo_ros2/install/artscript_interfaces/lib/python3.8/site-packages/artscript_interfaces/msg/_imu.py\n'}
[10.722653] (artscript_interfaces) StdoutLine: {'line': b'-- Installing: /home/artscript/Desktop/WorkSpace/MagnentoROBO/magnentorobo_ros2/install/artscript_interfaces/lib/python3.8/site-packages/artscript_interfaces/srv\n'}
[10.722759] (artscript_interfaces) StdoutLine: {'line': b'-- Installing: /home/artscript/Desktop/WorkSpace/MagnentoROBO/magnentorobo_ros2/install/artscript_interfaces/lib/python3.8/site-packages/artscript_interfaces/srv/__init__.py\n'}
[10.723101] (artscript_interfaces) StdoutLine: {'line': b'-- Installing: /home/artscript/Desktop/WorkSpace/MagnentoROBO/magnentorobo_ros2/install/artscript_interfaces/lib/python3.8/site-packages/artscript_interfaces/srv/_servo_group.py\n'}
[10.723268] (artscript_interfaces) StdoutLine: {'line': b'-- Installing: /home/artscript/Desktop/WorkSpace/MagnentoROBO/magnentorobo_ros2/install/artscript_interfaces/lib/python3.8/site-packages/artscript_interfaces/srv/_servo_single.py\n'}
[10.723414] (artscript_interfaces) StdoutLine: {'line': b'-- Installing: /home/artscript/Desktop/WorkSpace/MagnentoROBO/magnentorobo_ros2/install/artscript_interfaces/lib/python3.8/site-packages/artscript_interfaces/srv/_servo_single_s.c\n'}
[10.723549] (artscript_interfaces) StdoutLine: {'line': b'-- Installing: /home/artscript/Desktop/WorkSpace/MagnentoROBO/magnentorobo_ros2/install/artscript_interfaces/lib/python3.8/site-packages/artscript_interfaces/srv/_servo_group_s.c\n'}
[10.723829] (artscript_interfaces) StdoutLine: {'line': b'-- Installing: /home/artscript/Desktop/WorkSpace/MagnentoROBO/magnentorobo_ros2/install/artscript_interfaces/lib/python3.8/site-packages/artscript_interfaces/artscript_interfaces_s__rosidl_typesupport_fastrtps_c.cpython-38-x86_64-linux-gnu.so\n'}
[10.725102] (artscript_interfaces) StdoutLine: {'line': b'-- Set runtime path of "/home/artscript/Desktop/WorkSpace/MagnentoROBO/magnentorobo_ros2/install/artscript_interfaces/lib/python3.8/site-packages/artscript_interfaces/artscript_interfaces_s__rosidl_typesupport_fastrtps_c.cpython-38-x86_64-linux-gnu.so" to ""\n'}
[10.726789] (artscript_interfaces) StdoutLine: {'line': b'-- Installing: /home/artscript/Desktop/WorkSpace/MagnentoROBO/magnentorobo_ros2/install/artscript_interfaces/lib/python3.8/site-packages/artscript_interfaces/artscript_interfaces_s__rosidl_typesupport_introspection_c.cpython-38-x86_64-linux-gnu.so\n'}
[10.727857] (artscript_interfaces) StdoutLine: {'line': b'-- Set runtime path of "/home/artscript/Desktop/WorkSpace/MagnentoROBO/magnentorobo_ros2/install/artscript_interfaces/lib/python3.8/site-packages/artscript_interfaces/artscript_interfaces_s__rosidl_typesupport_introspection_c.cpython-38-x86_64-linux-gnu.so" to ""\n'}
[10.728364] (artscript_interfaces) StdoutLine: {'line': b'-- Installing: /home/artscript/Desktop/WorkSpace/MagnentoROBO/magnentorobo_ros2/install/artscript_interfaces/lib/python3.8/site-packages/artscript_interfaces/artscript_interfaces_s__rosidl_typesupport_c.cpython-38-x86_64-linux-gnu.so\n'}
[10.729137] (artscript_interfaces) StdoutLine: {'line': b'-- Set runtime path of "/home/artscript/Desktop/WorkSpace/MagnentoROBO/magnentorobo_ros2/install/artscript_interfaces/lib/python3.8/site-packages/artscript_interfaces/artscript_interfaces_s__rosidl_typesupport_c.cpython-38-x86_64-linux-gnu.so" to ""\n'}
[10.729493] (artscript_interfaces) StdoutLine: {'line': b'-- Installing: /home/artscript/Desktop/WorkSpace/MagnentoROBO/magnentorobo_ros2/install/artscript_interfaces/lib/libartscript_interfaces__python.so\n'}
[10.730137] (artscript_interfaces) StdoutLine: {'line': b'-- Set runtime path of "/home/artscript/Desktop/WorkSpace/MagnentoROBO/magnentorobo_ros2/install/artscript_interfaces/lib/libartscript_interfaces__python.so" to ""\n'}
[10.730476] (artscript_interfaces) StdoutLine: {'line': b'-- Installing: /home/artscript/Desktop/WorkSpace/MagnentoROBO/magnentorobo_ros2/install/artscript_interfaces/share/artscript_interfaces/msg/Imu.idl\n'}
[10.730930] (artscript_interfaces) StdoutLine: {'line': b'-- Installing: /home/artscript/Desktop/WorkSpace/MagnentoROBO/magnentorobo_ros2/install/artscript_interfaces/share/artscript_interfaces/msg/Infraredstrain.idl\n'}
[10.731416] (artscript_interfaces) StdoutLine: {'line': b'-- Installing: /home/artscript/Desktop/WorkSpace/MagnentoROBO/magnentorobo_ros2/install/artscript_interfaces/share/artscript_interfaces/srv/ServoGroup.idl\n'}
[10.731796] (artscript_interfaces) StdoutLine: {'line': b'-- Installing: /home/artscript/Desktop/WorkSpace/MagnentoROBO/magnentorobo_ros2/install/artscript_interfaces/share/artscript_interfaces/srv/ServoSingle.idl\n'}
[10.732196] (artscript_interfaces) StdoutLine: {'line': b'-- Installing: /home/artscript/Desktop/WorkSpace/MagnentoROBO/magnentorobo_ros2/install/artscript_interfaces/share/artscript_interfaces/msg/Imu.msg\n'}
[10.732609] (artscript_interfaces) StdoutLine: {'line': b'-- Installing: /home/artscript/Desktop/WorkSpace/MagnentoROBO/magnentorobo_ros2/install/artscript_interfaces/share/artscript_interfaces/msg/Infraredstrain.msg\n'}
[10.733019] (artscript_interfaces) StdoutLine: {'line': b'-- Installing: /home/artscript/Desktop/WorkSpace/MagnentoROBO/magnentorobo_ros2/install/artscript_interfaces/share/artscript_interfaces/srv/ServoGroup.srv\n'}
[10.733428] (artscript_interfaces) StdoutLine: {'line': b'-- Installing: /home/artscript/Desktop/WorkSpace/MagnentoROBO/magnentorobo_ros2/install/artscript_interfaces/share/artscript_interfaces/srv/ServoGroup_Request.msg\n'}
[10.733801] (artscript_interfaces) StdoutLine: {'line': b'-- Installing: /home/artscript/Desktop/WorkSpace/MagnentoROBO/magnentorobo_ros2/install/artscript_interfaces/share/artscript_interfaces/srv/ServoGroup_Response.msg\n'}
[10.734148] (artscript_interfaces) StdoutLine: {'line': b'-- Installing: /home/artscript/Desktop/WorkSpace/MagnentoROBO/magnentorobo_ros2/install/artscript_interfaces/share/artscript_interfaces/srv/ServoSingle.srv\n'}
[10.734506] (artscript_interfaces) StdoutLine: {'line': b'-- Installing: /home/artscript/Desktop/WorkSpace/MagnentoROBO/magnentorobo_ros2/install/artscript_interfaces/share/artscript_interfaces/srv/ServoSingle_Request.msg\n'}
[10.734932] (artscript_interfaces) StdoutLine: {'line': b'-- Installing: /home/artscript/Desktop/WorkSpace/MagnentoROBO/magnentorobo_ros2/install/artscript_interfaces/share/artscript_interfaces/srv/ServoSingle_Response.msg\n'}
[10.735432] (artscript_interfaces) StdoutLine: {'line': b'-- Installing: /home/artscript/Desktop/WorkSpace/MagnentoROBO/magnentorobo_ros2/install/artscript_interfaces/share/ament_index/resource_index/package_run_dependencies/artscript_interfaces\n'}
[10.735906] (artscript_interfaces) StdoutLine: {'line': b'-- Installing: /home/artscript/Desktop/WorkSpace/MagnentoROBO/magnentorobo_ros2/install/artscript_interfaces/share/ament_index/resource_index/parent_prefix_path/artscript_interfaces\n'}
[10.736361] (artscript_interfaces) StdoutLine: {'line': b'-- Installing: /home/artscript/Desktop/WorkSpace/MagnentoROBO/magnentorobo_ros2/install/artscript_interfaces/share/artscript_interfaces/environment/ament_prefix_path.sh\n'}
[10.736801] (artscript_interfaces) StdoutLine: {'line': b'-- Installing: /home/artscript/Desktop/WorkSpace/MagnentoROBO/magnentorobo_ros2/install/artscript_interfaces/share/artscript_interfaces/environment/ament_prefix_path.dsv\n'}
[10.737259] (artscript_interfaces) StdoutLine: {'line': b'-- Installing: /home/artscript/Desktop/WorkSpace/MagnentoROBO/magnentorobo_ros2/install/artscript_interfaces/share/artscript_interfaces/environment/path.sh\n'}
[10.737741] (artscript_interfaces) StdoutLine: {'line': b'-- Installing: /home/artscript/Desktop/WorkSpace/MagnentoROBO/magnentorobo_ros2/install/artscript_interfaces/share/artscript_interfaces/environment/path.dsv\n'}
[10.738315] (artscript_interfaces) StdoutLine: {'line': b'-- Installing: /home/artscript/Desktop/WorkSpace/MagnentoROBO/magnentorobo_ros2/install/artscript_interfaces/share/artscript_interfaces/local_setup.bash\n'}
[10.738936] (artscript_interfaces) StdoutLine: {'line': b'-- Installing: /home/artscript/Desktop/WorkSpace/MagnentoROBO/magnentorobo_ros2/install/artscript_interfaces/share/artscript_interfaces/local_setup.sh\n'}
[10.739525] (artscript_interfaces) StdoutLine: {'line': b'-- Installing: /home/artscript/Desktop/WorkSpace/MagnentoROBO/magnentorobo_ros2/install/artscript_interfaces/share/artscript_interfaces/local_setup.zsh\n'}
[10.740104] (artscript_interfaces) StdoutLine: {'line': b'-- Installing: /home/artscript/Desktop/WorkSpace/MagnentoROBO/magnentorobo_ros2/install/artscript_interfaces/share/artscript_interfaces/local_setup.dsv\n'}
[10.740543] (artscript_interfaces) StdoutLine: {'line': b'-- Installing: /home/artscript/Desktop/WorkSpace/MagnentoROBO/magnentorobo_ros2/install/artscript_interfaces/share/artscript_interfaces/package.dsv\n'}
[10.741046] (artscript_interfaces) StdoutLine: {'line': b'-- Installing: /home/artscript/Desktop/WorkSpace/MagnentoROBO/magnentorobo_ros2/install/artscript_interfaces/share/ament_index/resource_index/packages/artscript_interfaces\n'}
[10.741592] (artscript_interfaces) StdoutLine: {'line': b'-- Installing: /home/artscript/Desktop/WorkSpace/MagnentoROBO/magnentorobo_ros2/install/artscript_interfaces/share/artscript_interfaces/cmake/artscript_interfaces__rosidl_generator_cExport.cmake\n'}
[10.742062] (artscript_interfaces) StdoutLine: {'line': b'-- Installing: /home/artscript/Desktop/WorkSpace/MagnentoROBO/magnentorobo_ros2/install/artscript_interfaces/share/artscript_interfaces/cmake/artscript_interfaces__rosidl_generator_cExport-noconfig.cmake\n'}
[10.742581] (artscript_interfaces) StdoutLine: {'line': b'-- Installing: /home/artscript/Desktop/WorkSpace/MagnentoROBO/magnentorobo_ros2/install/artscript_interfaces/share/artscript_interfaces/cmake/artscript_interfaces__rosidl_typesupport_introspection_cExport.cmake\n'}
[10.743054] (artscript_interfaces) StdoutLine: {'line': b'-- Installing: /home/artscript/Desktop/WorkSpace/MagnentoROBO/magnentorobo_ros2/install/artscript_interfaces/share/artscript_interfaces/cmake/artscript_interfaces__rosidl_typesupport_introspection_cExport-noconfig.cmake\n'}
[10.743551] (artscript_interfaces) StdoutLine: {'line': b'-- Installing: /home/artscript/Desktop/WorkSpace/MagnentoROBO/magnentorobo_ros2/install/artscript_interfaces/share/artscript_interfaces/cmake/artscript_interfaces__rosidl_typesupport_cExport.cmake\n'}
[10.744027] (artscript_interfaces) StdoutLine: {'line': b'-- Installing: /home/artscript/Desktop/WorkSpace/MagnentoROBO/magnentorobo_ros2/install/artscript_interfaces/share/artscript_interfaces/cmake/artscript_interfaces__rosidl_typesupport_cExport-noconfig.cmake\n'}
[10.744502] (artscript_interfaces) StdoutLine: {'line': b'-- Installing: /home/artscript/Desktop/WorkSpace/MagnentoROBO/magnentorobo_ros2/install/artscript_interfaces/share/artscript_interfaces/cmake/artscript_interfaces__rosidl_generator_cppExport.cmake\n'}
[10.744999] (artscript_interfaces) StdoutLine: {'line': b'-- Installing: /home/artscript/Desktop/WorkSpace/MagnentoROBO/magnentorobo_ros2/install/artscript_interfaces/share/artscript_interfaces/cmake/artscript_interfaces__rosidl_typesupport_introspection_cppExport.cmake\n'}
[10.745478] (artscript_interfaces) StdoutLine: {'line': b'-- Installing: /home/artscript/Desktop/WorkSpace/MagnentoROBO/magnentorobo_ros2/install/artscript_interfaces/share/artscript_interfaces/cmake/artscript_interfaces__rosidl_typesupport_introspection_cppExport-noconfig.cmake\n'}
[10.745985] (artscript_interfaces) StdoutLine: {'line': b'-- Installing: /home/artscript/Desktop/WorkSpace/MagnentoROBO/magnentorobo_ros2/install/artscript_interfaces/share/artscript_interfaces/cmake/artscript_interfaces__rosidl_typesupport_cppExport.cmake\n'}
[10.746438] (artscript_interfaces) StdoutLine: {'line': b'-- Installing: /home/artscript/Desktop/WorkSpace/MagnentoROBO/magnentorobo_ros2/install/artscript_interfaces/share/artscript_interfaces/cmake/artscript_interfaces__rosidl_typesupport_cppExport-noconfig.cmake\n'}
[10.746952] (artscript_interfaces) StdoutLine: {'line': b'-- Installing: /home/artscript/Desktop/WorkSpace/MagnentoROBO/magnentorobo_ros2/install/artscript_interfaces/share/artscript_interfaces/cmake/rosidl_cmake-extras.cmake\n'}
[10.747415] (artscript_interfaces) StdoutLine: {'line': b'-- Installing: /home/artscript/Desktop/WorkSpace/MagnentoROBO/magnentorobo_ros2/install/artscript_interfaces/share/artscript_interfaces/cmake/ament_cmake_export_dependencies-extras.cmake\n'}
[10.747766] (artscript_interfaces) StdoutLine: {'line': b'-- Installing: /home/artscript/Desktop/WorkSpace/MagnentoROBO/magnentorobo_ros2/install/artscript_interfaces/share/artscript_interfaces/cmake/ament_cmake_export_libraries-extras.cmake\n'}
[10.748152] (artscript_interfaces) StdoutLine: {'line': b'-- Installing: /home/artscript/Desktop/WorkSpace/MagnentoROBO/magnentorobo_ros2/install/artscript_interfaces/share/artscript_interfaces/cmake/ament_cmake_export_targets-extras.cmake\n'}
[10.748497] (artscript_interfaces) StdoutLine: {'line': b'-- Installing: /home/artscript/Desktop/WorkSpace/MagnentoROBO/magnentorobo_ros2/install/artscript_interfaces/share/artscript_interfaces/cmake/ament_cmake_export_include_directories-extras.cmake\n'}
[10.748859] (artscript_interfaces) StdoutLine: {'line': b'-- Installing: /home/artscript/Desktop/WorkSpace/MagnentoROBO/magnentorobo_ros2/install/artscript_interfaces/share/artscript_interfaces/cmake/rosidl_cmake_export_typesupport_libraries-extras.cmake\n'}
[10.749211] (artscript_interfaces) StdoutLine: {'line': b'-- Installing: /home/artscript/Desktop/WorkSpace/MagnentoROBO/magnentorobo_ros2/install/artscript_interfaces/share/artscript_interfaces/cmake/rosidl_cmake_export_typesupport_targets-extras.cmake\n'}
[10.749536] (artscript_interfaces) StdoutLine: {'line': b'-- Installing: /home/artscript/Desktop/WorkSpace/MagnentoROBO/magnentorobo_ros2/install/artscript_interfaces/share/artscript_interfaces/cmake/artscript_interfacesConfig.cmake\n'}
[10.749837] (artscript_interfaces) StdoutLine: {'line': b'-- Installing: /home/artscript/Desktop/WorkSpace/MagnentoROBO/magnentorobo_ros2/install/artscript_interfaces/share/artscript_interfaces/cmake/artscript_interfacesConfig-version.cmake\n'}
[10.750164] (artscript_interfaces) StdoutLine: {'line': b'-- Installing: /home/artscript/Desktop/WorkSpace/MagnentoROBO/magnentorobo_ros2/install/artscript_interfaces/share/artscript_interfaces/package.xml\n'}
[10.766949] (artscript_interfaces) CommandEnded: {'returncode': 0}
[10.796392] (-) TimerEvent: {}
[10.903579] (-) TimerEvent: {}
[10.970778] (artscript_interfaces) JobEnded: {'identifier': 'artscript_interfaces', 'rc': 0}
[10.972438] (-) EventReactorShutdown: {}
