[0.050s] Invoking command in '/home/artscript/Desktop/WorkSpace/MagnentoROBO/magnentorobo_ros2/build/artscript_interfaces': CMAKE_PREFIX_PATH=${CMAKE_PREFIX_PATH}:/home/artscript/Desktop/WorkSpace/MagnentoROBO/magnentorobo_ros2/install/mcu_usb_pkg:/opt/ros/foxy /usr/bin/cmake --build /home/artscript/Desktop/WorkSpace/MagnentoROBO/magnentorobo_ros2/build/artscript_interfaces -- -j4 -l4
[0.787s] [  1%] Built target artscript_interfaces__cpp
[0.787s] [ 12%] Built target artscript_interfaces__rosidl_generator_c
[0.787s] [ 23%] Built target artscript_interfaces__rosidl_typesupport_introspection_cpp
[0.787s] [ 34%] Built target artscript_interfaces__rosidl_typesupport_introspection_c
[0.788s] [ 45%] Built target artscript_interfaces__rosidl_typesupport_cpp
[0.788s] [ 56%] Built target artscript_interfaces__rosidl_typesupport_fastrtps_cpp
[0.788s] [ 67%] Built target artscript_interfaces__rosidl_typesupport_c
[0.788s] [ 78%] Built target artscript_interfaces__rosidl_typesupport_fastrtps_c
[0.788s] [ 78%] Built target artscript_interfaces
[0.788s] [ 80%] Built target artscript_interfaces__py
[0.788s] [ 89%] Built target artscript_interfaces__python
[0.788s] [ 92%] Built target artscript_interfaces__rosidl_typesupport_introspection_c__pyext
[0.788s] [ 96%] Built target artscript_interfaces__rosidl_typesupport_c__pyext
[0.788s] [100%] Built target artscript_interfaces__rosidl_typesupport_fastrtps_c__pyext
[0.872s] Invoked command in '/home/artscript/Desktop/WorkSpace/MagnentoROBO/magnentorobo_ros2/build/artscript_interfaces' returned '0': CMAKE_PREFIX_PATH=${CMAKE_PREFIX_PATH}:/home/artscript/Desktop/WorkSpace/MagnentoROBO/magnentorobo_ros2/install/mcu_usb_pkg:/opt/ros/foxy /usr/bin/cmake --build /home/artscript/Desktop/WorkSpace/MagnentoROBO/magnentorobo_ros2/build/artscript_interfaces -- -j4 -l4
[1.422s] Invoking command in '/home/artscript/Desktop/WorkSpace/MagnentoROBO/magnentorobo_ros2/build/artscript_interfaces': CMAKE_PREFIX_PATH=${CMAKE_PREFIX_PATH}:/home/artscript/Desktop/WorkSpace/MagnentoROBO/magnentorobo_ros2/install/mcu_usb_pkg:/opt/ros/foxy /usr/bin/cmake --install /home/artscript/Desktop/WorkSpace/MagnentoROBO/magnentorobo_ros2/build/artscript_interfaces
[1.449s] -- Install configuration: ""
[1.450s] -- Up-to-date: /home/artscript/Desktop/WorkSpace/MagnentoROBO/magnentorobo_ros2/install/artscript_interfaces/share/ament_index/resource_index/rosidl_interfaces/artscript_interfaces
[1.450s] -- Up-to-date: /home/artscript/Desktop/WorkSpace/MagnentoROBO/magnentorobo_ros2/install/artscript_interfaces/include/artscript_interfaces
[1.450s] -- Up-to-date: /home/artscript/Desktop/WorkSpace/MagnentoROBO/magnentorobo_ros2/install/artscript_interfaces/include/artscript_interfaces/msg
[1.450s] -- Up-to-date: /home/artscript/Desktop/WorkSpace/MagnentoROBO/magnentorobo_ros2/install/artscript_interfaces/include/artscript_interfaces/msg/imu.h
[1.450s] -- Up-to-date: /home/artscript/Desktop/WorkSpace/MagnentoROBO/magnentorobo_ros2/install/artscript_interfaces/include/artscript_interfaces/msg/detail
[1.450s] -- Up-to-date: /home/artscript/Desktop/WorkSpace/MagnentoROBO/magnentorobo_ros2/install/artscript_interfaces/include/artscript_interfaces/msg/detail/infraredstrain__functions.c
[1.450s] -- Up-to-date: /home/artscript/Desktop/WorkSpace/MagnentoROBO/magnentorobo_ros2/install/artscript_interfaces/include/artscript_interfaces/msg/detail/infraredstrain__struct.h
[1.450s] -- Up-to-date: /home/artscript/Desktop/WorkSpace/MagnentoROBO/magnentorobo_ros2/install/artscript_interfaces/include/artscript_interfaces/msg/detail/infraredstrain__functions.h
[1.450s] -- Up-to-date: /home/artscript/Desktop/WorkSpace/MagnentoROBO/magnentorobo_ros2/install/artscript_interfaces/include/artscript_interfaces/msg/detail/imu__functions.h
[1.450s] -- Up-to-date: /home/artscript/Desktop/WorkSpace/MagnentoROBO/magnentorobo_ros2/install/artscript_interfaces/include/artscript_interfaces/msg/detail/imu__type_support.h
[1.450s] -- Up-to-date: /home/artscript/Desktop/WorkSpace/MagnentoROBO/magnentorobo_ros2/install/artscript_interfaces/include/artscript_interfaces/msg/detail/imu__functions.c
[1.450s] -- Up-to-date: /home/artscript/Desktop/WorkSpace/MagnentoROBO/magnentorobo_ros2/install/artscript_interfaces/include/artscript_interfaces/msg/detail/infraredstrain__type_support.h
[1.450s] -- Up-to-date: /home/artscript/Desktop/WorkSpace/MagnentoROBO/magnentorobo_ros2/install/artscript_interfaces/include/artscript_interfaces/msg/detail/imu__struct.h
[1.450s] -- Up-to-date: /home/artscript/Desktop/WorkSpace/MagnentoROBO/magnentorobo_ros2/install/artscript_interfaces/include/artscript_interfaces/msg/infraredstrain.h
[1.450s] -- Up-to-date: /home/artscript/Desktop/WorkSpace/MagnentoROBO/magnentorobo_ros2/install/artscript_interfaces/include/artscript_interfaces/msg/rosidl_generator_c__visibility_control.h
[1.451s] -- Up-to-date: /home/artscript/Desktop/WorkSpace/MagnentoROBO/magnentorobo_ros2/install/artscript_interfaces/include/artscript_interfaces/srv
[1.451s] -- Up-to-date: /home/artscript/Desktop/WorkSpace/MagnentoROBO/magnentorobo_ros2/install/artscript_interfaces/include/artscript_interfaces/srv/servo_group.h
[1.451s] -- Up-to-date: /home/artscript/Desktop/WorkSpace/MagnentoROBO/magnentorobo_ros2/install/artscript_interfaces/include/artscript_interfaces/srv/detail
[1.451s] -- Up-to-date: /home/artscript/Desktop/WorkSpace/MagnentoROBO/magnentorobo_ros2/install/artscript_interfaces/include/artscript_interfaces/srv/detail/servo_group__struct.h
[1.451s] -- Up-to-date: /home/artscript/Desktop/WorkSpace/MagnentoROBO/magnentorobo_ros2/install/artscript_interfaces/include/artscript_interfaces/srv/detail/servo_group__functions.c
[1.451s] -- Up-to-date: /home/artscript/Desktop/WorkSpace/MagnentoROBO/magnentorobo_ros2/install/artscript_interfaces/include/artscript_interfaces/srv/detail/servo_single__functions.h
[1.451s] -- Up-to-date: /home/artscript/Desktop/WorkSpace/MagnentoROBO/magnentorobo_ros2/install/artscript_interfaces/include/artscript_interfaces/srv/detail/servo_group__functions.h
[1.451s] -- Up-to-date: /home/artscript/Desktop/WorkSpace/MagnentoROBO/magnentorobo_ros2/install/artscript_interfaces/include/artscript_interfaces/srv/detail/servo_group__type_support.h
[1.451s] -- Up-to-date: /home/artscript/Desktop/WorkSpace/MagnentoROBO/magnentorobo_ros2/install/artscript_interfaces/include/artscript_interfaces/srv/detail/servo_single__functions.c
[1.451s] -- Up-to-date: /home/artscript/Desktop/WorkSpace/MagnentoROBO/magnentorobo_ros2/install/artscript_interfaces/include/artscript_interfaces/srv/detail/servo_single__struct.h
[1.451s] -- Up-to-date: /home/artscript/Desktop/WorkSpace/MagnentoROBO/magnentorobo_ros2/install/artscript_interfaces/include/artscript_interfaces/srv/detail/servo_single__type_support.h
[1.451s] -- Up-to-date: /home/artscript/Desktop/WorkSpace/MagnentoROBO/magnentorobo_ros2/install/artscript_interfaces/include/artscript_interfaces/srv/servo_single.h
[1.451s] -- Up-to-date: /home/artscript/Desktop/WorkSpace/MagnentoROBO/magnentorobo_ros2/install/artscript_interfaces/share/artscript_interfaces/environment/library_path.sh
[1.451s] -- Up-to-date: /home/artscript/Desktop/WorkSpace/MagnentoROBO/magnentorobo_ros2/install/artscript_interfaces/share/artscript_interfaces/environment/library_path.dsv
[1.451s] -- Up-to-date: /home/artscript/Desktop/WorkSpace/MagnentoROBO/magnentorobo_ros2/install/artscript_interfaces/lib/libartscript_interfaces__rosidl_generator_c.so
[1.452s] -- Up-to-date: /home/artscript/Desktop/WorkSpace/MagnentoROBO/magnentorobo_ros2/install/artscript_interfaces/include/artscript_interfaces
[1.452s] -- Up-to-date: /home/artscript/Desktop/WorkSpace/MagnentoROBO/magnentorobo_ros2/install/artscript_interfaces/include/artscript_interfaces/msg
[1.452s] -- Up-to-date: /home/artscript/Desktop/WorkSpace/MagnentoROBO/magnentorobo_ros2/install/artscript_interfaces/include/artscript_interfaces/msg/rosidl_typesupport_fastrtps_c__visibility_control.h
[1.452s] -- Up-to-date: /home/artscript/Desktop/WorkSpace/MagnentoROBO/magnentorobo_ros2/install/artscript_interfaces/include/artscript_interfaces/msg/detail
[1.452s] -- Up-to-date: /home/artscript/Desktop/WorkSpace/MagnentoROBO/magnentorobo_ros2/install/artscript_interfaces/include/artscript_interfaces/msg/detail/imu__rosidl_typesupport_fastrtps_c.h
[1.452s] -- Up-to-date: /home/artscript/Desktop/WorkSpace/MagnentoROBO/magnentorobo_ros2/install/artscript_interfaces/include/artscript_interfaces/msg/detail/infraredstrain__rosidl_typesupport_fastrtps_c.h
[1.452s] -- Up-to-date: /home/artscript/Desktop/WorkSpace/MagnentoROBO/magnentorobo_ros2/install/artscript_interfaces/include/artscript_interfaces/srv
[1.452s] -- Up-to-date: /home/artscript/Desktop/WorkSpace/MagnentoROBO/magnentorobo_ros2/install/artscript_interfaces/include/artscript_interfaces/srv/detail
[1.452s] -- Up-to-date: /home/artscript/Desktop/WorkSpace/MagnentoROBO/magnentorobo_ros2/install/artscript_interfaces/include/artscript_interfaces/srv/detail/servo_group__rosidl_typesupport_fastrtps_c.h
[1.452s] -- Up-to-date: /home/artscript/Desktop/WorkSpace/MagnentoROBO/magnentorobo_ros2/install/artscript_interfaces/include/artscript_interfaces/srv/detail/servo_single__rosidl_typesupport_fastrtps_c.h
[1.452s] -- Up-to-date: /home/artscript/Desktop/WorkSpace/MagnentoROBO/magnentorobo_ros2/install/artscript_interfaces/lib/libartscript_interfaces__rosidl_typesupport_fastrtps_c.so
[1.452s] -- Up-to-date: /home/artscript/Desktop/WorkSpace/MagnentoROBO/magnentorobo_ros2/install/artscript_interfaces/include/artscript_interfaces
[1.452s] -- Up-to-date: /home/artscript/Desktop/WorkSpace/MagnentoROBO/magnentorobo_ros2/install/artscript_interfaces/include/artscript_interfaces/msg
[1.452s] -- Up-to-date: /home/artscript/Desktop/WorkSpace/MagnentoROBO/magnentorobo_ros2/install/artscript_interfaces/include/artscript_interfaces/msg/rosidl_typesupport_fastrtps_cpp__visibility_control.h
[1.452s] -- Up-to-date: /home/artscript/Desktop/WorkSpace/MagnentoROBO/magnentorobo_ros2/install/artscript_interfaces/include/artscript_interfaces/msg/detail
[1.452s] -- Up-to-date: /home/artscript/Desktop/WorkSpace/MagnentoROBO/magnentorobo_ros2/install/artscript_interfaces/include/artscript_interfaces/msg/detail/infraredstrain__rosidl_typesupport_fastrtps_cpp.hpp
[1.452s] -- Up-to-date: /home/artscript/Desktop/WorkSpace/MagnentoROBO/magnentorobo_ros2/install/artscript_interfaces/include/artscript_interfaces/msg/detail/dds_fastrtps
[1.452s] -- Up-to-date: /home/artscript/Desktop/WorkSpace/MagnentoROBO/magnentorobo_ros2/install/artscript_interfaces/include/artscript_interfaces/msg/detail/imu__rosidl_typesupport_fastrtps_cpp.hpp
[1.453s] -- Up-to-date: /home/artscript/Desktop/WorkSpace/MagnentoROBO/magnentorobo_ros2/install/artscript_interfaces/include/artscript_interfaces/srv
[1.453s] -- Up-to-date: /home/artscript/Desktop/WorkSpace/MagnentoROBO/magnentorobo_ros2/install/artscript_interfaces/include/artscript_interfaces/srv/detail
[1.453s] -- Up-to-date: /home/artscript/Desktop/WorkSpace/MagnentoROBO/magnentorobo_ros2/install/artscript_interfaces/include/artscript_interfaces/srv/detail/servo_group__rosidl_typesupport_fastrtps_cpp.hpp
[1.453s] -- Up-to-date: /home/artscript/Desktop/WorkSpace/MagnentoROBO/magnentorobo_ros2/install/artscript_interfaces/include/artscript_interfaces/srv/detail/dds_fastrtps
[1.453s] -- Up-to-date: /home/artscript/Desktop/WorkSpace/MagnentoROBO/magnentorobo_ros2/install/artscript_interfaces/include/artscript_interfaces/srv/detail/servo_single__rosidl_typesupport_fastrtps_cpp.hpp
[1.453s] -- Up-to-date: /home/artscript/Desktop/WorkSpace/MagnentoROBO/magnentorobo_ros2/install/artscript_interfaces/lib/libartscript_interfaces__rosidl_typesupport_fastrtps_cpp.so
[1.453s] -- Up-to-date: /home/artscript/Desktop/WorkSpace/MagnentoROBO/magnentorobo_ros2/install/artscript_interfaces/include/artscript_interfaces
[1.453s] -- Up-to-date: /home/artscript/Desktop/WorkSpace/MagnentoROBO/magnentorobo_ros2/install/artscript_interfaces/include/artscript_interfaces/msg
[1.453s] -- Up-to-date: /home/artscript/Desktop/WorkSpace/MagnentoROBO/magnentorobo_ros2/install/artscript_interfaces/include/artscript_interfaces/msg/rosidl_typesupport_introspection_c__visibility_control.h
[1.453s] -- Up-to-date: /home/artscript/Desktop/WorkSpace/MagnentoROBO/magnentorobo_ros2/install/artscript_interfaces/include/artscript_interfaces/msg/detail
[1.453s] -- Up-to-date: /home/artscript/Desktop/WorkSpace/MagnentoROBO/magnentorobo_ros2/install/artscript_interfaces/include/artscript_interfaces/msg/detail/imu__type_support.c
[1.453s] -- Up-to-date: /home/artscript/Desktop/WorkSpace/MagnentoROBO/magnentorobo_ros2/install/artscript_interfaces/include/artscript_interfaces/msg/detail/imu__rosidl_typesupport_introspection_c.h
[1.453s] -- Up-to-date: /home/artscript/Desktop/WorkSpace/MagnentoROBO/magnentorobo_ros2/install/artscript_interfaces/include/artscript_interfaces/msg/detail/infraredstrain__rosidl_typesupport_introspection_c.h
[1.453s] -- Up-to-date: /home/artscript/Desktop/WorkSpace/MagnentoROBO/magnentorobo_ros2/install/artscript_interfaces/include/artscript_interfaces/msg/detail/infraredstrain__type_support.c
[1.453s] -- Up-to-date: /home/artscript/Desktop/WorkSpace/MagnentoROBO/magnentorobo_ros2/install/artscript_interfaces/include/artscript_interfaces/srv
[1.453s] -- Up-to-date: /home/artscript/Desktop/WorkSpace/MagnentoROBO/magnentorobo_ros2/install/artscript_interfaces/include/artscript_interfaces/srv/detail
[1.453s] -- Up-to-date: /home/artscript/Desktop/WorkSpace/MagnentoROBO/magnentorobo_ros2/install/artscript_interfaces/include/artscript_interfaces/srv/detail/servo_single__rosidl_typesupport_introspection_c.h
[1.453s] -- Up-to-date: /home/artscript/Desktop/WorkSpace/MagnentoROBO/magnentorobo_ros2/install/artscript_interfaces/include/artscript_interfaces/srv/detail/servo_group__type_support.c
[1.454s] -- Up-to-date: /home/artscript/Desktop/WorkSpace/MagnentoROBO/magnentorobo_ros2/install/artscript_interfaces/include/artscript_interfaces/srv/detail/servo_single__type_support.c
[1.454s] -- Up-to-date: /home/artscript/Desktop/WorkSpace/MagnentoROBO/magnentorobo_ros2/install/artscript_interfaces/include/artscript_interfaces/srv/detail/servo_group__rosidl_typesupport_introspection_c.h
[1.454s] -- Up-to-date: /home/artscript/Desktop/WorkSpace/MagnentoROBO/magnentorobo_ros2/install/artscript_interfaces/lib/libartscript_interfaces__rosidl_typesupport_introspection_c.so
[1.454s] -- Up-to-date: /home/artscript/Desktop/WorkSpace/MagnentoROBO/magnentorobo_ros2/install/artscript_interfaces/lib/libartscript_interfaces__rosidl_typesupport_c.so
[1.454s] -- Up-to-date: /home/artscript/Desktop/WorkSpace/MagnentoROBO/magnentorobo_ros2/install/artscript_interfaces/include/artscript_interfaces
[1.454s] -- Up-to-date: /home/artscript/Desktop/WorkSpace/MagnentoROBO/magnentorobo_ros2/install/artscript_interfaces/include/artscript_interfaces/msg
[1.454s] -- Up-to-date: /home/artscript/Desktop/WorkSpace/MagnentoROBO/magnentorobo_ros2/install/artscript_interfaces/include/artscript_interfaces/msg/infraredstrain.hpp
[1.454s] -- Up-to-date: /home/artscript/Desktop/WorkSpace/MagnentoROBO/magnentorobo_ros2/install/artscript_interfaces/include/artscript_interfaces/msg/detail
[1.454s] -- Up-to-date: /home/artscript/Desktop/WorkSpace/MagnentoROBO/magnentorobo_ros2/install/artscript_interfaces/include/artscript_interfaces/msg/detail/infraredstrain__traits.hpp
[1.454s] -- Up-to-date: /home/artscript/Desktop/WorkSpace/MagnentoROBO/magnentorobo_ros2/install/artscript_interfaces/include/artscript_interfaces/msg/detail/imu__struct.hpp
[1.454s] -- Up-to-date: /home/artscript/Desktop/WorkSpace/MagnentoROBO/magnentorobo_ros2/install/artscript_interfaces/include/artscript_interfaces/msg/detail/imu__builder.hpp
[1.454s] -- Up-to-date: /home/artscript/Desktop/WorkSpace/MagnentoROBO/magnentorobo_ros2/install/artscript_interfaces/include/artscript_interfaces/msg/detail/infraredstrain__builder.hpp
[1.454s] -- Up-to-date: /home/artscript/Desktop/WorkSpace/MagnentoROBO/magnentorobo_ros2/install/artscript_interfaces/include/artscript_interfaces/msg/detail/imu__traits.hpp
[1.454s] -- Up-to-date: /home/artscript/Desktop/WorkSpace/MagnentoROBO/magnentorobo_ros2/install/artscript_interfaces/include/artscript_interfaces/msg/detail/infraredstrain__struct.hpp
[1.454s] -- Up-to-date: /home/artscript/Desktop/WorkSpace/MagnentoROBO/magnentorobo_ros2/install/artscript_interfaces/include/artscript_interfaces/msg/imu.hpp
[1.454s] -- Up-to-date: /home/artscript/Desktop/WorkSpace/MagnentoROBO/magnentorobo_ros2/install/artscript_interfaces/include/artscript_interfaces/srv
[1.454s] -- Up-to-date: /home/artscript/Desktop/WorkSpace/MagnentoROBO/magnentorobo_ros2/install/artscript_interfaces/include/artscript_interfaces/srv/servo_group.hpp
[1.454s] -- Up-to-date: /home/artscript/Desktop/WorkSpace/MagnentoROBO/magnentorobo_ros2/install/artscript_interfaces/include/artscript_interfaces/srv/detail
[1.455s] -- Up-to-date: /home/artscript/Desktop/WorkSpace/MagnentoROBO/magnentorobo_ros2/install/artscript_interfaces/include/artscript_interfaces/srv/detail/servo_group__traits.hpp
[1.455s] -- Up-to-date: /home/artscript/Desktop/WorkSpace/MagnentoROBO/magnentorobo_ros2/install/artscript_interfaces/include/artscript_interfaces/srv/detail/servo_group__builder.hpp
[1.455s] -- Up-to-date: /home/artscript/Desktop/WorkSpace/MagnentoROBO/magnentorobo_ros2/install/artscript_interfaces/include/artscript_interfaces/srv/detail/servo_group__struct.hpp
[1.455s] -- Up-to-date: /home/artscript/Desktop/WorkSpace/MagnentoROBO/magnentorobo_ros2/install/artscript_interfaces/include/artscript_interfaces/srv/detail/servo_single__struct.hpp
[1.455s] -- Up-to-date: /home/artscript/Desktop/WorkSpace/MagnentoROBO/magnentorobo_ros2/install/artscript_interfaces/include/artscript_interfaces/srv/detail/servo_single__builder.hpp
[1.455s] -- Up-to-date: /home/artscript/Desktop/WorkSpace/MagnentoROBO/magnentorobo_ros2/install/artscript_interfaces/include/artscript_interfaces/srv/detail/servo_single__traits.hpp
[1.455s] -- Up-to-date: /home/artscript/Desktop/WorkSpace/MagnentoROBO/magnentorobo_ros2/install/artscript_interfaces/include/artscript_interfaces/srv/servo_single.hpp
[1.455s] -- Up-to-date: /home/artscript/Desktop/WorkSpace/MagnentoROBO/magnentorobo_ros2/install/artscript_interfaces/include/artscript_interfaces
[1.455s] -- Up-to-date: /home/artscript/Desktop/WorkSpace/MagnentoROBO/magnentorobo_ros2/install/artscript_interfaces/include/artscript_interfaces/msg
[1.456s] -- Up-to-date: /home/artscript/Desktop/WorkSpace/MagnentoROBO/magnentorobo_ros2/install/artscript_interfaces/include/artscript_interfaces/msg/detail
[1.456s] -- Up-to-date: /home/artscript/Desktop/WorkSpace/MagnentoROBO/magnentorobo_ros2/install/artscript_interfaces/include/artscript_interfaces/msg/detail/infraredstrain__type_support.cpp
[1.456s] -- Up-to-date: /home/artscript/Desktop/WorkSpace/MagnentoROBO/magnentorobo_ros2/install/artscript_interfaces/include/artscript_interfaces/msg/detail/imu__type_support.cpp
[1.456s] -- Up-to-date: /home/artscript/Desktop/WorkSpace/MagnentoROBO/magnentorobo_ros2/install/artscript_interfaces/include/artscript_interfaces/msg/detail/infraredstrain__rosidl_typesupport_introspection_cpp.hpp
[1.456s] -- Up-to-date: /home/artscript/Desktop/WorkSpace/MagnentoROBO/magnentorobo_ros2/install/artscript_interfaces/include/artscript_interfaces/msg/detail/imu__rosidl_typesupport_introspection_cpp.hpp
[1.456s] -- Up-to-date: /home/artscript/Desktop/WorkSpace/MagnentoROBO/magnentorobo_ros2/install/artscript_interfaces/include/artscript_interfaces/srv
[1.456s] -- Up-to-date: /home/artscript/Desktop/WorkSpace/MagnentoROBO/magnentorobo_ros2/install/artscript_interfaces/include/artscript_interfaces/srv/detail
[1.456s] -- Up-to-date: /home/artscript/Desktop/WorkSpace/MagnentoROBO/magnentorobo_ros2/install/artscript_interfaces/include/artscript_interfaces/srv/detail/servo_group__rosidl_typesupport_introspection_cpp.hpp
[1.456s] -- Up-to-date: /home/artscript/Desktop/WorkSpace/MagnentoROBO/magnentorobo_ros2/install/artscript_interfaces/include/artscript_interfaces/srv/detail/servo_single__type_support.cpp
[1.456s] -- Up-to-date: /home/artscript/Desktop/WorkSpace/MagnentoROBO/magnentorobo_ros2/install/artscript_interfaces/include/artscript_interfaces/srv/detail/servo_group__type_support.cpp
[1.456s] -- Up-to-date: /home/artscript/Desktop/WorkSpace/MagnentoROBO/magnentorobo_ros2/install/artscript_interfaces/include/artscript_interfaces/srv/detail/servo_single__rosidl_typesupport_introspection_cpp.hpp
[1.456s] -- Up-to-date: /home/artscript/Desktop/WorkSpace/MagnentoROBO/magnentorobo_ros2/install/artscript_interfaces/lib/libartscript_interfaces__rosidl_typesupport_introspection_cpp.so
[1.457s] -- Up-to-date: /home/artscript/Desktop/WorkSpace/MagnentoROBO/magnentorobo_ros2/install/artscript_interfaces/lib/libartscript_interfaces__rosidl_typesupport_cpp.so
[1.457s] -- Up-to-date: /home/artscript/Desktop/WorkSpace/MagnentoROBO/magnentorobo_ros2/install/artscript_interfaces/share/artscript_interfaces/environment/pythonpath.sh
[1.457s] -- Up-to-date: /home/artscript/Desktop/WorkSpace/MagnentoROBO/magnentorobo_ros2/install/artscript_interfaces/share/artscript_interfaces/environment/pythonpath.dsv
[1.458s] -- Up-to-date: /home/artscript/Desktop/WorkSpace/MagnentoROBO/magnentorobo_ros2/install/artscript_interfaces/lib/python3.8/site-packages/artscript_interfaces/__init__.py
[1.480s] -- Up-to-date: /home/artscript/Desktop/WorkSpace/MagnentoROBO/magnentorobo_ros2/install/artscript_interfaces/lib/python3.8/site-packages/artscript_interfaces/msg
[1.480s] -- Up-to-date: /home/artscript/Desktop/WorkSpace/MagnentoROBO/magnentorobo_ros2/install/artscript_interfaces/lib/python3.8/site-packages/artscript_interfaces/msg/__init__.py
[1.480s] -- Up-to-date: /home/artscript/Desktop/WorkSpace/MagnentoROBO/magnentorobo_ros2/install/artscript_interfaces/lib/python3.8/site-packages/artscript_interfaces/msg/_infraredstrain.py
[1.480s] -- Up-to-date: /home/artscript/Desktop/WorkSpace/MagnentoROBO/magnentorobo_ros2/install/artscript_interfaces/lib/python3.8/site-packages/artscript_interfaces/msg/_infraredstrain_s.c
[1.481s] -- Up-to-date: /home/artscript/Desktop/WorkSpace/MagnentoROBO/magnentorobo_ros2/install/artscript_interfaces/lib/python3.8/site-packages/artscript_interfaces/msg/_imu_s.c
[1.481s] -- Up-to-date: /home/artscript/Desktop/WorkSpace/MagnentoROBO/magnentorobo_ros2/install/artscript_interfaces/lib/python3.8/site-packages/artscript_interfaces/msg/_imu.py
[1.481s] -- Up-to-date: /home/artscript/Desktop/WorkSpace/MagnentoROBO/magnentorobo_ros2/install/artscript_interfaces/lib/python3.8/site-packages/artscript_interfaces/srv
[1.481s] -- Up-to-date: /home/artscript/Desktop/WorkSpace/MagnentoROBO/magnentorobo_ros2/install/artscript_interfaces/lib/python3.8/site-packages/artscript_interfaces/srv/__init__.py
[1.481s] -- Up-to-date: /home/artscript/Desktop/WorkSpace/MagnentoROBO/magnentorobo_ros2/install/artscript_interfaces/lib/python3.8/site-packages/artscript_interfaces/srv/_servo_group.py
[1.481s] -- Up-to-date: /home/artscript/Desktop/WorkSpace/MagnentoROBO/magnentorobo_ros2/install/artscript_interfaces/lib/python3.8/site-packages/artscript_interfaces/srv/_servo_single.py
[1.481s] -- Up-to-date: /home/artscript/Desktop/WorkSpace/MagnentoROBO/magnentorobo_ros2/install/artscript_interfaces/lib/python3.8/site-packages/artscript_interfaces/srv/_servo_single_s.c
[1.482s] -- Up-to-date: /home/artscript/Desktop/WorkSpace/MagnentoROBO/magnentorobo_ros2/install/artscript_interfaces/lib/python3.8/site-packages/artscript_interfaces/srv/_servo_group_s.c
[1.482s] -- Up-to-date: /home/artscript/Desktop/WorkSpace/MagnentoROBO/magnentorobo_ros2/install/artscript_interfaces/lib/python3.8/site-packages/artscript_interfaces/artscript_interfaces_s__rosidl_typesupport_fastrtps_c.cpython-38-x86_64-linux-gnu.so
[1.482s] -- Up-to-date: /home/artscript/Desktop/WorkSpace/MagnentoROBO/magnentorobo_ros2/install/artscript_interfaces/lib/python3.8/site-packages/artscript_interfaces/artscript_interfaces_s__rosidl_typesupport_introspection_c.cpython-38-x86_64-linux-gnu.so
[1.482s] -- Up-to-date: /home/artscript/Desktop/WorkSpace/MagnentoROBO/magnentorobo_ros2/install/artscript_interfaces/lib/python3.8/site-packages/artscript_interfaces/artscript_interfaces_s__rosidl_typesupport_c.cpython-38-x86_64-linux-gnu.so
[1.482s] -- Up-to-date: /home/artscript/Desktop/WorkSpace/MagnentoROBO/magnentorobo_ros2/install/artscript_interfaces/lib/libartscript_interfaces__python.so
[1.482s] -- Up-to-date: /home/artscript/Desktop/WorkSpace/MagnentoROBO/magnentorobo_ros2/install/artscript_interfaces/share/artscript_interfaces/msg/Imu.idl
[1.483s] -- Up-to-date: /home/artscript/Desktop/WorkSpace/MagnentoROBO/magnentorobo_ros2/install/artscript_interfaces/share/artscript_interfaces/msg/Infraredstrain.idl
[1.483s] -- Up-to-date: /home/artscript/Desktop/WorkSpace/MagnentoROBO/magnentorobo_ros2/install/artscript_interfaces/share/artscript_interfaces/srv/ServoGroup.idl
[1.483s] -- Up-to-date: /home/artscript/Desktop/WorkSpace/MagnentoROBO/magnentorobo_ros2/install/artscript_interfaces/share/artscript_interfaces/srv/ServoSingle.idl
[1.483s] -- Up-to-date: /home/artscript/Desktop/WorkSpace/MagnentoROBO/magnentorobo_ros2/install/artscript_interfaces/share/artscript_interfaces/msg/Imu.msg
[1.484s] -- Up-to-date: /home/artscript/Desktop/WorkSpace/MagnentoROBO/magnentorobo_ros2/install/artscript_interfaces/share/artscript_interfaces/msg/Infraredstrain.msg
[1.484s] -- Up-to-date: /home/artscript/Desktop/WorkSpace/MagnentoROBO/magnentorobo_ros2/install/artscript_interfaces/share/artscript_interfaces/srv/ServoGroup.srv
[1.484s] -- Up-to-date: /home/artscript/Desktop/WorkSpace/MagnentoROBO/magnentorobo_ros2/install/artscript_interfaces/share/artscript_interfaces/srv/ServoGroup_Request.msg
[1.484s] -- Up-to-date: /home/artscript/Desktop/WorkSpace/MagnentoROBO/magnentorobo_ros2/install/artscript_interfaces/share/artscript_interfaces/srv/ServoGroup_Response.msg
[1.484s] -- Up-to-date: /home/artscript/Desktop/WorkSpace/MagnentoROBO/magnentorobo_ros2/install/artscript_interfaces/share/artscript_interfaces/srv/ServoSingle.srv
[1.484s] -- Up-to-date: /home/artscript/Desktop/WorkSpace/MagnentoROBO/magnentorobo_ros2/install/artscript_interfaces/share/artscript_interfaces/srv/ServoSingle_Request.msg
[1.485s] -- Up-to-date: /home/artscript/Desktop/WorkSpace/MagnentoROBO/magnentorobo_ros2/install/artscript_interfaces/share/artscript_interfaces/srv/ServoSingle_Response.msg
[1.485s] -- Up-to-date: /home/artscript/Desktop/WorkSpace/MagnentoROBO/magnentorobo_ros2/install/artscript_interfaces/share/ament_index/resource_index/package_run_dependencies/artscript_interfaces
[1.485s] -- Up-to-date: /home/artscript/Desktop/WorkSpace/MagnentoROBO/magnentorobo_ros2/install/artscript_interfaces/share/ament_index/resource_index/parent_prefix_path/artscript_interfaces
[1.485s] -- Up-to-date: /home/artscript/Desktop/WorkSpace/MagnentoROBO/magnentorobo_ros2/install/artscript_interfaces/share/artscript_interfaces/environment/ament_prefix_path.sh
[1.485s] -- Up-to-date: /home/artscript/Desktop/WorkSpace/MagnentoROBO/magnentorobo_ros2/install/artscript_interfaces/share/artscript_interfaces/environment/ament_prefix_path.dsv
[1.485s] -- Up-to-date: /home/artscript/Desktop/WorkSpace/MagnentoROBO/magnentorobo_ros2/install/artscript_interfaces/share/artscript_interfaces/environment/path.sh
[1.485s] -- Up-to-date: /home/artscript/Desktop/WorkSpace/MagnentoROBO/magnentorobo_ros2/install/artscript_interfaces/share/artscript_interfaces/environment/path.dsv
[1.486s] -- Up-to-date: /home/artscript/Desktop/WorkSpace/MagnentoROBO/magnentorobo_ros2/install/artscript_interfaces/share/artscript_interfaces/local_setup.bash
[1.486s] -- Up-to-date: /home/artscript/Desktop/WorkSpace/MagnentoROBO/magnentorobo_ros2/install/artscript_interfaces/share/artscript_interfaces/local_setup.sh
[1.486s] -- Up-to-date: /home/artscript/Desktop/WorkSpace/MagnentoROBO/magnentorobo_ros2/install/artscript_interfaces/share/artscript_interfaces/local_setup.zsh
[1.486s] -- Up-to-date: /home/artscript/Desktop/WorkSpace/MagnentoROBO/magnentorobo_ros2/install/artscript_interfaces/share/artscript_interfaces/local_setup.dsv
[1.486s] -- Installing: /home/artscript/Desktop/WorkSpace/MagnentoROBO/magnentorobo_ros2/install/artscript_interfaces/share/artscript_interfaces/package.dsv
[1.487s] -- Up-to-date: /home/artscript/Desktop/WorkSpace/MagnentoROBO/magnentorobo_ros2/install/artscript_interfaces/share/ament_index/resource_index/packages/artscript_interfaces
[1.487s] -- Up-to-date: /home/artscript/Desktop/WorkSpace/MagnentoROBO/magnentorobo_ros2/install/artscript_interfaces/share/artscript_interfaces/cmake/artscript_interfaces__rosidl_generator_cExport.cmake
[1.487s] -- Up-to-date: /home/artscript/Desktop/WorkSpace/MagnentoROBO/magnentorobo_ros2/install/artscript_interfaces/share/artscript_interfaces/cmake/artscript_interfaces__rosidl_generator_cExport-noconfig.cmake
[1.487s] -- Up-to-date: /home/artscript/Desktop/WorkSpace/MagnentoROBO/magnentorobo_ros2/install/artscript_interfaces/share/artscript_interfaces/cmake/artscript_interfaces__rosidl_typesupport_introspection_cExport.cmake
[1.487s] -- Up-to-date: /home/artscript/Desktop/WorkSpace/MagnentoROBO/magnentorobo_ros2/install/artscript_interfaces/share/artscript_interfaces/cmake/artscript_interfaces__rosidl_typesupport_introspection_cExport-noconfig.cmake
[1.487s] -- Up-to-date: /home/artscript/Desktop/WorkSpace/MagnentoROBO/magnentorobo_ros2/install/artscript_interfaces/share/artscript_interfaces/cmake/artscript_interfaces__rosidl_typesupport_cExport.cmake
[1.488s] -- Up-to-date: /home/artscript/Desktop/WorkSpace/MagnentoROBO/magnentorobo_ros2/install/artscript_interfaces/share/artscript_interfaces/cmake/artscript_interfaces__rosidl_typesupport_cExport-noconfig.cmake
[1.488s] -- Up-to-date: /home/artscript/Desktop/WorkSpace/MagnentoROBO/magnentorobo_ros2/install/artscript_interfaces/share/artscript_interfaces/cmake/artscript_interfaces__rosidl_generator_cppExport.cmake
[1.488s] -- Up-to-date: /home/artscript/Desktop/WorkSpace/MagnentoROBO/magnentorobo_ros2/install/artscript_interfaces/share/artscript_interfaces/cmake/artscript_interfaces__rosidl_typesupport_introspection_cppExport.cmake
[1.488s] -- Up-to-date: /home/artscript/Desktop/WorkSpace/MagnentoROBO/magnentorobo_ros2/install/artscript_interfaces/share/artscript_interfaces/cmake/artscript_interfaces__rosidl_typesupport_introspection_cppExport-noconfig.cmake
[1.489s] -- Up-to-date: /home/artscript/Desktop/WorkSpace/MagnentoROBO/magnentorobo_ros2/install/artscript_interfaces/share/artscript_interfaces/cmake/artscript_interfaces__rosidl_typesupport_cppExport.cmake
[1.490s] -- Up-to-date: /home/artscript/Desktop/WorkSpace/MagnentoROBO/magnentorobo_ros2/install/artscript_interfaces/share/artscript_interfaces/cmake/artscript_interfaces__rosidl_typesupport_cppExport-noconfig.cmake
[1.490s] -- Up-to-date: /home/artscript/Desktop/WorkSpace/MagnentoROBO/magnentorobo_ros2/install/artscript_interfaces/share/artscript_interfaces/cmake/rosidl_cmake-extras.cmake
[1.491s] -- Up-to-date: /home/artscript/Desktop/WorkSpace/MagnentoROBO/magnentorobo_ros2/install/artscript_interfaces/share/artscript_interfaces/cmake/ament_cmake_export_dependencies-extras.cmake
[1.491s] -- Up-to-date: /home/artscript/Desktop/WorkSpace/MagnentoROBO/magnentorobo_ros2/install/artscript_interfaces/share/artscript_interfaces/cmake/ament_cmake_export_libraries-extras.cmake
[1.491s] -- Up-to-date: /home/artscript/Desktop/WorkSpace/MagnentoROBO/magnentorobo_ros2/install/artscript_interfaces/share/artscript_interfaces/cmake/ament_cmake_export_targets-extras.cmake
[1.491s] -- Up-to-date: /home/artscript/Desktop/WorkSpace/MagnentoROBO/magnentorobo_ros2/install/artscript_interfaces/share/artscript_interfaces/cmake/ament_cmake_export_include_directories-extras.cmake
[1.491s] -- Up-to-date: /home/artscript/Desktop/WorkSpace/MagnentoROBO/magnentorobo_ros2/install/artscript_interfaces/share/artscript_interfaces/cmake/rosidl_cmake_export_typesupport_libraries-extras.cmake
[1.491s] -- Up-to-date: /home/artscript/Desktop/WorkSpace/MagnentoROBO/magnentorobo_ros2/install/artscript_interfaces/share/artscript_interfaces/cmake/rosidl_cmake_export_typesupport_targets-extras.cmake
[1.491s] -- Up-to-date: /home/artscript/Desktop/WorkSpace/MagnentoROBO/magnentorobo_ros2/install/artscript_interfaces/share/artscript_interfaces/cmake/artscript_interfacesConfig.cmake
[1.492s] -- Up-to-date: /home/artscript/Desktop/WorkSpace/MagnentoROBO/magnentorobo_ros2/install/artscript_interfaces/share/artscript_interfaces/cmake/artscript_interfacesConfig-version.cmake
[1.492s] -- Up-to-date: /home/artscript/Desktop/WorkSpace/MagnentoROBO/magnentorobo_ros2/install/artscript_interfaces/share/artscript_interfaces/package.xml
[1.492s] Invoked command in '/home/artscript/Desktop/WorkSpace/MagnentoROBO/magnentorobo_ros2/build/artscript_interfaces' returned '0': CMAKE_PREFIX_PATH=${CMAKE_PREFIX_PATH}:/home/artscript/Desktop/WorkSpace/MagnentoROBO/magnentorobo_ros2/install/mcu_usb_pkg:/opt/ros/foxy /usr/bin/cmake --install /home/artscript/Desktop/WorkSpace/MagnentoROBO/magnentorobo_ros2/build/artscript_interfaces
