[0.000000] (-) TimerEvent: {}
[0.000778] (-) JobUnselected: {'identifier': 'artscript_main'}
[0.001904] (-) JobUnselected: {'identifier': 'camera_usb_pkg'}
[0.002305] (-) JobUnselected: {'identifier': 'imu_usb_pkg'}
[0.003004] (-) JobUnselected: {'identifier': 'mcu_usb_pkg'}
[0.004147] (-) JobUnselected: {'identifier': 'servo_pwm_pkg'}
[0.004879] (artscript_interfaces) JobQueued: {'identifier': 'artscript_interfaces', 'dependencies': OrderedDict()}
[0.010375] (artscript_interfaces) JobStarted: {'identifier': 'artscript_interfaces'}
[0.016746] (artscript_interfaces) JobProgress: {'identifier': 'artscript_interfaces', 'progress': 'cmake'}
[0.022032] (artscript_interfaces) Command: {'cmd': ['/usr/bin/cmake', '/home/artscript/Desktop/WorkSpace/MagnentoROBO/magnentorobo_ros2/src/artscript_interfaces', '-DCMAKE_INSTALL_PREFIX=/home/artscript/Desktop/WorkSpace/MagnentoROBO/magnentorobo_ros2/install/artscript_interfaces'], 'cwd': '/home/artscript/Desktop/WorkSpace/MagnentoROBO/magnentorobo_ros2/build/artscript_interfaces', 'env': OrderedDict([('GJS_DEBUG_TOPICS', 'JS ERROR;JS LOG'), ('ZPLUG_ERROR_LOG', '/home/artscript/.zplug/.error_log'), ('USER', 'artscript'), ('ZPLUG_LOG_LOAD_FAILURE', 'false'), ('ZPLUG_THREADS', '16'), ('SSH_AGENT_PID', '1952'), ('XDG_SESSION_TYPE', 'x11'), ('GIT_ASKPASS', '/usr/share/code/resources/app/extensions/git/dist/askpass.sh'), ('SHLVL', '1'), ('LD_LIBRARY_PATH', '/home/artscript/Desktop/WorkSpace/MagnentoROBO/magnentorobo_ros2/install/artscript_interfaces/lib:/opt/ros/foxy/opt/yaml_cpp_vendor/lib:/opt/ros/foxy/opt/rviz_ogre_vendor/lib:/opt/ros/foxy/lib/x86_64-linux-gnu:/opt/ros/foxy/lib'), ('HOME', '/home/artscript'), ('CHROME_DESKTOP', 'code-url-handler.desktop'), ('OLDPWD', '/home/artscript/Desktop/WorkSpace/MagnentoROBO/magnentorobo_ros2/src'), ('CYCLONEDDS_URI', 'file:///home/artscript/cyclonedds.xml'), ('DESKTOP_SESSION', 'ubuntu'), ('TERM_PROGRAM_VERSION', '1.62.3'), ('GIO_LAUNCHED_DESKTOP_FILE', '/usr/share/applications/code.desktop'), ('ZSH', '/home/artscript/.oh-my-zsh'), ('GTK_MODULES', 'gail:atk-bridge'), ('GNOME_SHELL_SESSION_MODE', 'ubuntu'), ('FPATH', '/home/artscript/.zplug/misc/completions:/home/artscript/.zplug/base/sources:/home/artscript/.zplug/autoload:/home/artscript/.zplug/base/utils:/home/artscript/.zplug/base/job:/home/artscript/.zplug/base/log:/home/artscript/.zplug/base/io:/home/artscript/.zplug/base/core:/home/artscript/.zplug/base/base:/home/artscript/.zplug/autoload/commands:/home/artscript/.zplug/autoload/options:/home/artscript/.zplug/autoload/tags:/usr/local/share/zsh/site-functions:/usr/share/zsh/vendor-functions:/usr/share/zsh/vendor-completions:/usr/share/zsh/functions/Calendar:/usr/share/zsh/functions/Chpwd:/usr/share/zsh/functions/Completion:/usr/share/zsh/functions/Completion/AIX:/usr/share/zsh/functions/Completion/BSD:/usr/share/zsh/functions/Completion/Base:/usr/share/zsh/functions/Completion/Cygwin:/usr/share/zsh/functions/Completion/Darwin:/usr/share/zsh/functions/Completion/Debian:/usr/share/zsh/functions/Completion/Linux:/usr/share/zsh/functions/Completion/Mandriva:/usr/share/zsh/functions/Completion/Redhat:/usr/share/zsh/functions/Completion/Solaris:/usr/share/zsh/functions/Completion/Unix:/usr/share/zsh/functions/Completion/X:/usr/share/zsh/functions/Completion/Zsh:/usr/share/zsh/functions/Completion/openSUSE:/usr/share/zsh/functions/Exceptions:/usr/share/zsh/functions/MIME:/usr/share/zsh/functions/Math:/usr/share/zsh/functions/Misc:/usr/share/zsh/functions/Newuser:/usr/share/zsh/functions/Prompts:/usr/share/zsh/functions/TCP:/usr/share/zsh/functions/VCS_Info:/usr/share/zsh/functions/VCS_Info/Backends:/usr/share/zsh/functions/Zftp:/usr/share/zsh/functions/Zle:/home/artscript/.zplug/repos/zsh-users/zsh-completions/src'), ('ZPLUG_BIN', '/home/artscript/.zplug/bin'), ('ROS_PYTHON_VERSION', '3'), ('VSCODE_GIT_ASKPASS_MAIN', '/usr/share/code/resources/app/extensions/git/dist/askpass-main.js'), ('MANAGERPID', '1775'), ('_ZPLUG_VERSION', '2.4.2'), ('VSCODE_GIT_ASKPASS_NODE', '/usr/share/code/code'), ('DBUS_SESSION_BUS_ADDRESS', 'unix:path=/run/user/1000/bus'), ('ZPLUG_HOME', '/home/artscript/.zplug'), ('P9K_TTY', 'old'), ('GIO_LAUNCHED_DESKTOP_FILE_PID', '8093'), ('ZPLUG_FILTER', 'fzf-tmux:fzf:peco:percol:fzy:zaw'), ('COLORTERM', 'truecolor'), ('NVM_DIR', '/home/artscript/.nvm'), ('IM_CONFIG_PHASE', '1'), ('MANDATORY_PATH', '/usr/share/gconf/ubuntu.mandatory.path'), ('ROS_DISTRO', 'foxy'), ('COLCON_PREFIX_PATH', '/home/artscript/Desktop/WorkSpace/MagnentoROBO/magnentorobo_ros2/install'), ('LOGNAME', 'artscript'), ('PERIOD', '30'), ('_ZPLUG_URL', 'https://github.com/zplug/zplug'), ('_', '/usr/bin/colcon'), ('JOURNAL_STREAM', '8:59646'), ('DEFAULTS_PATH', '/usr/share/gconf/ubuntu.default.path'), ('XDG_SESSION_CLASS', 'user'), ('ZPLUG_LOADFILE', '/home/artscript/.zplug/packages.zsh'), ('ROS_VERSION', '2'), ('USERNAME', 'artscript'), ('_ZPLUG_CONFIG_SUBSHELL', ':'), ('TERM', 'xterm-256color'), ('GNOME_DESKTOP_SESSION_ID', 'this-is-deprecated'), ('ZPLUG_LOG_LOAD_SUCCESS', 'false'), ('ROS_LOCALHOST_ONLY', '0'), ('WINDOWPATH', '2'), ('PATH', '/home/artscript/.zplug/bin:/home/artscript/bin:/usr/local/bin:/opt/ros/foxy/bin:/home/artscript/.local/bin:/usr/local/sbin:/usr/sbin:/usr/bin:/sbin:/bin:/usr/games:/usr/local/games:/snap/bin'), ('SESSION_MANAGER', 'local/ubuntu:@/tmp/.ICE-unix/1987,unix/ubuntu:/tmp/.ICE-unix/1987'), ('INVOCATION_ID', 'c47273450aac49b391edf2646aeaf23a'), ('ZPLUG_CACHE_DIR', '/home/artscript/.zplug/cache'), ('XDG_RUNTIME_DIR', '/run/user/1000'), ('XDG_MENU_PREFIX', 'gnome-'), ('GDK_BACKEND', 'x11'), ('_ZPLUG_OHMYZSH', 'robbyrussell/oh-my-zsh'), ('_ZPLUG_PREZTO', 'sorin-ionescu/prezto'), ('DISPLAY', ':0'), ('LANG', 'en_US.UTF-8'), ('XDG_CURRENT_DESKTOP', 'Unity'), ('RMW_IMPLEMENTATION', 'rmw_cyclonedds_cpp'), ('XAUTHORITY', '/run/user/1000/gdm/Xauthority'), ('XDG_SESSION_DESKTOP', 'ubuntu'), ('XMODIFIERS', '@im=ibus'), ('TERM_PROGRAM', 'vscode'), ('VSCODE_GIT_IPC_HANDLE', '/run/user/1000/vscode-git-ec08b25829.sock'), ('SSH_AUTH_SOCK', '/run/user/1000/keyring/ssh'), ('ORIGINAL_XDG_CURRENT_DESKTOP', 'ubuntu:GNOME'), ('AMENT_PREFIX_PATH', '/home/artscript/Desktop/WorkSpace/MagnentoROBO/magnentorobo_ros2/install/strain_gpio_pkg:/home/artscript/Desktop/WorkSpace/MagnentoROBO/magnentorobo_ros2/install/servo_pwm_pkg:/home/artscript/Desktop/WorkSpace/MagnentoROBO/magnentorobo_ros2/install/infrared_gpio_pkg:/home/artscript/Desktop/WorkSpace/MagnentoROBO/magnentorobo_ros2/install/artscript_main:/home/artscript/Desktop/WorkSpace/MagnentoROBO/magnentorobo_ros2/install/artscript_interfaces:/home/artscript/Desktop/WorkSpace/MagnentoROBO/magnentorobo_ros2/install/ARTScript_pkg:/home/artscript/Desktop/WorkSpace/MagnentoROBO/magnentorobo_ros2/install/imu_usb_pkg:/home/artscript/Desktop/WorkSpace/MagnentoROBO/magnentorobo_ros2/install/camera_usb_pkg:/opt/ros/foxy'), ('SHELL', '/usr/bin/zsh'), ('_ZPLUG_AWKPATH', '/home/artscript/.zplug/misc/contrib'), ('QT_ACCESSIBILITY', '1'), ('GDMSESSION', 'ubuntu'), ('ZPLUG_PROTOCOL', 'HTTPS'), ('ZPLUG_REPOS', '/home/artscript/.zplug/repos'), ('GPG_AGENT_INFO', '/run/user/1000/gnupg/S.gpg-agent:0:1'), ('GJS_DEBUG_OUTPUT', 'stderr'), ('P9K_SSH', '0'), ('QT_IM_MODULE', 'ibus'), ('VSCODE_GIT_ASKPASS_EXTRA_ARGS', '--ms-enable-electron-run-as-node'), ('PWD', '/home/artscript/Desktop/WorkSpace/MagnentoROBO/magnentorobo_ros2/build/artscript_interfaces'), ('XDG_DATA_DIRS', '/usr/share/ubuntu:/usr/local/share/:/usr/share/:/var/lib/snapd/desktop'), ('XDG_CONFIG_DIRS', '/etc/xdg/xdg-ubuntu:/etc/xdg'), ('_P9K_TTY', '/dev/pts/1'), ('ZPLUG_USE_CACHE', 'true'), ('PYTHONPATH', '/home/artscript/Desktop/WorkSpace/MagnentoROBO/magnentorobo_ros2/install/artscript_interfaces/lib/python3.8/site-packages:/home/artscript/Desktop/WorkSpace/MagnentoROBO/magnentorobo_ros2/install/strain_gpio_pkg/lib/python3.8/site-packages:/home/artscript/Desktop/WorkSpace/MagnentoROBO/magnentorobo_ros2/install/servo_pwm_pkg/lib/python3.8/site-packages:/home/artscript/Desktop/WorkSpace/MagnentoROBO/magnentorobo_ros2/install/infrared_gpio_pkg/lib/python3.8/site-packages:/home/artscript/Desktop/WorkSpace/MagnentoROBO/magnentorobo_ros2/install/artscript_main/lib/python3.8/site-packages:/home/artscript/Desktop/WorkSpace/MagnentoROBO/magnentorobo_ros2/install/ARTScript_pkg/lib/python3.8/site-packages:/home/artscript/Desktop/WorkSpace/MagnentoROBO/magnentorobo_ros2/install/imu_usb_pkg/lib/python3.8/site-packages:/home/artscript/Desktop/WorkSpace/MagnentoROBO/magnentorobo_ros2/install/camera_usb_pkg/lib/python3.8/site-packages:/opt/ros/foxy/lib/python3.8/site-packages'), ('BREAKPAD_DUMP_LOCATION', '/home/artscript/.config/Code/exthost Crash Reports'), ('COLCON', '1'), ('ZPLUG_ROOT', '/home/artscript/.zplug'), ('CMAKE_PREFIX_PATH', '/home/artscript/Desktop/WorkSpace/MagnentoROBO/magnentorobo_ros2/install/artscript_interfaces:/home/artscript/Desktop/WorkSpace/MagnentoROBO/magnentorobo_ros2/install/strain_gpio_pkg:/home/artscript/Desktop/WorkSpace/MagnentoROBO/magnentorobo_ros2/install/servo_pwm_pkg:/home/artscript/Desktop/WorkSpace/MagnentoROBO/magnentorobo_ros2/install/infrared_gpio_pkg:/home/artscript/Desktop/WorkSpace/MagnentoROBO/magnentorobo_ros2/install/artscript_main:/home/artscript/Desktop/WorkSpace/MagnentoROBO/magnentorobo_ros2/install/ARTScript_pkg:/home/artscript/Desktop/WorkSpace/MagnentoROBO/magnentorobo_ros2/install/imu_usb_pkg:/home/artscript/Desktop/WorkSpace/MagnentoROBO/magnentorobo_ros2/install/camera_usb_pkg:/opt/ros/foxy')]), 'shell': False}
[0.044352] (artscript_interfaces) StdoutLine: {'line': b'-- Found ament_cmake: 0.9.9 (/opt/ros/foxy/share/ament_cmake/cmake)\n'}
[0.070258] (artscript_interfaces) StdoutLine: {'line': b'-- Using PYTHON_EXECUTABLE: /usr/bin/python3\n'}
[0.098564] (-) TimerEvent: {}
[0.199546] (-) TimerEvent: {}
[0.218267] (artscript_interfaces) StdoutLine: {'line': b'-- Found rosidl_default_generators: 1.0.1 (/opt/ros/foxy/share/rosidl_default_generators/cmake)\n'}
[0.220515] (artscript_interfaces) StdoutLine: {'line': b'-- Using all available rosidl_typesupport_c: rosidl_typesupport_fastrtps_c;rosidl_typesupport_introspection_c\n'}
[0.223544] (artscript_interfaces) StdoutLine: {'line': b'-- Found rosidl_adapter: 1.2.1 (/opt/ros/foxy/share/rosidl_adapter/cmake)\n'}
[0.300277] (-) TimerEvent: {}
[0.326658] (artscript_interfaces) StdoutLine: {'line': b'-- Using all available rosidl_typesupport_cpp: rosidl_typesupport_fastrtps_cpp;rosidl_typesupport_introspection_cpp\n'}
[0.367220] (artscript_interfaces) StdoutLine: {'line': b'-- Found PythonInterp: /usr/bin/python3 (found version "3.8.10") \n'}
[0.400965] (-) TimerEvent: {}
[0.468047] (artscript_interfaces) StdoutLine: {'line': b'-- Found ament_cmake_ros: 0.9.2 (/opt/ros/foxy/share/ament_cmake_ros/cmake)\n'}
[0.501099] (-) TimerEvent: {}
[0.540886] (artscript_interfaces) StdoutLine: {'line': b'-- Using all available rosidl_typesupport_c: rosidl_typesupport_fastrtps_c;rosidl_typesupport_introspection_c\n'}
[0.548476] (artscript_interfaces) StdoutLine: {'line': b'-- Using all available rosidl_typesupport_cpp: rosidl_typesupport_fastrtps_cpp;rosidl_typesupport_introspection_cpp\n'}
[0.566396] (artscript_interfaces) StdoutLine: {'line': b'-- Found PythonInterp: /usr/bin/python3 (found suitable version "3.8.10", minimum required is "3.5") \n'}
[0.567836] (artscript_interfaces) StdoutLine: {'line': b'-- Found python_cmake_module: 0.8.1 (/opt/ros/foxy/share/python_cmake_module/cmake)\n'}
[0.589176] (artscript_interfaces) StdoutLine: {'line': b'-- Found PythonLibs: /usr/lib/x86_64-linux-gnu/libpython3.8.so (found suitable version "3.8.10", minimum required is "3.5") \n'}
[0.589447] (artscript_interfaces) StdoutLine: {'line': b'-- Using PYTHON_EXECUTABLE: /usr/bin/python3\n'}
[0.589524] (artscript_interfaces) StdoutLine: {'line': b'-- Using PYTHON_INCLUDE_DIRS: /usr/include/python3.8\n'}
[0.589581] (artscript_interfaces) StdoutLine: {'line': b'-- Using PYTHON_LIBRARIES: /usr/lib/x86_64-linux-gnu/libpython3.8.so\n'}
[0.601443] (-) TimerEvent: {}
[0.605666] (artscript_interfaces) StdoutLine: {'line': b'-- Found PythonExtra: .so  \n'}
[0.639615] (artscript_interfaces) StdoutLine: {'line': b'-- Found ament_lint_auto: 0.9.6 (/opt/ros/foxy/share/ament_lint_auto/cmake)\n'}
[0.656994] (artscript_interfaces) StdoutLine: {'line': b"-- Added test 'copyright' to check source files copyright and LICENSE\n"}
[0.659061] (artscript_interfaces) StdoutLine: {'line': b"-- Added test 'lint_cmake' to check CMake code style\n"}
[0.660299] (artscript_interfaces) StdoutLine: {'line': b"-- Added test 'xmllint' to check XML markup files\n"}
[0.664554] (artscript_interfaces) StdoutLine: {'line': b'-- Configuring done\n'}
[0.694703] (artscript_interfaces) StdoutLine: {'line': b'-- Generating done\n'}
[0.697988] (artscript_interfaces) StdoutLine: {'line': b'-- Build files have been written to: /home/artscript/Desktop/WorkSpace/MagnentoROBO/magnentorobo_ros2/build/artscript_interfaces\n'}
[0.702536] (-) TimerEvent: {}
[0.704280] (artscript_interfaces) CommandEnded: {'returncode': 0}
[0.707705] (artscript_interfaces) JobProgress: {'identifier': 'artscript_interfaces', 'progress': 'build'}
[0.707791] (artscript_interfaces) Command: {'cmd': ['/usr/bin/cmake', '--build', '/home/artscript/Desktop/WorkSpace/MagnentoROBO/magnentorobo_ros2/build/artscript_interfaces', '--', '-j4', '-l4'], 'cwd': '/home/artscript/Desktop/WorkSpace/MagnentoROBO/magnentorobo_ros2/build/artscript_interfaces', 'env': OrderedDict([('GJS_DEBUG_TOPICS', 'JS ERROR;JS LOG'), ('ZPLUG_ERROR_LOG', '/home/artscript/.zplug/.error_log'), ('USER', 'artscript'), ('ZPLUG_LOG_LOAD_FAILURE', 'false'), ('ZPLUG_THREADS', '16'), ('SSH_AGENT_PID', '1952'), ('XDG_SESSION_TYPE', 'x11'), ('GIT_ASKPASS', '/usr/share/code/resources/app/extensions/git/dist/askpass.sh'), ('SHLVL', '1'), ('LD_LIBRARY_PATH', '/home/artscript/Desktop/WorkSpace/MagnentoROBO/magnentorobo_ros2/install/artscript_interfaces/lib:/opt/ros/foxy/opt/yaml_cpp_vendor/lib:/opt/ros/foxy/opt/rviz_ogre_vendor/lib:/opt/ros/foxy/lib/x86_64-linux-gnu:/opt/ros/foxy/lib'), ('HOME', '/home/artscript'), ('CHROME_DESKTOP', 'code-url-handler.desktop'), ('OLDPWD', '/home/artscript/Desktop/WorkSpace/MagnentoROBO/magnentorobo_ros2/src'), ('CYCLONEDDS_URI', 'file:///home/artscript/cyclonedds.xml'), ('DESKTOP_SESSION', 'ubuntu'), ('TERM_PROGRAM_VERSION', '1.62.3'), ('GIO_LAUNCHED_DESKTOP_FILE', '/usr/share/applications/code.desktop'), ('ZSH', '/home/artscript/.oh-my-zsh'), ('GTK_MODULES', 'gail:atk-bridge'), ('GNOME_SHELL_SESSION_MODE', 'ubuntu'), ('FPATH', '/home/artscript/.zplug/misc/completions:/home/artscript/.zplug/base/sources:/home/artscript/.zplug/autoload:/home/artscript/.zplug/base/utils:/home/artscript/.zplug/base/job:/home/artscript/.zplug/base/log:/home/artscript/.zplug/base/io:/home/artscript/.zplug/base/core:/home/artscript/.zplug/base/base:/home/artscript/.zplug/autoload/commands:/home/artscript/.zplug/autoload/options:/home/artscript/.zplug/autoload/tags:/usr/local/share/zsh/site-functions:/usr/share/zsh/vendor-functions:/usr/share/zsh/vendor-completions:/usr/share/zsh/functions/Calendar:/usr/share/zsh/functions/Chpwd:/usr/share/zsh/functions/Completion:/usr/share/zsh/functions/Completion/AIX:/usr/share/zsh/functions/Completion/BSD:/usr/share/zsh/functions/Completion/Base:/usr/share/zsh/functions/Completion/Cygwin:/usr/share/zsh/functions/Completion/Darwin:/usr/share/zsh/functions/Completion/Debian:/usr/share/zsh/functions/Completion/Linux:/usr/share/zsh/functions/Completion/Mandriva:/usr/share/zsh/functions/Completion/Redhat:/usr/share/zsh/functions/Completion/Solaris:/usr/share/zsh/functions/Completion/Unix:/usr/share/zsh/functions/Completion/X:/usr/share/zsh/functions/Completion/Zsh:/usr/share/zsh/functions/Completion/openSUSE:/usr/share/zsh/functions/Exceptions:/usr/share/zsh/functions/MIME:/usr/share/zsh/functions/Math:/usr/share/zsh/functions/Misc:/usr/share/zsh/functions/Newuser:/usr/share/zsh/functions/Prompts:/usr/share/zsh/functions/TCP:/usr/share/zsh/functions/VCS_Info:/usr/share/zsh/functions/VCS_Info/Backends:/usr/share/zsh/functions/Zftp:/usr/share/zsh/functions/Zle:/home/artscript/.zplug/repos/zsh-users/zsh-completions/src'), ('ZPLUG_BIN', '/home/artscript/.zplug/bin'), ('ROS_PYTHON_VERSION', '3'), ('VSCODE_GIT_ASKPASS_MAIN', '/usr/share/code/resources/app/extensions/git/dist/askpass-main.js'), ('MANAGERPID', '1775'), ('_ZPLUG_VERSION', '2.4.2'), ('VSCODE_GIT_ASKPASS_NODE', '/usr/share/code/code'), ('DBUS_SESSION_BUS_ADDRESS', 'unix:path=/run/user/1000/bus'), ('ZPLUG_HOME', '/home/artscript/.zplug'), ('P9K_TTY', 'old'), ('GIO_LAUNCHED_DESKTOP_FILE_PID', '8093'), ('ZPLUG_FILTER', 'fzf-tmux:fzf:peco:percol:fzy:zaw'), ('COLORTERM', 'truecolor'), ('NVM_DIR', '/home/artscript/.nvm'), ('IM_CONFIG_PHASE', '1'), ('MANDATORY_PATH', '/usr/share/gconf/ubuntu.mandatory.path'), ('ROS_DISTRO', 'foxy'), ('COLCON_PREFIX_PATH', '/home/artscript/Desktop/WorkSpace/MagnentoROBO/magnentorobo_ros2/install'), ('LOGNAME', 'artscript'), ('PERIOD', '30'), ('_ZPLUG_URL', 'https://github.com/zplug/zplug'), ('_', '/usr/bin/colcon'), ('JOURNAL_STREAM', '8:59646'), ('DEFAULTS_PATH', '/usr/share/gconf/ubuntu.default.path'), ('XDG_SESSION_CLASS', 'user'), ('ZPLUG_LOADFILE', '/home/artscript/.zplug/packages.zsh'), ('ROS_VERSION', '2'), ('USERNAME', 'artscript'), ('_ZPLUG_CONFIG_SUBSHELL', ':'), ('TERM', 'xterm-256color'), ('GNOME_DESKTOP_SESSION_ID', 'this-is-deprecated'), ('ZPLUG_LOG_LOAD_SUCCESS', 'false'), ('ROS_LOCALHOST_ONLY', '0'), ('WINDOWPATH', '2'), ('PATH', '/home/artscript/.zplug/bin:/home/artscript/bin:/usr/local/bin:/opt/ros/foxy/bin:/home/artscript/.local/bin:/usr/local/sbin:/usr/sbin:/usr/bin:/sbin:/bin:/usr/games:/usr/local/games:/snap/bin'), ('SESSION_MANAGER', 'local/ubuntu:@/tmp/.ICE-unix/1987,unix/ubuntu:/tmp/.ICE-unix/1987'), ('INVOCATION_ID', 'c47273450aac49b391edf2646aeaf23a'), ('ZPLUG_CACHE_DIR', '/home/artscript/.zplug/cache'), ('XDG_RUNTIME_DIR', '/run/user/1000'), ('XDG_MENU_PREFIX', 'gnome-'), ('GDK_BACKEND', 'x11'), ('_ZPLUG_OHMYZSH', 'robbyrussell/oh-my-zsh'), ('_ZPLUG_PREZTO', 'sorin-ionescu/prezto'), ('DISPLAY', ':0'), ('LANG', 'en_US.UTF-8'), ('XDG_CURRENT_DESKTOP', 'Unity'), ('RMW_IMPLEMENTATION', 'rmw_cyclonedds_cpp'), ('XAUTHORITY', '/run/user/1000/gdm/Xauthority'), ('XDG_SESSION_DESKTOP', 'ubuntu'), ('XMODIFIERS', '@im=ibus'), ('TERM_PROGRAM', 'vscode'), ('VSCODE_GIT_IPC_HANDLE', '/run/user/1000/vscode-git-ec08b25829.sock'), ('SSH_AUTH_SOCK', '/run/user/1000/keyring/ssh'), ('ORIGINAL_XDG_CURRENT_DESKTOP', 'ubuntu:GNOME'), ('AMENT_PREFIX_PATH', '/home/artscript/Desktop/WorkSpace/MagnentoROBO/magnentorobo_ros2/install/strain_gpio_pkg:/home/artscript/Desktop/WorkSpace/MagnentoROBO/magnentorobo_ros2/install/servo_pwm_pkg:/home/artscript/Desktop/WorkSpace/MagnentoROBO/magnentorobo_ros2/install/infrared_gpio_pkg:/home/artscript/Desktop/WorkSpace/MagnentoROBO/magnentorobo_ros2/install/artscript_main:/home/artscript/Desktop/WorkSpace/MagnentoROBO/magnentorobo_ros2/install/artscript_interfaces:/home/artscript/Desktop/WorkSpace/MagnentoROBO/magnentorobo_ros2/install/ARTScript_pkg:/home/artscript/Desktop/WorkSpace/MagnentoROBO/magnentorobo_ros2/install/imu_usb_pkg:/home/artscript/Desktop/WorkSpace/MagnentoROBO/magnentorobo_ros2/install/camera_usb_pkg:/opt/ros/foxy'), ('SHELL', '/usr/bin/zsh'), ('_ZPLUG_AWKPATH', '/home/artscript/.zplug/misc/contrib'), ('QT_ACCESSIBILITY', '1'), ('GDMSESSION', 'ubuntu'), ('ZPLUG_PROTOCOL', 'HTTPS'), ('ZPLUG_REPOS', '/home/artscript/.zplug/repos'), ('GPG_AGENT_INFO', '/run/user/1000/gnupg/S.gpg-agent:0:1'), ('GJS_DEBUG_OUTPUT', 'stderr'), ('P9K_SSH', '0'), ('QT_IM_MODULE', 'ibus'), ('VSCODE_GIT_ASKPASS_EXTRA_ARGS', '--ms-enable-electron-run-as-node'), ('PWD', '/home/artscript/Desktop/WorkSpace/MagnentoROBO/magnentorobo_ros2/build/artscript_interfaces'), ('XDG_DATA_DIRS', '/usr/share/ubuntu:/usr/local/share/:/usr/share/:/var/lib/snapd/desktop'), ('XDG_CONFIG_DIRS', '/etc/xdg/xdg-ubuntu:/etc/xdg'), ('_P9K_TTY', '/dev/pts/1'), ('ZPLUG_USE_CACHE', 'true'), ('PYTHONPATH', '/home/artscript/Desktop/WorkSpace/MagnentoROBO/magnentorobo_ros2/install/artscript_interfaces/lib/python3.8/site-packages:/home/artscript/Desktop/WorkSpace/MagnentoROBO/magnentorobo_ros2/install/strain_gpio_pkg/lib/python3.8/site-packages:/home/artscript/Desktop/WorkSpace/MagnentoROBO/magnentorobo_ros2/install/servo_pwm_pkg/lib/python3.8/site-packages:/home/artscript/Desktop/WorkSpace/MagnentoROBO/magnentorobo_ros2/install/infrared_gpio_pkg/lib/python3.8/site-packages:/home/artscript/Desktop/WorkSpace/MagnentoROBO/magnentorobo_ros2/install/artscript_main/lib/python3.8/site-packages:/home/artscript/Desktop/WorkSpace/MagnentoROBO/magnentorobo_ros2/install/ARTScript_pkg/lib/python3.8/site-packages:/home/artscript/Desktop/WorkSpace/MagnentoROBO/magnentorobo_ros2/install/imu_usb_pkg/lib/python3.8/site-packages:/home/artscript/Desktop/WorkSpace/MagnentoROBO/magnentorobo_ros2/install/camera_usb_pkg/lib/python3.8/site-packages:/opt/ros/foxy/lib/python3.8/site-packages'), ('BREAKPAD_DUMP_LOCATION', '/home/artscript/.config/Code/exthost Crash Reports'), ('COLCON', '1'), ('ZPLUG_ROOT', '/home/artscript/.zplug'), ('CMAKE_PREFIX_PATH', '/home/artscript/Desktop/WorkSpace/MagnentoROBO/magnentorobo_ros2/install/artscript_interfaces:/home/artscript/Desktop/WorkSpace/MagnentoROBO/magnentorobo_ros2/install/strain_gpio_pkg:/home/artscript/Desktop/WorkSpace/MagnentoROBO/magnentorobo_ros2/install/servo_pwm_pkg:/home/artscript/Desktop/WorkSpace/MagnentoROBO/magnentorobo_ros2/install/infrared_gpio_pkg:/home/artscript/Desktop/WorkSpace/MagnentoROBO/magnentorobo_ros2/install/artscript_main:/home/artscript/Desktop/WorkSpace/MagnentoROBO/magnentorobo_ros2/install/ARTScript_pkg:/home/artscript/Desktop/WorkSpace/MagnentoROBO/magnentorobo_ros2/install/imu_usb_pkg:/home/artscript/Desktop/WorkSpace/MagnentoROBO/magnentorobo_ros2/install/camera_usb_pkg:/opt/ros/foxy')]), 'shell': False}
[0.775212] (artscript_interfaces) StdoutLine: {'line': b'[  2%] \x1b[34m\x1b[1mGenerating C code for ROS interfaces\x1b[0m\n'}
[0.782971] (artscript_interfaces) StdoutLine: {'line': b'\x1b[35m\x1b[1mScanning dependencies of target artscript_interfaces__cpp\x1b[0m\n'}
[0.802759] (-) TimerEvent: {}
[0.841221] (artscript_interfaces) StdoutLine: {'line': b'[  5%] \x1b[34m\x1b[1mGenerating C++ code for ROS interfaces\x1b[0m\n'}
[0.902992] (-) TimerEvent: {}
[1.003295] (-) TimerEvent: {}
[1.104051] (-) TimerEvent: {}
[1.114120] (artscript_interfaces) StdoutLine: {'line': b'\x1b[35m\x1b[1mScanning dependencies of target artscript_interfaces__rosidl_generator_c\x1b[0m\n'}
[1.125817] (artscript_interfaces) StdoutLine: {'line': b'[  7%] \x1b[32mBuilding C object CMakeFiles/artscript_interfaces__rosidl_generator_c.dir/rosidl_generator_c/artscript_interfaces/msg/detail/imu__functions.c.o\x1b[0m\n'}
[1.126077] (artscript_interfaces) StdoutLine: {'line': b'[ 10%] \x1b[32mBuilding C object CMakeFiles/artscript_interfaces__rosidl_generator_c.dir/rosidl_generator_c/artscript_interfaces/msg/detail/infrared_strain__functions.c.o\x1b[0m\n'}
[1.159998] (artscript_interfaces) StdoutLine: {'line': b'[ 12%] \x1b[32m\x1b[1mLinking C shared library libartscript_interfaces__rosidl_generator_c.so\x1b[0m\n'}
[1.174721] (artscript_interfaces) StdoutLine: {'line': b'[ 12%] Built target artscript_interfaces__cpp\n'}
[1.185286] (artscript_interfaces) StdoutLine: {'line': b'[ 15%] \x1b[34m\x1b[1mGenerating C++ type support for eProsima Fast-RTPS\x1b[0m\n'}
[1.185974] (artscript_interfaces) StdoutLine: {'line': b'[ 17%] \x1b[34m\x1b[1mGenerating C++ introspection for ROS interfaces\x1b[0m\n'}
[1.186938] (artscript_interfaces) StdoutLine: {'line': b'[ 20%] \x1b[34m\x1b[1mGenerating C++ type support dispatch for ROS interfaces\x1b[0m\n'}
[1.204023] (artscript_interfaces) StdoutLine: {'line': b'[ 20%] Built target artscript_interfaces__rosidl_generator_c\n'}
[1.204247] (-) TimerEvent: {}
[1.223699] (artscript_interfaces) StdoutLine: {'line': b'[ 23%] \x1b[34m\x1b[1mGenerating C introspection for ROS interfaces\x1b[0m\n'}
[1.304744] (-) TimerEvent: {}
[1.405659] (-) TimerEvent: {}
[1.506336] (-) TimerEvent: {}
[1.549691] (artscript_interfaces) StdoutLine: {'line': b'\x1b[35m\x1b[1mScanning dependencies of target artscript_interfaces__rosidl_typesupport_introspection_cpp\x1b[0m\n'}
[1.562773] (artscript_interfaces) StdoutLine: {'line': b'[ 25%] \x1b[32mBuilding CXX object CMakeFiles/artscript_interfaces__rosidl_typesupport_introspection_cpp.dir/rosidl_typesupport_introspection_cpp/artscript_interfaces/msg/detail/imu__type_support.cpp.o\x1b[0m\n'}
[1.584844] (artscript_interfaces) StdoutLine: {'line': b'\x1b[35m\x1b[1mScanning dependencies of target artscript_interfaces__rosidl_typesupport_cpp\x1b[0m\n'}
[1.594311] (artscript_interfaces) StdoutLine: {'line': b'\x1b[35m\x1b[1mScanning dependencies of target artscript_interfaces__rosidl_typesupport_fastrtps_cpp\x1b[0m\n'}
[1.606500] (-) TimerEvent: {}
[1.665645] (artscript_interfaces) StdoutLine: {'line': b'[ 30%] \x1b[32mBuilding CXX object CMakeFiles/artscript_interfaces__rosidl_typesupport_cpp.dir/rosidl_typesupport_cpp/artscript_interfaces/msg/imu__type_support.cpp.o\x1b[0m\n'}
[1.665992] (artscript_interfaces) StdoutLine: {'line': b'[ 30%] \x1b[32mBuilding CXX object CMakeFiles/artscript_interfaces__rosidl_typesupport_fastrtps_cpp.dir/rosidl_typesupport_fastrtps_cpp/artscript_interfaces/msg/detail/dds_fastrtps/imu__type_support.cpp.o\x1b[0m\n'}
[1.706728] (-) TimerEvent: {}
[1.754928] (artscript_interfaces) StdoutLine: {'line': b'\x1b[35m\x1b[1mScanning dependencies of target artscript_interfaces__rosidl_typesupport_introspection_c\x1b[0m\n'}
[1.810287] (-) TimerEvent: {}
[1.832210] (artscript_interfaces) StdoutLine: {'line': b'[ 33%] \x1b[32mBuilding C object CMakeFiles/artscript_interfaces__rosidl_typesupport_introspection_c.dir/rosidl_typesupport_introspection_c/artscript_interfaces/msg/detail/imu__type_support.c.o\x1b[0m\n'}
[1.910416] (-) TimerEvent: {}
[2.011288] (-) TimerEvent: {}
[2.113710] (-) TimerEvent: {}
[2.214174] (-) TimerEvent: {}
[2.315019] (-) TimerEvent: {}
[2.415733] (-) TimerEvent: {}
[2.516147] (-) TimerEvent: {}
[2.617157] (-) TimerEvent: {}
[2.700429] (artscript_interfaces) StdoutLine: {'line': b'[ 35%] \x1b[32mBuilding C object CMakeFiles/artscript_interfaces__rosidl_typesupport_introspection_c.dir/rosidl_typesupport_introspection_c/artscript_interfaces/msg/detail/infrared_strain__type_support.c.o\x1b[0m\n'}
[2.717527] (-) TimerEvent: {}
[2.818493] (-) TimerEvent: {}
[2.919595] (-) TimerEvent: {}
[2.950322] (artscript_interfaces) StdoutLine: {'line': b'[ 38%] \x1b[32mBuilding CXX object CMakeFiles/artscript_interfaces__rosidl_typesupport_introspection_cpp.dir/rosidl_typesupport_introspection_cpp/artscript_interfaces/msg/detail/infrared_strain__type_support.cpp.o\x1b[0m\n'}
[2.963776] (artscript_interfaces) StdoutLine: {'line': b'[ 41%] \x1b[32m\x1b[1mLinking C shared library libartscript_interfaces__rosidl_typesupport_introspection_c.so\x1b[0m\n'}
[3.009300] (artscript_interfaces) StdoutLine: {'line': b'[ 43%] \x1b[32mBuilding CXX object CMakeFiles/artscript_interfaces__rosidl_typesupport_cpp.dir/rosidl_typesupport_cpp/artscript_interfaces/msg/infrared_strain__type_support.cpp.o\x1b[0m\n'}
[3.019810] (-) TimerEvent: {}
[3.024388] (artscript_interfaces) StdoutLine: {'line': b'[ 43%] Built target artscript_interfaces__rosidl_typesupport_introspection_c\n'}
[3.035929] (artscript_interfaces) StdoutLine: {'line': b'[ 46%] \x1b[34m\x1b[1mGenerating C type support dispatch for ROS interfaces\x1b[0m\n'}
[3.120539] (-) TimerEvent: {}
[3.221082] (-) TimerEvent: {}
[3.315892] (artscript_interfaces) StdoutLine: {'line': b'\x1b[35m\x1b[1mScanning dependencies of target artscript_interfaces__rosidl_typesupport_c\x1b[0m\n'}
[3.321603] (-) TimerEvent: {}
[3.332230] (artscript_interfaces) StdoutLine: {'line': b'[ 48%] \x1b[32mBuilding CXX object CMakeFiles/artscript_interfaces__rosidl_typesupport_c.dir/rosidl_typesupport_c/artscript_interfaces/msg/imu__type_support.cpp.o\x1b[0m\n'}
[3.407967] (artscript_interfaces) StdoutLine: {'line': b'[ 51%] \x1b[32mBuilding CXX object CMakeFiles/artscript_interfaces__rosidl_typesupport_fastrtps_cpp.dir/rosidl_typesupport_fastrtps_cpp/artscript_interfaces/msg/detail/dds_fastrtps/infrared_strain__type_support.cpp.o\x1b[0m\n'}
[3.412617] (artscript_interfaces) StdoutLine: {'line': b'[ 53%] \x1b[32mBuilding CXX object CMakeFiles/artscript_interfaces__rosidl_typesupport_c.dir/rosidl_typesupport_c/artscript_interfaces/msg/infrared_strain__type_support.cpp.o\x1b[0m\n'}
[3.422289] (-) TimerEvent: {}
[3.448474] (artscript_interfaces) StdoutLine: {'line': b'[ 56%] \x1b[32m\x1b[1mLinking CXX shared library libartscript_interfaces__rosidl_typesupport_introspection_cpp.so\x1b[0m\n'}
[3.523048] (-) TimerEvent: {}
[3.530282] (artscript_interfaces) StdoutLine: {'line': b'[ 58%] \x1b[32m\x1b[1mLinking CXX shared library libartscript_interfaces__rosidl_typesupport_c.so\x1b[0m\n'}
[3.574237] (artscript_interfaces) StdoutLine: {'line': b'[ 61%] \x1b[32m\x1b[1mLinking CXX shared library libartscript_interfaces__rosidl_typesupport_cpp.so\x1b[0m\n'}
[3.623438] (-) TimerEvent: {}
[3.702459] (artscript_interfaces) StdoutLine: {'line': b'[ 61%] Built target artscript_interfaces__rosidl_typesupport_introspection_cpp\n'}
[3.709290] (artscript_interfaces) StdoutLine: {'line': b'[ 61%] Built target artscript_interfaces__rosidl_typesupport_cpp\n'}
[3.724167] (-) TimerEvent: {}
[3.744317] (artscript_interfaces) StdoutLine: {'line': b'[ 61%] Built target artscript_interfaces__rosidl_typesupport_c\n'}
[3.824725] (-) TimerEvent: {}
[3.925332] (-) TimerEvent: {}
[3.951108] (artscript_interfaces) StdoutLine: {'line': b'[ 64%] \x1b[32m\x1b[1mLinking CXX shared library libartscript_interfaces__rosidl_typesupport_fastrtps_cpp.so\x1b[0m\n'}
[4.025957] (-) TimerEvent: {}
[4.083770] (artscript_interfaces) StdoutLine: {'line': b'[ 64%] Built target artscript_interfaces__rosidl_typesupport_fastrtps_cpp\n'}
[4.094972] (artscript_interfaces) StdoutLine: {'line': b'[ 66%] \x1b[34m\x1b[1mGenerating C type support for eProsima Fast-RTPS\x1b[0m\n'}
[4.126239] (-) TimerEvent: {}
[4.227532] (-) TimerEvent: {}
[4.328237] (-) TimerEvent: {}
[4.376072] (artscript_interfaces) StdoutLine: {'line': b'\x1b[35m\x1b[1mScanning dependencies of target artscript_interfaces__rosidl_typesupport_fastrtps_c\x1b[0m\n'}
[4.389292] (artscript_interfaces) StdoutLine: {'line': b'[ 71%] \x1b[32mBuilding CXX object CMakeFiles/artscript_interfaces__rosidl_typesupport_fastrtps_c.dir/rosidl_typesupport_fastrtps_c/artscript_interfaces/msg/detail/imu__type_support_c.cpp.o\x1b[0m\n'}
[4.389534] (artscript_interfaces) StdoutLine: {'line': b'[ 71%] \x1b[32mBuilding CXX object CMakeFiles/artscript_interfaces__rosidl_typesupport_fastrtps_c.dir/rosidl_typesupport_fastrtps_c/artscript_interfaces/msg/detail/infrared_strain__type_support_c.cpp.o\x1b[0m\n'}
[4.429143] (-) TimerEvent: {}
[4.529871] (-) TimerEvent: {}
[4.630489] (-) TimerEvent: {}
[4.695829] (artscript_interfaces) StdoutLine: {'line': b'[ 74%] \x1b[32m\x1b[1mLinking CXX shared library libartscript_interfaces__rosidl_typesupport_fastrtps_c.so\x1b[0m\n'}
[4.730730] (-) TimerEvent: {}
[4.758690] (artscript_interfaces) StdoutLine: {'line': b'[ 74%] Built target artscript_interfaces__rosidl_typesupport_fastrtps_c\n'}
[4.767595] (artscript_interfaces) StdoutLine: {'line': b'\x1b[35m\x1b[1mScanning dependencies of target artscript_interfaces\x1b[0m\n'}
[4.776265] (artscript_interfaces) StdoutLine: {'line': b'[ 74%] Built target artscript_interfaces\n'}
[4.784433] (artscript_interfaces) StdoutLine: {'line': b'\x1b[35m\x1b[1mScanning dependencies of target artscript_interfaces__py\x1b[0m\n'}
[4.795082] (artscript_interfaces) StdoutLine: {'line': b'[ 76%] \x1b[34m\x1b[1mGenerating Python code for ROS interfaces\x1b[0m\n'}
[4.831488] (-) TimerEvent: {}
[4.932516] (-) TimerEvent: {}
[5.032940] (-) TimerEvent: {}
[5.134091] (-) TimerEvent: {}
[5.234754] (-) TimerEvent: {}
[5.268075] (artscript_interfaces) StdoutLine: {'line': b'[ 76%] Built target artscript_interfaces__py\n'}
[5.280741] (artscript_interfaces) StdoutLine: {'line': b'\x1b[35m\x1b[1mScanning dependencies of target artscript_interfaces__python\x1b[0m\n'}
[5.315206] (artscript_interfaces) StdoutLine: {'line': b'[ 79%] \x1b[32mBuilding C object CMakeFiles/artscript_interfaces__python.dir/rosidl_generator_py/artscript_interfaces/msg/_imu_s.c.o\x1b[0m\n'}
[5.321668] (artscript_interfaces) StdoutLine: {'line': b'[ 82%] \x1b[32mBuilding C object CMakeFiles/artscript_interfaces__python.dir/rosidl_generator_py/artscript_interfaces/msg/_infrared_strain_s.c.o\x1b[0m\n'}
[5.334999] (-) TimerEvent: {}
[5.435612] (-) TimerEvent: {}
[5.453881] (artscript_interfaces) StdoutLine: {'line': b'[ 84%] \x1b[32m\x1b[1mLinking C shared library rosidl_generator_py/artscript_interfaces/libartscript_interfaces__python.so\x1b[0m\n'}
[5.507966] (artscript_interfaces) StdoutLine: {'line': b'[ 84%] Built target artscript_interfaces__python\n'}
[5.519461] (artscript_interfaces) StdoutLine: {'line': b'\x1b[35m\x1b[1mScanning dependencies of target artscript_interfaces__rosidl_typesupport_c__pyext\x1b[0m\n'}
[5.535800] (-) TimerEvent: {}
[5.544771] (artscript_interfaces) StdoutLine: {'line': b'\x1b[35m\x1b[1mScanning dependencies of target artscript_interfaces__rosidl_typesupport_introspection_c__pyext\x1b[0m\n'}
[5.556717] (artscript_interfaces) StdoutLine: {'line': b'\x1b[35m\x1b[1mScanning dependencies of target artscript_interfaces__rosidl_typesupport_fastrtps_c__pyext\x1b[0m\n'}
[5.574622] (artscript_interfaces) StdoutLine: {'line': b'[ 87%] \x1b[32mBuilding C object CMakeFiles/artscript_interfaces__rosidl_typesupport_c__pyext.dir/rosidl_generator_py/artscript_interfaces/_artscript_interfaces_s.ep.rosidl_typesupport_c.c.o\x1b[0m\n'}
[5.587301] (artscript_interfaces) StdoutLine: {'line': b'[ 89%] \x1b[32mBuilding C object CMakeFiles/artscript_interfaces__rosidl_typesupport_fastrtps_c__pyext.dir/rosidl_generator_py/artscript_interfaces/_artscript_interfaces_s.ep.rosidl_typesupport_fastrtps_c.c.o\x1b[0m\n'}
[5.593884] (artscript_interfaces) StdoutLine: {'line': b'[ 92%] \x1b[32mBuilding C object CMakeFiles/artscript_interfaces__rosidl_typesupport_introspection_c__pyext.dir/rosidl_generator_py/artscript_interfaces/_artscript_interfaces_s.ep.rosidl_typesupport_introspection_c.c.o\x1b[0m\n'}
[5.636143] (-) TimerEvent: {}
[5.658455] (artscript_interfaces) StdoutLine: {'line': b'[ 94%] \x1b[32m\x1b[1mLinking C shared library rosidl_generator_py/artscript_interfaces/artscript_interfaces_s__rosidl_typesupport_c.cpython-38-x86_64-linux-gnu.so\x1b[0m\n'}
[5.676709] (artscript_interfaces) StdoutLine: {'line': b'[ 97%] \x1b[32m\x1b[1mLinking CXX shared library rosidl_generator_py/artscript_interfaces/artscript_interfaces_s__rosidl_typesupport_fastrtps_c.cpython-38-x86_64-linux-gnu.so\x1b[0m\n'}
[5.688571] (artscript_interfaces) StdoutLine: {'line': b'[ 97%] Built target artscript_interfaces__rosidl_typesupport_c__pyext\n'}
[5.736384] (-) TimerEvent: {}
[5.749834] (artscript_interfaces) StdoutLine: {'line': b'[ 97%] Built target artscript_interfaces__rosidl_typesupport_fastrtps_c__pyext\n'}
[5.751082] (artscript_interfaces) StdoutLine: {'line': b'[100%] \x1b[32m\x1b[1mLinking C shared library rosidl_generator_py/artscript_interfaces/artscript_interfaces_s__rosidl_typesupport_introspection_c.cpython-38-x86_64-linux-gnu.so\x1b[0m\n'}
[5.807486] (artscript_interfaces) StdoutLine: {'line': b'[100%] Built target artscript_interfaces__rosidl_typesupport_introspection_c__pyext\n'}
[5.836723] (-) TimerEvent: {}
[5.838588] (artscript_interfaces) CommandEnded: {'returncode': 0}
[5.937140] (-) TimerEvent: {}
[5.939419] (artscript_interfaces) JobProgress: {'identifier': 'artscript_interfaces', 'progress': 'install'}
[5.964689] (artscript_interfaces) Command: {'cmd': ['/usr/bin/cmake', '--install', '/home/artscript/Desktop/WorkSpace/MagnentoROBO/magnentorobo_ros2/build/artscript_interfaces'], 'cwd': '/home/artscript/Desktop/WorkSpace/MagnentoROBO/magnentorobo_ros2/build/artscript_interfaces', 'env': OrderedDict([('GJS_DEBUG_TOPICS', 'JS ERROR;JS LOG'), ('ZPLUG_ERROR_LOG', '/home/artscript/.zplug/.error_log'), ('USER', 'artscript'), ('ZPLUG_LOG_LOAD_FAILURE', 'false'), ('ZPLUG_THREADS', '16'), ('SSH_AGENT_PID', '1952'), ('XDG_SESSION_TYPE', 'x11'), ('GIT_ASKPASS', '/usr/share/code/resources/app/extensions/git/dist/askpass.sh'), ('SHLVL', '1'), ('LD_LIBRARY_PATH', '/home/artscript/Desktop/WorkSpace/MagnentoROBO/magnentorobo_ros2/install/artscript_interfaces/lib:/opt/ros/foxy/opt/yaml_cpp_vendor/lib:/opt/ros/foxy/opt/rviz_ogre_vendor/lib:/opt/ros/foxy/lib/x86_64-linux-gnu:/opt/ros/foxy/lib'), ('HOME', '/home/artscript'), ('CHROME_DESKTOP', 'code-url-handler.desktop'), ('OLDPWD', '/home/artscript/Desktop/WorkSpace/MagnentoROBO/magnentorobo_ros2/src'), ('CYCLONEDDS_URI', 'file:///home/artscript/cyclonedds.xml'), ('DESKTOP_SESSION', 'ubuntu'), ('TERM_PROGRAM_VERSION', '1.62.3'), ('GIO_LAUNCHED_DESKTOP_FILE', '/usr/share/applications/code.desktop'), ('ZSH', '/home/artscript/.oh-my-zsh'), ('GTK_MODULES', 'gail:atk-bridge'), ('GNOME_SHELL_SESSION_MODE', 'ubuntu'), ('FPATH', '/home/artscript/.zplug/misc/completions:/home/artscript/.zplug/base/sources:/home/artscript/.zplug/autoload:/home/artscript/.zplug/base/utils:/home/artscript/.zplug/base/job:/home/artscript/.zplug/base/log:/home/artscript/.zplug/base/io:/home/artscript/.zplug/base/core:/home/artscript/.zplug/base/base:/home/artscript/.zplug/autoload/commands:/home/artscript/.zplug/autoload/options:/home/artscript/.zplug/autoload/tags:/usr/local/share/zsh/site-functions:/usr/share/zsh/vendor-functions:/usr/share/zsh/vendor-completions:/usr/share/zsh/functions/Calendar:/usr/share/zsh/functions/Chpwd:/usr/share/zsh/functions/Completion:/usr/share/zsh/functions/Completion/AIX:/usr/share/zsh/functions/Completion/BSD:/usr/share/zsh/functions/Completion/Base:/usr/share/zsh/functions/Completion/Cygwin:/usr/share/zsh/functions/Completion/Darwin:/usr/share/zsh/functions/Completion/Debian:/usr/share/zsh/functions/Completion/Linux:/usr/share/zsh/functions/Completion/Mandriva:/usr/share/zsh/functions/Completion/Redhat:/usr/share/zsh/functions/Completion/Solaris:/usr/share/zsh/functions/Completion/Unix:/usr/share/zsh/functions/Completion/X:/usr/share/zsh/functions/Completion/Zsh:/usr/share/zsh/functions/Completion/openSUSE:/usr/share/zsh/functions/Exceptions:/usr/share/zsh/functions/MIME:/usr/share/zsh/functions/Math:/usr/share/zsh/functions/Misc:/usr/share/zsh/functions/Newuser:/usr/share/zsh/functions/Prompts:/usr/share/zsh/functions/TCP:/usr/share/zsh/functions/VCS_Info:/usr/share/zsh/functions/VCS_Info/Backends:/usr/share/zsh/functions/Zftp:/usr/share/zsh/functions/Zle:/home/artscript/.zplug/repos/zsh-users/zsh-completions/src'), ('ZPLUG_BIN', '/home/artscript/.zplug/bin'), ('ROS_PYTHON_VERSION', '3'), ('VSCODE_GIT_ASKPASS_MAIN', '/usr/share/code/resources/app/extensions/git/dist/askpass-main.js'), ('MANAGERPID', '1775'), ('_ZPLUG_VERSION', '2.4.2'), ('VSCODE_GIT_ASKPASS_NODE', '/usr/share/code/code'), ('DBUS_SESSION_BUS_ADDRESS', 'unix:path=/run/user/1000/bus'), ('ZPLUG_HOME', '/home/artscript/.zplug'), ('P9K_TTY', 'old'), ('GIO_LAUNCHED_DESKTOP_FILE_PID', '8093'), ('ZPLUG_FILTER', 'fzf-tmux:fzf:peco:percol:fzy:zaw'), ('COLORTERM', 'truecolor'), ('NVM_DIR', '/home/artscript/.nvm'), ('IM_CONFIG_PHASE', '1'), ('MANDATORY_PATH', '/usr/share/gconf/ubuntu.mandatory.path'), ('ROS_DISTRO', 'foxy'), ('COLCON_PREFIX_PATH', '/home/artscript/Desktop/WorkSpace/MagnentoROBO/magnentorobo_ros2/install'), ('LOGNAME', 'artscript'), ('PERIOD', '30'), ('_ZPLUG_URL', 'https://github.com/zplug/zplug'), ('_', '/usr/bin/colcon'), ('JOURNAL_STREAM', '8:59646'), ('DEFAULTS_PATH', '/usr/share/gconf/ubuntu.default.path'), ('XDG_SESSION_CLASS', 'user'), ('ZPLUG_LOADFILE', '/home/artscript/.zplug/packages.zsh'), ('ROS_VERSION', '2'), ('USERNAME', 'artscript'), ('_ZPLUG_CONFIG_SUBSHELL', ':'), ('TERM', 'xterm-256color'), ('GNOME_DESKTOP_SESSION_ID', 'this-is-deprecated'), ('ZPLUG_LOG_LOAD_SUCCESS', 'false'), ('ROS_LOCALHOST_ONLY', '0'), ('WINDOWPATH', '2'), ('PATH', '/home/artscript/.zplug/bin:/home/artscript/bin:/usr/local/bin:/opt/ros/foxy/bin:/home/artscript/.local/bin:/usr/local/sbin:/usr/sbin:/usr/bin:/sbin:/bin:/usr/games:/usr/local/games:/snap/bin'), ('SESSION_MANAGER', 'local/ubuntu:@/tmp/.ICE-unix/1987,unix/ubuntu:/tmp/.ICE-unix/1987'), ('INVOCATION_ID', 'c47273450aac49b391edf2646aeaf23a'), ('ZPLUG_CACHE_DIR', '/home/artscript/.zplug/cache'), ('XDG_RUNTIME_DIR', '/run/user/1000'), ('XDG_MENU_PREFIX', 'gnome-'), ('GDK_BACKEND', 'x11'), ('_ZPLUG_OHMYZSH', 'robbyrussell/oh-my-zsh'), ('_ZPLUG_PREZTO', 'sorin-ionescu/prezto'), ('DISPLAY', ':0'), ('LANG', 'en_US.UTF-8'), ('XDG_CURRENT_DESKTOP', 'Unity'), ('RMW_IMPLEMENTATION', 'rmw_cyclonedds_cpp'), ('XAUTHORITY', '/run/user/1000/gdm/Xauthority'), ('XDG_SESSION_DESKTOP', 'ubuntu'), ('XMODIFIERS', '@im=ibus'), ('TERM_PROGRAM', 'vscode'), ('VSCODE_GIT_IPC_HANDLE', '/run/user/1000/vscode-git-ec08b25829.sock'), ('SSH_AUTH_SOCK', '/run/user/1000/keyring/ssh'), ('ORIGINAL_XDG_CURRENT_DESKTOP', 'ubuntu:GNOME'), ('AMENT_PREFIX_PATH', '/home/artscript/Desktop/WorkSpace/MagnentoROBO/magnentorobo_ros2/install/strain_gpio_pkg:/home/artscript/Desktop/WorkSpace/MagnentoROBO/magnentorobo_ros2/install/servo_pwm_pkg:/home/artscript/Desktop/WorkSpace/MagnentoROBO/magnentorobo_ros2/install/infrared_gpio_pkg:/home/artscript/Desktop/WorkSpace/MagnentoROBO/magnentorobo_ros2/install/artscript_main:/home/artscript/Desktop/WorkSpace/MagnentoROBO/magnentorobo_ros2/install/artscript_interfaces:/home/artscript/Desktop/WorkSpace/MagnentoROBO/magnentorobo_ros2/install/ARTScript_pkg:/home/artscript/Desktop/WorkSpace/MagnentoROBO/magnentorobo_ros2/install/imu_usb_pkg:/home/artscript/Desktop/WorkSpace/MagnentoROBO/magnentorobo_ros2/install/camera_usb_pkg:/opt/ros/foxy'), ('SHELL', '/usr/bin/zsh'), ('_ZPLUG_AWKPATH', '/home/artscript/.zplug/misc/contrib'), ('QT_ACCESSIBILITY', '1'), ('GDMSESSION', 'ubuntu'), ('ZPLUG_PROTOCOL', 'HTTPS'), ('ZPLUG_REPOS', '/home/artscript/.zplug/repos'), ('GPG_AGENT_INFO', '/run/user/1000/gnupg/S.gpg-agent:0:1'), ('GJS_DEBUG_OUTPUT', 'stderr'), ('P9K_SSH', '0'), ('QT_IM_MODULE', 'ibus'), ('VSCODE_GIT_ASKPASS_EXTRA_ARGS', '--ms-enable-electron-run-as-node'), ('PWD', '/home/artscript/Desktop/WorkSpace/MagnentoROBO/magnentorobo_ros2/build/artscript_interfaces'), ('XDG_DATA_DIRS', '/usr/share/ubuntu:/usr/local/share/:/usr/share/:/var/lib/snapd/desktop'), ('XDG_CONFIG_DIRS', '/etc/xdg/xdg-ubuntu:/etc/xdg'), ('_P9K_TTY', '/dev/pts/1'), ('ZPLUG_USE_CACHE', 'true'), ('PYTHONPATH', '/home/artscript/Desktop/WorkSpace/MagnentoROBO/magnentorobo_ros2/install/artscript_interfaces/lib/python3.8/site-packages:/home/artscript/Desktop/WorkSpace/MagnentoROBO/magnentorobo_ros2/install/strain_gpio_pkg/lib/python3.8/site-packages:/home/artscript/Desktop/WorkSpace/MagnentoROBO/magnentorobo_ros2/install/servo_pwm_pkg/lib/python3.8/site-packages:/home/artscript/Desktop/WorkSpace/MagnentoROBO/magnentorobo_ros2/install/infrared_gpio_pkg/lib/python3.8/site-packages:/home/artscript/Desktop/WorkSpace/MagnentoROBO/magnentorobo_ros2/install/artscript_main/lib/python3.8/site-packages:/home/artscript/Desktop/WorkSpace/MagnentoROBO/magnentorobo_ros2/install/ARTScript_pkg/lib/python3.8/site-packages:/home/artscript/Desktop/WorkSpace/MagnentoROBO/magnentorobo_ros2/install/imu_usb_pkg/lib/python3.8/site-packages:/home/artscript/Desktop/WorkSpace/MagnentoROBO/magnentorobo_ros2/install/camera_usb_pkg/lib/python3.8/site-packages:/opt/ros/foxy/lib/python3.8/site-packages'), ('BREAKPAD_DUMP_LOCATION', '/home/artscript/.config/Code/exthost Crash Reports'), ('COLCON', '1'), ('ZPLUG_ROOT', '/home/artscript/.zplug'), ('CMAKE_PREFIX_PATH', '/home/artscript/Desktop/WorkSpace/MagnentoROBO/magnentorobo_ros2/install/artscript_interfaces:/home/artscript/Desktop/WorkSpace/MagnentoROBO/magnentorobo_ros2/install/strain_gpio_pkg:/home/artscript/Desktop/WorkSpace/MagnentoROBO/magnentorobo_ros2/install/servo_pwm_pkg:/home/artscript/Desktop/WorkSpace/MagnentoROBO/magnentorobo_ros2/install/infrared_gpio_pkg:/home/artscript/Desktop/WorkSpace/MagnentoROBO/magnentorobo_ros2/install/artscript_main:/home/artscript/Desktop/WorkSpace/MagnentoROBO/magnentorobo_ros2/install/ARTScript_pkg:/home/artscript/Desktop/WorkSpace/MagnentoROBO/magnentorobo_ros2/install/imu_usb_pkg:/home/artscript/Desktop/WorkSpace/MagnentoROBO/magnentorobo_ros2/install/camera_usb_pkg:/opt/ros/foxy')]), 'shell': False}
[5.977026] (artscript_interfaces) StdoutLine: {'line': b'-- Install configuration: ""\n'}
[5.977395] (artscript_interfaces) StdoutLine: {'line': b'-- Installing: /home/artscript/Desktop/WorkSpace/MagnentoROBO/magnentorobo_ros2/install/artscript_interfaces/share/ament_index/resource_index/rosidl_interfaces/artscript_interfaces\n'}
[5.978743] (artscript_interfaces) StdoutLine: {'line': b'-- Installing: /home/artscript/Desktop/WorkSpace/MagnentoROBO/magnentorobo_ros2/install/artscript_interfaces/include/artscript_interfaces\n'}
[5.986889] (artscript_interfaces) StdoutLine: {'line': b'-- Installing: /home/artscript/Desktop/WorkSpace/MagnentoROBO/magnentorobo_ros2/install/artscript_interfaces/include/artscript_interfaces/msg\n'}
[5.987279] (artscript_interfaces) StdoutLine: {'line': b'-- Installing: /home/artscript/Desktop/WorkSpace/MagnentoROBO/magnentorobo_ros2/install/artscript_interfaces/include/artscript_interfaces/msg/imu.h\n'}
[5.987469] (artscript_interfaces) StdoutLine: {'line': b'-- Installing: /home/artscript/Desktop/WorkSpace/MagnentoROBO/magnentorobo_ros2/install/artscript_interfaces/include/artscript_interfaces/msg/infrared_strain.h\n'}
[5.987760] (artscript_interfaces) StdoutLine: {'line': b'-- Installing: /home/artscript/Desktop/WorkSpace/MagnentoROBO/magnentorobo_ros2/install/artscript_interfaces/include/artscript_interfaces/msg/detail\n'}
[5.987880] (artscript_interfaces) StdoutLine: {'line': b'-- Installing: /home/artscript/Desktop/WorkSpace/MagnentoROBO/magnentorobo_ros2/install/artscript_interfaces/include/artscript_interfaces/msg/detail/infrared_strain__functions.h\n'}
[5.987999] (artscript_interfaces) StdoutLine: {'line': b'-- Installing: /home/artscript/Desktop/WorkSpace/MagnentoROBO/magnentorobo_ros2/install/artscript_interfaces/include/artscript_interfaces/msg/detail/infrared_strain__type_support.h\n'}
[5.988100] (artscript_interfaces) StdoutLine: {'line': b'-- Installing: /home/artscript/Desktop/WorkSpace/MagnentoROBO/magnentorobo_ros2/install/artscript_interfaces/include/artscript_interfaces/msg/detail/imu__functions.h\n'}
[5.988230] (artscript_interfaces) StdoutLine: {'line': b'-- Installing: /home/artscript/Desktop/WorkSpace/MagnentoROBO/magnentorobo_ros2/install/artscript_interfaces/include/artscript_interfaces/msg/detail/imu__type_support.h\n'}
[5.988377] (artscript_interfaces) StdoutLine: {'line': b'-- Installing: /home/artscript/Desktop/WorkSpace/MagnentoROBO/magnentorobo_ros2/install/artscript_interfaces/include/artscript_interfaces/msg/detail/imu__functions.c\n'}
[5.988472] (artscript_interfaces) StdoutLine: {'line': b'-- Installing: /home/artscript/Desktop/WorkSpace/MagnentoROBO/magnentorobo_ros2/install/artscript_interfaces/include/artscript_interfaces/msg/detail/infrared_strain__functions.c\n'}
[5.988655] (artscript_interfaces) StdoutLine: {'line': b'-- Installing: /home/artscript/Desktop/WorkSpace/MagnentoROBO/magnentorobo_ros2/install/artscript_interfaces/include/artscript_interfaces/msg/detail/imu__struct.h\n'}
[5.988796] (artscript_interfaces) StdoutLine: {'line': b'-- Installing: /home/artscript/Desktop/WorkSpace/MagnentoROBO/magnentorobo_ros2/install/artscript_interfaces/include/artscript_interfaces/msg/detail/infrared_strain__struct.h\n'}
[5.988928] (artscript_interfaces) StdoutLine: {'line': b'-- Installing: /home/artscript/Desktop/WorkSpace/MagnentoROBO/magnentorobo_ros2/install/artscript_interfaces/include/artscript_interfaces/msg/rosidl_generator_c__visibility_control.h\n'}
[5.989163] (artscript_interfaces) StdoutLine: {'line': b'-- Installing: /home/artscript/Desktop/WorkSpace/MagnentoROBO/magnentorobo_ros2/install/artscript_interfaces/share/artscript_interfaces/environment/library_path.sh\n'}
[5.989386] (artscript_interfaces) StdoutLine: {'line': b'-- Installing: /home/artscript/Desktop/WorkSpace/MagnentoROBO/magnentorobo_ros2/install/artscript_interfaces/share/artscript_interfaces/environment/library_path.dsv\n'}
[5.992214] (artscript_interfaces) StdoutLine: {'line': b'-- Installing: /home/artscript/Desktop/WorkSpace/MagnentoROBO/magnentorobo_ros2/install/artscript_interfaces/lib/libartscript_interfaces__rosidl_generator_c.so\n'}
[5.992828] (artscript_interfaces) StdoutLine: {'line': b'-- Set runtime path of "/home/artscript/Desktop/WorkSpace/MagnentoROBO/magnentorobo_ros2/install/artscript_interfaces/lib/libartscript_interfaces__rosidl_generator_c.so" to ""\n'}
[5.993056] (artscript_interfaces) StdoutLine: {'line': b'-- Up-to-date: /home/artscript/Desktop/WorkSpace/MagnentoROBO/magnentorobo_ros2/install/artscript_interfaces/include/artscript_interfaces\n'}
[5.993156] (artscript_interfaces) StdoutLine: {'line': b'-- Up-to-date: /home/artscript/Desktop/WorkSpace/MagnentoROBO/magnentorobo_ros2/install/artscript_interfaces/include/artscript_interfaces/msg\n'}
[5.993237] (artscript_interfaces) StdoutLine: {'line': b'-- Installing: /home/artscript/Desktop/WorkSpace/MagnentoROBO/magnentorobo_ros2/install/artscript_interfaces/include/artscript_interfaces/msg/rosidl_typesupport_fastrtps_c__visibility_control.h\n'}
[5.993366] (artscript_interfaces) StdoutLine: {'line': b'-- Up-to-date: /home/artscript/Desktop/WorkSpace/MagnentoROBO/magnentorobo_ros2/install/artscript_interfaces/include/artscript_interfaces/msg/detail\n'}
[5.993441] (artscript_interfaces) StdoutLine: {'line': b'-- Installing: /home/artscript/Desktop/WorkSpace/MagnentoROBO/magnentorobo_ros2/install/artscript_interfaces/include/artscript_interfaces/msg/detail/imu__rosidl_typesupport_fastrtps_c.h\n'}
[5.993498] (artscript_interfaces) StdoutLine: {'line': b'-- Installing: /home/artscript/Desktop/WorkSpace/MagnentoROBO/magnentorobo_ros2/install/artscript_interfaces/include/artscript_interfaces/msg/detail/infrared_strain__rosidl_typesupport_fastrtps_c.h\n'}
[5.993671] (artscript_interfaces) StdoutLine: {'line': b'-- Installing: /home/artscript/Desktop/WorkSpace/MagnentoROBO/magnentorobo_ros2/install/artscript_interfaces/lib/libartscript_interfaces__rosidl_typesupport_fastrtps_c.so\n'}
[6.006299] (artscript_interfaces) StdoutLine: {'line': b'-- Set runtime path of "/home/artscript/Desktop/WorkSpace/MagnentoROBO/magnentorobo_ros2/install/artscript_interfaces/lib/libartscript_interfaces__rosidl_typesupport_fastrtps_c.so" to ""\n'}
[6.006883] (artscript_interfaces) StdoutLine: {'line': b'-- Up-to-date: /home/artscript/Desktop/WorkSpace/MagnentoROBO/magnentorobo_ros2/install/artscript_interfaces/include/artscript_interfaces\n'}
[6.007137] (artscript_interfaces) StdoutLine: {'line': b'-- Up-to-date: /home/artscript/Desktop/WorkSpace/MagnentoROBO/magnentorobo_ros2/install/artscript_interfaces/include/artscript_interfaces/msg\n'}
[6.007449] (artscript_interfaces) StdoutLine: {'line': b'-- Installing: /home/artscript/Desktop/WorkSpace/MagnentoROBO/magnentorobo_ros2/install/artscript_interfaces/include/artscript_interfaces/msg/rosidl_typesupport_fastrtps_cpp__visibility_control.h\n'}
[6.007720] (artscript_interfaces) StdoutLine: {'line': b'-- Up-to-date: /home/artscript/Desktop/WorkSpace/MagnentoROBO/magnentorobo_ros2/install/artscript_interfaces/include/artscript_interfaces/msg/detail\n'}
[6.007814] (artscript_interfaces) StdoutLine: {'line': b'-- Installing: /home/artscript/Desktop/WorkSpace/MagnentoROBO/magnentorobo_ros2/install/artscript_interfaces/include/artscript_interfaces/msg/detail/infrared_strain__rosidl_typesupport_fastrtps_cpp.hpp\n'}
[6.007972] (artscript_interfaces) StdoutLine: {'line': b'-- Installing: /home/artscript/Desktop/WorkSpace/MagnentoROBO/magnentorobo_ros2/install/artscript_interfaces/include/artscript_interfaces/msg/detail/dds_fastrtps\n'}
[6.008244] (artscript_interfaces) StdoutLine: {'line': b'-- Installing: /home/artscript/Desktop/WorkSpace/MagnentoROBO/magnentorobo_ros2/install/artscript_interfaces/include/artscript_interfaces/msg/detail/imu__rosidl_typesupport_fastrtps_cpp.hpp\n'}
[6.008338] (artscript_interfaces) StdoutLine: {'line': b'-- Installing: /home/artscript/Desktop/WorkSpace/MagnentoROBO/magnentorobo_ros2/install/artscript_interfaces/lib/libartscript_interfaces__rosidl_typesupport_fastrtps_cpp.so\n'}
[6.008546] (artscript_interfaces) StdoutLine: {'line': b'-- Set runtime path of "/home/artscript/Desktop/WorkSpace/MagnentoROBO/magnentorobo_ros2/install/artscript_interfaces/lib/libartscript_interfaces__rosidl_typesupport_fastrtps_cpp.so" to ""\n'}
[6.008999] (artscript_interfaces) StdoutLine: {'line': b'-- Up-to-date: /home/artscript/Desktop/WorkSpace/MagnentoROBO/magnentorobo_ros2/install/artscript_interfaces/include/artscript_interfaces\n'}
[6.009468] (artscript_interfaces) StdoutLine: {'line': b'-- Up-to-date: /home/artscript/Desktop/WorkSpace/MagnentoROBO/magnentorobo_ros2/install/artscript_interfaces/include/artscript_interfaces/msg\n'}
[6.009896] (artscript_interfaces) StdoutLine: {'line': b'-- Installing: /home/artscript/Desktop/WorkSpace/MagnentoROBO/magnentorobo_ros2/install/artscript_interfaces/include/artscript_interfaces/msg/rosidl_typesupport_introspection_c__visibility_control.h\n'}
[6.010326] (artscript_interfaces) StdoutLine: {'line': b'-- Up-to-date: /home/artscript/Desktop/WorkSpace/MagnentoROBO/magnentorobo_ros2/install/artscript_interfaces/include/artscript_interfaces/msg/detail\n'}
[6.010684] (artscript_interfaces) StdoutLine: {'line': b'-- Installing: /home/artscript/Desktop/WorkSpace/MagnentoROBO/magnentorobo_ros2/install/artscript_interfaces/include/artscript_interfaces/msg/detail/imu__type_support.c\n'}
[6.010955] (artscript_interfaces) StdoutLine: {'line': b'-- Installing: /home/artscript/Desktop/WorkSpace/MagnentoROBO/magnentorobo_ros2/install/artscript_interfaces/include/artscript_interfaces/msg/detail/imu__rosidl_typesupport_introspection_c.h\n'}
[6.011057] (artscript_interfaces) StdoutLine: {'line': b'-- Installing: /home/artscript/Desktop/WorkSpace/MagnentoROBO/magnentorobo_ros2/install/artscript_interfaces/include/artscript_interfaces/msg/detail/infrared_strain__rosidl_typesupport_introspection_c.h\n'}
[6.011211] (artscript_interfaces) StdoutLine: {'line': b'-- Installing: /home/artscript/Desktop/WorkSpace/MagnentoROBO/magnentorobo_ros2/install/artscript_interfaces/include/artscript_interfaces/msg/detail/infrared_strain__type_support.c\n'}
[6.011457] (artscript_interfaces) StdoutLine: {'line': b'-- Installing: /home/artscript/Desktop/WorkSpace/MagnentoROBO/magnentorobo_ros2/install/artscript_interfaces/lib/libartscript_interfaces__rosidl_typesupport_introspection_c.so\n'}
[6.011541] (artscript_interfaces) StdoutLine: {'line': b'-- Set runtime path of "/home/artscript/Desktop/WorkSpace/MagnentoROBO/magnentorobo_ros2/install/artscript_interfaces/lib/libartscript_interfaces__rosidl_typesupport_introspection_c.so" to ""\n'}
[6.012002] (artscript_interfaces) StdoutLine: {'line': b'-- Installing: /home/artscript/Desktop/WorkSpace/MagnentoROBO/magnentorobo_ros2/install/artscript_interfaces/lib/libartscript_interfaces__rosidl_typesupport_c.so\n'}
[6.012350] (artscript_interfaces) StdoutLine: {'line': b'-- Set runtime path of "/home/artscript/Desktop/WorkSpace/MagnentoROBO/magnentorobo_ros2/install/artscript_interfaces/lib/libartscript_interfaces__rosidl_typesupport_c.so" to ""\n'}
[6.012438] (artscript_interfaces) StdoutLine: {'line': b'-- Up-to-date: /home/artscript/Desktop/WorkSpace/MagnentoROBO/magnentorobo_ros2/install/artscript_interfaces/include/artscript_interfaces\n'}
[6.012519] (artscript_interfaces) StdoutLine: {'line': b'-- Up-to-date: /home/artscript/Desktop/WorkSpace/MagnentoROBO/magnentorobo_ros2/install/artscript_interfaces/include/artscript_interfaces/msg\n'}
[6.012646] (artscript_interfaces) StdoutLine: {'line': b'-- Up-to-date: /home/artscript/Desktop/WorkSpace/MagnentoROBO/magnentorobo_ros2/install/artscript_interfaces/include/artscript_interfaces/msg/detail\n'}
[6.012816] (artscript_interfaces) StdoutLine: {'line': b'-- Installing: /home/artscript/Desktop/WorkSpace/MagnentoROBO/magnentorobo_ros2/install/artscript_interfaces/include/artscript_interfaces/msg/detail/infrared_strain__traits.hpp\n'}
[6.013022] (artscript_interfaces) StdoutLine: {'line': b'-- Installing: /home/artscript/Desktop/WorkSpace/MagnentoROBO/magnentorobo_ros2/install/artscript_interfaces/include/artscript_interfaces/msg/detail/infrared_strain__builder.hpp\n'}
[6.013413] (artscript_interfaces) StdoutLine: {'line': b'-- Installing: /home/artscript/Desktop/WorkSpace/MagnentoROBO/magnentorobo_ros2/install/artscript_interfaces/include/artscript_interfaces/msg/detail/imu__struct.hpp\n'}
[6.013659] (artscript_interfaces) StdoutLine: {'line': b'-- Installing: /home/artscript/Desktop/WorkSpace/MagnentoROBO/magnentorobo_ros2/install/artscript_interfaces/include/artscript_interfaces/msg/detail/infrared_strain__struct.hpp\n'}
[6.013746] (artscript_interfaces) StdoutLine: {'line': b'-- Installing: /home/artscript/Desktop/WorkSpace/MagnentoROBO/magnentorobo_ros2/install/artscript_interfaces/include/artscript_interfaces/msg/detail/imu__builder.hpp\n'}
[6.013829] (artscript_interfaces) StdoutLine: {'line': b'-- Installing: /home/artscript/Desktop/WorkSpace/MagnentoROBO/magnentorobo_ros2/install/artscript_interfaces/include/artscript_interfaces/msg/detail/imu__traits.hpp\n'}
[6.013905] (artscript_interfaces) StdoutLine: {'line': b'-- Installing: /home/artscript/Desktop/WorkSpace/MagnentoROBO/magnentorobo_ros2/install/artscript_interfaces/include/artscript_interfaces/msg/imu.hpp\n'}
[6.013981] (artscript_interfaces) StdoutLine: {'line': b'-- Installing: /home/artscript/Desktop/WorkSpace/MagnentoROBO/magnentorobo_ros2/install/artscript_interfaces/include/artscript_interfaces/msg/infrared_strain.hpp\n'}
[6.014057] (artscript_interfaces) StdoutLine: {'line': b'-- Up-to-date: /home/artscript/Desktop/WorkSpace/MagnentoROBO/magnentorobo_ros2/install/artscript_interfaces/include/artscript_interfaces\n'}
[6.014131] (artscript_interfaces) StdoutLine: {'line': b'-- Up-to-date: /home/artscript/Desktop/WorkSpace/MagnentoROBO/magnentorobo_ros2/install/artscript_interfaces/include/artscript_interfaces/msg\n'}
[6.014208] (artscript_interfaces) StdoutLine: {'line': b'-- Up-to-date: /home/artscript/Desktop/WorkSpace/MagnentoROBO/magnentorobo_ros2/install/artscript_interfaces/include/artscript_interfaces/msg/detail\n'}
[6.014285] (artscript_interfaces) StdoutLine: {'line': b'-- Installing: /home/artscript/Desktop/WorkSpace/MagnentoROBO/magnentorobo_ros2/install/artscript_interfaces/include/artscript_interfaces/msg/detail/imu__type_support.cpp\n'}
[6.014361] (artscript_interfaces) StdoutLine: {'line': b'-- Installing: /home/artscript/Desktop/WorkSpace/MagnentoROBO/magnentorobo_ros2/install/artscript_interfaces/include/artscript_interfaces/msg/detail/infrared_strain__type_support.cpp\n'}
[6.014436] (artscript_interfaces) StdoutLine: {'line': b'-- Installing: /home/artscript/Desktop/WorkSpace/MagnentoROBO/magnentorobo_ros2/install/artscript_interfaces/include/artscript_interfaces/msg/detail/infrared_strain__rosidl_typesupport_introspection_cpp.hpp\n'}
[6.014521] (artscript_interfaces) StdoutLine: {'line': b'-- Installing: /home/artscript/Desktop/WorkSpace/MagnentoROBO/magnentorobo_ros2/install/artscript_interfaces/include/artscript_interfaces/msg/detail/imu__rosidl_typesupport_introspection_cpp.hpp\n'}
[6.014638] (artscript_interfaces) StdoutLine: {'line': b'-- Installing: /home/artscript/Desktop/WorkSpace/MagnentoROBO/magnentorobo_ros2/install/artscript_interfaces/lib/libartscript_interfaces__rosidl_typesupport_introspection_cpp.so\n'}
[6.014719] (artscript_interfaces) StdoutLine: {'line': b'-- Set runtime path of "/home/artscript/Desktop/WorkSpace/MagnentoROBO/magnentorobo_ros2/install/artscript_interfaces/lib/libartscript_interfaces__rosidl_typesupport_introspection_cpp.so" to ""\n'}
[6.014795] (artscript_interfaces) StdoutLine: {'line': b'-- Installing: /home/artscript/Desktop/WorkSpace/MagnentoROBO/magnentorobo_ros2/install/artscript_interfaces/lib/libartscript_interfaces__rosidl_typesupport_cpp.so\n'}
[6.014870] (artscript_interfaces) StdoutLine: {'line': b'-- Set runtime path of "/home/artscript/Desktop/WorkSpace/MagnentoROBO/magnentorobo_ros2/install/artscript_interfaces/lib/libartscript_interfaces__rosidl_typesupport_cpp.so" to ""\n'}
[6.014944] (artscript_interfaces) StdoutLine: {'line': b'-- Installing: /home/artscript/Desktop/WorkSpace/MagnentoROBO/magnentorobo_ros2/install/artscript_interfaces/share/artscript_interfaces/environment/pythonpath.sh\n'}
[6.015020] (artscript_interfaces) StdoutLine: {'line': b'-- Installing: /home/artscript/Desktop/WorkSpace/MagnentoROBO/magnentorobo_ros2/install/artscript_interfaces/share/artscript_interfaces/environment/pythonpath.dsv\n'}
[6.015095] (artscript_interfaces) StdoutLine: {'line': b'-- Installing: /home/artscript/Desktop/WorkSpace/MagnentoROBO/magnentorobo_ros2/install/artscript_interfaces/lib/python3.8/site-packages/artscript_interfaces/__init__.py\n'}
[6.037594] (-) TimerEvent: {}
[6.060853] (artscript_interfaces) StdoutLine: {'line': b"Compiling '/home/artscript/Desktop/WorkSpace/MagnentoROBO/magnentorobo_ros2/install/artscript_interfaces/lib/python3.8/site-packages/artscript_interfaces/__init__.py'...\n"}
[6.069666] (artscript_interfaces) StdoutLine: {'line': b'-- Installing: /home/artscript/Desktop/WorkSpace/MagnentoROBO/magnentorobo_ros2/install/artscript_interfaces/lib/python3.8/site-packages/artscript_interfaces/msg\n'}
[6.070120] (artscript_interfaces) StdoutLine: {'line': b'-- Installing: /home/artscript/Desktop/WorkSpace/MagnentoROBO/magnentorobo_ros2/install/artscript_interfaces/lib/python3.8/site-packages/artscript_interfaces/msg/__init__.py\n'}
[6.070191] (artscript_interfaces) StdoutLine: {'line': b'-- Installing: /home/artscript/Desktop/WorkSpace/MagnentoROBO/magnentorobo_ros2/install/artscript_interfaces/lib/python3.8/site-packages/artscript_interfaces/msg/_infrared_strain_s.c\n'}
[6.070257] (artscript_interfaces) StdoutLine: {'line': b'-- Installing: /home/artscript/Desktop/WorkSpace/MagnentoROBO/magnentorobo_ros2/install/artscript_interfaces/lib/python3.8/site-packages/artscript_interfaces/msg/_infrared_strain.py\n'}
[6.070315] (artscript_interfaces) StdoutLine: {'line': b'-- Installing: /home/artscript/Desktop/WorkSpace/MagnentoROBO/magnentorobo_ros2/install/artscript_interfaces/lib/python3.8/site-packages/artscript_interfaces/msg/_imu_s.c\n'}
[6.070369] (artscript_interfaces) StdoutLine: {'line': b'-- Installing: /home/artscript/Desktop/WorkSpace/MagnentoROBO/magnentorobo_ros2/install/artscript_interfaces/lib/python3.8/site-packages/artscript_interfaces/msg/_imu.py\n'}
[6.070455] (artscript_interfaces) StdoutLine: {'line': b'-- Installing: /home/artscript/Desktop/WorkSpace/MagnentoROBO/magnentorobo_ros2/install/artscript_interfaces/lib/python3.8/site-packages/artscript_interfaces/artscript_interfaces_s__rosidl_typesupport_fastrtps_c.cpython-38-x86_64-linux-gnu.so\n'}
[6.070522] (artscript_interfaces) StdoutLine: {'line': b'-- Set runtime path of "/home/artscript/Desktop/WorkSpace/MagnentoROBO/magnentorobo_ros2/install/artscript_interfaces/lib/python3.8/site-packages/artscript_interfaces/artscript_interfaces_s__rosidl_typesupport_fastrtps_c.cpython-38-x86_64-linux-gnu.so" to ""\n'}
[6.070576] (artscript_interfaces) StdoutLine: {'line': b'-- Installing: /home/artscript/Desktop/WorkSpace/MagnentoROBO/magnentorobo_ros2/install/artscript_interfaces/lib/python3.8/site-packages/artscript_interfaces/artscript_interfaces_s__rosidl_typesupport_introspection_c.cpython-38-x86_64-linux-gnu.so\n'}
[6.070632] (artscript_interfaces) StdoutLine: {'line': b'-- Set runtime path of "/home/artscript/Desktop/WorkSpace/MagnentoROBO/magnentorobo_ros2/install/artscript_interfaces/lib/python3.8/site-packages/artscript_interfaces/artscript_interfaces_s__rosidl_typesupport_introspection_c.cpython-38-x86_64-linux-gnu.so" to ""\n'}
[6.070685] (artscript_interfaces) StdoutLine: {'line': b'-- Installing: /home/artscript/Desktop/WorkSpace/MagnentoROBO/magnentorobo_ros2/install/artscript_interfaces/lib/python3.8/site-packages/artscript_interfaces/artscript_interfaces_s__rosidl_typesupport_c.cpython-38-x86_64-linux-gnu.so\n'}
[6.070739] (artscript_interfaces) StdoutLine: {'line': b'-- Set runtime path of "/home/artscript/Desktop/WorkSpace/MagnentoROBO/magnentorobo_ros2/install/artscript_interfaces/lib/python3.8/site-packages/artscript_interfaces/artscript_interfaces_s__rosidl_typesupport_c.cpython-38-x86_64-linux-gnu.so" to ""\n'}
[6.070792] (artscript_interfaces) StdoutLine: {'line': b'-- Installing: /home/artscript/Desktop/WorkSpace/MagnentoROBO/magnentorobo_ros2/install/artscript_interfaces/lib/libartscript_interfaces__python.so\n'}
[6.070855] (artscript_interfaces) StdoutLine: {'line': b'-- Set runtime path of "/home/artscript/Desktop/WorkSpace/MagnentoROBO/magnentorobo_ros2/install/artscript_interfaces/lib/libartscript_interfaces__python.so" to ""\n'}
[6.070908] (artscript_interfaces) StdoutLine: {'line': b'-- Installing: /home/artscript/Desktop/WorkSpace/MagnentoROBO/magnentorobo_ros2/install/artscript_interfaces/share/artscript_interfaces/msg/Imu.idl\n'}
[6.070968] (artscript_interfaces) StdoutLine: {'line': b'-- Installing: /home/artscript/Desktop/WorkSpace/MagnentoROBO/magnentorobo_ros2/install/artscript_interfaces/share/artscript_interfaces/msg/InfraredStrain.idl\n'}
[6.071019] (artscript_interfaces) StdoutLine: {'line': b'-- Installing: /home/artscript/Desktop/WorkSpace/MagnentoROBO/magnentorobo_ros2/install/artscript_interfaces/share/artscript_interfaces/msg/Imu.msg\n'}
[6.071070] (artscript_interfaces) StdoutLine: {'line': b'-- Installing: /home/artscript/Desktop/WorkSpace/MagnentoROBO/magnentorobo_ros2/install/artscript_interfaces/share/artscript_interfaces/msg/InfraredStrain.msg\n'}
[6.071122] (artscript_interfaces) StdoutLine: {'line': b'-- Installing: /home/artscript/Desktop/WorkSpace/MagnentoROBO/magnentorobo_ros2/install/artscript_interfaces/share/ament_index/resource_index/package_run_dependencies/artscript_interfaces\n'}
[6.071175] (artscript_interfaces) StdoutLine: {'line': b'-- Installing: /home/artscript/Desktop/WorkSpace/MagnentoROBO/magnentorobo_ros2/install/artscript_interfaces/share/ament_index/resource_index/parent_prefix_path/artscript_interfaces\n'}
[6.071226] (artscript_interfaces) StdoutLine: {'line': b'-- Installing: /home/artscript/Desktop/WorkSpace/MagnentoROBO/magnentorobo_ros2/install/artscript_interfaces/share/artscript_interfaces/environment/ament_prefix_path.sh\n'}
[6.071276] (artscript_interfaces) StdoutLine: {'line': b'-- Installing: /home/artscript/Desktop/WorkSpace/MagnentoROBO/magnentorobo_ros2/install/artscript_interfaces/share/artscript_interfaces/environment/ament_prefix_path.dsv\n'}
[6.071326] (artscript_interfaces) StdoutLine: {'line': b'-- Installing: /home/artscript/Desktop/WorkSpace/MagnentoROBO/magnentorobo_ros2/install/artscript_interfaces/share/artscript_interfaces/environment/path.sh\n'}
[6.071382] (artscript_interfaces) StdoutLine: {'line': b'-- Installing: /home/artscript/Desktop/WorkSpace/MagnentoROBO/magnentorobo_ros2/install/artscript_interfaces/share/artscript_interfaces/environment/path.dsv\n'}
[6.071483] (artscript_interfaces) StdoutLine: {'line': b'-- Installing: /home/artscript/Desktop/WorkSpace/MagnentoROBO/magnentorobo_ros2/install/artscript_interfaces/share/artscript_interfaces/local_setup.bash\n'}
[6.071541] (artscript_interfaces) StdoutLine: {'line': b'-- Installing: /home/artscript/Desktop/WorkSpace/MagnentoROBO/magnentorobo_ros2/install/artscript_interfaces/share/artscript_interfaces/local_setup.sh\n'}
[6.071591] (artscript_interfaces) StdoutLine: {'line': b'-- Installing: /home/artscript/Desktop/WorkSpace/MagnentoROBO/magnentorobo_ros2/install/artscript_interfaces/share/artscript_interfaces/local_setup.zsh\n'}
[6.071643] (artscript_interfaces) StdoutLine: {'line': b'-- Installing: /home/artscript/Desktop/WorkSpace/MagnentoROBO/magnentorobo_ros2/install/artscript_interfaces/share/artscript_interfaces/local_setup.dsv\n'}
[6.071695] (artscript_interfaces) StdoutLine: {'line': b'-- Installing: /home/artscript/Desktop/WorkSpace/MagnentoROBO/magnentorobo_ros2/install/artscript_interfaces/share/artscript_interfaces/package.dsv\n'}
[6.071913] (artscript_interfaces) StdoutLine: {'line': b'-- Installing: /home/artscript/Desktop/WorkSpace/MagnentoROBO/magnentorobo_ros2/install/artscript_interfaces/share/ament_index/resource_index/packages/artscript_interfaces\n'}
[6.072425] (artscript_interfaces) StdoutLine: {'line': b'-- Installing: /home/artscript/Desktop/WorkSpace/MagnentoROBO/magnentorobo_ros2/install/artscript_interfaces/share/artscript_interfaces/cmake/artscript_interfaces__rosidl_generator_cExport.cmake\n'}
[6.072748] (artscript_interfaces) StdoutLine: {'line': b'-- Installing: /home/artscript/Desktop/WorkSpace/MagnentoROBO/magnentorobo_ros2/install/artscript_interfaces/share/artscript_interfaces/cmake/artscript_interfaces__rosidl_generator_cExport-noconfig.cmake\n'}
[6.073101] (artscript_interfaces) StdoutLine: {'line': b'-- Installing: /home/artscript/Desktop/WorkSpace/MagnentoROBO/magnentorobo_ros2/install/artscript_interfaces/share/artscript_interfaces/cmake/artscript_interfaces__rosidl_typesupport_introspection_cExport.cmake\n'}
[6.073432] (artscript_interfaces) StdoutLine: {'line': b'-- Installing: /home/artscript/Desktop/WorkSpace/MagnentoROBO/magnentorobo_ros2/install/artscript_interfaces/share/artscript_interfaces/cmake/artscript_interfaces__rosidl_typesupport_introspection_cExport-noconfig.cmake\n'}
[6.073832] (artscript_interfaces) StdoutLine: {'line': b'-- Installing: /home/artscript/Desktop/WorkSpace/MagnentoROBO/magnentorobo_ros2/install/artscript_interfaces/share/artscript_interfaces/cmake/artscript_interfaces__rosidl_typesupport_cExport.cmake\n'}
[6.074095] (artscript_interfaces) StdoutLine: {'line': b'-- Installing: /home/artscript/Desktop/WorkSpace/MagnentoROBO/magnentorobo_ros2/install/artscript_interfaces/share/artscript_interfaces/cmake/artscript_interfaces__rosidl_typesupport_cExport-noconfig.cmake\n'}
[6.074514] (artscript_interfaces) StdoutLine: {'line': b'-- Installing: /home/artscript/Desktop/WorkSpace/MagnentoROBO/magnentorobo_ros2/install/artscript_interfaces/share/artscript_interfaces/cmake/artscript_interfaces__rosidl_generator_cppExport.cmake\n'}
[6.074883] (artscript_interfaces) StdoutLine: {'line': b'-- Installing: /home/artscript/Desktop/WorkSpace/MagnentoROBO/magnentorobo_ros2/install/artscript_interfaces/share/artscript_interfaces/cmake/artscript_interfaces__rosidl_typesupport_introspection_cppExport.cmake\n'}
[6.075195] (artscript_interfaces) StdoutLine: {'line': b'-- Installing: /home/artscript/Desktop/WorkSpace/MagnentoROBO/magnentorobo_ros2/install/artscript_interfaces/share/artscript_interfaces/cmake/artscript_interfaces__rosidl_typesupport_introspection_cppExport-noconfig.cmake\n'}
[6.075543] (artscript_interfaces) StdoutLine: {'line': b'-- Installing: /home/artscript/Desktop/WorkSpace/MagnentoROBO/magnentorobo_ros2/install/artscript_interfaces/share/artscript_interfaces/cmake/artscript_interfaces__rosidl_typesupport_cppExport.cmake\n'}
[6.075863] (artscript_interfaces) StdoutLine: {'line': b'-- Installing: /home/artscript/Desktop/WorkSpace/MagnentoROBO/magnentorobo_ros2/install/artscript_interfaces/share/artscript_interfaces/cmake/artscript_interfaces__rosidl_typesupport_cppExport-noconfig.cmake\n'}
[6.076182] (artscript_interfaces) StdoutLine: {'line': b'-- Installing: /home/artscript/Desktop/WorkSpace/MagnentoROBO/magnentorobo_ros2/install/artscript_interfaces/share/artscript_interfaces/cmake/rosidl_cmake-extras.cmake\n'}
[6.076504] (artscript_interfaces) StdoutLine: {'line': b'-- Installing: /home/artscript/Desktop/WorkSpace/MagnentoROBO/magnentorobo_ros2/install/artscript_interfaces/share/artscript_interfaces/cmake/ament_cmake_export_dependencies-extras.cmake\n'}
[6.077000] (artscript_interfaces) StdoutLine: {'line': b'-- Installing: /home/artscript/Desktop/WorkSpace/MagnentoROBO/magnentorobo_ros2/install/artscript_interfaces/share/artscript_interfaces/cmake/ament_cmake_export_libraries-extras.cmake\n'}
[6.077343] (artscript_interfaces) StdoutLine: {'line': b'-- Installing: /home/artscript/Desktop/WorkSpace/MagnentoROBO/magnentorobo_ros2/install/artscript_interfaces/share/artscript_interfaces/cmake/ament_cmake_export_targets-extras.cmake\n'}
[6.077728] (artscript_interfaces) StdoutLine: {'line': b'-- Installing: /home/artscript/Desktop/WorkSpace/MagnentoROBO/magnentorobo_ros2/install/artscript_interfaces/share/artscript_interfaces/cmake/ament_cmake_export_include_directories-extras.cmake\n'}
[6.078041] (artscript_interfaces) StdoutLine: {'line': b'-- Installing: /home/artscript/Desktop/WorkSpace/MagnentoROBO/magnentorobo_ros2/install/artscript_interfaces/share/artscript_interfaces/cmake/rosidl_cmake_export_typesupport_libraries-extras.cmake\n'}
[6.078716] (artscript_interfaces) StdoutLine: {'line': b'-- Installing: /home/artscript/Desktop/WorkSpace/MagnentoROBO/magnentorobo_ros2/install/artscript_interfaces/share/artscript_interfaces/cmake/rosidl_cmake_export_typesupport_targets-extras.cmake\n'}
[6.079485] (artscript_interfaces) StdoutLine: {'line': b'-- Installing: /home/artscript/Desktop/WorkSpace/MagnentoROBO/magnentorobo_ros2/install/artscript_interfaces/share/artscript_interfaces/cmake/artscript_interfacesConfig.cmake\n'}
[6.080834] (artscript_interfaces) StdoutLine: {'line': b'-- Installing: /home/artscript/Desktop/WorkSpace/MagnentoROBO/magnentorobo_ros2/install/artscript_interfaces/share/artscript_interfaces/cmake/artscript_interfacesConfig-version.cmake\n'}
[6.082167] (artscript_interfaces) StdoutLine: {'line': b'-- Installing: /home/artscript/Desktop/WorkSpace/MagnentoROBO/magnentorobo_ros2/install/artscript_interfaces/share/artscript_interfaces/package.xml\n'}
[6.088616] (artscript_interfaces) CommandEnded: {'returncode': 0}
[6.137744] (-) TimerEvent: {}
[6.214205] (artscript_interfaces) JobEnded: {'identifier': 'artscript_interfaces', 'rc': 0}
[6.215371] (-) EventReactorShutdown: {}
