[0.651s] Invoking command in '/home/artscript/Desktop/WorkSpace/MagnentoROBO/magnentorobo_ros2/src/artscript_main': PYTHONPATH=/home/artscript/Desktop/WorkSpace/MagnentoROBO/magnentorobo_ros2/install/artscript_main/lib/python3.8/site-packages:${PYTHONPATH} /usr/bin/python3 setup.py egg_info --egg-base ../../build/artscript_main build --build-base /home/artscript/Desktop/WorkSpace/MagnentoROBO/magnentorobo_ros2/build/artscript_main/build install --prefix /home/artscript/Desktop/WorkSpace/MagnentoROBO/magnentorobo_ros2/install/artscript_main --record /home/artscript/Desktop/WorkSpace/MagnentoROBO/magnentorobo_ros2/build/artscript_main/install.log --single-version-externally-managed
[0.932s] running egg_info
[0.932s] writing ../../build/artscript_main/artscript_main.egg-info/PKG-INFO
[0.932s] writing dependency_links to ../../build/artscript_main/artscript_main.egg-info/dependency_links.txt
[0.935s] writing entry points to ../../build/artscript_main/artscript_main.egg-info/entry_points.txt
[0.935s] writing requirements to ../../build/artscript_main/artscript_main.egg-info/requires.txt
[0.935s] writing top-level names to ../../build/artscript_main/artscript_main.egg-info/top_level.txt
[0.962s] reading manifest file '../../build/artscript_main/artscript_main.egg-info/SOURCES.txt'
[0.965s] writing manifest file '../../build/artscript_main/artscript_main.egg-info/SOURCES.txt'
[0.965s] running build
[0.965s] running build_py
[0.965s] running install
[0.965s] running install_lib
[0.966s] running install_data
[0.966s] running install_egg_info
[0.967s] removing '/home/artscript/Desktop/WorkSpace/MagnentoROBO/magnentorobo_ros2/install/artscript_main/lib/python3.8/site-packages/artscript_main-0.0.0-py3.8.egg-info' (and everything under it)
[0.968s] Copying ../../build/artscript_main/artscript_main.egg-info to /home/artscript/Desktop/WorkSpace/MagnentoROBO/magnentorobo_ros2/install/artscript_main/lib/python3.8/site-packages/artscript_main-0.0.0-py3.8.egg-info
[0.969s] running install_scripts
[0.984s] writing list of installed files to '/home/artscript/Desktop/WorkSpace/MagnentoROBO/magnentorobo_ros2/build/artscript_main/install.log'
[1.203s] Invoked command in '/home/artscript/Desktop/WorkSpace/MagnentoROBO/magnentorobo_ros2/src/artscript_main' returned '0': PYTHONPATH=/home/artscript/Desktop/WorkSpace/MagnentoROBO/magnentorobo_ros2/install/artscript_main/lib/python3.8/site-packages:${PYTHONPATH} /usr/bin/python3 setup.py egg_info --egg-base ../../build/artscript_main build --build-base /home/artscript/Desktop/WorkSpace/MagnentoROBO/magnentorobo_ros2/build/artscript_main/build install --prefix /home/artscript/Desktop/WorkSpace/MagnentoROBO/magnentorobo_ros2/install/artscript_main --record /home/artscript/Desktop/WorkSpace/MagnentoROBO/magnentorobo_ros2/build/artscript_main/install.log --single-version-externally-managed
