[0.612s] Invoking command in '/home/artscript/Desktop/WorkSpace/MagnentoROBO/magnentorobo_ros2/src/camera_usb_pkg': PYTHONPATH=/home/artscript/Desktop/WorkSpace/MagnentoROBO/magnentorobo_ros2/install/camera_usb_pkg/lib/python3.8/site-packages:${PYTHONPATH} /usr/bin/python3 setup.py egg_info --egg-base ../../build/camera_usb_pkg build --build-base /home/artscript/Desktop/WorkSpace/MagnentoROBO/magnentorobo_ros2/build/camera_usb_pkg/build install --prefix /home/artscript/Desktop/WorkSpace/MagnentoROBO/magnentorobo_ros2/install/camera_usb_pkg --record /home/artscript/Desktop/WorkSpace/MagnentoROBO/magnentorobo_ros2/build/camera_usb_pkg/install.log --single-version-externally-managed
[0.838s] running egg_info
[0.839s] writing ../../build/camera_usb_pkg/camera_usb_pkg.egg-info/PKG-INFO
[0.839s] writing dependency_links to ../../build/camera_usb_pkg/camera_usb_pkg.egg-info/dependency_links.txt
[0.839s] writing entry points to ../../build/camera_usb_pkg/camera_usb_pkg.egg-info/entry_points.txt
[0.839s] writing requirements to ../../build/camera_usb_pkg/camera_usb_pkg.egg-info/requires.txt
[0.839s] writing top-level names to ../../build/camera_usb_pkg/camera_usb_pkg.egg-info/top_level.txt
[0.868s] reading manifest file '../../build/camera_usb_pkg/camera_usb_pkg.egg-info/SOURCES.txt'
[0.870s] writing manifest file '../../build/camera_usb_pkg/camera_usb_pkg.egg-info/SOURCES.txt'
[0.870s] running build
[0.871s] running build_py
[0.871s] running install
[0.871s] running install_lib
[0.871s] running install_data
[0.871s] running install_egg_info
[0.873s] removing '/home/artscript/Desktop/WorkSpace/MagnentoROBO/magnentorobo_ros2/install/camera_usb_pkg/lib/python3.8/site-packages/camera_usb_pkg-0.0.0-py3.8.egg-info' (and everything under it)
[0.873s] Copying ../../build/camera_usb_pkg/camera_usb_pkg.egg-info to /home/artscript/Desktop/WorkSpace/MagnentoROBO/magnentorobo_ros2/install/camera_usb_pkg/lib/python3.8/site-packages/camera_usb_pkg-0.0.0-py3.8.egg-info
[0.875s] running install_scripts
[0.922s] Installing camera_pub_node script to /home/artscript/Desktop/WorkSpace/MagnentoROBO/magnentorobo_ros2/install/camera_usb_pkg/lib/camera_usb_pkg
[0.922s] Installing camera_sub_node script to /home/artscript/Desktop/WorkSpace/MagnentoROBO/magnentorobo_ros2/install/camera_usb_pkg/lib/camera_usb_pkg
[0.924s] writing list of installed files to '/home/artscript/Desktop/WorkSpace/MagnentoROBO/magnentorobo_ros2/build/camera_usb_pkg/install.log'
[1.211s] Invoked command in '/home/artscript/Desktop/WorkSpace/MagnentoROBO/magnentorobo_ros2/src/camera_usb_pkg' returned '0': PYTHONPATH=/home/artscript/Desktop/WorkSpace/MagnentoROBO/magnentorobo_ros2/install/camera_usb_pkg/lib/python3.8/site-packages:${PYTHONPATH} /usr/bin/python3 setup.py egg_info --egg-base ../../build/camera_usb_pkg build --build-base /home/artscript/Desktop/WorkSpace/MagnentoROBO/magnentorobo_ros2/build/camera_usb_pkg/build install --prefix /home/artscript/Desktop/WorkSpace/MagnentoROBO/magnentorobo_ros2/install/camera_usb_pkg --record /home/artscript/Desktop/WorkSpace/MagnentoROBO/magnentorobo_ros2/build/camera_usb_pkg/install.log --single-version-externally-managed
