[0.000000] (-) TimerEvent: {}
[0.000297] (-) JobUnselected: {'identifier': 'artscript_main'}
[0.000550] (-) JobUnselected: {'identifier': 'camera_usb_pkg'}
[0.009585] (-) JobUnselected: {'identifier': 'imu_usb_pkg'}
[0.009681] (-) JobUnselected: {'identifier': 'mcu_usb_pkg'}
[0.009730] (-) JobUnselected: {'identifier': 'servo_pwm_pkg'}
[0.009824] (artscript_interfaces) JobQueued: {'identifier': 'artscript_interfaces', 'dependencies': OrderedDict()}
[0.009885] (artscript_interfaces) JobStarted: {'identifier': 'artscript_interfaces'}
[0.019273] (artscript_interfaces) JobProgress: {'identifier': 'artscript_interfaces', 'progress': 'cmake'}
[0.020023] (artscript_interfaces) JobProgress: {'identifier': 'artscript_interfaces', 'progress': 'build'}
[0.020571] (artscript_interfaces) Command: {'cmd': ['/usr/bin/cmake', '--build', '/home/artscript/Desktop/WorkSpace/MagnentoROBO/magnentorobo_ros2/build/artscript_interfaces', '--', '-j4', '-l4'], 'cwd': '/home/artscript/Desktop/WorkSpace/MagnentoROBO/magnentorobo_ros2/build/artscript_interfaces', 'env': OrderedDict([('GJS_DEBUG_TOPICS', 'JS ERROR;JS LOG'), ('ZPLUG_ERROR_LOG', '/home/artscript/.zplug/.error_log'), ('USER', 'artscript'), ('ZPLUG_LOG_LOAD_FAILURE', 'false'), ('ZPLUG_THREADS', '16'), ('SSH_AGENT_PID', '1952'), ('XDG_SESSION_TYPE', 'x11'), ('GIT_ASKPASS', '/usr/share/code/resources/app/extensions/git/dist/askpass.sh'), ('SHLVL', '1'), ('LD_LIBRARY_PATH', '/home/artscript/Desktop/WorkSpace/MagnentoROBO/magnentorobo_ros2/install/artscript_interfaces/lib:/opt/ros/foxy/opt/yaml_cpp_vendor/lib:/opt/ros/foxy/opt/rviz_ogre_vendor/lib:/opt/ros/foxy/lib/x86_64-linux-gnu:/opt/ros/foxy/lib'), ('HOME', '/home/artscript'), ('CHROME_DESKTOP', 'code-url-handler.desktop'), ('OLDPWD', '/home/artscript/Desktop/WorkSpace/MagnentoROBO/magnentorobo_ros2/src'), ('CYCLONEDDS_URI', 'file:///home/artscript/cyclonedds.xml'), ('DESKTOP_SESSION', 'ubuntu'), ('TERM_PROGRAM_VERSION', '1.62.3'), ('GIO_LAUNCHED_DESKTOP_FILE', '/usr/share/applications/code.desktop'), ('ZSH', '/home/artscript/.oh-my-zsh'), ('GTK_MODULES', 'gail:atk-bridge'), ('GNOME_SHELL_SESSION_MODE', 'ubuntu'), ('FPATH', '/home/artscript/.zplug/misc/completions:/home/artscript/.zplug/base/sources:/home/artscript/.zplug/autoload:/home/artscript/.zplug/base/utils:/home/artscript/.zplug/base/job:/home/artscript/.zplug/base/log:/home/artscript/.zplug/base/io:/home/artscript/.zplug/base/core:/home/artscript/.zplug/base/base:/home/artscript/.zplug/autoload/commands:/home/artscript/.zplug/autoload/options:/home/artscript/.zplug/autoload/tags:/usr/local/share/zsh/site-functions:/usr/share/zsh/vendor-functions:/usr/share/zsh/vendor-completions:/usr/share/zsh/functions/Calendar:/usr/share/zsh/functions/Chpwd:/usr/share/zsh/functions/Completion:/usr/share/zsh/functions/Completion/AIX:/usr/share/zsh/functions/Completion/BSD:/usr/share/zsh/functions/Completion/Base:/usr/share/zsh/functions/Completion/Cygwin:/usr/share/zsh/functions/Completion/Darwin:/usr/share/zsh/functions/Completion/Debian:/usr/share/zsh/functions/Completion/Linux:/usr/share/zsh/functions/Completion/Mandriva:/usr/share/zsh/functions/Completion/Redhat:/usr/share/zsh/functions/Completion/Solaris:/usr/share/zsh/functions/Completion/Unix:/usr/share/zsh/functions/Completion/X:/usr/share/zsh/functions/Completion/Zsh:/usr/share/zsh/functions/Completion/openSUSE:/usr/share/zsh/functions/Exceptions:/usr/share/zsh/functions/MIME:/usr/share/zsh/functions/Math:/usr/share/zsh/functions/Misc:/usr/share/zsh/functions/Newuser:/usr/share/zsh/functions/Prompts:/usr/share/zsh/functions/TCP:/usr/share/zsh/functions/VCS_Info:/usr/share/zsh/functions/VCS_Info/Backends:/usr/share/zsh/functions/Zftp:/usr/share/zsh/functions/Zle:/home/artscript/.zplug/repos/zsh-users/zsh-completions/src'), ('ZPLUG_BIN', '/home/artscript/.zplug/bin'), ('ROS_PYTHON_VERSION', '3'), ('VSCODE_GIT_ASKPASS_MAIN', '/usr/share/code/resources/app/extensions/git/dist/askpass-main.js'), ('MANAGERPID', '1775'), ('_ZPLUG_VERSION', '2.4.2'), ('VSCODE_GIT_ASKPASS_NODE', '/usr/share/code/code'), ('DBUS_SESSION_BUS_ADDRESS', 'unix:path=/run/user/1000/bus'), ('ZPLUG_HOME', '/home/artscript/.zplug'), ('P9K_TTY', 'old'), ('GIO_LAUNCHED_DESKTOP_FILE_PID', '8093'), ('ZPLUG_FILTER', 'fzf-tmux:fzf:peco:percol:fzy:zaw'), ('COLORTERM', 'truecolor'), ('NVM_DIR', '/home/artscript/.nvm'), ('IM_CONFIG_PHASE', '1'), ('MANDATORY_PATH', '/usr/share/gconf/ubuntu.mandatory.path'), ('ROS_DISTRO', 'foxy'), ('COLCON_PREFIX_PATH', '/home/artscript/Desktop/WorkSpace/MagnentoROBO/magnentorobo_ros2/install'), ('LOGNAME', 'artscript'), ('PERIOD', '30'), ('_ZPLUG_URL', 'https://github.com/zplug/zplug'), ('_', '/usr/bin/colcon'), ('JOURNAL_STREAM', '8:59646'), ('DEFAULTS_PATH', '/usr/share/gconf/ubuntu.default.path'), ('XDG_SESSION_CLASS', 'user'), ('ZPLUG_LOADFILE', '/home/artscript/.zplug/packages.zsh'), ('ROS_VERSION', '2'), ('USERNAME', 'artscript'), ('_ZPLUG_CONFIG_SUBSHELL', ':'), ('TERM', 'xterm-256color'), ('GNOME_DESKTOP_SESSION_ID', 'this-is-deprecated'), ('ZPLUG_LOG_LOAD_SUCCESS', 'false'), ('ROS_LOCALHOST_ONLY', '0'), ('WINDOWPATH', '2'), ('PATH', '/home/artscript/.zplug/bin:/home/artscript/bin:/usr/local/bin:/opt/ros/foxy/bin:/home/artscript/.local/bin:/usr/local/sbin:/usr/sbin:/usr/bin:/sbin:/bin:/usr/games:/usr/local/games:/snap/bin'), ('SESSION_MANAGER', 'local/ubuntu:@/tmp/.ICE-unix/1987,unix/ubuntu:/tmp/.ICE-unix/1987'), ('INVOCATION_ID', 'c47273450aac49b391edf2646aeaf23a'), ('ZPLUG_CACHE_DIR', '/home/artscript/.zplug/cache'), ('XDG_RUNTIME_DIR', '/run/user/1000'), ('XDG_MENU_PREFIX', 'gnome-'), ('GDK_BACKEND', 'x11'), ('_ZPLUG_OHMYZSH', 'robbyrussell/oh-my-zsh'), ('_ZPLUG_PREZTO', 'sorin-ionescu/prezto'), ('DISPLAY', ':0'), ('LANG', 'en_US.UTF-8'), ('XDG_CURRENT_DESKTOP', 'Unity'), ('RMW_IMPLEMENTATION', 'rmw_cyclonedds_cpp'), ('XAUTHORITY', '/run/user/1000/gdm/Xauthority'), ('XDG_SESSION_DESKTOP', 'ubuntu'), ('XMODIFIERS', '@im=ibus'), ('TERM_PROGRAM', 'vscode'), ('VSCODE_GIT_IPC_HANDLE', '/run/user/1000/vscode-git-ec08b25829.sock'), ('SSH_AUTH_SOCK', '/run/user/1000/keyring/ssh'), ('ORIGINAL_XDG_CURRENT_DESKTOP', 'ubuntu:GNOME'), ('AMENT_PREFIX_PATH', '/home/artscript/Desktop/WorkSpace/MagnentoROBO/magnentorobo_ros2/install/mcu_usb_pkg:/home/artscript/Desktop/WorkSpace/MagnentoROBO/magnentorobo_ros2/install/strain_gpio_pkg:/home/artscript/Desktop/WorkSpace/MagnentoROBO/magnentorobo_ros2/install/servo_pwm_pkg:/home/artscript/Desktop/WorkSpace/MagnentoROBO/magnentorobo_ros2/install/infrared_gpio_pkg:/home/artscript/Desktop/WorkSpace/MagnentoROBO/magnentorobo_ros2/install/artscript_main:/home/artscript/Desktop/WorkSpace/MagnentoROBO/magnentorobo_ros2/install/artscript_interfaces:/home/artscript/Desktop/WorkSpace/MagnentoROBO/magnentorobo_ros2/install/ARTScript_pkg:/home/artscript/Desktop/WorkSpace/MagnentoROBO/magnentorobo_ros2/install/imu_usb_pkg:/home/artscript/Desktop/WorkSpace/MagnentoROBO/magnentorobo_ros2/install/camera_usb_pkg:/opt/ros/foxy'), ('SHELL', '/usr/bin/zsh'), ('_ZPLUG_AWKPATH', '/home/artscript/.zplug/misc/contrib'), ('QT_ACCESSIBILITY', '1'), ('GDMSESSION', 'ubuntu'), ('ZPLUG_PROTOCOL', 'HTTPS'), ('ZPLUG_REPOS', '/home/artscript/.zplug/repos'), ('GPG_AGENT_INFO', '/run/user/1000/gnupg/S.gpg-agent:0:1'), ('GJS_DEBUG_OUTPUT', 'stderr'), ('P9K_SSH', '0'), ('QT_IM_MODULE', 'ibus'), ('VSCODE_GIT_ASKPASS_EXTRA_ARGS', '--ms-enable-electron-run-as-node'), ('PWD', '/home/artscript/Desktop/WorkSpace/MagnentoROBO/magnentorobo_ros2/build/artscript_interfaces'), ('XDG_DATA_DIRS', '/usr/share/ubuntu:/usr/local/share/:/usr/share/:/var/lib/snapd/desktop'), ('XDG_CONFIG_DIRS', '/etc/xdg/xdg-ubuntu:/etc/xdg'), ('_P9K_TTY', '/dev/pts/1'), ('ZPLUG_USE_CACHE', 'true'), ('PYTHONPATH', '/home/artscript/Desktop/WorkSpace/MagnentoROBO/magnentorobo_ros2/install/mcu_usb_pkg/lib/python3.8/site-packages:/home/artscript/Desktop/WorkSpace/MagnentoROBO/magnentorobo_ros2/install/artscript_interfaces/lib/python3.8/site-packages:/home/artscript/Desktop/WorkSpace/MagnentoROBO/magnentorobo_ros2/install/strain_gpio_pkg/lib/python3.8/site-packages:/home/artscript/Desktop/WorkSpace/MagnentoROBO/magnentorobo_ros2/install/servo_pwm_pkg/lib/python3.8/site-packages:/home/artscript/Desktop/WorkSpace/MagnentoROBO/magnentorobo_ros2/install/infrared_gpio_pkg/lib/python3.8/site-packages:/home/artscript/Desktop/WorkSpace/MagnentoROBO/magnentorobo_ros2/install/artscript_main/lib/python3.8/site-packages:/home/artscript/Desktop/WorkSpace/MagnentoROBO/magnentorobo_ros2/install/ARTScript_pkg/lib/python3.8/site-packages:/home/artscript/Desktop/WorkSpace/MagnentoROBO/magnentorobo_ros2/install/imu_usb_pkg/lib/python3.8/site-packages:/home/artscript/Desktop/WorkSpace/MagnentoROBO/magnentorobo_ros2/install/camera_usb_pkg/lib/python3.8/site-packages:/opt/ros/foxy/lib/python3.8/site-packages'), ('BREAKPAD_DUMP_LOCATION', '/home/artscript/.config/Code/exthost Crash Reports'), ('COLCON', '1'), ('ZPLUG_ROOT', '/home/artscript/.zplug'), ('CMAKE_PREFIX_PATH', '/home/artscript/Desktop/WorkSpace/MagnentoROBO/magnentorobo_ros2/install/artscript_interfaces:/home/artscript/Desktop/WorkSpace/MagnentoROBO/magnentorobo_ros2/install/mcu_usb_pkg:/home/artscript/Desktop/WorkSpace/MagnentoROBO/magnentorobo_ros2/install/strain_gpio_pkg:/home/artscript/Desktop/WorkSpace/MagnentoROBO/magnentorobo_ros2/install/servo_pwm_pkg:/home/artscript/Desktop/WorkSpace/MagnentoROBO/magnentorobo_ros2/install/infrared_gpio_pkg:/home/artscript/Desktop/WorkSpace/MagnentoROBO/magnentorobo_ros2/install/artscript_main:/home/artscript/Desktop/WorkSpace/MagnentoROBO/magnentorobo_ros2/install/ARTScript_pkg:/home/artscript/Desktop/WorkSpace/MagnentoROBO/magnentorobo_ros2/install/imu_usb_pkg:/home/artscript/Desktop/WorkSpace/MagnentoROBO/magnentorobo_ros2/install/camera_usb_pkg:/opt/ros/foxy')]), 'shell': False}
[0.054252] (artscript_interfaces) StdoutLine: {'line': b'-- Found ament_cmake: 0.9.9 (/opt/ros/foxy/share/ament_cmake/cmake)\n'}
[0.077934] (artscript_interfaces) StdoutLine: {'line': b'-- Found PythonInterp: /usr/bin/python3 (found suitable version "3.8.10", minimum required is "3") \n'}
[0.078322] (artscript_interfaces) StdoutLine: {'line': b'-- Using PYTHON_EXECUTABLE: /usr/bin/python3\n'}
[0.100484] (-) TimerEvent: {}
[0.201171] (-) TimerEvent: {}
[0.222556] (artscript_interfaces) StdoutLine: {'line': b'-- Found rosidl_default_generators: 1.0.1 (/opt/ros/foxy/share/rosidl_default_generators/cmake)\n'}
[0.224719] (artscript_interfaces) StdoutLine: {'line': b'-- Using all available rosidl_typesupport_c: rosidl_typesupport_fastrtps_c;rosidl_typesupport_introspection_c\n'}
[0.227673] (artscript_interfaces) StdoutLine: {'line': b'-- Found rosidl_adapter: 1.2.1 (/opt/ros/foxy/share/rosidl_adapter/cmake)\n'}
[0.302286] (-) TimerEvent: {}
[0.324162] (artscript_interfaces) StdoutLine: {'line': b'-- Using all available rosidl_typesupport_cpp: rosidl_typesupport_fastrtps_cpp;rosidl_typesupport_introspection_cpp\n'}
[0.360106] (artscript_interfaces) StdoutLine: {'line': b'-- Found PythonInterp: /usr/bin/python3 (found version "3.8.10") \n'}
[0.403395] (-) TimerEvent: {}
[0.451277] (artscript_interfaces) StdoutLine: {'line': b'-- Found ament_cmake_ros: 0.9.2 (/opt/ros/foxy/share/ament_cmake_ros/cmake)\n'}
[0.503749] (-) TimerEvent: {}
[0.519871] (artscript_interfaces) StdoutLine: {'line': b'-- Using all available rosidl_typesupport_c: rosidl_typesupport_fastrtps_c;rosidl_typesupport_introspection_c\n'}
[0.526583] (artscript_interfaces) StdoutLine: {'line': b'-- Using all available rosidl_typesupport_cpp: rosidl_typesupport_fastrtps_cpp;rosidl_typesupport_introspection_cpp\n'}
[0.548481] (artscript_interfaces) StdoutLine: {'line': b'-- Found PythonInterp: /usr/bin/python3 (found suitable version "3.8.10", minimum required is "3.5") \n'}
[0.548659] (artscript_interfaces) StdoutLine: {'line': b'-- Found python_cmake_module: 0.8.1 (/opt/ros/foxy/share/python_cmake_module/cmake)\n'}
[0.567119] (artscript_interfaces) StdoutLine: {'line': b'-- Using PYTHON_EXECUTABLE: /usr/bin/python3\n'}
[0.567354] (artscript_interfaces) StdoutLine: {'line': b'-- Using PYTHON_INCLUDE_DIRS: /usr/include/python3.8\n'}
[0.567471] (artscript_interfaces) StdoutLine: {'line': b'-- Using PYTHON_LIBRARIES: /usr/lib/x86_64-linux-gnu/libpython3.8.so\n'}
[0.579810] (artscript_interfaces) StdoutLine: {'line': b'-- Found ament_lint_auto: 0.9.6 (/opt/ros/foxy/share/ament_lint_auto/cmake)\n'}
[0.588562] (artscript_interfaces) StdoutLine: {'line': b"-- Added test 'copyright' to check source files copyright and LICENSE\n"}
[0.590175] (artscript_interfaces) StdoutLine: {'line': b"-- Added test 'lint_cmake' to check CMake code style\n"}
[0.591295] (artscript_interfaces) StdoutLine: {'line': b"-- Added test 'xmllint' to check XML markup files\n"}
[0.595201] (artscript_interfaces) StdoutLine: {'line': b'-- Configuring done\n'}
[0.603850] (-) TimerEvent: {}
[0.629200] (artscript_interfaces) StdoutLine: {'line': b'-- Generating done\n'}
[0.633715] (artscript_interfaces) StdoutLine: {'line': b'-- Build files have been written to: /home/artscript/Desktop/WorkSpace/MagnentoROBO/magnentorobo_ros2/build/artscript_interfaces\n'}
[0.666409] (artscript_interfaces) StdoutLine: {'line': b'\x1b[35m\x1b[1mScanning dependencies of target artscript_interfaces__cpp\x1b[0m\n'}
[0.674380] (artscript_interfaces) StdoutLine: {'line': b'[  2%] \x1b[34m\x1b[1mGenerating C code for ROS interfaces\x1b[0m\n'}
[0.674981] (artscript_interfaces) StdoutLine: {'line': b'[  5%] \x1b[34m\x1b[1mGenerating C++ code for ROS interfaces\x1b[0m\n'}
[0.704165] (-) TimerEvent: {}
[0.804504] (-) TimerEvent: {}
[0.904949] (-) TimerEvent: {}
[1.006035] (-) TimerEvent: {}
[1.092556] (artscript_interfaces) StdoutLine: {'line': b'\x1b[35m\x1b[1mScanning dependencies of target artscript_interfaces__rosidl_generator_c\x1b[0m\n'}
[1.106752] (-) TimerEvent: {}
[1.110874] (artscript_interfaces) StdoutLine: {'line': b'[  7%] \x1b[32mBuilding C object CMakeFiles/artscript_interfaces__rosidl_generator_c.dir/rosidl_generator_c/artscript_interfaces/msg/detail/imu__functions.c.o\x1b[0m\n'}
[1.122801] (artscript_interfaces) StdoutLine: {'line': b'[ 10%] \x1b[32mBuilding C object CMakeFiles/artscript_interfaces__rosidl_generator_c.dir/rosidl_generator_c/artscript_interfaces/msg/detail/infraredstrain__functions.c.o\x1b[0m\n'}
[1.131190] (artscript_interfaces) StdoutLine: {'line': b'[ 10%] Built target artscript_interfaces__cpp\n'}
[1.152924] (artscript_interfaces) StdoutLine: {'line': b'[ 12%] \x1b[34m\x1b[1mGenerating C++ type support for eProsima Fast-RTPS\x1b[0m\n'}
[1.172636] (artscript_interfaces) StdoutLine: {'line': b'[ 15%] \x1b[34m\x1b[1mGenerating C++ introspection for ROS interfaces\x1b[0m\n'}
[1.198595] (artscript_interfaces) StdoutLine: {'line': b'[ 17%] \x1b[32m\x1b[1mLinking C shared library libartscript_interfaces__rosidl_generator_c.so\x1b[0m\n'}
[1.206994] (-) TimerEvent: {}
[1.217736] (artscript_interfaces) StdoutLine: {'line': b'[ 20%] \x1b[34m\x1b[1mGenerating C++ type support dispatch for ROS interfaces\x1b[0m\n'}
[1.280319] (artscript_interfaces) StdoutLine: {'line': b'[ 20%] Built target artscript_interfaces__rosidl_generator_c\n'}
[1.307293] (-) TimerEvent: {}
[1.308984] (artscript_interfaces) StdoutLine: {'line': b'[ 23%] \x1b[34m\x1b[1mGenerating C introspection for ROS interfaces\x1b[0m\n'}
[1.407460] (-) TimerEvent: {}
[1.508049] (-) TimerEvent: {}
[1.609028] (-) TimerEvent: {}
[1.672157] (artscript_interfaces) StdoutLine: {'line': b'\x1b[35m\x1b[1mScanning dependencies of target artscript_interfaces__rosidl_typesupport_cpp\x1b[0m\n'}
[1.709672] (-) TimerEvent: {}
[1.710220] (artscript_interfaces) StdoutLine: {'line': b'[ 25%] \x1b[32mBuilding CXX object CMakeFiles/artscript_interfaces__rosidl_typesupport_cpp.dir/rosidl_typesupport_cpp/artscript_interfaces/msg/imu__type_support.cpp.o\x1b[0m\n'}
[1.726901] (artscript_interfaces) StdoutLine: {'line': b'\x1b[35m\x1b[1mScanning dependencies of target artscript_interfaces__rosidl_typesupport_introspection_cpp\x1b[0m\n'}
[1.788416] (artscript_interfaces) StdoutLine: {'line': b'[ 28%] \x1b[32mBuilding CXX object CMakeFiles/artscript_interfaces__rosidl_typesupport_introspection_cpp.dir/rosidl_typesupport_introspection_cpp/artscript_interfaces/msg/detail/imu__type_support.cpp.o\x1b[0m\n'}
[1.810184] (-) TimerEvent: {}
[1.828554] (artscript_interfaces) StdoutLine: {'line': b'\x1b[35m\x1b[1mScanning dependencies of target artscript_interfaces__rosidl_typesupport_fastrtps_cpp\x1b[0m\n'}
[1.882994] (artscript_interfaces) StdoutLine: {'line': b'[ 30%] \x1b[32mBuilding CXX object CMakeFiles/artscript_interfaces__rosidl_typesupport_fastrtps_cpp.dir/rosidl_typesupport_fastrtps_cpp/artscript_interfaces/msg/detail/dds_fastrtps/imu__type_support.cpp.o\x1b[0m\n'}
[1.886699] (artscript_interfaces) StdoutLine: {'line': b'\x1b[35m\x1b[1mScanning dependencies of target artscript_interfaces__rosidl_typesupport_introspection_c\x1b[0m\n'}
[1.910375] (-) TimerEvent: {}
[1.935616] (artscript_interfaces) StdoutLine: {'line': b'[ 33%] \x1b[32mBuilding C object CMakeFiles/artscript_interfaces__rosidl_typesupport_introspection_c.dir/rosidl_typesupport_introspection_c/artscript_interfaces/msg/detail/imu__type_support.c.o\x1b[0m\n'}
[2.010592] (-) TimerEvent: {}
[2.085891] (artscript_interfaces) StdoutLine: {'line': b'[ 35%] \x1b[32mBuilding C object CMakeFiles/artscript_interfaces__rosidl_typesupport_introspection_c.dir/rosidl_typesupport_introspection_c/artscript_interfaces/msg/detail/infraredstrain__type_support.c.o\x1b[0m\n'}
[2.111045] (-) TimerEvent: {}
[2.211495] (-) TimerEvent: {}
[2.312443] (-) TimerEvent: {}
[2.413278] (-) TimerEvent: {}
[2.441388] (artscript_interfaces) StdoutLine: {'line': b'[ 38%] \x1b[32m\x1b[1mLinking C shared library libartscript_interfaces__rosidl_typesupport_introspection_c.so\x1b[0m\n'}
[2.476111] (artscript_interfaces) StdoutLine: {'line': b'[ 41%] \x1b[32mBuilding CXX object CMakeFiles/artscript_interfaces__rosidl_typesupport_cpp.dir/rosidl_typesupport_cpp/artscript_interfaces/msg/infraredstrain__type_support.cpp.o\x1b[0m\n'}
[2.505681] (artscript_interfaces) StdoutLine: {'line': b'[ 41%] Built target artscript_interfaces__rosidl_typesupport_introspection_c\n'}
[2.514283] (-) TimerEvent: {}
[2.524951] (artscript_interfaces) StdoutLine: {'line': b'[ 43%] \x1b[34m\x1b[1mGenerating C type support dispatch for ROS interfaces\x1b[0m\n'}
[2.534127] (artscript_interfaces) StdoutLine: {'line': b'[ 46%] \x1b[32mBuilding CXX object CMakeFiles/artscript_interfaces__rosidl_typesupport_introspection_cpp.dir/rosidl_typesupport_introspection_cpp/artscript_interfaces/msg/detail/infraredstrain__type_support.cpp.o\x1b[0m\n'}
[2.614862] (-) TimerEvent: {}
[2.715256] (-) TimerEvent: {}
[2.815778] (-) TimerEvent: {}
[2.916227] (-) TimerEvent: {}
[3.006241] (artscript_interfaces) StdoutLine: {'line': b'[ 48%] \x1b[32mBuilding CXX object CMakeFiles/artscript_interfaces__rosidl_typesupport_fastrtps_cpp.dir/rosidl_typesupport_fastrtps_cpp/artscript_interfaces/msg/detail/dds_fastrtps/infraredstrain__type_support.cpp.o\x1b[0m\n'}
[3.016721] (-) TimerEvent: {}
[3.117487] (-) TimerEvent: {}
[3.155947] (artscript_interfaces) StdoutLine: {'line': b'[ 51%] \x1b[32m\x1b[1mLinking CXX shared library libartscript_interfaces__rosidl_typesupport_cpp.so\x1b[0m\n'}
[3.161257] (artscript_interfaces) StdoutLine: {'line': b'\x1b[35m\x1b[1mScanning dependencies of target artscript_interfaces__rosidl_typesupport_c\x1b[0m\n'}
[3.183432] (artscript_interfaces) StdoutLine: {'line': b'[ 53%] \x1b[32mBuilding CXX object CMakeFiles/artscript_interfaces__rosidl_typesupport_c.dir/rosidl_typesupport_c/artscript_interfaces/msg/imu__type_support.cpp.o\x1b[0m\n'}
[3.217866] (artscript_interfaces) StdoutLine: {'line': b'[ 56%] \x1b[32m\x1b[1mLinking CXX shared library libartscript_interfaces__rosidl_typesupport_introspection_cpp.so\x1b[0m\n'}
[3.218083] (-) TimerEvent: {}
[3.243241] (artscript_interfaces) StdoutLine: {'line': b'[ 58%] \x1b[32mBuilding CXX object CMakeFiles/artscript_interfaces__rosidl_typesupport_c.dir/rosidl_typesupport_c/artscript_interfaces/msg/infraredstrain__type_support.cpp.o\x1b[0m\n'}
[3.272021] (artscript_interfaces) StdoutLine: {'line': b'[ 61%] \x1b[32m\x1b[1mLinking CXX shared library libartscript_interfaces__rosidl_typesupport_c.so\x1b[0m\n'}
[3.276104] (artscript_interfaces) StdoutLine: {'line': b'[ 61%] Built target artscript_interfaces__rosidl_typesupport_cpp\n'}
[3.316819] (artscript_interfaces) StdoutLine: {'line': b'[ 61%] Built target artscript_interfaces__rosidl_typesupport_c\n'}
[3.318518] (-) TimerEvent: {}
[3.357186] (artscript_interfaces) StdoutLine: {'line': b'[ 61%] Built target artscript_interfaces__rosidl_typesupport_introspection_cpp\n'}
[3.419374] (-) TimerEvent: {}
[3.520103] (-) TimerEvent: {}
[3.568711] (artscript_interfaces) StdoutLine: {'line': b'[ 64%] \x1b[32m\x1b[1mLinking CXX shared library libartscript_interfaces__rosidl_typesupport_fastrtps_cpp.so\x1b[0m\n'}
[3.620525] (-) TimerEvent: {}
[3.636373] (artscript_interfaces) StdoutLine: {'line': b'[ 64%] Built target artscript_interfaces__rosidl_typesupport_fastrtps_cpp\n'}
[3.645929] (artscript_interfaces) StdoutLine: {'line': b'[ 66%] \x1b[34m\x1b[1mGenerating C type support for eProsima Fast-RTPS\x1b[0m\n'}
[3.721120] (-) TimerEvent: {}
[3.822078] (-) TimerEvent: {}
[3.921864] (artscript_interfaces) StdoutLine: {'line': b'\x1b[35m\x1b[1mScanning dependencies of target artscript_interfaces__rosidl_typesupport_fastrtps_c\x1b[0m\n'}
[3.922318] (-) TimerEvent: {}
[3.941098] (artscript_interfaces) StdoutLine: {'line': b'[ 69%] \x1b[32mBuilding CXX object CMakeFiles/artscript_interfaces__rosidl_typesupport_fastrtps_c.dir/rosidl_typesupport_fastrtps_c/artscript_interfaces/msg/detail/imu__type_support_c.cpp.o\x1b[0m\n'}
[3.945631] (artscript_interfaces) StdoutLine: {'line': b'[ 71%] \x1b[32mBuilding CXX object CMakeFiles/artscript_interfaces__rosidl_typesupport_fastrtps_c.dir/rosidl_typesupport_fastrtps_c/artscript_interfaces/msg/detail/infraredstrain__type_support_c.cpp.o\x1b[0m\n'}
[4.023275] (-) TimerEvent: {}
[4.124562] (-) TimerEvent: {}
[4.225311] (-) TimerEvent: {}
[4.316033] (artscript_interfaces) StdoutLine: {'line': b'[ 74%] \x1b[32m\x1b[1mLinking CXX shared library libartscript_interfaces__rosidl_typesupport_fastrtps_c.so\x1b[0m\n'}
[4.325771] (-) TimerEvent: {}
[4.386157] (artscript_interfaces) StdoutLine: {'line': b'[ 74%] Built target artscript_interfaces__rosidl_typesupport_fastrtps_c\n'}
[4.407400] (artscript_interfaces) StdoutLine: {'line': b'[ 74%] Built target artscript_interfaces\n'}
[4.416416] (artscript_interfaces) StdoutLine: {'line': b'\x1b[35m\x1b[1mScanning dependencies of target artscript_interfaces__py\x1b[0m\n'}
[4.426326] (-) TimerEvent: {}
[4.427127] (artscript_interfaces) StdoutLine: {'line': b'[ 76%] \x1b[34m\x1b[1mGenerating Python code for ROS interfaces\x1b[0m\n'}
[4.527156] (-) TimerEvent: {}
[4.627739] (-) TimerEvent: {}
[4.728257] (-) TimerEvent: {}
[4.828985] (-) TimerEvent: {}
[4.914772] (artscript_interfaces) StdoutLine: {'line': b'[ 76%] Built target artscript_interfaces__py\n'}
[4.924969] (artscript_interfaces) StdoutLine: {'line': b'\x1b[35m\x1b[1mScanning dependencies of target artscript_interfaces__python\x1b[0m\n'}
[4.929073] (-) TimerEvent: {}
[4.942702] (artscript_interfaces) StdoutLine: {'line': b'[ 79%] \x1b[32mBuilding C object CMakeFiles/artscript_interfaces__python.dir/rosidl_generator_py/artscript_interfaces/msg/_imu_s.c.o\x1b[0m\n'}
[4.948324] (artscript_interfaces) StdoutLine: {'line': b'[ 82%] \x1b[32mBuilding C object CMakeFiles/artscript_interfaces__python.dir/rosidl_generator_py/artscript_interfaces/msg/_infraredstrain_s.c.o\x1b[0m\n'}
[5.028327] (artscript_interfaces) StdoutLine: {'line': b'[ 84%] \x1b[32m\x1b[1mLinking C shared library rosidl_generator_py/artscript_interfaces/libartscript_interfaces__python.so\x1b[0m\n'}
[5.029867] (-) TimerEvent: {}
[5.066647] (artscript_interfaces) StdoutLine: {'line': b'[ 84%] Built target artscript_interfaces__python\n'}
[5.076802] (artscript_interfaces) StdoutLine: {'line': b'\x1b[35m\x1b[1mScanning dependencies of target artscript_interfaces__rosidl_typesupport_introspection_c__pyext\x1b[0m\n'}
[5.077095] (artscript_interfaces) StdoutLine: {'line': b'\x1b[35m\x1b[1mScanning dependencies of target artscript_interfaces__rosidl_typesupport_c__pyext\x1b[0m\n'}
[5.093029] (artscript_interfaces) StdoutLine: {'line': b'[ 89%] \x1b[32mBuilding C object CMakeFiles/artscript_interfaces__rosidl_typesupport_c__pyext.dir/rosidl_generator_py/artscript_interfaces/_artscript_interfaces_s.ep.rosidl_typesupport_c.c.o\x1b[0m\n'}
[5.093488] (artscript_interfaces) StdoutLine: {'line': b'\x1b[35m\x1b[1mScanning dependencies of target artscript_interfaces__rosidl_typesupport_fastrtps_c__pyext\x1b[0m\n'}
[5.098160] (artscript_interfaces) StdoutLine: {'line': b'[ 89%] \x1b[32mBuilding C object CMakeFiles/artscript_interfaces__rosidl_typesupport_introspection_c__pyext.dir/rosidl_generator_py/artscript_interfaces/_artscript_interfaces_s.ep.rosidl_typesupport_introspection_c.c.o\x1b[0m\n'}
[5.130018] (-) TimerEvent: {}
[5.134841] (artscript_interfaces) StdoutLine: {'line': b'[ 92%] \x1b[32mBuilding C object CMakeFiles/artscript_interfaces__rosidl_typesupport_fastrtps_c__pyext.dir/rosidl_generator_py/artscript_interfaces/_artscript_interfaces_s.ep.rosidl_typesupport_fastrtps_c.c.o\x1b[0m\n'}
[5.167253] (artscript_interfaces) StdoutLine: {'line': b'[ 94%] \x1b[32m\x1b[1mLinking C shared library rosidl_generator_py/artscript_interfaces/artscript_interfaces_s__rosidl_typesupport_c.cpython-38-x86_64-linux-gnu.so\x1b[0m\n'}
[5.171242] (artscript_interfaces) StdoutLine: {'line': b'[ 97%] \x1b[32m\x1b[1mLinking C shared library rosidl_generator_py/artscript_interfaces/artscript_interfaces_s__rosidl_typesupport_introspection_c.cpython-38-x86_64-linux-gnu.so\x1b[0m\n'}
[5.198496] (artscript_interfaces) StdoutLine: {'line': b'[ 97%] Built target artscript_interfaces__rosidl_typesupport_c__pyext\n'}
[5.202526] (artscript_interfaces) StdoutLine: {'line': b'[100%] \x1b[32m\x1b[1mLinking CXX shared library rosidl_generator_py/artscript_interfaces/artscript_interfaces_s__rosidl_typesupport_fastrtps_c.cpython-38-x86_64-linux-gnu.so\x1b[0m\n'}
[5.209546] (artscript_interfaces) StdoutLine: {'line': b'[100%] Built target artscript_interfaces__rosidl_typesupport_introspection_c__pyext\n'}
[5.230520] (-) TimerEvent: {}
[5.254751] (artscript_interfaces) StdoutLine: {'line': b'[100%] Built target artscript_interfaces__rosidl_typesupport_fastrtps_c__pyext\n'}
[5.270194] (artscript_interfaces) CommandEnded: {'returncode': 0}
[5.331029] (-) TimerEvent: {}
[5.352951] (artscript_interfaces) JobProgress: {'identifier': 'artscript_interfaces', 'progress': 'install'}
[5.362856] (artscript_interfaces) Command: {'cmd': ['/usr/bin/cmake', '--install', '/home/artscript/Desktop/WorkSpace/MagnentoROBO/magnentorobo_ros2/build/artscript_interfaces'], 'cwd': '/home/artscript/Desktop/WorkSpace/MagnentoROBO/magnentorobo_ros2/build/artscript_interfaces', 'env': OrderedDict([('GJS_DEBUG_TOPICS', 'JS ERROR;JS LOG'), ('ZPLUG_ERROR_LOG', '/home/artscript/.zplug/.error_log'), ('USER', 'artscript'), ('ZPLUG_LOG_LOAD_FAILURE', 'false'), ('ZPLUG_THREADS', '16'), ('SSH_AGENT_PID', '1952'), ('XDG_SESSION_TYPE', 'x11'), ('GIT_ASKPASS', '/usr/share/code/resources/app/extensions/git/dist/askpass.sh'), ('SHLVL', '1'), ('LD_LIBRARY_PATH', '/home/artscript/Desktop/WorkSpace/MagnentoROBO/magnentorobo_ros2/install/artscript_interfaces/lib:/opt/ros/foxy/opt/yaml_cpp_vendor/lib:/opt/ros/foxy/opt/rviz_ogre_vendor/lib:/opt/ros/foxy/lib/x86_64-linux-gnu:/opt/ros/foxy/lib'), ('HOME', '/home/artscript'), ('CHROME_DESKTOP', 'code-url-handler.desktop'), ('OLDPWD', '/home/artscript/Desktop/WorkSpace/MagnentoROBO/magnentorobo_ros2/src'), ('CYCLONEDDS_URI', 'file:///home/artscript/cyclonedds.xml'), ('DESKTOP_SESSION', 'ubuntu'), ('TERM_PROGRAM_VERSION', '1.62.3'), ('GIO_LAUNCHED_DESKTOP_FILE', '/usr/share/applications/code.desktop'), ('ZSH', '/home/artscript/.oh-my-zsh'), ('GTK_MODULES', 'gail:atk-bridge'), ('GNOME_SHELL_SESSION_MODE', 'ubuntu'), ('FPATH', '/home/artscript/.zplug/misc/completions:/home/artscript/.zplug/base/sources:/home/artscript/.zplug/autoload:/home/artscript/.zplug/base/utils:/home/artscript/.zplug/base/job:/home/artscript/.zplug/base/log:/home/artscript/.zplug/base/io:/home/artscript/.zplug/base/core:/home/artscript/.zplug/base/base:/home/artscript/.zplug/autoload/commands:/home/artscript/.zplug/autoload/options:/home/artscript/.zplug/autoload/tags:/usr/local/share/zsh/site-functions:/usr/share/zsh/vendor-functions:/usr/share/zsh/vendor-completions:/usr/share/zsh/functions/Calendar:/usr/share/zsh/functions/Chpwd:/usr/share/zsh/functions/Completion:/usr/share/zsh/functions/Completion/AIX:/usr/share/zsh/functions/Completion/BSD:/usr/share/zsh/functions/Completion/Base:/usr/share/zsh/functions/Completion/Cygwin:/usr/share/zsh/functions/Completion/Darwin:/usr/share/zsh/functions/Completion/Debian:/usr/share/zsh/functions/Completion/Linux:/usr/share/zsh/functions/Completion/Mandriva:/usr/share/zsh/functions/Completion/Redhat:/usr/share/zsh/functions/Completion/Solaris:/usr/share/zsh/functions/Completion/Unix:/usr/share/zsh/functions/Completion/X:/usr/share/zsh/functions/Completion/Zsh:/usr/share/zsh/functions/Completion/openSUSE:/usr/share/zsh/functions/Exceptions:/usr/share/zsh/functions/MIME:/usr/share/zsh/functions/Math:/usr/share/zsh/functions/Misc:/usr/share/zsh/functions/Newuser:/usr/share/zsh/functions/Prompts:/usr/share/zsh/functions/TCP:/usr/share/zsh/functions/VCS_Info:/usr/share/zsh/functions/VCS_Info/Backends:/usr/share/zsh/functions/Zftp:/usr/share/zsh/functions/Zle:/home/artscript/.zplug/repos/zsh-users/zsh-completions/src'), ('ZPLUG_BIN', '/home/artscript/.zplug/bin'), ('ROS_PYTHON_VERSION', '3'), ('VSCODE_GIT_ASKPASS_MAIN', '/usr/share/code/resources/app/extensions/git/dist/askpass-main.js'), ('MANAGERPID', '1775'), ('_ZPLUG_VERSION', '2.4.2'), ('VSCODE_GIT_ASKPASS_NODE', '/usr/share/code/code'), ('DBUS_SESSION_BUS_ADDRESS', 'unix:path=/run/user/1000/bus'), ('ZPLUG_HOME', '/home/artscript/.zplug'), ('P9K_TTY', 'old'), ('GIO_LAUNCHED_DESKTOP_FILE_PID', '8093'), ('ZPLUG_FILTER', 'fzf-tmux:fzf:peco:percol:fzy:zaw'), ('COLORTERM', 'truecolor'), ('NVM_DIR', '/home/artscript/.nvm'), ('IM_CONFIG_PHASE', '1'), ('MANDATORY_PATH', '/usr/share/gconf/ubuntu.mandatory.path'), ('ROS_DISTRO', 'foxy'), ('COLCON_PREFIX_PATH', '/home/artscript/Desktop/WorkSpace/MagnentoROBO/magnentorobo_ros2/install'), ('LOGNAME', 'artscript'), ('PERIOD', '30'), ('_ZPLUG_URL', 'https://github.com/zplug/zplug'), ('_', '/usr/bin/colcon'), ('JOURNAL_STREAM', '8:59646'), ('DEFAULTS_PATH', '/usr/share/gconf/ubuntu.default.path'), ('XDG_SESSION_CLASS', 'user'), ('ZPLUG_LOADFILE', '/home/artscript/.zplug/packages.zsh'), ('ROS_VERSION', '2'), ('USERNAME', 'artscript'), ('_ZPLUG_CONFIG_SUBSHELL', ':'), ('TERM', 'xterm-256color'), ('GNOME_DESKTOP_SESSION_ID', 'this-is-deprecated'), ('ZPLUG_LOG_LOAD_SUCCESS', 'false'), ('ROS_LOCALHOST_ONLY', '0'), ('WINDOWPATH', '2'), ('PATH', '/home/artscript/.zplug/bin:/home/artscript/bin:/usr/local/bin:/opt/ros/foxy/bin:/home/artscript/.local/bin:/usr/local/sbin:/usr/sbin:/usr/bin:/sbin:/bin:/usr/games:/usr/local/games:/snap/bin'), ('SESSION_MANAGER', 'local/ubuntu:@/tmp/.ICE-unix/1987,unix/ubuntu:/tmp/.ICE-unix/1987'), ('INVOCATION_ID', 'c47273450aac49b391edf2646aeaf23a'), ('ZPLUG_CACHE_DIR', '/home/artscript/.zplug/cache'), ('XDG_RUNTIME_DIR', '/run/user/1000'), ('XDG_MENU_PREFIX', 'gnome-'), ('GDK_BACKEND', 'x11'), ('_ZPLUG_OHMYZSH', 'robbyrussell/oh-my-zsh'), ('_ZPLUG_PREZTO', 'sorin-ionescu/prezto'), ('DISPLAY', ':0'), ('LANG', 'en_US.UTF-8'), ('XDG_CURRENT_DESKTOP', 'Unity'), ('RMW_IMPLEMENTATION', 'rmw_cyclonedds_cpp'), ('XAUTHORITY', '/run/user/1000/gdm/Xauthority'), ('XDG_SESSION_DESKTOP', 'ubuntu'), ('XMODIFIERS', '@im=ibus'), ('TERM_PROGRAM', 'vscode'), ('VSCODE_GIT_IPC_HANDLE', '/run/user/1000/vscode-git-ec08b25829.sock'), ('SSH_AUTH_SOCK', '/run/user/1000/keyring/ssh'), ('ORIGINAL_XDG_CURRENT_DESKTOP', 'ubuntu:GNOME'), ('AMENT_PREFIX_PATH', '/home/artscript/Desktop/WorkSpace/MagnentoROBO/magnentorobo_ros2/install/mcu_usb_pkg:/home/artscript/Desktop/WorkSpace/MagnentoROBO/magnentorobo_ros2/install/strain_gpio_pkg:/home/artscript/Desktop/WorkSpace/MagnentoROBO/magnentorobo_ros2/install/servo_pwm_pkg:/home/artscript/Desktop/WorkSpace/MagnentoROBO/magnentorobo_ros2/install/infrared_gpio_pkg:/home/artscript/Desktop/WorkSpace/MagnentoROBO/magnentorobo_ros2/install/artscript_main:/home/artscript/Desktop/WorkSpace/MagnentoROBO/magnentorobo_ros2/install/artscript_interfaces:/home/artscript/Desktop/WorkSpace/MagnentoROBO/magnentorobo_ros2/install/ARTScript_pkg:/home/artscript/Desktop/WorkSpace/MagnentoROBO/magnentorobo_ros2/install/imu_usb_pkg:/home/artscript/Desktop/WorkSpace/MagnentoROBO/magnentorobo_ros2/install/camera_usb_pkg:/opt/ros/foxy'), ('SHELL', '/usr/bin/zsh'), ('_ZPLUG_AWKPATH', '/home/artscript/.zplug/misc/contrib'), ('QT_ACCESSIBILITY', '1'), ('GDMSESSION', 'ubuntu'), ('ZPLUG_PROTOCOL', 'HTTPS'), ('ZPLUG_REPOS', '/home/artscript/.zplug/repos'), ('GPG_AGENT_INFO', '/run/user/1000/gnupg/S.gpg-agent:0:1'), ('GJS_DEBUG_OUTPUT', 'stderr'), ('P9K_SSH', '0'), ('QT_IM_MODULE', 'ibus'), ('VSCODE_GIT_ASKPASS_EXTRA_ARGS', '--ms-enable-electron-run-as-node'), ('PWD', '/home/artscript/Desktop/WorkSpace/MagnentoROBO/magnentorobo_ros2/build/artscript_interfaces'), ('XDG_DATA_DIRS', '/usr/share/ubuntu:/usr/local/share/:/usr/share/:/var/lib/snapd/desktop'), ('XDG_CONFIG_DIRS', '/etc/xdg/xdg-ubuntu:/etc/xdg'), ('_P9K_TTY', '/dev/pts/1'), ('ZPLUG_USE_CACHE', 'true'), ('PYTHONPATH', '/home/artscript/Desktop/WorkSpace/MagnentoROBO/magnentorobo_ros2/install/mcu_usb_pkg/lib/python3.8/site-packages:/home/artscript/Desktop/WorkSpace/MagnentoROBO/magnentorobo_ros2/install/artscript_interfaces/lib/python3.8/site-packages:/home/artscript/Desktop/WorkSpace/MagnentoROBO/magnentorobo_ros2/install/strain_gpio_pkg/lib/python3.8/site-packages:/home/artscript/Desktop/WorkSpace/MagnentoROBO/magnentorobo_ros2/install/servo_pwm_pkg/lib/python3.8/site-packages:/home/artscript/Desktop/WorkSpace/MagnentoROBO/magnentorobo_ros2/install/infrared_gpio_pkg/lib/python3.8/site-packages:/home/artscript/Desktop/WorkSpace/MagnentoROBO/magnentorobo_ros2/install/artscript_main/lib/python3.8/site-packages:/home/artscript/Desktop/WorkSpace/MagnentoROBO/magnentorobo_ros2/install/ARTScript_pkg/lib/python3.8/site-packages:/home/artscript/Desktop/WorkSpace/MagnentoROBO/magnentorobo_ros2/install/imu_usb_pkg/lib/python3.8/site-packages:/home/artscript/Desktop/WorkSpace/MagnentoROBO/magnentorobo_ros2/install/camera_usb_pkg/lib/python3.8/site-packages:/opt/ros/foxy/lib/python3.8/site-packages'), ('BREAKPAD_DUMP_LOCATION', '/home/artscript/.config/Code/exthost Crash Reports'), ('COLCON', '1'), ('ZPLUG_ROOT', '/home/artscript/.zplug'), ('CMAKE_PREFIX_PATH', '/home/artscript/Desktop/WorkSpace/MagnentoROBO/magnentorobo_ros2/install/artscript_interfaces:/home/artscript/Desktop/WorkSpace/MagnentoROBO/magnentorobo_ros2/install/mcu_usb_pkg:/home/artscript/Desktop/WorkSpace/MagnentoROBO/magnentorobo_ros2/install/strain_gpio_pkg:/home/artscript/Desktop/WorkSpace/MagnentoROBO/magnentorobo_ros2/install/servo_pwm_pkg:/home/artscript/Desktop/WorkSpace/MagnentoROBO/magnentorobo_ros2/install/infrared_gpio_pkg:/home/artscript/Desktop/WorkSpace/MagnentoROBO/magnentorobo_ros2/install/artscript_main:/home/artscript/Desktop/WorkSpace/MagnentoROBO/magnentorobo_ros2/install/ARTScript_pkg:/home/artscript/Desktop/WorkSpace/MagnentoROBO/magnentorobo_ros2/install/imu_usb_pkg:/home/artscript/Desktop/WorkSpace/MagnentoROBO/magnentorobo_ros2/install/camera_usb_pkg:/opt/ros/foxy')]), 'shell': False}
[5.387089] (artscript_interfaces) StdoutLine: {'line': b'-- Install configuration: ""\n'}
[5.387754] (artscript_interfaces) StdoutLine: {'line': b'-- Installing: /home/artscript/Desktop/WorkSpace/MagnentoROBO/magnentorobo_ros2/install/artscript_interfaces/share/ament_index/resource_index/rosidl_interfaces/artscript_interfaces\n'}
[5.387867] (artscript_interfaces) StdoutLine: {'line': b'-- Up-to-date: /home/artscript/Desktop/WorkSpace/MagnentoROBO/magnentorobo_ros2/install/artscript_interfaces/include/artscript_interfaces\n'}
[5.387927] (artscript_interfaces) StdoutLine: {'line': b'-- Up-to-date: /home/artscript/Desktop/WorkSpace/MagnentoROBO/magnentorobo_ros2/install/artscript_interfaces/include/artscript_interfaces/msg\n'}
[5.388146] (artscript_interfaces) StdoutLine: {'line': b'-- Installing: /home/artscript/Desktop/WorkSpace/MagnentoROBO/magnentorobo_ros2/install/artscript_interfaces/include/artscript_interfaces/msg/imu.h\n'}
[5.388317] (artscript_interfaces) StdoutLine: {'line': b'-- Up-to-date: /home/artscript/Desktop/WorkSpace/MagnentoROBO/magnentorobo_ros2/install/artscript_interfaces/include/artscript_interfaces/msg/infrared_strain.h\n'}
[5.388388] (artscript_interfaces) StdoutLine: {'line': b'-- Up-to-date: /home/artscript/Desktop/WorkSpace/MagnentoROBO/magnentorobo_ros2/install/artscript_interfaces/include/artscript_interfaces/msg/detail\n'}
[5.388443] (artscript_interfaces) StdoutLine: {'line': b'-- Installing: /home/artscript/Desktop/WorkSpace/MagnentoROBO/magnentorobo_ros2/install/artscript_interfaces/include/artscript_interfaces/msg/detail/infraredstrain__functions.c\n'}
[5.388576] (artscript_interfaces) StdoutLine: {'line': b'-- Installing: /home/artscript/Desktop/WorkSpace/MagnentoROBO/magnentorobo_ros2/install/artscript_interfaces/include/artscript_interfaces/msg/detail/infraredstrain__struct.h\n'}
[5.388776] (artscript_interfaces) StdoutLine: {'line': b'-- Up-to-date: /home/artscript/Desktop/WorkSpace/MagnentoROBO/magnentorobo_ros2/install/artscript_interfaces/include/artscript_interfaces/msg/detail/infrared_strain__functions.h\n'}
[5.388869] (artscript_interfaces) StdoutLine: {'line': b'-- Installing: /home/artscript/Desktop/WorkSpace/MagnentoROBO/magnentorobo_ros2/install/artscript_interfaces/include/artscript_interfaces/msg/detail/infraredstrain__functions.h\n'}
[5.389749] (artscript_interfaces) StdoutLine: {'line': b'-- Up-to-date: /home/artscript/Desktop/WorkSpace/MagnentoROBO/magnentorobo_ros2/install/artscript_interfaces/include/artscript_interfaces/msg/detail/infrared_strain__type_support.h\n'}
[5.389857] (artscript_interfaces) StdoutLine: {'line': b'-- Installing: /home/artscript/Desktop/WorkSpace/MagnentoROBO/magnentorobo_ros2/install/artscript_interfaces/include/artscript_interfaces/msg/detail/imu__functions.h\n'}
[5.389922] (artscript_interfaces) StdoutLine: {'line': b'-- Installing: /home/artscript/Desktop/WorkSpace/MagnentoROBO/magnentorobo_ros2/install/artscript_interfaces/include/artscript_interfaces/msg/detail/imu__type_support.h\n'}
[5.390012] (artscript_interfaces) StdoutLine: {'line': b'-- Installing: /home/artscript/Desktop/WorkSpace/MagnentoROBO/magnentorobo_ros2/install/artscript_interfaces/include/artscript_interfaces/msg/detail/imu__functions.c\n'}
[5.390069] (artscript_interfaces) StdoutLine: {'line': b'-- Installing: /home/artscript/Desktop/WorkSpace/MagnentoROBO/magnentorobo_ros2/install/artscript_interfaces/include/artscript_interfaces/msg/detail/infraredstrain__type_support.h\n'}
[5.390449] (artscript_interfaces) StdoutLine: {'line': b'-- Up-to-date: /home/artscript/Desktop/WorkSpace/MagnentoROBO/magnentorobo_ros2/install/artscript_interfaces/include/artscript_interfaces/msg/detail/infrared_strain__functions.c\n'}
[5.390589] (artscript_interfaces) StdoutLine: {'line': b'-- Installing: /home/artscript/Desktop/WorkSpace/MagnentoROBO/magnentorobo_ros2/install/artscript_interfaces/include/artscript_interfaces/msg/detail/imu__struct.h\n'}
[5.390889] (artscript_interfaces) StdoutLine: {'line': b'-- Up-to-date: /home/artscript/Desktop/WorkSpace/MagnentoROBO/magnentorobo_ros2/install/artscript_interfaces/include/artscript_interfaces/msg/detail/infrared_strain__struct.h\n'}
[5.390973] (artscript_interfaces) StdoutLine: {'line': b'-- Installing: /home/artscript/Desktop/WorkSpace/MagnentoROBO/magnentorobo_ros2/install/artscript_interfaces/include/artscript_interfaces/msg/infraredstrain.h\n'}
[5.391035] (artscript_interfaces) StdoutLine: {'line': b'-- Up-to-date: /home/artscript/Desktop/WorkSpace/MagnentoROBO/magnentorobo_ros2/install/artscript_interfaces/include/artscript_interfaces/msg/rosidl_generator_c__visibility_control.h\n'}
[5.391092] (artscript_interfaces) StdoutLine: {'line': b'-- Up-to-date: /home/artscript/Desktop/WorkSpace/MagnentoROBO/magnentorobo_ros2/install/artscript_interfaces/share/artscript_interfaces/environment/library_path.sh\n'}
[5.391301] (artscript_interfaces) StdoutLine: {'line': b'-- Installing: /home/artscript/Desktop/WorkSpace/MagnentoROBO/magnentorobo_ros2/install/artscript_interfaces/share/artscript_interfaces/environment/library_path.dsv\n'}
[5.391359] (artscript_interfaces) StdoutLine: {'line': b'-- Installing: /home/artscript/Desktop/WorkSpace/MagnentoROBO/magnentorobo_ros2/install/artscript_interfaces/lib/libartscript_interfaces__rosidl_generator_c.so\n'}
[5.391930] (artscript_interfaces) StdoutLine: {'line': b'-- Set runtime path of "/home/artscript/Desktop/WorkSpace/MagnentoROBO/magnentorobo_ros2/install/artscript_interfaces/lib/libartscript_interfaces__rosidl_generator_c.so" to ""\n'}
[5.392197] (artscript_interfaces) StdoutLine: {'line': b'-- Up-to-date: /home/artscript/Desktop/WorkSpace/MagnentoROBO/magnentorobo_ros2/install/artscript_interfaces/include/artscript_interfaces\n'}
[5.392264] (artscript_interfaces) StdoutLine: {'line': b'-- Up-to-date: /home/artscript/Desktop/WorkSpace/MagnentoROBO/magnentorobo_ros2/install/artscript_interfaces/include/artscript_interfaces/msg\n'}
[5.392383] (artscript_interfaces) StdoutLine: {'line': b'-- Up-to-date: /home/artscript/Desktop/WorkSpace/MagnentoROBO/magnentorobo_ros2/install/artscript_interfaces/include/artscript_interfaces/msg/rosidl_typesupport_fastrtps_c__visibility_control.h\n'}
[5.392441] (artscript_interfaces) StdoutLine: {'line': b'-- Up-to-date: /home/artscript/Desktop/WorkSpace/MagnentoROBO/magnentorobo_ros2/install/artscript_interfaces/include/artscript_interfaces/msg/detail\n'}
[5.392494] (artscript_interfaces) StdoutLine: {'line': b'-- Installing: /home/artscript/Desktop/WorkSpace/MagnentoROBO/magnentorobo_ros2/install/artscript_interfaces/include/artscript_interfaces/msg/detail/imu__rosidl_typesupport_fastrtps_c.h\n'}
[5.392860] (artscript_interfaces) StdoutLine: {'line': b'-- Up-to-date: /home/artscript/Desktop/WorkSpace/MagnentoROBO/magnentorobo_ros2/install/artscript_interfaces/include/artscript_interfaces/msg/detail/infrared_strain__rosidl_typesupport_fastrtps_c.h\n'}
[5.392961] (artscript_interfaces) StdoutLine: {'line': b'-- Installing: /home/artscript/Desktop/WorkSpace/MagnentoROBO/magnentorobo_ros2/install/artscript_interfaces/include/artscript_interfaces/msg/detail/infraredstrain__rosidl_typesupport_fastrtps_c.h\n'}
[5.393024] (artscript_interfaces) StdoutLine: {'line': b'-- Installing: /home/artscript/Desktop/WorkSpace/MagnentoROBO/magnentorobo_ros2/install/artscript_interfaces/lib/libartscript_interfaces__rosidl_typesupport_fastrtps_c.so\n'}
[5.393426] (artscript_interfaces) StdoutLine: {'line': b'-- Set runtime path of "/home/artscript/Desktop/WorkSpace/MagnentoROBO/magnentorobo_ros2/install/artscript_interfaces/lib/libartscript_interfaces__rosidl_typesupport_fastrtps_c.so" to ""\n'}
[5.393682] (artscript_interfaces) StdoutLine: {'line': b'-- Up-to-date: /home/artscript/Desktop/WorkSpace/MagnentoROBO/magnentorobo_ros2/install/artscript_interfaces/include/artscript_interfaces\n'}
[5.393840] (artscript_interfaces) StdoutLine: {'line': b'-- Up-to-date: /home/artscript/Desktop/WorkSpace/MagnentoROBO/magnentorobo_ros2/install/artscript_interfaces/include/artscript_interfaces/msg\n'}
[5.394023] (artscript_interfaces) StdoutLine: {'line': b'-- Up-to-date: /home/artscript/Desktop/WorkSpace/MagnentoROBO/magnentorobo_ros2/install/artscript_interfaces/include/artscript_interfaces/msg/rosidl_typesupport_fastrtps_cpp__visibility_control.h\n'}
[5.394138] (artscript_interfaces) StdoutLine: {'line': b'-- Up-to-date: /home/artscript/Desktop/WorkSpace/MagnentoROBO/magnentorobo_ros2/install/artscript_interfaces/include/artscript_interfaces/msg/detail\n'}
[5.394260] (artscript_interfaces) StdoutLine: {'line': b'-- Installing: /home/artscript/Desktop/WorkSpace/MagnentoROBO/magnentorobo_ros2/install/artscript_interfaces/include/artscript_interfaces/msg/detail/infraredstrain__rosidl_typesupport_fastrtps_cpp.hpp\n'}
[5.394395] (artscript_interfaces) StdoutLine: {'line': b'-- Up-to-date: /home/artscript/Desktop/WorkSpace/MagnentoROBO/magnentorobo_ros2/install/artscript_interfaces/include/artscript_interfaces/msg/detail/infrared_strain__rosidl_typesupport_fastrtps_cpp.hpp\n'}
[5.394605] (artscript_interfaces) StdoutLine: {'line': b'-- Up-to-date: /home/artscript/Desktop/WorkSpace/MagnentoROBO/magnentorobo_ros2/install/artscript_interfaces/include/artscript_interfaces/msg/detail/dds_fastrtps\n'}
[5.394677] (artscript_interfaces) StdoutLine: {'line': b'-- Installing: /home/artscript/Desktop/WorkSpace/MagnentoROBO/magnentorobo_ros2/install/artscript_interfaces/include/artscript_interfaces/msg/detail/imu__rosidl_typesupport_fastrtps_cpp.hpp\n'}
[5.394838] (artscript_interfaces) StdoutLine: {'line': b'-- Installing: /home/artscript/Desktop/WorkSpace/MagnentoROBO/magnentorobo_ros2/install/artscript_interfaces/lib/libartscript_interfaces__rosidl_typesupport_fastrtps_cpp.so\n'}
[5.395179] (artscript_interfaces) StdoutLine: {'line': b'-- Set runtime path of "/home/artscript/Desktop/WorkSpace/MagnentoROBO/magnentorobo_ros2/install/artscript_interfaces/lib/libartscript_interfaces__rosidl_typesupport_fastrtps_cpp.so" to ""\n'}
[5.395486] (artscript_interfaces) StdoutLine: {'line': b'-- Up-to-date: /home/artscript/Desktop/WorkSpace/MagnentoROBO/magnentorobo_ros2/install/artscript_interfaces/include/artscript_interfaces\n'}
[5.395749] (artscript_interfaces) StdoutLine: {'line': b'-- Up-to-date: /home/artscript/Desktop/WorkSpace/MagnentoROBO/magnentorobo_ros2/install/artscript_interfaces/include/artscript_interfaces/msg\n'}
[5.395978] (artscript_interfaces) StdoutLine: {'line': b'-- Up-to-date: /home/artscript/Desktop/WorkSpace/MagnentoROBO/magnentorobo_ros2/install/artscript_interfaces/include/artscript_interfaces/msg/rosidl_typesupport_introspection_c__visibility_control.h\n'}
[5.396079] (artscript_interfaces) StdoutLine: {'line': b'-- Up-to-date: /home/artscript/Desktop/WorkSpace/MagnentoROBO/magnentorobo_ros2/install/artscript_interfaces/include/artscript_interfaces/msg/detail\n'}
[5.396327] (artscript_interfaces) StdoutLine: {'line': b'-- Installing: /home/artscript/Desktop/WorkSpace/MagnentoROBO/magnentorobo_ros2/install/artscript_interfaces/include/artscript_interfaces/msg/detail/imu__type_support.c\n'}
[5.396548] (artscript_interfaces) StdoutLine: {'line': b'-- Installing: /home/artscript/Desktop/WorkSpace/MagnentoROBO/magnentorobo_ros2/install/artscript_interfaces/include/artscript_interfaces/msg/detail/imu__rosidl_typesupport_introspection_c.h\n'}
[5.396715] (artscript_interfaces) StdoutLine: {'line': b'-- Up-to-date: /home/artscript/Desktop/WorkSpace/MagnentoROBO/magnentorobo_ros2/install/artscript_interfaces/include/artscript_interfaces/msg/detail/infrared_strain__rosidl_typesupport_introspection_c.h\n'}
[5.396860] (artscript_interfaces) StdoutLine: {'line': b'-- Installing: /home/artscript/Desktop/WorkSpace/MagnentoROBO/magnentorobo_ros2/install/artscript_interfaces/include/artscript_interfaces/msg/detail/infraredstrain__rosidl_typesupport_introspection_c.h\n'}
[5.396979] (artscript_interfaces) StdoutLine: {'line': b'-- Installing: /home/artscript/Desktop/WorkSpace/MagnentoROBO/magnentorobo_ros2/install/artscript_interfaces/include/artscript_interfaces/msg/detail/infraredstrain__type_support.c\n'}
[5.397114] (artscript_interfaces) StdoutLine: {'line': b'-- Up-to-date: /home/artscript/Desktop/WorkSpace/MagnentoROBO/magnentorobo_ros2/install/artscript_interfaces/include/artscript_interfaces/msg/detail/infrared_strain__type_support.c\n'}
[5.397356] (artscript_interfaces) StdoutLine: {'line': b'-- Installing: /home/artscript/Desktop/WorkSpace/MagnentoROBO/magnentorobo_ros2/install/artscript_interfaces/lib/libartscript_interfaces__rosidl_typesupport_introspection_c.so\n'}
[5.397565] (artscript_interfaces) StdoutLine: {'line': b'-- Set runtime path of "/home/artscript/Desktop/WorkSpace/MagnentoROBO/magnentorobo_ros2/install/artscript_interfaces/lib/libartscript_interfaces__rosidl_typesupport_introspection_c.so" to ""\n'}
[5.397673] (artscript_interfaces) StdoutLine: {'line': b'-- Installing: /home/artscript/Desktop/WorkSpace/MagnentoROBO/magnentorobo_ros2/install/artscript_interfaces/lib/libartscript_interfaces__rosidl_typesupport_c.so\n'}
[5.397994] (artscript_interfaces) StdoutLine: {'line': b'-- Set runtime path of "/home/artscript/Desktop/WorkSpace/MagnentoROBO/magnentorobo_ros2/install/artscript_interfaces/lib/libartscript_interfaces__rosidl_typesupport_c.so" to ""\n'}
[5.398202] (artscript_interfaces) StdoutLine: {'line': b'-- Up-to-date: /home/artscript/Desktop/WorkSpace/MagnentoROBO/magnentorobo_ros2/install/artscript_interfaces/include/artscript_interfaces\n'}
[5.398574] (artscript_interfaces) StdoutLine: {'line': b'-- Up-to-date: /home/artscript/Desktop/WorkSpace/MagnentoROBO/magnentorobo_ros2/install/artscript_interfaces/include/artscript_interfaces/msg\n'}
[5.398685] (artscript_interfaces) StdoutLine: {'line': b'-- Installing: /home/artscript/Desktop/WorkSpace/MagnentoROBO/magnentorobo_ros2/install/artscript_interfaces/include/artscript_interfaces/msg/infraredstrain.hpp\n'}
[5.398975] (artscript_interfaces) StdoutLine: {'line': b'-- Up-to-date: /home/artscript/Desktop/WorkSpace/MagnentoROBO/magnentorobo_ros2/install/artscript_interfaces/include/artscript_interfaces/msg/detail\n'}
[5.399065] (artscript_interfaces) StdoutLine: {'line': b'-- Up-to-date: /home/artscript/Desktop/WorkSpace/MagnentoROBO/magnentorobo_ros2/install/artscript_interfaces/include/artscript_interfaces/msg/detail/infrared_strain__traits.hpp\n'}
[5.399266] (artscript_interfaces) StdoutLine: {'line': b'-- Installing: /home/artscript/Desktop/WorkSpace/MagnentoROBO/magnentorobo_ros2/install/artscript_interfaces/include/artscript_interfaces/msg/detail/infraredstrain__traits.hpp\n'}
[5.399646] (artscript_interfaces) StdoutLine: {'line': b'-- Up-to-date: /home/artscript/Desktop/WorkSpace/MagnentoROBO/magnentorobo_ros2/install/artscript_interfaces/include/artscript_interfaces/msg/detail/infrared_strain__builder.hpp\n'}
[5.399792] (artscript_interfaces) StdoutLine: {'line': b'-- Installing: /home/artscript/Desktop/WorkSpace/MagnentoROBO/magnentorobo_ros2/install/artscript_interfaces/include/artscript_interfaces/msg/detail/imu__struct.hpp\n'}
[5.400150] (artscript_interfaces) StdoutLine: {'line': b'-- Up-to-date: /home/artscript/Desktop/WorkSpace/MagnentoROBO/magnentorobo_ros2/install/artscript_interfaces/include/artscript_interfaces/msg/detail/infrared_strain__struct.hpp\n'}
[5.400304] (artscript_interfaces) StdoutLine: {'line': b'-- Installing: /home/artscript/Desktop/WorkSpace/MagnentoROBO/magnentorobo_ros2/install/artscript_interfaces/include/artscript_interfaces/msg/detail/imu__builder.hpp\n'}
[5.400501] (artscript_interfaces) StdoutLine: {'line': b'-- Installing: /home/artscript/Desktop/WorkSpace/MagnentoROBO/magnentorobo_ros2/install/artscript_interfaces/include/artscript_interfaces/msg/detail/infraredstrain__builder.hpp\n'}
[5.400665] (artscript_interfaces) StdoutLine: {'line': b'-- Installing: /home/artscript/Desktop/WorkSpace/MagnentoROBO/magnentorobo_ros2/install/artscript_interfaces/include/artscript_interfaces/msg/detail/imu__traits.hpp\n'}
[5.400862] (artscript_interfaces) StdoutLine: {'line': b'-- Installing: /home/artscript/Desktop/WorkSpace/MagnentoROBO/magnentorobo_ros2/install/artscript_interfaces/include/artscript_interfaces/msg/detail/infraredstrain__struct.hpp\n'}
[5.400989] (artscript_interfaces) StdoutLine: {'line': b'-- Installing: /home/artscript/Desktop/WorkSpace/MagnentoROBO/magnentorobo_ros2/install/artscript_interfaces/include/artscript_interfaces/msg/imu.hpp\n'}
[5.401214] (artscript_interfaces) StdoutLine: {'line': b'-- Up-to-date: /home/artscript/Desktop/WorkSpace/MagnentoROBO/magnentorobo_ros2/install/artscript_interfaces/include/artscript_interfaces/msg/infrared_strain.hpp\n'}
[5.401309] (artscript_interfaces) StdoutLine: {'line': b'-- Up-to-date: /home/artscript/Desktop/WorkSpace/MagnentoROBO/magnentorobo_ros2/install/artscript_interfaces/include/artscript_interfaces\n'}
[5.401555] (artscript_interfaces) StdoutLine: {'line': b'-- Up-to-date: /home/artscript/Desktop/WorkSpace/MagnentoROBO/magnentorobo_ros2/install/artscript_interfaces/include/artscript_interfaces/msg\n'}
[5.401686] (artscript_interfaces) StdoutLine: {'line': b'-- Up-to-date: /home/artscript/Desktop/WorkSpace/MagnentoROBO/magnentorobo_ros2/install/artscript_interfaces/include/artscript_interfaces/msg/detail\n'}
[5.401886] (artscript_interfaces) StdoutLine: {'line': b'-- Installing: /home/artscript/Desktop/WorkSpace/MagnentoROBO/magnentorobo_ros2/install/artscript_interfaces/include/artscript_interfaces/msg/detail/infraredstrain__type_support.cpp\n'}
[5.402034] (artscript_interfaces) StdoutLine: {'line': b'-- Installing: /home/artscript/Desktop/WorkSpace/MagnentoROBO/magnentorobo_ros2/install/artscript_interfaces/include/artscript_interfaces/msg/detail/imu__type_support.cpp\n'}
[5.402173] (artscript_interfaces) StdoutLine: {'line': b'-- Installing: /home/artscript/Desktop/WorkSpace/MagnentoROBO/magnentorobo_ros2/install/artscript_interfaces/include/artscript_interfaces/msg/detail/infraredstrain__rosidl_typesupport_introspection_cpp.hpp\n'}
[5.402345] (artscript_interfaces) StdoutLine: {'line': b'-- Up-to-date: /home/artscript/Desktop/WorkSpace/MagnentoROBO/magnentorobo_ros2/install/artscript_interfaces/include/artscript_interfaces/msg/detail/infrared_strain__type_support.cpp\n'}
[5.402483] (artscript_interfaces) StdoutLine: {'line': b'-- Up-to-date: /home/artscript/Desktop/WorkSpace/MagnentoROBO/magnentorobo_ros2/install/artscript_interfaces/include/artscript_interfaces/msg/detail/infrared_strain__rosidl_typesupport_introspection_cpp.hpp\n'}
[5.402622] (artscript_interfaces) StdoutLine: {'line': b'-- Installing: /home/artscript/Desktop/WorkSpace/MagnentoROBO/magnentorobo_ros2/install/artscript_interfaces/include/artscript_interfaces/msg/detail/imu__rosidl_typesupport_introspection_cpp.hpp\n'}
[5.402767] (artscript_interfaces) StdoutLine: {'line': b'-- Installing: /home/artscript/Desktop/WorkSpace/MagnentoROBO/magnentorobo_ros2/install/artscript_interfaces/lib/libartscript_interfaces__rosidl_typesupport_introspection_cpp.so\n'}
[5.402924] (artscript_interfaces) StdoutLine: {'line': b'-- Set runtime path of "/home/artscript/Desktop/WorkSpace/MagnentoROBO/magnentorobo_ros2/install/artscript_interfaces/lib/libartscript_interfaces__rosidl_typesupport_introspection_cpp.so" to ""\n'}
[5.403054] (artscript_interfaces) StdoutLine: {'line': b'-- Installing: /home/artscript/Desktop/WorkSpace/MagnentoROBO/magnentorobo_ros2/install/artscript_interfaces/lib/libartscript_interfaces__rosidl_typesupport_cpp.so\n'}
[5.403240] (artscript_interfaces) StdoutLine: {'line': b'-- Set runtime path of "/home/artscript/Desktop/WorkSpace/MagnentoROBO/magnentorobo_ros2/install/artscript_interfaces/lib/libartscript_interfaces__rosidl_typesupport_cpp.so" to ""\n'}
[5.403379] (artscript_interfaces) StdoutLine: {'line': b'-- Up-to-date: /home/artscript/Desktop/WorkSpace/MagnentoROBO/magnentorobo_ros2/install/artscript_interfaces/share/artscript_interfaces/environment/pythonpath.sh\n'}
[5.403515] (artscript_interfaces) StdoutLine: {'line': b'-- Installing: /home/artscript/Desktop/WorkSpace/MagnentoROBO/magnentorobo_ros2/install/artscript_interfaces/share/artscript_interfaces/environment/pythonpath.dsv\n'}
[5.403657] (artscript_interfaces) StdoutLine: {'line': b'-- Installing: /home/artscript/Desktop/WorkSpace/MagnentoROBO/magnentorobo_ros2/install/artscript_interfaces/lib/python3.8/site-packages/artscript_interfaces/__init__.py\n'}
[5.426541] (artscript_interfaces) StdoutLine: {'line': b"Compiling '/home/artscript/Desktop/WorkSpace/MagnentoROBO/magnentorobo_ros2/install/artscript_interfaces/lib/python3.8/site-packages/artscript_interfaces/__init__.py'...\n"}
[5.430480] (artscript_interfaces) StdoutLine: {'line': b'-- Up-to-date: /home/artscript/Desktop/WorkSpace/MagnentoROBO/magnentorobo_ros2/install/artscript_interfaces/lib/python3.8/site-packages/artscript_interfaces/msg\n'}
[5.430803] (artscript_interfaces) StdoutLine: {'line': b'-- Installing: /home/artscript/Desktop/WorkSpace/MagnentoROBO/magnentorobo_ros2/install/artscript_interfaces/lib/python3.8/site-packages/artscript_interfaces/msg/__init__.py\n'}
[5.431031] (-) TimerEvent: {}
[5.431216] (artscript_interfaces) StdoutLine: {'line': b'-- Installing: /home/artscript/Desktop/WorkSpace/MagnentoROBO/magnentorobo_ros2/install/artscript_interfaces/lib/python3.8/site-packages/artscript_interfaces/msg/_infraredstrain.py\n'}
[5.431324] (artscript_interfaces) StdoutLine: {'line': b'-- Up-to-date: /home/artscript/Desktop/WorkSpace/MagnentoROBO/magnentorobo_ros2/install/artscript_interfaces/lib/python3.8/site-packages/artscript_interfaces/msg/_infrared_strain_s.c\n'}
[5.431399] (artscript_interfaces) StdoutLine: {'line': b'-- Installing: /home/artscript/Desktop/WorkSpace/MagnentoROBO/magnentorobo_ros2/install/artscript_interfaces/lib/python3.8/site-packages/artscript_interfaces/msg/_infraredstrain_s.c\n'}
[5.431456] (artscript_interfaces) StdoutLine: {'line': b'-- Up-to-date: /home/artscript/Desktop/WorkSpace/MagnentoROBO/magnentorobo_ros2/install/artscript_interfaces/lib/python3.8/site-packages/artscript_interfaces/msg/_infrared_strain.py\n'}
[5.431511] (artscript_interfaces) StdoutLine: {'line': b'-- Installing: /home/artscript/Desktop/WorkSpace/MagnentoROBO/magnentorobo_ros2/install/artscript_interfaces/lib/python3.8/site-packages/artscript_interfaces/msg/_imu_s.c\n'}
[5.431565] (artscript_interfaces) StdoutLine: {'line': b'-- Installing: /home/artscript/Desktop/WorkSpace/MagnentoROBO/magnentorobo_ros2/install/artscript_interfaces/lib/python3.8/site-packages/artscript_interfaces/msg/_imu.py\n'}
[5.431901] (artscript_interfaces) StdoutLine: {'line': b'-- Installing: /home/artscript/Desktop/WorkSpace/MagnentoROBO/magnentorobo_ros2/install/artscript_interfaces/lib/python3.8/site-packages/artscript_interfaces/artscript_interfaces_s__rosidl_typesupport_fastrtps_c.cpython-38-x86_64-linux-gnu.so\n'}
[5.432055] (artscript_interfaces) StdoutLine: {'line': b'-- Set runtime path of "/home/artscript/Desktop/WorkSpace/MagnentoROBO/magnentorobo_ros2/install/artscript_interfaces/lib/python3.8/site-packages/artscript_interfaces/artscript_interfaces_s__rosidl_typesupport_fastrtps_c.cpython-38-x86_64-linux-gnu.so" to ""\n'}
[5.432211] (artscript_interfaces) StdoutLine: {'line': b'-- Installing: /home/artscript/Desktop/WorkSpace/MagnentoROBO/magnentorobo_ros2/install/artscript_interfaces/lib/python3.8/site-packages/artscript_interfaces/artscript_interfaces_s__rosidl_typesupport_introspection_c.cpython-38-x86_64-linux-gnu.so\n'}
[5.432594] (artscript_interfaces) StdoutLine: {'line': b'-- Set runtime path of "/home/artscript/Desktop/WorkSpace/MagnentoROBO/magnentorobo_ros2/install/artscript_interfaces/lib/python3.8/site-packages/artscript_interfaces/artscript_interfaces_s__rosidl_typesupport_introspection_c.cpython-38-x86_64-linux-gnu.so" to ""\n'}
[5.432906] (artscript_interfaces) StdoutLine: {'line': b'-- Installing: /home/artscript/Desktop/WorkSpace/MagnentoROBO/magnentorobo_ros2/install/artscript_interfaces/lib/python3.8/site-packages/artscript_interfaces/artscript_interfaces_s__rosidl_typesupport_c.cpython-38-x86_64-linux-gnu.so\n'}
[5.433294] (artscript_interfaces) StdoutLine: {'line': b'-- Set runtime path of "/home/artscript/Desktop/WorkSpace/MagnentoROBO/magnentorobo_ros2/install/artscript_interfaces/lib/python3.8/site-packages/artscript_interfaces/artscript_interfaces_s__rosidl_typesupport_c.cpython-38-x86_64-linux-gnu.so" to ""\n'}
[5.433487] (artscript_interfaces) StdoutLine: {'line': b'-- Installing: /home/artscript/Desktop/WorkSpace/MagnentoROBO/magnentorobo_ros2/install/artscript_interfaces/lib/libartscript_interfaces__python.so\n'}
[5.433863] (artscript_interfaces) StdoutLine: {'line': b'-- Set runtime path of "/home/artscript/Desktop/WorkSpace/MagnentoROBO/magnentorobo_ros2/install/artscript_interfaces/lib/libartscript_interfaces__python.so" to ""\n'}
[5.434010] (artscript_interfaces) StdoutLine: {'line': b'-- Up-to-date: /home/artscript/Desktop/WorkSpace/MagnentoROBO/magnentorobo_ros2/install/artscript_interfaces/share/artscript_interfaces/msg/Imu.idl\n'}
[5.434170] (artscript_interfaces) StdoutLine: {'line': b'-- Installing: /home/artscript/Desktop/WorkSpace/MagnentoROBO/magnentorobo_ros2/install/artscript_interfaces/share/artscript_interfaces/msg/Infraredstrain.idl\n'}
[5.434313] (artscript_interfaces) StdoutLine: {'line': b'-- Up-to-date: /home/artscript/Desktop/WorkSpace/MagnentoROBO/magnentorobo_ros2/install/artscript_interfaces/share/artscript_interfaces/msg/Imu.msg\n'}
[5.434454] (artscript_interfaces) StdoutLine: {'line': b'-- Installing: /home/artscript/Desktop/WorkSpace/MagnentoROBO/magnentorobo_ros2/install/artscript_interfaces/share/artscript_interfaces/msg/Infraredstrain.msg\n'}
[5.434618] (artscript_interfaces) StdoutLine: {'line': b'-- Up-to-date: /home/artscript/Desktop/WorkSpace/MagnentoROBO/magnentorobo_ros2/install/artscript_interfaces/share/ament_index/resource_index/package_run_dependencies/artscript_interfaces\n'}
[5.434817] (artscript_interfaces) StdoutLine: {'line': b'-- Installing: /home/artscript/Desktop/WorkSpace/MagnentoROBO/magnentorobo_ros2/install/artscript_interfaces/share/ament_index/resource_index/parent_prefix_path/artscript_interfaces\n'}
[5.435002] (artscript_interfaces) StdoutLine: {'line': b'-- Up-to-date: /home/artscript/Desktop/WorkSpace/MagnentoROBO/magnentorobo_ros2/install/artscript_interfaces/share/artscript_interfaces/environment/ament_prefix_path.sh\n'}
[5.435175] (artscript_interfaces) StdoutLine: {'line': b'-- Installing: /home/artscript/Desktop/WorkSpace/MagnentoROBO/magnentorobo_ros2/install/artscript_interfaces/share/artscript_interfaces/environment/ament_prefix_path.dsv\n'}
[5.436226] (artscript_interfaces) StdoutLine: {'line': b'-- Up-to-date: /home/artscript/Desktop/WorkSpace/MagnentoROBO/magnentorobo_ros2/install/artscript_interfaces/share/artscript_interfaces/environment/path.sh\n'}
[5.436530] (artscript_interfaces) StdoutLine: {'line': b'-- Installing: /home/artscript/Desktop/WorkSpace/MagnentoROBO/magnentorobo_ros2/install/artscript_interfaces/share/artscript_interfaces/environment/path.dsv\n'}
[5.436966] (artscript_interfaces) StdoutLine: {'line': b'-- Up-to-date: /home/artscript/Desktop/WorkSpace/MagnentoROBO/magnentorobo_ros2/install/artscript_interfaces/share/artscript_interfaces/local_setup.bash\n'}
[5.437106] (artscript_interfaces) StdoutLine: {'line': b'-- Up-to-date: /home/artscript/Desktop/WorkSpace/MagnentoROBO/magnentorobo_ros2/install/artscript_interfaces/share/artscript_interfaces/local_setup.sh\n'}
[5.437375] (artscript_interfaces) StdoutLine: {'line': b'-- Up-to-date: /home/artscript/Desktop/WorkSpace/MagnentoROBO/magnentorobo_ros2/install/artscript_interfaces/share/artscript_interfaces/local_setup.zsh\n'}
[5.437470] (artscript_interfaces) StdoutLine: {'line': b'-- Installing: /home/artscript/Desktop/WorkSpace/MagnentoROBO/magnentorobo_ros2/install/artscript_interfaces/share/artscript_interfaces/local_setup.dsv\n'}
[5.437744] (artscript_interfaces) StdoutLine: {'line': b'-- Installing: /home/artscript/Desktop/WorkSpace/MagnentoROBO/magnentorobo_ros2/install/artscript_interfaces/share/artscript_interfaces/package.dsv\n'}
[5.437845] (artscript_interfaces) StdoutLine: {'line': b'-- Up-to-date: /home/artscript/Desktop/WorkSpace/MagnentoROBO/magnentorobo_ros2/install/artscript_interfaces/share/ament_index/resource_index/packages/artscript_interfaces\n'}
[5.438064] (artscript_interfaces) StdoutLine: {'line': b'-- Up-to-date: /home/artscript/Desktop/WorkSpace/MagnentoROBO/magnentorobo_ros2/install/artscript_interfaces/share/artscript_interfaces/cmake/artscript_interfaces__rosidl_generator_cExport.cmake\n'}
[5.438210] (artscript_interfaces) StdoutLine: {'line': b'-- Installing: /home/artscript/Desktop/WorkSpace/MagnentoROBO/magnentorobo_ros2/install/artscript_interfaces/share/artscript_interfaces/cmake/artscript_interfaces__rosidl_generator_cExport-noconfig.cmake\n'}
[5.438441] (artscript_interfaces) StdoutLine: {'line': b'-- Up-to-date: /home/artscript/Desktop/WorkSpace/MagnentoROBO/magnentorobo_ros2/install/artscript_interfaces/share/artscript_interfaces/cmake/artscript_interfaces__rosidl_typesupport_introspection_cExport.cmake\n'}
[5.438802] (artscript_interfaces) StdoutLine: {'line': b'-- Installing: /home/artscript/Desktop/WorkSpace/MagnentoROBO/magnentorobo_ros2/install/artscript_interfaces/share/artscript_interfaces/cmake/artscript_interfaces__rosidl_typesupport_introspection_cExport-noconfig.cmake\n'}
[5.439131] (artscript_interfaces) StdoutLine: {'line': b'-- Up-to-date: /home/artscript/Desktop/WorkSpace/MagnentoROBO/magnentorobo_ros2/install/artscript_interfaces/share/artscript_interfaces/cmake/artscript_interfaces__rosidl_typesupport_cExport.cmake\n'}
[5.439421] (artscript_interfaces) StdoutLine: {'line': b'-- Installing: /home/artscript/Desktop/WorkSpace/MagnentoROBO/magnentorobo_ros2/install/artscript_interfaces/share/artscript_interfaces/cmake/artscript_interfaces__rosidl_typesupport_cExport-noconfig.cmake\n'}
[5.439870] (artscript_interfaces) StdoutLine: {'line': b'-- Up-to-date: /home/artscript/Desktop/WorkSpace/MagnentoROBO/magnentorobo_ros2/install/artscript_interfaces/share/artscript_interfaces/cmake/artscript_interfaces__rosidl_generator_cppExport.cmake\n'}
[5.440035] (artscript_interfaces) StdoutLine: {'line': b'-- Up-to-date: /home/artscript/Desktop/WorkSpace/MagnentoROBO/magnentorobo_ros2/install/artscript_interfaces/share/artscript_interfaces/cmake/artscript_interfaces__rosidl_typesupport_introspection_cppExport.cmake\n'}
[5.440125] (artscript_interfaces) StdoutLine: {'line': b'-- Installing: /home/artscript/Desktop/WorkSpace/MagnentoROBO/magnentorobo_ros2/install/artscript_interfaces/share/artscript_interfaces/cmake/artscript_interfaces__rosidl_typesupport_introspection_cppExport-noconfig.cmake\n'}
[5.440248] (artscript_interfaces) StdoutLine: {'line': b'-- Up-to-date: /home/artscript/Desktop/WorkSpace/MagnentoROBO/magnentorobo_ros2/install/artscript_interfaces/share/artscript_interfaces/cmake/artscript_interfaces__rosidl_typesupport_cppExport.cmake\n'}
[5.440332] (artscript_interfaces) StdoutLine: {'line': b'-- Installing: /home/artscript/Desktop/WorkSpace/MagnentoROBO/magnentorobo_ros2/install/artscript_interfaces/share/artscript_interfaces/cmake/artscript_interfaces__rosidl_typesupport_cppExport-noconfig.cmake\n'}
[5.440455] (artscript_interfaces) StdoutLine: {'line': b'-- Installing: /home/artscript/Desktop/WorkSpace/MagnentoROBO/magnentorobo_ros2/install/artscript_interfaces/share/artscript_interfaces/cmake/rosidl_cmake-extras.cmake\n'}
[5.440548] (artscript_interfaces) StdoutLine: {'line': b'-- Up-to-date: /home/artscript/Desktop/WorkSpace/MagnentoROBO/magnentorobo_ros2/install/artscript_interfaces/share/artscript_interfaces/cmake/ament_cmake_export_dependencies-extras.cmake\n'}
[5.440626] (artscript_interfaces) StdoutLine: {'line': b'-- Up-to-date: /home/artscript/Desktop/WorkSpace/MagnentoROBO/magnentorobo_ros2/install/artscript_interfaces/share/artscript_interfaces/cmake/ament_cmake_export_libraries-extras.cmake\n'}
[5.440785] (artscript_interfaces) StdoutLine: {'line': b'-- Up-to-date: /home/artscript/Desktop/WorkSpace/MagnentoROBO/magnentorobo_ros2/install/artscript_interfaces/share/artscript_interfaces/cmake/ament_cmake_export_targets-extras.cmake\n'}
[5.440876] (artscript_interfaces) StdoutLine: {'line': b'-- Up-to-date: /home/artscript/Desktop/WorkSpace/MagnentoROBO/magnentorobo_ros2/install/artscript_interfaces/share/artscript_interfaces/cmake/ament_cmake_export_include_directories-extras.cmake\n'}
[5.440958] (artscript_interfaces) StdoutLine: {'line': b'-- Up-to-date: /home/artscript/Desktop/WorkSpace/MagnentoROBO/magnentorobo_ros2/install/artscript_interfaces/share/artscript_interfaces/cmake/rosidl_cmake_export_typesupport_libraries-extras.cmake\n'}
[5.441035] (artscript_interfaces) StdoutLine: {'line': b'-- Up-to-date: /home/artscript/Desktop/WorkSpace/MagnentoROBO/magnentorobo_ros2/install/artscript_interfaces/share/artscript_interfaces/cmake/rosidl_cmake_export_typesupport_targets-extras.cmake\n'}
[5.441111] (artscript_interfaces) StdoutLine: {'line': b'-- Up-to-date: /home/artscript/Desktop/WorkSpace/MagnentoROBO/magnentorobo_ros2/install/artscript_interfaces/share/artscript_interfaces/cmake/artscript_interfacesConfig.cmake\n'}
[5.441188] (artscript_interfaces) StdoutLine: {'line': b'-- Up-to-date: /home/artscript/Desktop/WorkSpace/MagnentoROBO/magnentorobo_ros2/install/artscript_interfaces/share/artscript_interfaces/cmake/artscript_interfacesConfig-version.cmake\n'}
[5.441264] (artscript_interfaces) StdoutLine: {'line': b'-- Up-to-date: /home/artscript/Desktop/WorkSpace/MagnentoROBO/magnentorobo_ros2/install/artscript_interfaces/share/artscript_interfaces/package.xml\n'}
[5.442773] (artscript_interfaces) CommandEnded: {'returncode': 0}
[5.531260] (-) TimerEvent: {}
[5.571046] (artscript_interfaces) JobEnded: {'identifier': 'artscript_interfaces', 'rc': 0}
[5.573305] (-) EventReactorShutdown: {}
