running egg_info
creating ../../build/camera_usb_pkg/camera_usb_pkg.egg-info
writing ../../build/camera_usb_pkg/camera_usb_pkg.egg-info/PKG-INFO
writing dependency_links to ../../build/camera_usb_pkg/camera_usb_pkg.egg-info/dependency_links.txt
writing entry points to ../../build/camera_usb_pkg/camera_usb_pkg.egg-info/entry_points.txt
writing requirements to ../../build/camera_usb_pkg/camera_usb_pkg.egg-info/requires.txt
writing top-level names to ../../build/camera_usb_pkg/camera_usb_pkg.egg-info/top_level.txt
writing manifest file '../../build/camera_usb_pkg/camera_usb_pkg.egg-info/SOURCES.txt'
reading manifest file '../../build/camera_usb_pkg/camera_usb_pkg.egg-info/SOURCES.txt'
writing manifest file '../../build/camera_usb_pkg/camera_usb_pkg.egg-info/SOURCES.txt'
running build
running build_py
creating /home/artscript/Desktop/WorkSpace/MagnentoROBO/magnentorobo_ros2/build/camera_usb_pkg/build
creating /home/artscript/Desktop/WorkSpace/MagnentoROBO/magnentorobo_ros2/build/camera_usb_pkg/build/lib
creating /home/artscript/Desktop/WorkSpace/MagnentoROBO/magnentorobo_ros2/build/camera_usb_pkg/build/lib/camera_usb_pkg
copying camera_usb_pkg/__init__.py -> /home/artscript/Desktop/WorkSpace/MagnentoROBO/magnentorobo_ros2/build/camera_usb_pkg/build/lib/camera_usb_pkg
copying camera_usb_pkg/camera_pub.py -> /home/artscript/Desktop/WorkSpace/MagnentoROBO/magnentorobo_ros2/build/camera_usb_pkg/build/lib/camera_usb_pkg
copying camera_usb_pkg/camera_sub.py -> /home/artscript/Desktop/WorkSpace/MagnentoROBO/magnentorobo_ros2/build/camera_usb_pkg/build/lib/camera_usb_pkg
running install
running install_lib
creating /home/artscript/Desktop/WorkSpace/MagnentoROBO/magnentorobo_ros2/install/camera_usb_pkg/lib/python3.8/site-packages/camera_usb_pkg
copying /home/artscript/Desktop/WorkSpace/MagnentoROBO/magnentorobo_ros2/build/camera_usb_pkg/build/lib/camera_usb_pkg/__init__.py -> /home/artscript/Desktop/WorkSpace/MagnentoROBO/magnentorobo_ros2/install/camera_usb_pkg/lib/python3.8/site-packages/camera_usb_pkg
copying /home/artscript/Desktop/WorkSpace/MagnentoROBO/magnentorobo_ros2/build/camera_usb_pkg/build/lib/camera_usb_pkg/camera_pub.py -> /home/artscript/Desktop/WorkSpace/MagnentoROBO/magnentorobo_ros2/install/camera_usb_pkg/lib/python3.8/site-packages/camera_usb_pkg
copying /home/artscript/Desktop/WorkSpace/MagnentoROBO/magnentorobo_ros2/build/camera_usb_pkg/build/lib/camera_usb_pkg/camera_sub.py -> /home/artscript/Desktop/WorkSpace/MagnentoROBO/magnentorobo_ros2/install/camera_usb_pkg/lib/python3.8/site-packages/camera_usb_pkg
byte-compiling /home/artscript/Desktop/WorkSpace/MagnentoROBO/magnentorobo_ros2/install/camera_usb_pkg/lib/python3.8/site-packages/camera_usb_pkg/__init__.py to __init__.cpython-38.pyc
byte-compiling /home/artscript/Desktop/WorkSpace/MagnentoROBO/magnentorobo_ros2/install/camera_usb_pkg/lib/python3.8/site-packages/camera_usb_pkg/camera_pub.py to camera_pub.cpython-38.pyc
byte-compiling /home/artscript/Desktop/WorkSpace/MagnentoROBO/magnentorobo_ros2/install/camera_usb_pkg/lib/python3.8/site-packages/camera_usb_pkg/camera_sub.py to camera_sub.cpython-38.pyc
running install_data
creating /home/artscript/Desktop/WorkSpace/MagnentoROBO/magnentorobo_ros2/install/camera_usb_pkg/share/ament_index
creating /home/artscript/Desktop/WorkSpace/MagnentoROBO/magnentorobo_ros2/install/camera_usb_pkg/share/ament_index/resource_index
creating /home/artscript/Desktop/WorkSpace/MagnentoROBO/magnentorobo_ros2/install/camera_usb_pkg/share/ament_index/resource_index/packages
copying resource/camera_usb_pkg -> /home/artscript/Desktop/WorkSpace/MagnentoROBO/magnentorobo_ros2/install/camera_usb_pkg/share/ament_index/resource_index/packages
copying package.xml -> /home/artscript/Desktop/WorkSpace/MagnentoROBO/magnentorobo_ros2/install/camera_usb_pkg/share/camera_usb_pkg
running install_egg_info
Copying ../../build/camera_usb_pkg/camera_usb_pkg.egg-info to /home/artscript/Desktop/WorkSpace/MagnentoROBO/magnentorobo_ros2/install/camera_usb_pkg/lib/python3.8/site-packages/camera_usb_pkg-0.0.0-py3.8.egg-info
running install_scripts
Installing camera_pub_node script to /home/artscript/Desktop/WorkSpace/MagnentoROBO/magnentorobo_ros2/install/camera_usb_pkg/lib/camera_usb_pkg
Installing camera_sub_node script to /home/artscript/Desktop/WorkSpace/MagnentoROBO/magnentorobo_ros2/install/camera_usb_pkg/lib/camera_usb_pkg
writing list of installed files to '/home/artscript/Desktop/WorkSpace/MagnentoROBO/magnentorobo_ros2/build/camera_usb_pkg/install.log'
